ARM GAS  C:\Users\ccliu\AppData\Local\Temp\ccFgIIH3.s 			page 1


   1              		.cpu cortex-m4
   2              		.eabi_attribute 20, 1
   3              		.eabi_attribute 21, 1
   4              		.eabi_attribute 23, 3
   5              		.eabi_attribute 24, 1
   6              		.eabi_attribute 25, 1
   7              		.eabi_attribute 26, 1
   8              		.eabi_attribute 30, 6
   9              		.eabi_attribute 34, 1
  10              		.eabi_attribute 18, 4
  11              		.file	"board.c"
  12              		.file 1 "c:\\chibistudio\\tools\\gnu tools arm embedded\\10.3 2021.07\\arm-none-eabi\\include\\mac
  13              		.file 2 "c:\\chibistudio\\tools\\gnu tools arm embedded\\10.3 2021.07\\arm-none-eabi\\include\\sys
  14              		.file 3 "C:/Chibistudio/chibios2111/os/common/ext/ST/STM32F4xx/stm32f401xe.h"
  15              		.file 4 "C:/Chibistudio/chibios2111/os/hal/ports/STM32/LLD/GPIOv2/stm32_gpio.h"
  16              		.file 5 "C:/Chibistudio/chibios2111/os/hal/boards/ST_NUCLEO64_F401RE/board.c"
  17              		.section	.gnu.debuglto_.debug_info,"e",%progbits
  18              	.Ldebug_info0:
  19              		.hidden	board.c.76b2bc0f
  20              		.weak	board.c.76b2bc0f
  21              	board.c.76b2bc0f:
  22 0000 B5040000 		.4byte	0x4b5
  23 0004 0400     		.2byte	0x4
  24 0006 00000000 		.4byte	.Ldebug_abbrev0
  25 000a 04       		.byte	0x4
  26 000b 01       		.uleb128 0x1
  27 000c A4000000 		.4byte	.LASF74
  28 0010 0C       		.byte	0xc
  29 0011 22020000 		.4byte	.LASF75
  30 0015 B3010000 		.4byte	.LASF76
  31 0019 00000000 		.4byte	.Ldebug_line0
  32 001d 02       		.uleb128 0x2
  33 001e 04       		.byte	0x4
  34 001f 05       		.byte	0x5
  35 0020 696E7400 		.ascii	"int\000"
  36 0024 03       		.uleb128 0x3
  37 0025 04       		.byte	0x4
  38 0026 07       		.byte	0x7
  39 0027 E6030000 		.4byte	.LASF0
  40 002b 03       		.uleb128 0x3
  41 002c 08       		.byte	0x8
  42 002d 05       		.byte	0x5
  43 002e 87010000 		.4byte	.LASF1
  44 0032 03       		.uleb128 0x3
  45 0033 08       		.byte	0x8
  46 0034 04       		.byte	0x4
  47 0035 16020000 		.4byte	.LASF2
  48 0039 03       		.uleb128 0x3
  49 003a 01       		.byte	0x1
  50 003b 06       		.byte	0x6
  51 003c 7C020000 		.4byte	.LASF3
  52 0040 03       		.uleb128 0x3
  53 0041 01       		.byte	0x1
  54 0042 08       		.byte	0x8
  55 0043 66020000 		.4byte	.LASF4
  56 0047 03       		.uleb128 0x3
  57 0048 02       		.byte	0x2
ARM GAS  C:\Users\ccliu\AppData\Local\Temp\ccFgIIH3.s 			page 2


  58 0049 05       		.byte	0x5
  59 004a 2A000000 		.4byte	.LASF5
  60 004e 04       		.uleb128 0x4
  61 004f 70000000 		.4byte	.LASF8
  62 0053 01       		.byte	0x1
  63 0054 39       		.byte	0x39
  64 0055 19       		.byte	0x19
  65 0056 5A000000 		.4byte	0x5a
  66 005a 03       		.uleb128 0x3
  67 005b 02       		.byte	0x2
  68 005c 07       		.byte	0x7
  69 005d F5020000 		.4byte	.LASF6
  70 0061 03       		.uleb128 0x3
  71 0062 04       		.byte	0x4
  72 0063 05       		.byte	0x5
  73 0064 A3010000 		.4byte	.LASF7
  74 0068 04       		.uleb128 0x4
  75 0069 57000000 		.4byte	.LASF9
  76 006d 01       		.byte	0x1
  77 006e 4F       		.byte	0x4f
  78 006f 19       		.byte	0x19
  79 0070 74000000 		.4byte	0x74
  80 0074 03       		.uleb128 0x3
  81 0075 04       		.byte	0x4
  82 0076 07       		.byte	0x7
  83 0077 C1020000 		.4byte	.LASF10
  84 007b 03       		.uleb128 0x3
  85 007c 08       		.byte	0x8
  86 007d 07       		.byte	0x7
  87 007e 88020000 		.4byte	.LASF11
  88 0082 04       		.uleb128 0x4
  89 0083 B8020000 		.4byte	.LASF12
  90 0087 02       		.byte	0x2
  91 0088 24       		.byte	0x24
  92 0089 14       		.byte	0x14
  93 008a 4E000000 		.4byte	0x4e
  94 008e 04       		.uleb128 0x4
  95 008f 9F020000 		.4byte	.LASF13
  96 0093 02       		.byte	0x2
  97 0094 30       		.byte	0x30
  98 0095 14       		.byte	0x14
  99 0096 68000000 		.4byte	0x68
 100 009a 05       		.uleb128 0x5
 101 009b 8E000000 		.4byte	0x8e
 102 009f 03       		.uleb128 0x3
 103 00a0 01       		.byte	0x1
 104 00a1 08       		.byte	0x8
 105 00a2 12030000 		.4byte	.LASF14
 106 00a6 06       		.uleb128 0x6
 107 00a7 8E000000 		.4byte	0x8e
 108 00ab B6000000 		.4byte	0xb6
 109 00af 07       		.uleb128 0x7
 110 00b0 24000000 		.4byte	0x24
 111 00b4 00       		.byte	0
 112 00b5 00       		.byte	0
 113 00b6 06       		.uleb128 0x6
 114 00b7 8E000000 		.4byte	0x8e
ARM GAS  C:\Users\ccliu\AppData\Local\Temp\ccFgIIH3.s 			page 3


 115 00bb C6000000 		.4byte	0xc6
 116 00bf 07       		.uleb128 0x7
 117 00c0 24000000 		.4byte	0x24
 118 00c4 01       		.byte	0x1
 119 00c5 00       		.byte	0
 120 00c6 08       		.uleb128 0x8
 121 00c7 90       		.byte	0x90
 122 00c8 03       		.byte	0x3
 123 00c9 6201     		.2byte	0x162
 124 00cb 09       		.byte	0x9
 125 00cc 90020000 		.4byte	0x290
 126 00d0 09       		.uleb128 0x9
 127 00d1 435200   		.ascii	"CR\000"
 128 00d4 03       		.byte	0x3
 129 00d5 6401     		.2byte	0x164
 130 00d7 11       		.byte	0x11
 131 00d8 9A000000 		.4byte	0x9a
 132 00dc 00       		.byte	0
 133 00dd 0A       		.uleb128 0xa
 134 00de E8020000 		.4byte	.LASF15
 135 00e2 03       		.byte	0x3
 136 00e3 6501     		.2byte	0x165
 137 00e5 11       		.byte	0x11
 138 00e6 9A000000 		.4byte	0x9a
 139 00ea 04       		.byte	0x4
 140 00eb 0A       		.uleb128 0xa
 141 00ec 97000000 		.4byte	.LASF16
 142 00f0 03       		.byte	0x3
 143 00f1 6601     		.2byte	0x166
 144 00f3 11       		.byte	0x11
 145 00f4 9A000000 		.4byte	0x9a
 146 00f8 08       		.byte	0x8
 147 00f9 09       		.uleb128 0x9
 148 00fa 43495200 		.ascii	"CIR\000"
 149 00fe 03       		.byte	0x3
 150 00ff 6701     		.2byte	0x167
 151 0101 11       		.byte	0x11
 152 0102 9A000000 		.4byte	0x9a
 153 0106 0C       		.byte	0xc
 154 0107 0A       		.uleb128 0xa
 155 0108 CD030000 		.4byte	.LASF17
 156 010c 03       		.byte	0x3
 157 010d 6801     		.2byte	0x168
 158 010f 11       		.byte	0x11
 159 0110 9A000000 		.4byte	0x9a
 160 0114 10       		.byte	0x10
 161 0115 0A       		.uleb128 0xa
 162 0116 AF020000 		.4byte	.LASF18
 163 011a 03       		.byte	0x3
 164 011b 6901     		.2byte	0x169
 165 011d 11       		.byte	0x11
 166 011e 9A000000 		.4byte	0x9a
 167 0122 14       		.byte	0x14
 168 0123 0A       		.uleb128 0xa
 169 0124 D6030000 		.4byte	.LASF19
 170 0128 03       		.byte	0x3
 171 0129 6A01     		.2byte	0x16a
ARM GAS  C:\Users\ccliu\AppData\Local\Temp\ccFgIIH3.s 			page 4


 172 012b 11       		.byte	0x11
 173 012c 9A000000 		.4byte	0x9a
 174 0130 18       		.byte	0x18
 175 0131 0A       		.uleb128 0xa
 176 0132 3B030000 		.4byte	.LASF20
 177 0136 03       		.byte	0x3
 178 0137 6B01     		.2byte	0x16b
 179 0139 11       		.byte	0x11
 180 013a 8E000000 		.4byte	0x8e
 181 013e 1C       		.byte	0x1c
 182 013f 0A       		.uleb128 0xa
 183 0140 19000000 		.4byte	.LASF21
 184 0144 03       		.byte	0x3
 185 0145 6C01     		.2byte	0x16c
 186 0147 11       		.byte	0x11
 187 0148 9A000000 		.4byte	0x9a
 188 014c 20       		.byte	0x20
 189 014d 0A       		.uleb128 0xa
 190 014e 07020000 		.4byte	.LASF22
 191 0152 03       		.byte	0x3
 192 0153 6D01     		.2byte	0x16d
 193 0155 11       		.byte	0x11
 194 0156 9A000000 		.4byte	0x9a
 195 015a 24       		.byte	0x24
 196 015b 0A       		.uleb128 0xa
 197 015c 45030000 		.4byte	.LASF23
 198 0160 03       		.byte	0x3
 199 0161 6E01     		.2byte	0x16e
 200 0163 11       		.byte	0x11
 201 0164 B6000000 		.4byte	0xb6
 202 0168 28       		.byte	0x28
 203 0169 0A       		.uleb128 0xa
 204 016a 98030000 		.4byte	.LASF24
 205 016e 03       		.byte	0x3
 206 016f 6F01     		.2byte	0x16f
 207 0171 11       		.byte	0x11
 208 0172 9A000000 		.4byte	0x9a
 209 0176 30       		.byte	0x30
 210 0177 0A       		.uleb128 0xa
 211 0178 22000000 		.4byte	.LASF25
 212 017c 03       		.byte	0x3
 213 017d 7001     		.2byte	0x170
 214 017f 11       		.byte	0x11
 215 0180 9A000000 		.4byte	0x9a
 216 0184 34       		.byte	0x34
 217 0185 0A       		.uleb128 0xa
 218 0186 78010000 		.4byte	.LASF26
 219 018a 03       		.byte	0x3
 220 018b 7101     		.2byte	0x171
 221 018d 11       		.byte	0x11
 222 018e 9A000000 		.4byte	0x9a
 223 0192 38       		.byte	0x38
 224 0193 0A       		.uleb128 0xa
 225 0194 4F030000 		.4byte	.LASF27
 226 0198 03       		.byte	0x3
 227 0199 7201     		.2byte	0x172
 228 019b 11       		.byte	0x11
ARM GAS  C:\Users\ccliu\AppData\Local\Temp\ccFgIIH3.s 			page 5


 229 019c 8E000000 		.4byte	0x8e
 230 01a0 3C       		.byte	0x3c
 231 01a1 0A       		.uleb128 0xa
 232 01a2 9C000000 		.4byte	.LASF28
 233 01a6 03       		.byte	0x3
 234 01a7 7301     		.2byte	0x173
 235 01a9 11       		.byte	0x11
 236 01aa 9A000000 		.4byte	0x9a
 237 01ae 40       		.byte	0x40
 238 01af 0A       		.uleb128 0xa
 239 01b0 74020000 		.4byte	.LASF29
 240 01b4 03       		.byte	0x3
 241 01b5 7401     		.2byte	0x174
 242 01b7 11       		.byte	0x11
 243 01b8 9A000000 		.4byte	0x9a
 244 01bc 44       		.byte	0x44
 245 01bd 0A       		.uleb128 0xa
 246 01be 59030000 		.4byte	.LASF30
 247 01c2 03       		.byte	0x3
 248 01c3 7501     		.2byte	0x175
 249 01c5 11       		.byte	0x11
 250 01c6 B6000000 		.4byte	0xb6
 251 01ca 48       		.byte	0x48
 252 01cb 0A       		.uleb128 0xa
 253 01cc 00000000 		.4byte	.LASF31
 254 01d0 03       		.byte	0x3
 255 01d1 7601     		.2byte	0x176
 256 01d3 11       		.byte	0x11
 257 01d4 9A000000 		.4byte	0x9a
 258 01d8 50       		.byte	0x50
 259 01d9 0A       		.uleb128 0xa
 260 01da 2A030000 		.4byte	.LASF32
 261 01de 03       		.byte	0x3
 262 01df 7701     		.2byte	0x177
 263 01e1 11       		.byte	0x11
 264 01e2 9A000000 		.4byte	0x9a
 265 01e6 54       		.byte	0x54
 266 01e7 0A       		.uleb128 0xa
 267 01e8 86000000 		.4byte	.LASF33
 268 01ec 03       		.byte	0x3
 269 01ed 7801     		.2byte	0x178
 270 01ef 11       		.byte	0x11
 271 01f0 9A000000 		.4byte	0x9a
 272 01f4 58       		.byte	0x58
 273 01f5 0A       		.uleb128 0xa
 274 01f6 63030000 		.4byte	.LASF34
 275 01fa 03       		.byte	0x3
 276 01fb 7901     		.2byte	0x179
 277 01fd 11       		.byte	0x11
 278 01fe 8E000000 		.4byte	0x8e
 279 0202 5C       		.byte	0x5c
 280 0203 0A       		.uleb128 0xa
 281 0204 08030000 		.4byte	.LASF35
 282 0208 03       		.byte	0x3
 283 0209 7A01     		.2byte	0x17a
 284 020b 11       		.byte	0x11
 285 020c 9A000000 		.4byte	0x9a
ARM GAS  C:\Users\ccliu\AppData\Local\Temp\ccFgIIH3.s 			page 6


 286 0210 60       		.byte	0x60
 287 0211 0A       		.uleb128 0xa
 288 0212 FD030000 		.4byte	.LASF36
 289 0216 03       		.byte	0x3
 290 0217 7B01     		.2byte	0x17b
 291 0219 11       		.byte	0x11
 292 021a 9A000000 		.4byte	0x9a
 293 021e 64       		.byte	0x64
 294 021f 0A       		.uleb128 0xa
 295 0220 6D030000 		.4byte	.LASF37
 296 0224 03       		.byte	0x3
 297 0225 7C01     		.2byte	0x17c
 298 0227 11       		.byte	0x11
 299 0228 B6000000 		.4byte	0xb6
 300 022c 68       		.byte	0x68
 301 022d 0A       		.uleb128 0xa
 302 022e 47000000 		.4byte	.LASF38
 303 0232 03       		.byte	0x3
 304 0233 7D01     		.2byte	0x17d
 305 0235 11       		.byte	0x11
 306 0236 9A000000 		.4byte	0x9a
 307 023a 70       		.byte	0x70
 308 023b 09       		.uleb128 0x9
 309 023c 43535200 		.ascii	"CSR\000"
 310 0240 03       		.byte	0x3
 311 0241 7E01     		.2byte	0x17e
 312 0243 11       		.byte	0x11
 313 0244 9A000000 		.4byte	0x9a
 314 0248 74       		.byte	0x74
 315 0249 0A       		.uleb128 0xa
 316 024a 77030000 		.4byte	.LASF39
 317 024e 03       		.byte	0x3
 318 024f 7F01     		.2byte	0x17f
 319 0251 11       		.byte	0x11
 320 0252 B6000000 		.4byte	0xb6
 321 0256 78       		.byte	0x78
 322 0257 0A       		.uleb128 0xa
 323 0258 7B000000 		.4byte	.LASF40
 324 025c 03       		.byte	0x3
 325 025d 8001     		.2byte	0x180
 326 025f 11       		.byte	0x11
 327 0260 9A000000 		.4byte	0x9a
 328 0264 80       		.byte	0x80
 329 0265 0A       		.uleb128 0xa
 330 0266 4C000000 		.4byte	.LASF41
 331 026a 03       		.byte	0x3
 332 026b 8101     		.2byte	0x181
 333 026d 11       		.byte	0x11
 334 026e 9A000000 		.4byte	0x9a
 335 0272 84       		.byte	0x84
 336 0273 0A       		.uleb128 0xa
 337 0274 81030000 		.4byte	.LASF42
 338 0278 03       		.byte	0x3
 339 0279 8201     		.2byte	0x182
 340 027b 11       		.byte	0x11
 341 027c A6000000 		.4byte	0xa6
 342 0280 88       		.byte	0x88
ARM GAS  C:\Users\ccliu\AppData\Local\Temp\ccFgIIH3.s 			page 7


 343 0281 0A       		.uleb128 0xa
 344 0282 70010000 		.4byte	.LASF43
 345 0286 03       		.byte	0x3
 346 0287 8301     		.2byte	0x183
 347 0289 11       		.byte	0x11
 348 028a 9A000000 		.4byte	0x9a
 349 028e 8C       		.byte	0x8c
 350 028f 00       		.byte	0
 351 0290 0B       		.uleb128 0xb
 352 0291 F5010000 		.4byte	.LASF44
 353 0295 03       		.byte	0x3
 354 0296 8401     		.2byte	0x184
 355 0298 03       		.byte	0x3
 356 0299 C6000000 		.4byte	0xc6
 357 029d 03       		.uleb128 0x3
 358 029e 01       		.byte	0x1
 359 029f 02       		.byte	0x2
 360 02a0 24030000 		.4byte	.LASF45
 361 02a4 0C       		.uleb128 0xc
 362 02a5 04       		.byte	0x4
 363 02a6 04       		.byte	0x4
 364 02a7 5B       		.byte	0x5b
 365 02a8 05       		.byte	0x5
 366 02a9 C8020000 		.4byte	0x2c8
 367 02ad 0D       		.uleb128 0xd
 368 02ae 73657400 		.ascii	"set\000"
 369 02b2 04       		.byte	0x4
 370 02b3 5C       		.byte	0x5c
 371 02b4 19       		.byte	0x19
 372 02b5 82000000 		.4byte	0x82
 373 02b9 00       		.byte	0
 374 02ba 0E       		.uleb128 0xe
 375 02bb 10020000 		.4byte	.LASF46
 376 02bf 04       		.byte	0x4
 377 02c0 5D       		.byte	0x5d
 378 02c1 19       		.byte	0x19
 379 02c2 82000000 		.4byte	0x82
 380 02c6 02       		.byte	0x2
 381 02c7 00       		.byte	0
 382 02c8 0F       		.uleb128 0xf
 383 02c9 04       		.byte	0x4
 384 02ca 04       		.byte	0x4
 385 02cb 59       		.byte	0x59
 386 02cc 0C       		.byte	0xc
 387 02cd E6020000 		.4byte	0x2e6
 388 02d1 10       		.uleb128 0x10
 389 02d2 5700     		.ascii	"W\000"
 390 02d4 04       		.byte	0x4
 391 02d5 5A       		.byte	0x5a
 392 02d6 19       		.byte	0x19
 393 02d7 8E000000 		.4byte	0x8e
 394 02db 10       		.uleb128 0x10
 395 02dc 4800     		.ascii	"H\000"
 396 02de 04       		.byte	0x4
 397 02df 5E       		.byte	0x5e
 398 02e0 07       		.byte	0x7
 399 02e1 A4020000 		.4byte	0x2a4
ARM GAS  C:\Users\ccliu\AppData\Local\Temp\ccFgIIH3.s 			page 8


 400 02e5 00       		.byte	0
 401 02e6 05       		.uleb128 0x5
 402 02e7 C8020000 		.4byte	0x2c8
 403 02eb 0C       		.uleb128 0xc
 404 02ec 28       		.byte	0x28
 405 02ed 04       		.byte	0x4
 406 02ee 51       		.byte	0x51
 407 02ef 09       		.byte	0x9
 408 02f0 77030000 		.4byte	0x377
 409 02f4 0E       		.uleb128 0xe
 410 02f5 01020000 		.4byte	.LASF47
 411 02f9 04       		.byte	0x4
 412 02fa 53       		.byte	0x53
 413 02fb 19       		.byte	0x19
 414 02fc 9A000000 		.4byte	0x9a
 415 0300 00       		.byte	0
 416 0301 0E       		.uleb128 0xe
 417 0302 69010000 		.4byte	.LASF48
 418 0306 04       		.byte	0x4
 419 0307 54       		.byte	0x54
 420 0308 19       		.byte	0x19
 421 0309 9A000000 		.4byte	0x9a
 422 030d 04       		.byte	0x4
 423 030e 0E       		.uleb128 0xe
 424 030f 11000000 		.4byte	.LASF49
 425 0313 04       		.byte	0x4
 426 0314 55       		.byte	0x55
 427 0315 19       		.byte	0x19
 428 0316 9A000000 		.4byte	0x9a
 429 031a 08       		.byte	0x8
 430 031b 0E       		.uleb128 0xe
 431 031c 95010000 		.4byte	.LASF50
 432 0320 04       		.byte	0x4
 433 0321 56       		.byte	0x56
 434 0322 19       		.byte	0x19
 435 0323 9A000000 		.4byte	0x9a
 436 0327 0C       		.byte	0xc
 437 0328 0D       		.uleb128 0xd
 438 0329 49445200 		.ascii	"IDR\000"
 439 032d 04       		.byte	0x4
 440 032e 57       		.byte	0x57
 441 032f 19       		.byte	0x19
 442 0330 9A000000 		.4byte	0x9a
 443 0334 10       		.byte	0x10
 444 0335 0D       		.uleb128 0xd
 445 0336 4F445200 		.ascii	"ODR\000"
 446 033a 04       		.byte	0x4
 447 033b 58       		.byte	0x58
 448 033c 19       		.byte	0x19
 449 033d 9A000000 		.4byte	0x9a
 450 0341 14       		.byte	0x14
 451 0342 0E       		.uleb128 0xe
 452 0343 81000000 		.4byte	.LASF51
 453 0347 04       		.byte	0x4
 454 0348 5F       		.byte	0x5f
 455 0349 05       		.byte	0x5
 456 034a E6020000 		.4byte	0x2e6
ARM GAS  C:\Users\ccliu\AppData\Local\Temp\ccFgIIH3.s 			page 9


 457 034e 18       		.byte	0x18
 458 034f 0E       		.uleb128 0xe
 459 0350 8B030000 		.4byte	.LASF52
 460 0354 04       		.byte	0x4
 461 0355 60       		.byte	0x60
 462 0356 19       		.byte	0x19
 463 0357 9A000000 		.4byte	0x9a
 464 035b 1C       		.byte	0x1c
 465 035c 0E       		.uleb128 0xe
 466 035d F0020000 		.4byte	.LASF53
 467 0361 04       		.byte	0x4
 468 0362 61       		.byte	0x61
 469 0363 19       		.byte	0x19
 470 0364 9A000000 		.4byte	0x9a
 471 0368 20       		.byte	0x20
 472 0369 0E       		.uleb128 0xe
 473 036a E3020000 		.4byte	.LASF54
 474 036e 04       		.byte	0x4
 475 036f 62       		.byte	0x62
 476 0370 19       		.byte	0x19
 477 0371 9A000000 		.4byte	0x9a
 478 0375 24       		.byte	0x24
 479 0376 00       		.byte	0
 480 0377 04       		.uleb128 0x4
 481 0378 34000000 		.4byte	.LASF55
 482 037c 04       		.byte	0x4
 483 037d 63       		.byte	0x63
 484 037e 03       		.byte	0x3
 485 037f EB020000 		.4byte	0x2eb
 486 0383 11       		.uleb128 0x11
 487 0384 04       		.byte	0x4
 488 0385 77030000 		.4byte	0x377
 489 0389 0C       		.uleb128 0xc
 490 038a 1C       		.byte	0x1c
 491 038b 05       		.byte	0x5
 492 038c 28       		.byte	0x28
 493 038d 09       		.byte	0x9
 494 038e EE030000 		.4byte	0x3ee
 495 0392 0E       		.uleb128 0xe
 496 0393 C7030000 		.4byte	.LASF56
 497 0397 05       		.byte	0x5
 498 0398 29       		.byte	0x29
 499 0399 19       		.byte	0x19
 500 039a 8E000000 		.4byte	0x8e
 501 039e 00       		.byte	0
 502 039f 0E       		.uleb128 0xe
 503 03a0 A8020000 		.4byte	.LASF57
 504 03a4 05       		.byte	0x5
 505 03a5 2A       		.byte	0x2a
 506 03a6 19       		.byte	0x19
 507 03a7 8E000000 		.4byte	0x8e
 508 03ab 04       		.byte	0x4
 509 03ac 0E       		.uleb128 0xe
 510 03ad 9B010000 		.4byte	.LASF58
 511 03b1 05       		.byte	0x5
 512 03b2 2B       		.byte	0x2b
 513 03b3 19       		.byte	0x19
ARM GAS  C:\Users\ccliu\AppData\Local\Temp\ccFgIIH3.s 			page 10


 514 03b4 8E000000 		.4byte	0x8e
 515 03b8 08       		.byte	0x8
 516 03b9 0E       		.uleb128 0xe
 517 03ba AA030000 		.4byte	.LASF59
 518 03be 05       		.byte	0x5
 519 03bf 2C       		.byte	0x2c
 520 03c0 19       		.byte	0x19
 521 03c1 8E000000 		.4byte	0x8e
 522 03c5 0C       		.byte	0xc
 523 03c6 0D       		.uleb128 0xd
 524 03c7 6F647200 		.ascii	"odr\000"
 525 03cb 05       		.byte	0x5
 526 03cc 2D       		.byte	0x2d
 527 03cd 19       		.byte	0x19
 528 03ce 8E000000 		.4byte	0x8e
 529 03d2 10       		.byte	0x10
 530 03d3 0E       		.uleb128 0xe
 531 03d4 C2030000 		.4byte	.LASF60
 532 03d8 05       		.byte	0x5
 533 03d9 2E       		.byte	0x2e
 534 03da 19       		.byte	0x19
 535 03db 8E000000 		.4byte	0x8e
 536 03df 14       		.byte	0x14
 537 03e0 0E       		.uleb128 0xe
 538 03e1 B0030000 		.4byte	.LASF61
 539 03e5 05       		.byte	0x5
 540 03e6 2F       		.byte	0x2f
 541 03e7 19       		.byte	0x19
 542 03e8 8E000000 		.4byte	0x8e
 543 03ec 18       		.byte	0x18
 544 03ed 00       		.byte	0
 545 03ee 04       		.uleb128 0x4
 546 03ef B5030000 		.4byte	.LASF62
 547 03f3 05       		.byte	0x5
 548 03f4 30       		.byte	0x30
 549 03f5 03       		.byte	0x3
 550 03f6 89030000 		.4byte	0x389
 551 03fa 12       		.uleb128 0x12
 552 03fb EE030000 		.4byte	0x3ee
 553 03ff 0C       		.uleb128 0xc
 554 0400 A8       		.byte	0xa8
 555 0401 05       		.byte	0x5
 556 0402 35       		.byte	0x35
 557 0403 09       		.byte	0x9
 558 0404 57040000 		.4byte	0x457
 559 0408 0E       		.uleb128 0xe
 560 0409 80010000 		.4byte	.LASF63
 561 040d 05       		.byte	0x5
 562 040e 37       		.byte	0x37
 563 040f 19       		.byte	0x19
 564 0410 EE030000 		.4byte	0x3ee
 565 0414 00       		.byte	0
 566 0415 0E       		.uleb128 0xe
 567 0416 DF030000 		.4byte	.LASF64
 568 041a 05       		.byte	0x5
 569 041b 3A       		.byte	0x3a
 570 041c 19       		.byte	0x19
ARM GAS  C:\Users\ccliu\AppData\Local\Temp\ccFgIIH3.s 			page 11


 571 041d EE030000 		.4byte	0x3ee
 572 0421 1C       		.byte	0x1c
 573 0422 0E       		.uleb128 0xe
 574 0423 0A000000 		.4byte	.LASF65
 575 0427 05       		.byte	0x5
 576 0428 3D       		.byte	0x3d
 577 0429 19       		.byte	0x19
 578 042a EE030000 		.4byte	0x3ee
 579 042e 38       		.byte	0x38
 580 042f 0E       		.uleb128 0xe
 581 0430 AC010000 		.4byte	.LASF66
 582 0434 05       		.byte	0x5
 583 0435 40       		.byte	0x40
 584 0436 19       		.byte	0x19
 585 0437 EE030000 		.4byte	0x3ee
 586 043b 54       		.byte	0x54
 587 043c 0E       		.uleb128 0xe
 588 043d 34030000 		.4byte	.LASF67
 589 0441 05       		.byte	0x5
 590 0442 43       		.byte	0x43
 591 0443 19       		.byte	0x19
 592 0444 EE030000 		.4byte	0x3ee
 593 0448 70       		.byte	0x70
 594 0449 0E       		.uleb128 0xe
 595 044a 91030000 		.4byte	.LASF68
 596 044e 05       		.byte	0x5
 597 044f 4C       		.byte	0x4c
 598 0450 19       		.byte	0x19
 599 0451 EE030000 		.4byte	0x3ee
 600 0455 8C       		.byte	0x8c
 601 0456 00       		.byte	0
 602 0457 04       		.uleb128 0x4
 603 0458 62000000 		.4byte	.LASF69
 604 045c 05       		.byte	0x5
 605 045d 57       		.byte	0x57
 606 045e 03       		.byte	0x3
 607 045f FF030000 		.4byte	0x3ff
 608 0463 12       		.uleb128 0x12
 609 0464 57040000 		.4byte	0x457
 610 0468 13       		.uleb128 0x13
 611 0469 07040000 		.4byte	.LASF77
 612 046d 05       		.byte	0x5
 613 046e 5C       		.byte	0x5c
 614 046f 1C       		.byte	0x1c
 615 0470 63040000 		.4byte	0x463
 616 0474 14       		.uleb128 0x14
 617 0475 F3030000 		.4byte	.LASF70
 618 0479 05       		.byte	0x5
 619 047a 0801     		.2byte	0x108
 620 047c 06       		.byte	0x6
 621 047d 15       		.uleb128 0x15
 622 047e 17030000 		.4byte	.LASF71
 623 0482 05       		.byte	0x5
 624 0483 D2       		.byte	0xd2
 625 0484 06       		.byte	0x6
 626 0485 16       		.uleb128 0x16
 627 0486 D3020000 		.4byte	.LASF78
ARM GAS  C:\Users\ccliu\AppData\Local\Temp\ccFgIIH3.s 			page 12


 628 048a 05       		.byte	0x5
 629 048b 9A       		.byte	0x9a
 630 048c 0D       		.byte	0xd
 631 048d 17       		.uleb128 0x17
 632 048e A0030000 		.4byte	.LASF79
 633 0492 05       		.byte	0x5
 634 0493 8F       		.byte	0x8f
 635 0494 0D       		.byte	0xd
 636 0495 B2040000 		.4byte	0x4b2
 637 0499 18       		.uleb128 0x18
 638 049a 41000000 		.4byte	.LASF72
 639 049e 05       		.byte	0x5
 640 049f 8F       		.byte	0x8f
 641 04a0 25       		.byte	0x25
 642 04a1 83030000 		.4byte	0x383
 643 04a5 18       		.uleb128 0x18
 644 04a6 90000000 		.4byte	.LASF73
 645 04aa 05       		.byte	0x5
 646 04ab 8F       		.byte	0x8f
 647 04ac 40       		.byte	0x40
 648 04ad B2040000 		.4byte	0x4b2
 649 04b1 00       		.byte	0
 650 04b2 11       		.uleb128 0x11
 651 04b3 04       		.byte	0x4
 652 04b4 FA030000 		.4byte	0x3fa
 653 04b8 00       		.byte	0
 654              		.section	.gnu.debuglto_.debug_abbrev,"e",%progbits
 655              	.Ldebug_abbrev0:
 656 0000 01       		.uleb128 0x1
 657 0001 11       		.uleb128 0x11
 658 0002 01       		.byte	0x1
 659 0003 25       		.uleb128 0x25
 660 0004 0E       		.uleb128 0xe
 661 0005 13       		.uleb128 0x13
 662 0006 0B       		.uleb128 0xb
 663 0007 03       		.uleb128 0x3
 664 0008 0E       		.uleb128 0xe
 665 0009 1B       		.uleb128 0x1b
 666 000a 0E       		.uleb128 0xe
 667 000b 10       		.uleb128 0x10
 668 000c 17       		.uleb128 0x17
 669 000d 00       		.byte	0
 670 000e 00       		.byte	0
 671 000f 02       		.uleb128 0x2
 672 0010 24       		.uleb128 0x24
 673 0011 00       		.byte	0
 674 0012 0B       		.uleb128 0xb
 675 0013 0B       		.uleb128 0xb
 676 0014 3E       		.uleb128 0x3e
 677 0015 0B       		.uleb128 0xb
 678 0016 03       		.uleb128 0x3
 679 0017 08       		.uleb128 0x8
 680 0018 00       		.byte	0
 681 0019 00       		.byte	0
 682 001a 03       		.uleb128 0x3
 683 001b 24       		.uleb128 0x24
 684 001c 00       		.byte	0
ARM GAS  C:\Users\ccliu\AppData\Local\Temp\ccFgIIH3.s 			page 13


 685 001d 0B       		.uleb128 0xb
 686 001e 0B       		.uleb128 0xb
 687 001f 3E       		.uleb128 0x3e
 688 0020 0B       		.uleb128 0xb
 689 0021 03       		.uleb128 0x3
 690 0022 0E       		.uleb128 0xe
 691 0023 00       		.byte	0
 692 0024 00       		.byte	0
 693 0025 04       		.uleb128 0x4
 694 0026 16       		.uleb128 0x16
 695 0027 00       		.byte	0
 696 0028 03       		.uleb128 0x3
 697 0029 0E       		.uleb128 0xe
 698 002a 3A       		.uleb128 0x3a
 699 002b 0B       		.uleb128 0xb
 700 002c 3B       		.uleb128 0x3b
 701 002d 0B       		.uleb128 0xb
 702 002e 39       		.uleb128 0x39
 703 002f 0B       		.uleb128 0xb
 704 0030 49       		.uleb128 0x49
 705 0031 13       		.uleb128 0x13
 706 0032 00       		.byte	0
 707 0033 00       		.byte	0
 708 0034 05       		.uleb128 0x5
 709 0035 35       		.uleb128 0x35
 710 0036 00       		.byte	0
 711 0037 49       		.uleb128 0x49
 712 0038 13       		.uleb128 0x13
 713 0039 00       		.byte	0
 714 003a 00       		.byte	0
 715 003b 06       		.uleb128 0x6
 716 003c 01       		.uleb128 0x1
 717 003d 01       		.byte	0x1
 718 003e 49       		.uleb128 0x49
 719 003f 13       		.uleb128 0x13
 720 0040 01       		.uleb128 0x1
 721 0041 13       		.uleb128 0x13
 722 0042 00       		.byte	0
 723 0043 00       		.byte	0
 724 0044 07       		.uleb128 0x7
 725 0045 21       		.uleb128 0x21
 726 0046 00       		.byte	0
 727 0047 49       		.uleb128 0x49
 728 0048 13       		.uleb128 0x13
 729 0049 2F       		.uleb128 0x2f
 730 004a 0B       		.uleb128 0xb
 731 004b 00       		.byte	0
 732 004c 00       		.byte	0
 733 004d 08       		.uleb128 0x8
 734 004e 13       		.uleb128 0x13
 735 004f 01       		.byte	0x1
 736 0050 0B       		.uleb128 0xb
 737 0051 0B       		.uleb128 0xb
 738 0052 3A       		.uleb128 0x3a
 739 0053 0B       		.uleb128 0xb
 740 0054 3B       		.uleb128 0x3b
 741 0055 05       		.uleb128 0x5
ARM GAS  C:\Users\ccliu\AppData\Local\Temp\ccFgIIH3.s 			page 14


 742 0056 39       		.uleb128 0x39
 743 0057 0B       		.uleb128 0xb
 744 0058 01       		.uleb128 0x1
 745 0059 13       		.uleb128 0x13
 746 005a 00       		.byte	0
 747 005b 00       		.byte	0
 748 005c 09       		.uleb128 0x9
 749 005d 0D       		.uleb128 0xd
 750 005e 00       		.byte	0
 751 005f 03       		.uleb128 0x3
 752 0060 08       		.uleb128 0x8
 753 0061 3A       		.uleb128 0x3a
 754 0062 0B       		.uleb128 0xb
 755 0063 3B       		.uleb128 0x3b
 756 0064 05       		.uleb128 0x5
 757 0065 39       		.uleb128 0x39
 758 0066 0B       		.uleb128 0xb
 759 0067 49       		.uleb128 0x49
 760 0068 13       		.uleb128 0x13
 761 0069 38       		.uleb128 0x38
 762 006a 0B       		.uleb128 0xb
 763 006b 00       		.byte	0
 764 006c 00       		.byte	0
 765 006d 0A       		.uleb128 0xa
 766 006e 0D       		.uleb128 0xd
 767 006f 00       		.byte	0
 768 0070 03       		.uleb128 0x3
 769 0071 0E       		.uleb128 0xe
 770 0072 3A       		.uleb128 0x3a
 771 0073 0B       		.uleb128 0xb
 772 0074 3B       		.uleb128 0x3b
 773 0075 05       		.uleb128 0x5
 774 0076 39       		.uleb128 0x39
 775 0077 0B       		.uleb128 0xb
 776 0078 49       		.uleb128 0x49
 777 0079 13       		.uleb128 0x13
 778 007a 38       		.uleb128 0x38
 779 007b 0B       		.uleb128 0xb
 780 007c 00       		.byte	0
 781 007d 00       		.byte	0
 782 007e 0B       		.uleb128 0xb
 783 007f 16       		.uleb128 0x16
 784 0080 00       		.byte	0
 785 0081 03       		.uleb128 0x3
 786 0082 0E       		.uleb128 0xe
 787 0083 3A       		.uleb128 0x3a
 788 0084 0B       		.uleb128 0xb
 789 0085 3B       		.uleb128 0x3b
 790 0086 05       		.uleb128 0x5
 791 0087 39       		.uleb128 0x39
 792 0088 0B       		.uleb128 0xb
 793 0089 49       		.uleb128 0x49
 794 008a 13       		.uleb128 0x13
 795 008b 00       		.byte	0
 796 008c 00       		.byte	0
 797 008d 0C       		.uleb128 0xc
 798 008e 13       		.uleb128 0x13
ARM GAS  C:\Users\ccliu\AppData\Local\Temp\ccFgIIH3.s 			page 15


 799 008f 01       		.byte	0x1
 800 0090 0B       		.uleb128 0xb
 801 0091 0B       		.uleb128 0xb
 802 0092 3A       		.uleb128 0x3a
 803 0093 0B       		.uleb128 0xb
 804 0094 3B       		.uleb128 0x3b
 805 0095 0B       		.uleb128 0xb
 806 0096 39       		.uleb128 0x39
 807 0097 0B       		.uleb128 0xb
 808 0098 01       		.uleb128 0x1
 809 0099 13       		.uleb128 0x13
 810 009a 00       		.byte	0
 811 009b 00       		.byte	0
 812 009c 0D       		.uleb128 0xd
 813 009d 0D       		.uleb128 0xd
 814 009e 00       		.byte	0
 815 009f 03       		.uleb128 0x3
 816 00a0 08       		.uleb128 0x8
 817 00a1 3A       		.uleb128 0x3a
 818 00a2 0B       		.uleb128 0xb
 819 00a3 3B       		.uleb128 0x3b
 820 00a4 0B       		.uleb128 0xb
 821 00a5 39       		.uleb128 0x39
 822 00a6 0B       		.uleb128 0xb
 823 00a7 49       		.uleb128 0x49
 824 00a8 13       		.uleb128 0x13
 825 00a9 38       		.uleb128 0x38
 826 00aa 0B       		.uleb128 0xb
 827 00ab 00       		.byte	0
 828 00ac 00       		.byte	0
 829 00ad 0E       		.uleb128 0xe
 830 00ae 0D       		.uleb128 0xd
 831 00af 00       		.byte	0
 832 00b0 03       		.uleb128 0x3
 833 00b1 0E       		.uleb128 0xe
 834 00b2 3A       		.uleb128 0x3a
 835 00b3 0B       		.uleb128 0xb
 836 00b4 3B       		.uleb128 0x3b
 837 00b5 0B       		.uleb128 0xb
 838 00b6 39       		.uleb128 0x39
 839 00b7 0B       		.uleb128 0xb
 840 00b8 49       		.uleb128 0x49
 841 00b9 13       		.uleb128 0x13
 842 00ba 38       		.uleb128 0x38
 843 00bb 0B       		.uleb128 0xb
 844 00bc 00       		.byte	0
 845 00bd 00       		.byte	0
 846 00be 0F       		.uleb128 0xf
 847 00bf 17       		.uleb128 0x17
 848 00c0 01       		.byte	0x1
 849 00c1 0B       		.uleb128 0xb
 850 00c2 0B       		.uleb128 0xb
 851 00c3 3A       		.uleb128 0x3a
 852 00c4 0B       		.uleb128 0xb
 853 00c5 3B       		.uleb128 0x3b
 854 00c6 0B       		.uleb128 0xb
 855 00c7 39       		.uleb128 0x39
ARM GAS  C:\Users\ccliu\AppData\Local\Temp\ccFgIIH3.s 			page 16


 856 00c8 0B       		.uleb128 0xb
 857 00c9 01       		.uleb128 0x1
 858 00ca 13       		.uleb128 0x13
 859 00cb 00       		.byte	0
 860 00cc 00       		.byte	0
 861 00cd 10       		.uleb128 0x10
 862 00ce 0D       		.uleb128 0xd
 863 00cf 00       		.byte	0
 864 00d0 03       		.uleb128 0x3
 865 00d1 08       		.uleb128 0x8
 866 00d2 3A       		.uleb128 0x3a
 867 00d3 0B       		.uleb128 0xb
 868 00d4 3B       		.uleb128 0x3b
 869 00d5 0B       		.uleb128 0xb
 870 00d6 39       		.uleb128 0x39
 871 00d7 0B       		.uleb128 0xb
 872 00d8 49       		.uleb128 0x49
 873 00d9 13       		.uleb128 0x13
 874 00da 00       		.byte	0
 875 00db 00       		.byte	0
 876 00dc 11       		.uleb128 0x11
 877 00dd 0F       		.uleb128 0xf
 878 00de 00       		.byte	0
 879 00df 0B       		.uleb128 0xb
 880 00e0 0B       		.uleb128 0xb
 881 00e1 49       		.uleb128 0x49
 882 00e2 13       		.uleb128 0x13
 883 00e3 00       		.byte	0
 884 00e4 00       		.byte	0
 885 00e5 12       		.uleb128 0x12
 886 00e6 26       		.uleb128 0x26
 887 00e7 00       		.byte	0
 888 00e8 49       		.uleb128 0x49
 889 00e9 13       		.uleb128 0x13
 890 00ea 00       		.byte	0
 891 00eb 00       		.byte	0
 892 00ec 13       		.uleb128 0x13
 893 00ed 34       		.uleb128 0x34
 894 00ee 00       		.byte	0
 895 00ef 03       		.uleb128 0x3
 896 00f0 0E       		.uleb128 0xe
 897 00f1 3A       		.uleb128 0x3a
 898 00f2 0B       		.uleb128 0xb
 899 00f3 3B       		.uleb128 0x3b
 900 00f4 0B       		.uleb128 0xb
 901 00f5 39       		.uleb128 0x39
 902 00f6 0B       		.uleb128 0xb
 903 00f7 49       		.uleb128 0x49
 904 00f8 13       		.uleb128 0x13
 905 00f9 00       		.byte	0
 906 00fa 00       		.byte	0
 907 00fb 14       		.uleb128 0x14
 908 00fc 2E       		.uleb128 0x2e
 909 00fd 00       		.byte	0
 910 00fe 3F       		.uleb128 0x3f
 911 00ff 19       		.uleb128 0x19
 912 0100 03       		.uleb128 0x3
ARM GAS  C:\Users\ccliu\AppData\Local\Temp\ccFgIIH3.s 			page 17


 913 0101 0E       		.uleb128 0xe
 914 0102 3A       		.uleb128 0x3a
 915 0103 0B       		.uleb128 0xb
 916 0104 3B       		.uleb128 0x3b
 917 0105 05       		.uleb128 0x5
 918 0106 39       		.uleb128 0x39
 919 0107 0B       		.uleb128 0xb
 920 0108 27       		.uleb128 0x27
 921 0109 19       		.uleb128 0x19
 922 010a 00       		.byte	0
 923 010b 00       		.byte	0
 924 010c 15       		.uleb128 0x15
 925 010d 2E       		.uleb128 0x2e
 926 010e 00       		.byte	0
 927 010f 3F       		.uleb128 0x3f
 928 0110 19       		.uleb128 0x19
 929 0111 03       		.uleb128 0x3
 930 0112 0E       		.uleb128 0xe
 931 0113 3A       		.uleb128 0x3a
 932 0114 0B       		.uleb128 0xb
 933 0115 3B       		.uleb128 0x3b
 934 0116 0B       		.uleb128 0xb
 935 0117 39       		.uleb128 0x39
 936 0118 0B       		.uleb128 0xb
 937 0119 27       		.uleb128 0x27
 938 011a 19       		.uleb128 0x19
 939 011b 00       		.byte	0
 940 011c 00       		.byte	0
 941 011d 16       		.uleb128 0x16
 942 011e 2E       		.uleb128 0x2e
 943 011f 00       		.byte	0
 944 0120 03       		.uleb128 0x3
 945 0121 0E       		.uleb128 0xe
 946 0122 3A       		.uleb128 0x3a
 947 0123 0B       		.uleb128 0xb
 948 0124 3B       		.uleb128 0x3b
 949 0125 0B       		.uleb128 0xb
 950 0126 39       		.uleb128 0x39
 951 0127 0B       		.uleb128 0xb
 952 0128 27       		.uleb128 0x27
 953 0129 19       		.uleb128 0x19
 954 012a 00       		.byte	0
 955 012b 00       		.byte	0
 956 012c 17       		.uleb128 0x17
 957 012d 2E       		.uleb128 0x2e
 958 012e 01       		.byte	0x1
 959 012f 03       		.uleb128 0x3
 960 0130 0E       		.uleb128 0xe
 961 0131 3A       		.uleb128 0x3a
 962 0132 0B       		.uleb128 0xb
 963 0133 3B       		.uleb128 0x3b
 964 0134 0B       		.uleb128 0xb
 965 0135 39       		.uleb128 0x39
 966 0136 0B       		.uleb128 0xb
 967 0137 27       		.uleb128 0x27
 968 0138 19       		.uleb128 0x19
 969 0139 01       		.uleb128 0x1
ARM GAS  C:\Users\ccliu\AppData\Local\Temp\ccFgIIH3.s 			page 18


 970 013a 13       		.uleb128 0x13
 971 013b 00       		.byte	0
 972 013c 00       		.byte	0
 973 013d 18       		.uleb128 0x18
 974 013e 05       		.uleb128 0x5
 975 013f 00       		.byte	0
 976 0140 03       		.uleb128 0x3
 977 0141 0E       		.uleb128 0xe
 978 0142 3A       		.uleb128 0x3a
 979 0143 0B       		.uleb128 0xb
 980 0144 3B       		.uleb128 0x3b
 981 0145 0B       		.uleb128 0xb
 982 0146 39       		.uleb128 0x39
 983 0147 0B       		.uleb128 0xb
 984 0148 49       		.uleb128 0x49
 985 0149 13       		.uleb128 0x13
 986 014a 00       		.byte	0
 987 014b 00       		.byte	0
 988 014c 00       		.byte	0
 989              		.section	.gnu.debuglto_.debug_line,"e",%progbits
 990              	.Ldebug_line0:
 991 0000 BC010000 		.4byte	.LELT0-.LSLT0
 992              	.LSLT0:
 993 0004 0400     		.2byte	0x4
 994 0006 B6010000 		.4byte	.LELTP0-.LASLTP0
 995              	.LASLTP0:
 996 000a 01       		.byte	0x1
 997 000b 01       		.byte	0x1
 998 000c 01       		.byte	0x1
 999 000d F6       		.byte	0xf6
 1000 000e F2       		.byte	0xf2
 1001 000f 0D       		.byte	0xd
 1002 0010 00       		.byte	0
 1003 0011 01       		.byte	0x1
 1004 0012 01       		.byte	0x1
 1005 0013 01       		.byte	0x1
 1006 0014 01       		.byte	0x1
 1007 0015 00       		.byte	0
 1008 0016 00       		.byte	0
 1009 0017 00       		.byte	0
 1010 0018 01       		.byte	0x1
 1011 0019 00       		.byte	0
 1012 001a 00       		.byte	0
 1013 001b 01       		.byte	0x1
 1014 001c 433A2F43 		.ascii	"C:/Chibistudio/chibios2111/os/common/ext/ST/STM32F4"
 1014      68696269 
 1014      73747564 
 1014      696F2F63 
 1014      68696269 
 1015 004f 7878     		.ascii	"xx"
 1016 0051 00       		.byte	0
 1017 0052 433A2F43 		.ascii	"C:/Chibistudio/chibios2111/os/hal/boards/ST_NUCLEO6"
 1017      68696269 
 1017      73747564 
 1017      696F2F63 
 1017      68696269 
 1018 0085 345F4634 		.ascii	"4_F401RE"
ARM GAS  C:\Users\ccliu\AppData\Local\Temp\ccFgIIH3.s 			page 19


 1018      30315245 
 1019 008d 00       		.byte	0
 1020 008e 433A2F43 		.ascii	"C:/Chibistudio/chibios2111/os/hal/ports/STM32/LLD/G"
 1020      68696269 
 1020      73747564 
 1020      696F2F63 
 1020      68696269 
 1021 00c1 50494F76 		.ascii	"PIOv2"
 1021      32
 1022 00c6 00       		.byte	0
 1023 00c7 633A5C63 		.ascii	"c:\\chibistudio\\tools\\gnu tools arm embedded\\10."
 1023      68696269 
 1023      73747564 
 1023      696F5C74 
 1023      6F6F6C73 
 1024 00f6 33203230 		.ascii	"3 2021.07\\arm-none-eabi\\include\\machine"
 1024      32312E30 
 1024      375C6172 
 1024      6D2D6E6F 
 1024      6E652D65 
 1025 011d 00       		.byte	0
 1026 011e 633A5C63 		.ascii	"c:\\chibistudio\\tools\\gnu tools arm embedded\\10."
 1026      68696269 
 1026      73747564 
 1026      696F5C74 
 1026      6F6F6C73 
 1027 014d 33203230 		.ascii	"3 2021.07\\arm-none-eabi\\include\\sys"
 1027      32312E30 
 1027      375C6172 
 1027      6D2D6E6F 
 1027      6E652D65 
 1028 0170 00       		.byte	0
 1029 0171 00       		.byte	0
 1030 0172 5F646566 		.ascii	"_default_types.h\000"
 1030      61756C74 
 1030      5F747970 
 1030      65732E68 
 1030      00
 1031 0183 04       		.uleb128 0x4
 1032 0184 00       		.uleb128 0
 1033 0185 00       		.uleb128 0
 1034 0186 5F737464 		.ascii	"_stdint.h\000"
 1034      696E742E 
 1034      6800
 1035 0190 05       		.uleb128 0x5
 1036 0191 00       		.uleb128 0
 1037 0192 00       		.uleb128 0
 1038 0193 73746D33 		.ascii	"stm32f401xe.h\000"
 1038      32663430 
 1038      3178652E 
 1038      6800
 1039 01a1 01       		.uleb128 0x1
 1040 01a2 00       		.uleb128 0
 1041 01a3 00       		.uleb128 0
 1042 01a4 73746D33 		.ascii	"stm32_gpio.h\000"
 1042      325F6770 
 1042      696F2E68 
ARM GAS  C:\Users\ccliu\AppData\Local\Temp\ccFgIIH3.s 			page 20


 1042      00
 1043 01b1 03       		.uleb128 0x3
 1044 01b2 00       		.uleb128 0
 1045 01b3 00       		.uleb128 0
 1046 01b4 626F6172 		.ascii	"board.c\000"
 1046      642E6300 
 1047 01bc 02       		.uleb128 0x2
 1048 01bd 00       		.uleb128 0
 1049 01be 00       		.uleb128 0
 1050 01bf 00       		.byte	0
 1051              	.LELTP0:
 1052              	.LELT0:
 1053              		.section	.gnu.debuglto_.debug_str,"eMS",%progbits,1
 1054              	.LASF31:
 1055 0000 41484231 		.ascii	"AHB1LPENR\000"
 1055      4C50454E 
 1055      5200
 1056              	.LASF65:
 1057 000a 50434461 		.ascii	"PCData\000"
 1057      746100
 1058              	.LASF49:
 1059 0011 4F535045 		.ascii	"OSPEEDR\000"
 1059      45445200 
 1060              	.LASF21:
 1061 0019 41504231 		.ascii	"APB1RSTR\000"
 1061      52535452 
 1061      00
 1062              	.LASF25:
 1063 0022 41484232 		.ascii	"AHB2ENR\000"
 1063      454E5200 
 1064              	.LASF5:
 1065 002a 73686F72 		.ascii	"short int\000"
 1065      7420696E 
 1065      7400
 1066              	.LASF55:
 1067 0034 73746D33 		.ascii	"stm32_gpio_t\000"
 1067      325F6770 
 1067      696F5F74 
 1067      00
 1068              	.LASF72:
 1069 0041 6770696F 		.ascii	"gpiop\000"
 1069      7000
 1070              	.LASF38:
 1071 0047 42444352 		.ascii	"BDCR\000"
 1071      00
 1072              	.LASF41:
 1073 004c 504C4C49 		.ascii	"PLLI2SCFGR\000"
 1073      32534346 
 1073      475200
 1074              	.LASF9:
 1075 0057 5F5F7569 		.ascii	"__uint32_t\000"
 1075      6E743332 
 1075      5F7400
 1076              	.LASF69:
 1077 0062 6770696F 		.ascii	"gpio_config_t\000"
 1077      5F636F6E 
 1077      6669675F 
ARM GAS  C:\Users\ccliu\AppData\Local\Temp\ccFgIIH3.s 			page 21


 1077      7400
 1078              	.LASF8:
 1079 0070 5F5F7569 		.ascii	"__uint16_t\000"
 1079      6E743136 
 1079      5F7400
 1080              	.LASF40:
 1081 007b 53534347 		.ascii	"SSCGR\000"
 1081      5200
 1082              	.LASF51:
 1083 0081 42535252 		.ascii	"BSRR\000"
 1083      00
 1084              	.LASF33:
 1085 0086 41484233 		.ascii	"AHB3LPENR\000"
 1085      4C50454E 
 1085      5200
 1086              	.LASF73:
 1087 0090 636F6E66 		.ascii	"config\000"
 1087      696700
 1088              	.LASF16:
 1089 0097 43464752 		.ascii	"CFGR\000"
 1089      00
 1090              	.LASF28:
 1091 009c 41504231 		.ascii	"APB1ENR\000"
 1091      454E5200 
 1092              	.LASF74:
 1093 00a4 474E5520 		.ascii	"GNU C17 10.3.1 20210621 (release) -mcpu=cortex-m4 -"
 1093      43313720 
 1093      31302E33 
 1093      2E312032 
 1093      30323130 
 1094 00d7 6D746875 		.ascii	"mthumb -mfloat-abi=soft -march=armv7e-m -ggdb -O0 -"
 1094      6D62202D 
 1094      6D666C6F 
 1094      61742D61 
 1094      62693D73 
 1095 010a 666F6D69 		.ascii	"fomit-frame-pointer -falign-functions=16 -ffunction"
 1095      742D6672 
 1095      616D652D 
 1095      706F696E 
 1095      74657220 
 1096 013d 2D736563 		.ascii	"-sections -fdata-sections -fno-common -flto\000"
 1096      74696F6E 
 1096      73202D66 
 1096      64617461 
 1096      2D736563 
 1097              	.LASF48:
 1098 0169 4F545950 		.ascii	"OTYPER\000"
 1098      455200
 1099              	.LASF43:
 1100 0170 44434B43 		.ascii	"DCKCFGR\000"
 1100      46475200 
 1101              	.LASF26:
 1102 0178 41484233 		.ascii	"AHB3ENR\000"
 1102      454E5200 
 1103              	.LASF63:
 1104 0180 50414461 		.ascii	"PAData\000"
 1104      746100
ARM GAS  C:\Users\ccliu\AppData\Local\Temp\ccFgIIH3.s 			page 22


 1105              	.LASF1:
 1106 0187 6C6F6E67 		.ascii	"long long int\000"
 1106      206C6F6E 
 1106      6720696E 
 1106      7400
 1107              	.LASF50:
 1108 0195 50555044 		.ascii	"PUPDR\000"
 1108      5200
 1109              	.LASF58:
 1110 019b 6F737065 		.ascii	"ospeedr\000"
 1110      65647200 
 1111              	.LASF7:
 1112 01a3 6C6F6E67 		.ascii	"long int\000"
 1112      20696E74 
 1112      00
 1113              	.LASF66:
 1114 01ac 50444461 		.ascii	"PDData\000"
 1114      746100
 1115              	.LASF76:
 1116 01b3 433A5C43 		.ascii	"C:\\ChibiStudio\\workspace_user\\Tesi\\RT-STM32F401"
 1116      68696269 
 1116      53747564 
 1116      696F5C77 
 1116      6F726B73 
 1117 01e2 52452D4E 		.ascii	"RE-NUCLEO64-Shell2\000"
 1117      55434C45 
 1117      4F36342D 
 1117      5368656C 
 1117      6C3200
 1118              	.LASF44:
 1119 01f5 5243435F 		.ascii	"RCC_TypeDef\000"
 1119      54797065 
 1119      44656600 
 1120              	.LASF47:
 1121 0201 4D4F4445 		.ascii	"MODER\000"
 1121      5200
 1122              	.LASF22:
 1123 0207 41504232 		.ascii	"APB2RSTR\000"
 1123      52535452 
 1123      00
 1124              	.LASF46:
 1125 0210 636C6561 		.ascii	"clear\000"
 1125      7200
 1126              	.LASF2:
 1127 0216 6C6F6E67 		.ascii	"long double\000"
 1127      20646F75 
 1127      626C6500 
 1128              	.LASF75:
 1129 0222 433A2F43 		.ascii	"C:/Chibistudio/chibios2111/os/hal/boards/ST_NUCLEO6"
 1129      68696269 
 1129      73747564 
 1129      696F2F63 
 1129      68696269 
 1130 0255 345F4634 		.ascii	"4_F401RE/board.c\000"
 1130      30315245 
 1130      2F626F61 
 1130      72642E63 
ARM GAS  C:\Users\ccliu\AppData\Local\Temp\ccFgIIH3.s 			page 23


 1130      00
 1131              	.LASF4:
 1132 0266 756E7369 		.ascii	"unsigned char\000"
 1132      676E6564 
 1132      20636861 
 1132      7200
 1133              	.LASF29:
 1134 0274 41504232 		.ascii	"APB2ENR\000"
 1134      454E5200 
 1135              	.LASF3:
 1136 027c 7369676E 		.ascii	"signed char\000"
 1136      65642063 
 1136      68617200 
 1137              	.LASF11:
 1138 0288 6C6F6E67 		.ascii	"long long unsigned int\000"
 1138      206C6F6E 
 1138      6720756E 
 1138      7369676E 
 1138      65642069 
 1139              	.LASF13:
 1140 029f 75696E74 		.ascii	"uint32_t\000"
 1140      33325F74 
 1140      00
 1141              	.LASF57:
 1142 02a8 6F747970 		.ascii	"otyper\000"
 1142      657200
 1143              	.LASF18:
 1144 02af 41484232 		.ascii	"AHB2RSTR\000"
 1144      52535452 
 1144      00
 1145              	.LASF12:
 1146 02b8 75696E74 		.ascii	"uint16_t\000"
 1146      31365F74 
 1146      00
 1147              	.LASF10:
 1148 02c1 6C6F6E67 		.ascii	"long unsigned int\000"
 1148      20756E73 
 1148      69676E65 
 1148      6420696E 
 1148      7400
 1149              	.LASF78:
 1150 02d3 73746D33 		.ascii	"stm32_gpio_init\000"
 1150      325F6770 
 1150      696F5F69 
 1150      6E697400 
 1151              	.LASF54:
 1152 02e3 41465248 		.ascii	"AFRH\000"
 1152      00
 1153              	.LASF15:
 1154 02e8 504C4C43 		.ascii	"PLLCFGR\000"
 1154      46475200 
 1155              	.LASF53:
 1156 02f0 4146524C 		.ascii	"AFRL\000"
 1156      00
 1157              	.LASF6:
 1158 02f5 73686F72 		.ascii	"short unsigned int\000"
 1158      7420756E 
ARM GAS  C:\Users\ccliu\AppData\Local\Temp\ccFgIIH3.s 			page 24


 1158      7369676E 
 1158      65642069 
 1158      6E7400
 1159              	.LASF35:
 1160 0308 41504231 		.ascii	"APB1LPENR\000"
 1160      4C50454E 
 1160      5200
 1161              	.LASF14:
 1162 0312 63686172 		.ascii	"char\000"
 1162      00
 1163              	.LASF71:
 1164 0317 5F5F6561 		.ascii	"__early_init\000"
 1164      726C795F 
 1164      696E6974 
 1164      00
 1165              	.LASF45:
 1166 0324 5F426F6F 		.ascii	"_Bool\000"
 1166      6C00
 1167              	.LASF32:
 1168 032a 41484232 		.ascii	"AHB2LPENR\000"
 1168      4C50454E 
 1168      5200
 1169              	.LASF67:
 1170 0334 50454461 		.ascii	"PEData\000"
 1170      746100
 1171              	.LASF20:
 1172 033b 52455345 		.ascii	"RESERVED0\000"
 1172      52564544 
 1172      3000
 1173              	.LASF23:
 1174 0345 52455345 		.ascii	"RESERVED1\000"
 1174      52564544 
 1174      3100
 1175              	.LASF27:
 1176 034f 52455345 		.ascii	"RESERVED2\000"
 1176      52564544 
 1176      3200
 1177              	.LASF30:
 1178 0359 52455345 		.ascii	"RESERVED3\000"
 1178      52564544 
 1178      3300
 1179              	.LASF34:
 1180 0363 52455345 		.ascii	"RESERVED4\000"
 1180      52564544 
 1180      3400
 1181              	.LASF37:
 1182 036d 52455345 		.ascii	"RESERVED5\000"
 1182      52564544 
 1182      3500
 1183              	.LASF39:
 1184 0377 52455345 		.ascii	"RESERVED6\000"
 1184      52564544 
 1184      3600
 1185              	.LASF42:
 1186 0381 52455345 		.ascii	"RESERVED7\000"
 1186      52564544 
 1186      3700
ARM GAS  C:\Users\ccliu\AppData\Local\Temp\ccFgIIH3.s 			page 25


 1187              	.LASF52:
 1188 038b 4C4F434B 		.ascii	"LOCKR\000"
 1188      5200
 1189              	.LASF68:
 1190 0391 50484461 		.ascii	"PHData\000"
 1190      746100
 1191              	.LASF24:
 1192 0398 41484231 		.ascii	"AHB1ENR\000"
 1192      454E5200 
 1193              	.LASF79:
 1194 03a0 6770696F 		.ascii	"gpio_init\000"
 1194      5F696E69 
 1194      7400
 1195              	.LASF59:
 1196 03aa 70757064 		.ascii	"pupdr\000"
 1196      7200
 1197              	.LASF61:
 1198 03b0 61667268 		.ascii	"afrh\000"
 1198      00
 1199              	.LASF62:
 1200 03b5 6770696F 		.ascii	"gpio_setup_t\000"
 1200      5F736574 
 1200      75705F74 
 1200      00
 1201              	.LASF60:
 1202 03c2 6166726C 		.ascii	"afrl\000"
 1202      00
 1203              	.LASF56:
 1204 03c7 6D6F6465 		.ascii	"moder\000"
 1204      7200
 1205              	.LASF17:
 1206 03cd 41484231 		.ascii	"AHB1RSTR\000"
 1206      52535452 
 1206      00
 1207              	.LASF19:
 1208 03d6 41484233 		.ascii	"AHB3RSTR\000"
 1208      52535452 
 1208      00
 1209              	.LASF64:
 1210 03df 50424461 		.ascii	"PBData\000"
 1210      746100
 1211              	.LASF0:
 1212 03e6 756E7369 		.ascii	"unsigned int\000"
 1212      676E6564 
 1212      20696E74 
 1212      00
 1213              	.LASF70:
 1214 03f3 626F6172 		.ascii	"boardInit\000"
 1214      64496E69 
 1214      7400
 1215              	.LASF36:
 1216 03fd 41504232 		.ascii	"APB2LPENR\000"
 1216      4C50454E 
 1216      5200
 1217              	.LASF77:
 1218 0407 6770696F 		.ascii	"gpio_default_config\000"
 1218      5F646566 
ARM GAS  C:\Users\ccliu\AppData\Local\Temp\ccFgIIH3.s 			page 26


 1218      61756C74 
 1218      5F636F6E 
 1218      66696700 
 1219              		.text
 1220              		.section	.gnu.lto_.inline.a9119e1,"e",%progbits
 1221 0000 789C3BC6 		.ascii	"x\234;\306\200\000,\014\014\202\015@\300\224\316\300"
 1221      80002C0C 
 1221      0C820D40 
 1221      C094CEC0 
 1222 0010 C0240763 		.ascii	"\300$\007c\26104\002YuL\014L@%\214\014\312@\316\003"
 1222      B1303402 
 1222      59754C0C 
 1222      4C40258C 
 1222      0CCA40CE 
 1223 0025 A64C9C2A 		.ascii	"\246L\234*\230y\200\004\023\0114\003+\330D\220\235L"
 1223      98798004 
 1223      13093403 
 1223      2BD84490 
 1223      9D4C
 1224 0037 601353D0 		.ascii	"`\023S\320\355\344b\200\223,\014\314058T3\000\000ij"
 1224      EDE46280 
 1224      932C0CCC 
 1224      30353854 
 1224      33000069 
 1225 004c 1FF0     		.ascii	"\037\360"
 1226              		.text
 1227              		.section	.gnu.lto_.jmpfuncs.a9119e1,"e",%progbits
 1228 0000 789C6362 		.ascii	"x\234cb@\006\000\000*\000\003"
 1228      40060000 
 1228      2A0003
 1229              		.text
 1230              		.section	.gnu.lto_.lto.a9119e1,"e",%progbits
 1231 0000 09000400 		.ascii	"\011\000\004\000\001\000\000\000"
 1231      01000000 
 1232              		.text
 1233              		.section	.gnu.lto_gpio_default_config.374.a9119e1,"e",%progbits
 1234 0000 789C1360 		.ascii	"x\234\023`b``d\200\2009\314\214\223\230\2270\003\371"
 1234      62606064 
 1234      808039CC 
 1234      8C939897 
 1234      3003F9
 1235 0013 70D6FFFF 		.ascii	"p\326\377\377\314p\366\205UWW\261\"\311\374\377\317"
 1235      CC70F685 
 1235      555757B1 
 1235      22C9FCFF 
 1235      CF
 1236 0024 0FE45936 		.ascii	"\017\344Y6u4\310,af\234\013\024\333\002$\031\301$\023"
 1236      7534C82C 
 1236      61669C0B 
 1236      14DB0224 
 1236      19C12413 
 1237 0038 E37620C9 		.ascii	"\343v \311\314\270\015H\2620n\005\222\254`q6 \0117\342"
 1237      CCB80D48 
 1237      B2306E05 
 1237      92AC6071 
 1237      36200937 
 1238 004d 2AD440FC 		.ascii	"*\324@\374F\354\304n\004Y\232\340\366r\0214a\017>\023"
ARM GAS  C:\Users\ccliu\AppData\Local\Temp\ccFgIIH3.s 			page 27


 1238      46ECC46E 
 1238      04599AE0 
 1238      F6721134 
 1238      610F3E13 
 1239 0061 1AD05DB0 		.ascii	"\032\320]\260\2174\0274\034\320B\260\337!\304\357#\005"
 1239      8F341734 
 1239      1CD042B0 
 1239      DF21C4EF 
 1239      2305
 1240 0073 77EBA2AB 		.ascii	"w\353\242\253\013\330\340\274\365\337!\301\015\341-"
 1240      0BD8E0BC 
 1240      F5DF21C1 
 1240      0DE12D
 1241 0082 E86CB8C2 		.ascii	"\350l\270\302\204\346\204\243HN8\002v\302a\260\023\016"
 1241      84E684A3 
 1241      484E3802 
 1241      76C261B0 
 1241      130E
 1242 0094 819D7010 		.ascii	"\201\235p\020\354\204\003`\035\022K\230\231\3462\263"
 1242      EC840360 
 1242      1D124B98 
 1242      99E632B3 
 1243 00a4 331E038A 		.ascii	"3\036\003\212q0\356\007\222\234\214{\201$\027\343n "
 1243      7130EE07 
 1243      929C8C7B 
 1243      812417E3 
 1243      6E20
 1244 00b6 C9CDB80B 		.ascii	"\311\315\270\013H\3620\356`d\000\000\251G\213\321"
 1244      48F230EE 
 1244      60640000 
 1244      A9478BD1 
 1245              		.text
 1246              		.section	.gnu.lto_gpio_init.375.a9119e1,"e",%progbits
 1247 0000 789C8D93 		.ascii	"x\234\215\223\317k\023Q\020\307g\336\274\335\315\306"
 1247      CF6B1351 
 1247      10C767DE 
 1247      BCDDCDC6 
 1248 0010 0AEA494F 		.ascii	"\012\352IO*\010\342\245\233\224R\241\327X\005\261\012"
 1248      2A08E2A5 
 1248      9B9452A1 
 1248      D75805B1 
 1248      0A
 1249 0021 FE388726 		.ascii	"\3768\207&\265\355\202\270\305\3509\317\252(=\030\255"
 1249      B5ED82B8 
 1249      C5E839CF 
 1249      AA283D18 
 1249      AD
 1250 0032 274105C3 		.ascii	"'A\005\303*\202\007Oj\253\025C\251\"\342\217\022\372"
 1250      2A82074F 
 1250      6AAB1543 
 1250      A922E28F 
 1250      12FA
 1251 0044 C3A37F41 		.ascii	"\303\243\177AQO\026\2048\3636\322\366\340\222\007;\314"
 1251      514F1684 
 1251      38F336D2 
 1251      F6E09207 
 1251      3BCC
ARM GAS  C:\Users\ccliu\AppData\Local\Temp\ccFgIIH3.s 			page 28


 1252 0056 BCFD7E3F 		.ascii	"\274\375~?3\357\261\373\224\000\316\002\300^~\200\000"
 1252      33EFB1FB 
 1252      9400CE02 
 1252      C05E7E80 
 1252      00
 1253 0067 A76E4F2A 		.ascii	"\247nO*h\265ZU\255\360\362>|\2156G\250*\254\342\035"
 1253      68B55A55 
 1253      ADF0F23E 
 1253      7C8D3647 
 1253      A82AACE2 
 1254 007c 3A608CF9 		.ascii	":`\214\371=\377\265I\327v\306\354|@\220\254{\204S\024"
 1254      3DFFB549 
 1254      D776C6EC 
 1254      7C4090AC 
 1254      7B845314 
 1255 0090 13A26E67 		.ascii	"\023\242ng\012\367pFG`\177\303\230\205\317\323\306\370"
 1255      0AF77046 
 1255      47607FC3 
 1255      9885CFD3 
 1255      C6F8
 1256 00a2 1013E14B 		.ascii	"\020\023\341Kd\017\276@|\216 \033\203w}\321\025\023"
 1256      640FBE40 
 1256      7C8E201B 
 1256      83777DD1 
 1256      1513
 1257 00b4 DD8D2BD7 		.ascii	"\335\215+\327\3156\035\223\306\231\315:=\370\310\007"
 1257      CD361D93 
 1257      C699CD3A 
 1257      3DF8C807 
 1258 00c4 70FF75E4 		.ascii	"p\377u\344=x\326t\032\346O\253f\314\273]7W\364\016d"
 1258      3D78D674 
 1258      1AE64FAB 
 1258      66CCBB5D 
 1258      3757F40E 
 1259 00d9 99A32490 		.ascii	"\231\243$\220\004-\301\221\340J\360$\370\210\2570\213"
 1259      042DC191 
 1259      E04AF024 
 1259      F888AF30 
 1259      8B
 1260 00ea 38CDFE1A 		.ascii	"8\315\376\032\3111\355\332\315\345-R\353%\302*N\314"
 1260      C931EDDA 
 1260      CDE52D52 
 1260      EB25C22A 
 1260      4ECC
 1261 00fc AE2DD6BD 		.ascii	"\256-\326\275:a\373@|\007\234=F\276\200LLn\235|\234"
 1261      3A61FB40 
 1261      7C079C3D 
 1261      46BE804C 
 1261      4C6E9D7C 
 1262 0111 45C85DB5 		.ascii	"E\310]\265\245\207o\360\276\235l\025\347~L.\251\266"
 1262      A5876FF0 
 1262      BE9D6C15 
 1262      E77E4C2E 
 1262      A9B6
 1263 0123 89D64D4F 		.ascii	"\211\326MO\272b\312\324)\213o\331\365\320\272|l\260"
 1263      BA62CAD4 
 1263      298B6FD9 
ARM GAS  C:\Users\ccliu\AppData\Local\Temp\ccFgIIH3.s 			page 29


 1263      F5D0BA7C 
 1263      6CB0
 1264 0135 8B9B7317 		.ascii	"\213\233s\027\333qfI:\252\264>s\354P\233\372\374\237"
 1264      DB716649 
 1264      3AAAB43E 
 1264      73EC509B 
 1264      FAFC9F
 1265 0148 3ECF5A12 		.ascii	">\317Z\022\272J\316c\351\224F\177\317\016\335!\375\003"
 1265      BA4ACE63 
 1265      E994467F 
 1265      CF0EDD21 
 1265      FD03
 1266 015a 6B1DA153 		.ascii	"k\035\241S2\373\262\320u\032\375#;\334\016\351\237X"
 1266      32FBB2D0 
 1266      751AFD23 
 1266      3BDC0EE9 
 1266      9F58
 1267 016c EB095D27 		.ascii	"\353\011]'\263[\272\223F\377\302\216L\207\364\005\326"
 1267      B35BBA93 
 1267      46FFC28E 
 1267      4C87F405 
 1267      D6
 1268 017d FA427792 		.ascii	"\372Bw\222\331W\204\356\246\321\233\354\310vH_d\355"
 1268      D95784EE 
 1268      A6D19BEC 
 1268      C876485F 
 1268      64ED
 1269 018f 16A1BBC9 		.ascii	"\026\241\273\311\354\226\356\245\321\227\331\321\325"
 1269      EC96EEA5 
 1269      D197D9D1 
 1269      D5
 1270 019c 21FD1B6B 		.ascii	"!\375\033k\267\012\335\203_8\361\375\347Q\373\003\326"
 1270      B70ADD83 
 1270      5F38F1FD 
 1270      E751FB03 
 1270      D6
 1271 01ad 08377ECE 		.ascii	"\0107~\316\000\207\012\375Aa,,\205\225\213\227\206\303"
 1271      00870AFD 
 1271      41612C2C 
 1271      85958B97 
 1271      86C3
 1272 01bf 28284B1E 		.ascii	"((K\036Uz\362\371|\020U\202\261\241sA)\032\2720\\\011"
 1272      557AF2F9 
 1272      7C105582 
 1272      B1A17341 
 1272      291ABA30 
 1273 01d5 4E9D2E1E 		.ascii	"N\235.\036?S86p\242\257\267x\2707\227?9\220\274\351"
 1273      3F533836 
 1273      70A2AFB7 
 1273      78B83797 
 1273      3F3990BC 
 1274 01ea 2E83333A 		.ascii	".\2033:\036F\343\333\333e\367\301\276RO\251\234\033"
 1274      1E46E3DB 
 1274      DB65F7C1 
 1274      BE524FA9 
 1274      9C1B
 1275 01fc 01B71C9D 		.ascii	"\001\267\034\235\037\011G\377\002\274\377D\267"
ARM GAS  C:\Users\ccliu\AppData\Local\Temp\ccFgIIH3.s 			page 30


 1275      1F0947FF 
 1275      02BCFF44 
 1275      B7
 1276              		.text
 1277              		.section	.gnu.lto_stm32_gpio_init.376.a9119e1,"e",%progbits
 1278 0000 789C7594 		.ascii	"x\234u\224MH\024a\030\307\337g\336wf?\374Z\017J\236"
 1278      4D481461 
 1278      18C7DF67 
 1278      DE77663F 
 1278      FC5A0F4A 
 1279 0015 B4438728 		.ascii	"\264C\207(\334]\221\210\256f]\312\300\352,~\034\024"
 1279      DC5D9188 
 1279      AE665DCA 
 1279      C0EA2C7E 
 1279      1C14
 1280 0027 8485B6BA 		.ascii	"\204\205\266\272\372jk\212\027\277\302:\230\3302\204"
 1280      FA6A6B8A 
 1280      17BFC23A 
 1280      98D83284 
 1281 0037 B722A896 		.ascii	"\267\"\250\2260\263\202\220\212\010\017i\007S2\241\017"
 1281      30B38290 
 1281      8A080F69 
 1281      075332A1 
 1281      0F
 1282 0048 A849E8E3 		.ascii	"\250I\350\343 l\317\363\316\0163\323\316.\354\360\177"
 1282      206CCFF3 
 1282      CE0E33D3 
 1282      CE2EECF0 
 1282      7F
 1283 0059 779EE7FF 		.ascii	"w\236\347\377\373\277\317\274;\011\203\261v\306\330"
 1283      FBBFCFBC 
 1283      3B0983B1 
 1283      76C6D8
 1284 0068 51FC329D 		.ascii	"Q\3742\235\301\324\344\230\306\362\371\374\200\320`"
 1284      C1D4E498 
 1284      C6F2F9FC 
 1284      80D060
 1285 0077 1A35DC07 		.ascii	"\0325\334\007\265\342pm2\252\224\200A\241\004\260\001"
 1285      B5E2706D 
 1285      32AA9480 
 1285      41A104B0 
 1285      01
 1286 0088 8D0B1880 		.ascii	"\215\013\030\200i~PJ\3717\263\261\312\207\367\231\234"
 1286      697E504A 
 1286      F937B3B1 
 1286      CA87F799 
 1286      9C
 1287 0099 B139CE9C 		.ascii	"\2619\316\234\217\341\254\2001m\226\303\02479\200(("
 1287      8FE1AC80 
 1287      316D96C3 
 1287      14373980 
 1287      2828
 1288 00ab 0D1A50F1 		.ascii	"\015\032P\361\223\354\300\362\240\264\226v\254yX\221"
 1288      93ECC0F2 
 1288      A0B49676 
 1288      AC795891 
 1289 00bb C2E41C72 		.ascii	"\302\344\034r\200m\360\020\340\001(\037*;\255\312\356"
ARM GAS  C:\Users\ccliu\AppData\Local\Temp\ccFgIIH3.s 			page 31


 1289      806DF010 
 1289      E001281F 
 1289      2A3BADCA 
 1289      EE
 1290 00cc 3E191E19 		.ascii	">\031\036\031\213e\032\250\352\321\177UwV\365e\271\227"
 1290      8B651AA8 
 1290      EAD17F55 
 1290      7756F565 
 1290      B997
 1291 00de 1F9772ED 		.ascii	"\037\227r\355\320\253\275\217\221\006`&\027\032^8'%"
 1291      D0ABBD8F 
 1291      91066026 
 1291      171A5E38 
 1291      2725
 1292 00f0 48E9A40C 		.ascii	"H\351\244\014R!RaR\021RQ\272\224\321\262\234T\005\251"
 1292      52215261 
 1292      52115251 
 1292      BA94D1B2 
 1292      9C5405A9 
 1293 0104 4A5255A4 		.ascii	"JRU\244b\244\252I\325\320\245\226\226u\244\030\033\347"
 1293      62A4AA49 
 1293      D5D0A596 
 1293      9675A418 
 1293      1BE7
 1294 0116 3432F5A9 		.ascii	"42\365\251\307 \023\\s\227\300\276\303\320nn\263)ko"
 1294      C720135C 
 1294      7397C0BE 
 1294      C3D06E6E 
 1294      B3296B6F 
 1295 012a 5980B446 		.ascii	"Y\200\264F\245\300_\237-F\262\334\231\011N\023\325m"
 1295      A5C05F9F 
 1295      2D46B2DC 
 1295      99094E13 
 1295      D56D
 1296 013c C041864D 		.ascii	"\300A\206M\256c1<\006\226\330or\003\226\340\246\032"
 1296      AE63313C 
 1296      0696D86F 
 1296      720396E0 
 1296      A61A
 1297 014e 211985B3 		.ascii	"!\031\205\263\270\355E2\27525\002Y.\320\202\3729\324"
 1297      B8ED4532 
 1297      BD323502 
 1297      592ED082 
 1297      FA39D4
 1298 0161 93A53506 		.ascii	"\223\2455\006~\033\356\332<\265m\260\307q\322m'\025"
 1298      7E1BEEDA 
 1298      3CB56DB0 
 1298      C771D26D 
 1298      2715
 1299 0173 C4F0F7E9 		.ascii	"\304\360\367\351n\337s?>T\300\317\020\036\327\206\215"
 1299      6EDF733F 
 1299      3E54C0CF 
 1299      101ED786 
 1299      8D
 1300 0184 DFC2DD56 		.ascii	"\337\302\335V\005F\010\271V/\234\010a\307-\342\211P"
 1300      054608B9 
 1300      562F9C08 
ARM GAS  C:\Users\ccliu\AppData\Local\Temp\ccFgIIH3.s 			page 32


 1300      61C72DE2 
 1300      8950
 1301 0196 E3EF8BA8 		.ascii	"\343\357\213\250\276[ji\300\212'\305\372\246\226\345"
 1301      BE5B6A69 
 1301      C08A27C5 
 1301      FAA696E5 
 1302 01a6 514F6799 		.ascii	"QOg\231\2773\352\022_b\033\270\341\313\275\263\253\300"
 1302      BF33EA12 
 1302      5F621BB8 
 1302      E1CBBDB3 
 1302      ABC0
 1303 01b8 465886C0 		.ascii	"FX\206\300\320\345\256\305k\333\002\353\031=[\356y\266"
 1303      D0E5AEC5 
 1303      6BDB02EB 
 1303      193D5BEE 
 1303      79B6
 1304 01ca 50B0ADF4 		.ascii	"P\260\255\364d\251\362\033U\272Fo\320Hs\263\304\274"
 1304      64A9F21B 
 1304      55BA466F 
 1304      D04873B3 
 1304      C4BC
 1305 01dc 59AAB1B1 		.ascii	"Y\252\261\261T\226\230k\361\326\266\300z\225Ex\262\210"
 1305      5496986B 
 1305      F1D6B6C0 
 1305      7A954578 
 1305      B288
 1306 01ee 826DAD27 		.ascii	"\202m\255'K\235\337\250\3267\321\325B\034\013\206\267"
 1306      4B9DDFA8 
 1306      D637D1D5 
 1306      421C0B86 
 1306      B7
 1307 01ff 66CA5806 		.ascii	"f\312X\0064\223\207\346h\253\364D\303\330\206\347\264"
 1307      349387E6 
 1307      68ABF444 
 1307      C3D886E7 
 1307      B4
 1308 0210 703C23EA 		.ascii	"p<#\352xf\300@\271\300\231}V\361\217\032\2055\200w\352"
 1308      7866C040 
 1308      B9C0997D 
 1308      56F18F1A 
 1308      85358077 
 1309 0225 662223E5 		.ascii	"f\"#\345\302a\023G\272\216\306X\223\201\253R~\006\023"
 1309      C2611347 
 1309      BA8EC658 
 1309      9381AB52 
 1309      7E0613
 1310 0238 67F91EF0 		.ascii	"g\371\036\360=b\342\000\2115\033\304\032\265YA\204\215"
 1310      3D62E200 
 1310      89351BC4 
 1310      1AB55941 
 1310      848D
 1311 024a 62C20724 		.ascii	"b\302\007$\010\037a\323K\270\027D\230(M\330.&|B\202"
 1311      081F61D3 
 1311      4BB81744 
 1311      98284DD8 
 1311      2E267C42 
 1312 025f EE23EC78 		.ascii	"\356#\354x\011\271 \302\215\322\204/\305\204\257H0|"
ARM GAS  C:\Users\ccliu\AppData\Local\Temp\ccFgIIH3.s 			page 33


 1312      09B920C2 
 1312      8DD2842F 
 1312      C584AF48 
 1312      307C
 1313 0271 846F5EC2 		.ascii	"\204o^\302R\020a\2764\341G1\301BB\310G\370\351%XA\204"
 1313      521061BE 
 1313      34E14731 
 1313      C14242C8 
 1313      47F8E925 
 1314 0288 5C69C2AF 		.ascii	"\\i\302\257b\302o$\204}\204?\016a\027\206\266\256\267"
 1314      62C26F24 
 1314      847D843F 
 1314      0E611786 
 1314      B6AEB7
 1315 029b A9B7F238 		.ascii	"\251\267\3628\007\357\353\221\261\343-\307\342-\275"
 1315      07EFEB91 
 1315      B1E32DC7 
 1315      E22DBD
 1316 02aa 7D5D7DE9 		.ascii	"}]}\351\213\227z\372R\361n\322\251tS2\231\214\247\322"
 1316      8B977AFA 
 1316      52F16ED2 
 1316      A9745332 
 1316      998CA7D2 
 1317 02be F1DECEFE 		.ascii	"\361\336\316\376xW\252\363BO:~\366\\G\333\371\226S\255"
 1317      7857AAF3 
 1317      424F3A7E 
 1317      F65C47DB 
 1317      F99653AD 
 1318 02d2 678E3477 		.ascii	"g\2164w\234hN$\333[\355;\215\335L\277\234\352oL\250"
 1318      9C684E24 
 1318      DB5BED3B 
 1318      8DDD4CBF 
 1318      9CEA6F4C 
 1319 02e7 6BF21FF5 		.ascii	"k\362\037\365\303\352\372"
 1319      C3EAFA
 1320              		.text
 1321              		.section	.gnu.lto___early_init.377.a9119e1,"e",%progbits
 1322 0000 789C5BC4 		.ascii	"x\234[\304\300\300\340\006\304\212@\314\300\314\300"
 1322      C0C0E006 
 1322      C48A40CC 
 1322      C0CCC0
 1323 000f 38696217 		.ascii	"8ib\027\023\303\377\377\377\353Y\230\030\033U\030\267"
 1323      13C3FFFF 
 1323      FFEB5998 
 1323      181B5518 
 1323      B7
 1324 0020 3282D98C 		.ascii	"2\202\331\214\014\365L\214\365\214\223\2315\033\032"
 1324      0CF54C8C 
 1324      F58C9399 
 1324      351B1A
 1325 002f 1A7EB45C 		.ascii	"\032~\264\\}\334\020p\200q\0113\003\303<f\006\030`\203"
 1325      7DDC1070 
 1325      80710933 
 1325      03C33C66 
 1325      06186083 
 1326 0043 F1188178 		.ascii	"\361\030\201x\375%\326\003\015\177\376\36774\234}\314"
 1326      FD25D603 
ARM GAS  C:\Users\ccliu\AppData\Local\Temp\ccFgIIH3.s 			page 34


 1326      0D7FFEF7 
 1326      37349C7D 
 1326      CC
 1327 0054 B84E9D85 		.ascii	"\270N\235\205\201\241\237\031d,\030\310\003UL`fBp\031"
 1327      81A19F19 
 1327      642C18C8 
 1327      03554C60 
 1327      66427019 
 1328 0068 193E3036 		.ascii	"\031>06?\270y\216\221\241\205\221i\0113\343<f\240\212"
 1328      3FB8798E 
 1328      91A18591 
 1328      690933E3 
 1328      3C66A08A 
 1329 007c 25CC4C60 		.ascii	"%\314L`\341[|pQ&\210\350'\306\246\007w\375\300\226\366"
 1329      E15B7C70 
 1329      512688E8 
 1329      27C6A607 
 1329      77FDC096 
 1330 0091 3333229B 		.ascii	"33\"\233\312\300\340\342l\245\357\234\221\231\224Y\\"
 1330      CAC0E0E2 
 1330      6CA5EF9C 
 1330      91999459 
 1330      5C
 1331 00a2 529A9299 		.ascii	"R\232\222\231\257\237\014b\347\027\033\031\032\032\352"
 1331      AF9F0C62 
 1331      E7171B19 
 1331      1A1AEA
 1332 00b1 E717EB67 		.ascii	"\347\027\353g$\346\350'\345'\026\245\024\353\007\207"
 1332      24E6E827 
 1332      E52716A5 
 1332      14EB0787 
 1333 00c1 C4FB853A 		.ascii	"\304\373\205:\373\270\372\233\231\304\273\231\030\030"
 1333      FBB8FA9B 
 1333      99C4BB99 
 1333      1818
 1334 00cf 06B94264 		.ascii	"\006\271Bd\364\222\031\000\330.]\366"
 1334      F4921900 
 1334      D82E5DF6 
 1335              		.text
 1336              		.section	.gnu.lto_boardInit.378.a9119e1,"e",%progbits
 1337 0000 789C2B66 		.ascii	"x\234+f``p\003bE f`f`\2344\261\213\211\341\377\377\377"
 1337      60607003 
 1337      62452066 
 1337      6066609C 
 1337      34B18B89 
 1338 0018 F52C4C8C 		.ascii	"\365,L\214\215*\214[\031\301lF\206z&\306z\306\311\314"
 1338      8D2A8C5B 
 1338      19C16C46 
 1338      867A26C6 
 1338      7AC6C9CC 
 1339 002c 9A0D0D0D 		.ascii	"\232\015\015\015?Z\316<i\0108\300\270\204\231\201a\036"
 1339      3F5ACE3C 
 1339      690838C0 
 1339      B8849981 
 1339      611E
 1340 003e 33030CB0 		.ascii	"3\003\014\260\301x\214@\274\376\022\353\201\206?\377"
 1340      C1788C40 
ARM GAS  C:\Users\ccliu\AppData\Local\Temp\ccFgIIH3.s 			page 35


 1340      BCFE12EB 
 1340      81863FFF 
 1341 004e FB1B1ABE 		.ascii	"\373\033\032\276>b\234\245\311\304\300\320\317\0142"
 1341      3E629CA5 
 1341      C9C4C0D0 
 1341      CF0C32
 1342 005d 160CE481 		.ascii	"\026\014\344\201*&03!\270\214\014\237\030\233\024\300"
 1342      2A263033 
 1342      21B88C0C 
 1342      9F189B14 
 1342      C0
 1343 006e A6F43333 		.ascii	"\246\36433\"+c`pq\266\322w\316\310L\312,.)M\311\314"
 1343      222B6360 
 1343      7071B6D2 
 1343      77CEC84C 
 1343      CA2C2E29 
 1344 0085 D74F06B1 		.ascii	"\327O\006\261\363\213\215\014\015\015\365\363\213\365"
 1344      F38B8D0C 
 1344      0D0DF5F3 
 1344      8BF5
 1345 0093 331273F4 		.ascii	"3\022s\364\223\362\023\213R\212\365\203C\342\375B\235"
 1345      93F2138B 
 1345      528AF583 
 1345      43E2FD42 
 1345      9D
 1346 00a4 7D5CFDCD 		.ascii	"}\\\375\315L\342\335L\014\014\203\\!2z\311\014\000b"
 1346      4CE2DD4C 
 1346      0C0C835C 
 1346      21327AC9 
 1346      0C0062
 1347 00b7 584FBA   		.ascii	"XO\272"
 1348              		.text
 1349              		.section	.gnu.lto_.symbol_nodes.a9119e1,"e",%progbits
 1350 0000 789C5366 		.ascii	"x\234Sfd```\372\316T\317\360\037\012\344\031'\234c`"
 1350      64606060 
 1350      FACE54CF 
 1350      F01F0AE4 
 1350      19279C63 
 1351 0015 A86760D8 		.ascii	"\250g`\330\323\330\330h\300\000\222\007\252\370\301"
 1351      D3D8D868 
 1351      C0009207 
 1351      AAF8C1
 1352 0024 54CF8857 		.ascii	"T\317\210W\005\3537&\2066'\006\006f\246\237L\365L\030"
 1352      05EB3726 
 1352      86362706 
 1352      0666A69F 
 1352      4CF54C18 
 1353 0038 4AF73536 		.ascii	"J\367562\302\314\372\305T\317\214O\001\343o\246z\026"
 1353      32C2CCFA 
 1353      C554CF8C 
 1353      4F01E36F 
 1353      A67A16
 1354 004b 54050C0C 		.ascii	"T\005\014\014\015\015\015 YfF$\207.\346C\341\036F\345"
 1354      0D0D0D20 
 1354      59664624 
 1354      872EE643 
 1354      E11E46E5 
ARM GAS  C:\Users\ccliu\AppData\Local\Temp\ccFgIIH3.s 			page 36


 1355 005f 3E46E536 		.ascii	">F\3456\363\243\352E\345\036\346gfF\362\240233+\202"
 1355      F3A3EA45 
 1355      E51EE667 
 1355      6646F2A0 
 1355      3233332B 
 1356 0074 E7CC0000 		.ascii	"\347\314\000\000Ud\212j"
 1356      55648A6A 
 1357              		.text
 1358              		.section	.gnu.lto_.refs.a9119e1,"e",%progbits
 1359 0000 789C9366 		.ascii	"x\234\223f```cdb\222d`b\222\002bi \226\001bY \226c`"
 1359      60606063 
 1359      64629264 
 1359      60629202 
 1359      62692096 
 1360 001b 00000D97 		.ascii	"\000\000\015\227\000\340"
 1360      00E0
 1361              		.text
 1362              		.section	.gnu.lto_.decls.a9119e1,"e",%progbits
 1363 0000 789CBD98 		.ascii	"x\234\275\230{PT\327\035\307\357\357\234}\007\205\012"
 1363      7B5054D7 
 1363      1DC7EFEF 
 1363      9C7D0785 
 1363      0A
 1364 0011 693AD34E 		.ascii	"i:\323N\3128Z\231\266qe\265\332\351_\352\002\342H\204"
 1364      CA385A99 
 1364      B67165B5 
 1364      DAE95FEA 
 1364      02E24884 
 1365 0025 594C3BED 		.ascii	"YL;\355?\014\262\030\230\202K\026\314\230\351?7\">\203"
 1365      3F0CB218 
 1365      98824B16 
 1365      CC98E93F 
 1365      37223E83 
 1366 0039 4163AB51 		.ascii	"Ac\253Q\0231\346A\023\223 \211\011b\214\250\250\210"
 1366      1331E641 
 1366      13932089 
 1366      09628CA8 
 1366      A888
 1367 004b A2F846F0 		.ascii	"\242\370F\360\375\004\005$\212\210<\373;\347\334\275"
 1367      FD040524 
 1367      8A883CFB 
 1367      3BE7DCBD 
 1368 005b 672FAB31 		.ascii	"g/\2531\235\351\364\316\374\366\236{\317\347|\177\277"
 1368      9DE9F4CE 
 1368      FCF69E7B 
 1368      CFE77C7F 
 1368      BF
 1369 006c F33BAF0B 		.ascii	"\363;\257\013\031Q\212r\206*\212\215(\312\020^\026E"
 1369      19518A72 
 1369      862A8A8D 
 1369      28CA105E 
 1369      1645
 1370 007e 514E28F2 		.ascii	"QN(\3622\243\325\242\035A\253G;\256\325\0033P\014\027"
 1370      32A3D5A2 
 1370      1D41AB47 
 1370      3BAED503 
 1370      33500C17 
ARM GAS  C:\Users\ccliu\AppData\Local\Temp\ccFgIIH3.s 			page 37


 1371 0092 450D9452 		.ascii	"E\015\224R\306\241u*\002\032\201\267v\264{h\255h-hw"
 1371      C6A1752A 
 1371      021A81B7 
 1371      76B47B68 
 1371      AD682D68 
 1372 00a7 D1DAD0EE 		.ascii	"\321\332\320\356\240\365\242\015\242\365\243\365\241"
 1372      A0F5A20D 
 1372      A2F5A3F5 
 1372      A1
 1373 00b4 0DA03D56 		.ascii	"\015\240=V\236|\255F=\007\336\263\320F\241a\350\312"
 1373      9E7CAD46 
 1373      3D07DEB3 
 1373      D046A161 
 1373      E8CA
 1374 00c6 EFF0DD4B 		.ascii	"\357\360\335K |\376\036\357\343\321~\213fB\033\251\371"
 1374      207CFE1E 
 1374      EFE3D17E 
 1374      8B66421B 
 1374      A9F9
 1375 00d8 1D0DC2F7 		.ascii	"\035\015\302\367X\020\376\307\200\210!\032D\034\277"
 1375      5810FEC7 
 1375      8088211A 
 1375      441CBF
 1376 00e7 06114B0C 		.ascii	"\006\021K\014\210X\307\201\350_\355\023bX\247\351\006"
 1376      8858C781 
 1376      E85FED13 
 1376      6258A7E9 
 1376      06
 1377 00f8 C7C07CBF 		.ascii	"\307\300|\277\211\357U\315\357\"\020q\025\202\310\301"
 1377      89EF55CD 
 1377      EF221071 
 1377      1582C8C1 
 1378 0108 622DC643 		.ascii	"b-\306C\370hG\363c\371\037hY\360\364\376\023-\347\265"
 1378      F86847F3 
 1378      63F91F68 
 1378      59F0F4FE 
 1378      132DE7B5 
 1379 011c 4FC9F546 		.ascii	"O\311\365F\020\271fq\024a\271.0\006\3328\035Q\214\343"
 1379      10B96671 
 1379      1461B92E 
 1379      3006DA38 
 1379      1D518CE3 
 1380 0130 18B8366B 		.ascii	"\030\2706k}\313\322\236Y\371\370\023\270\215\224\334"
 1380      7DCBD29E 
 1380      59F9F813 
 1380      B88D94DC 
 1381 0140 3C7DE990 		.ascii	"<}\351\220\343\246\360k\362\002@\343d\374q(\177\243"
 1381      E3A6F06B 
 1381      F20240E3 
 1381      64FC7128 
 1381      7FA3
 1382 0152 4A944A54 		.ascii	"J\224JTb\361R\342\240\016\352u\324\302\2131]t\252\215"
 1382      62F152E2 
 1382      A00EEA75 
 1382      D4C28B31 
 1382      5D74AA8D 
 1383 0166 C4843B6C 		.ascii	"\304\204;le\373!\302a\266\021\322b\365:bza\033)\265"
ARM GAS  C:\Users\ccliu\AppData\Local\Temp\ccFgIIH3.s 			page 38


 1383      65FB21C2 
 1383      61B611D2 
 1383      62F53A62 
 1383      7A611B29 
 1384 017b 444F554D 		.ascii	"DOUM\336\267\236o\261\252\244dv\324\304\251\370\333"
 1384      DEB79E6F 
 1384      B1AAA464 
 1384      76D4C4A9 
 1384      F8DB
 1385 018d 62AD052F 		.ascii	"b\255\005/\266J1\331\"\260\324but\321\322b\213\267\236"
 1385      B64A31D9 
 1385      22B0D462 
 1385      7574D1D2 
 1385      628BB79E 
 1386 01a1 2C1B07B5 		.ascii	",\033\007\265\340\360\272\242TU\235j\263\275\030\276"
 1386      E0F0BAA2 
 1386      54559D6A 
 1386      B3BD18BE 
 1387 01b1 8FEEA309 		.ascii	"\217\356\243\0118Em\345_<\357h\261\206\243D\2147:\302"
 1387      38456DE5 
 1387      5F3CEF68 
 1387      B186A344 
 1387      8C373AC2 
 1388 01c5 1B1D5E0B 		.ascii	"\033\035^\013f\257\327\021\025\243`\020^\227k*q\240"
 1388      66AFD711 
 1388      15A36010 
 1388      5E976B2A 
 1388      71A0
 1389 01d7 B2C9560B 		.ascii	"\262\311V\013.\012a.\365\352\335\027\034f\207\375\305"
 1389      2E0A612E 
 1389      F5EADD17 
 1389      1C6687FD 
 1389      C5
 1390 01e8 E81845F1 		.ascii	"\350\030E\361*\011\004u\351P\340\002+\372\364\312G\200"
 1390      2A090475 
 1390      E950E002 
 1390      2BFAF4CA 
 1390      4780
 1391 01fa 18077111 		.ascii	"\030\007q\021:\253\305\212\351'\3218\236&[X\030\250"
 1391      3AABC58A 
 1391      E927D138 
 1391      9E265B58 
 1391      18A8
 1392 020c 78B3A7CD 		.ascii	"x\263\247\315\362\246\270\034J\213\225`U\224\011T\002"
 1392      F2A6B81C 
 1392      4A8B9560 
 1392      55940954 
 1392      02
 1393 021d B2A5C382 		.ascii	"\262\245\303\202i$z>A1\214\025{\220\254\"\353\011\004"
 1393      69247A3E 
 1393      41318C15 
 1393      7B90AC22 
 1393      EB0904
 1394 0230 AA05376C 		.ascii	"\252\0057l\2045-\376\036t\375@\003\331,H\034\2065\007"
 1394      84352DFE 
 1394      1E74FD40 
 1394      03D92C48 
ARM GAS  C:\Users\ccliu\AppData\Local\Temp\ccFgIIH3.s 			page 39


 1394      1C863507 
 1395 0244 76B1DFE0 		.ascii	"v\261\337\340\0062F\335?\321\303\002\211\014\013\234"
 1395      063246DD 
 1395      3FD1C302 
 1395      890C0B9C 
 1396 0254 AB4020A0 		.ascii	"\253@ \240\320\213\006\246\315\336w\232\227\232oa\332"
 1396      D08B06A6 
 1396      CDDE779A 
 1396      979A6F61 
 1396      DA
 1397 0265 D4F551F0 		.ascii	"\324\365Q\360|\311T\005\350/\025:Vq\252\374\372\340"
 1397      7CC95405 
 1397      E82F153A 
 1397      5671AAFC 
 1397      FAE0
 1398 0277 7505BE15 		.ascii	"u\005\276\025\012\376\347\326P\030\005&\374\215\202"
 1398      0AFEE7D6 
 1398      50180526 
 1398      FC8D82
 1399 0286 686CDA5C 		.ascii	"hl\332\\\264}\025D\012\256Z\353\347.\200JV\244\270\212"
 1399      B47D1544 
 1399      0AAE5AEB 
 1399      E72E804A 
 1399      56A4B88A 
 1400 029a 10693971 		.ascii	"\020i9q\243\323\314\221j\015\201\357@\207\0208\277\373"
 1400      A3D3CC91 
 1400      6A0D81EF 
 1400      40871038 
 1400      BFFB
 1401 02ac 6A0509AB 		.ascii	"j\005\011\253V\325N\265t\237\011v\003T\001\354da\177"
 1401      56D54EB5 
 1401      749F0976 
 1401      035401EC 
 1401      64617F
 1402 02bf 0F1CF8A0 		.ascii	"\017\034\370\240\367\233\201\021&\205\277\000\337S\274"
 1402      F79B8111 
 1402      2685BF00 
 1402      DF53BC
 1403 02ce 5607BCAE 		.ascii	"V\007\274\256\346^\3174\326\256\0127 \260\027t\010\201"
 1403      E65ECF34 
 1403      D6AE0A37 
 1403      20B01774 
 1403      0881
 1404 02e0 93BBDF3F 		.ascii	"\223\273\337?e\222^\367I\257\373\205\327Nu\355e\312"
 1404      65925EF7 
 1404      49AFFB85 
 1404      D74E75ED 
 1404      65CA
 1405 02f2 BDEE07D8 		.ascii	"\275\356\007\330\003\274\343\204w<\002k\313v\226n5\277"
 1405      03BCE384 
 1405      773C026B 
 1405      CB76966E 
 1405      35BF
 1406 0304 80E26DAA 		.ascii	"\200\342m\252\032\005Yp\020\340\000k|\010\023^\203\205"
 1406      1A055970 
 1406      10E0006B 
 1406      7C08135E 
ARM GAS  C:\Users\ccliu\AppData\Local\Temp\ccFgIIH3.s 			page 40


 1406      8385
 1407 0316 D125256A 		.ascii	"\321%%jO\377\212\315\037Y7\251\325\213\2203a\025|\243"
 1407      4FFF8ACD 
 1407      1F5937A9 
 1407      D58B9033 
 1407      61157CA3 
 1408 032a F957B0A4 		.ascii	"\371W\260\244\300\016\200\257\301_l\247\327y\310Kw\255"
 1408      C00E80AF 
 1408      C15F6CA7 
 1408      D779C84B 
 1408      77AD
 1409 033c 3AE27882 		.ascii	":\342x\202d\035\242>\241X^U\264T\215\020ru\000\207u"
 1409      641DA23E 
 1409      A1585E55 
 1409      B4548D10 
 1409      72750087 
 1410 0351 B9C3BA5C 		.ascii	"\271\303\272\\\221\235>\340r_/\257)\013\033\275\276"
 1410      919D3EE0 
 1410      725F2FAF 
 1410      290B1BBD 
 1410      BE
 1411 0362 44EDFCF4 		.ascii	"D\355\374\364\320kele\262&G\365&G\365&\0036\252\022"
 1411      D06B656C 
 1411      65B22647 
 1411      F52647F5 
 1411      260336AA 
 1412 0377 D6E44ECD 		.ascii	"\326\344N\315\266Q\254E\371\372\345\301n\216\351m\216"
 1412      B651AC45 
 1412      F9FAE5C1 
 1412      6E8EE96D 
 1412      8E
 1413 0388 E96DBA6C 		.ascii	"\351m\272lt\005o\263\177\307\266F\373\350\365\252\332"
 1413      74056FB3 
 1413      7FC7B646 
 1413      FBE8F5AA 
 1413      DA
 1414 0399 D3BDA675 		.ascii	"\323\275\246u(zoai\014k\323\240\267i\3407z\203(<\205"
 1414      287A6F61 
 1414      690C6BD3 
 1414      A0B769E0 
 1414      377A8328 
 1415 03af 65C07358 		.ascii	"e\300sX\355\340O\313D^\177\305\337]\021\017\235\012"
 1415      EDE04FCB 
 1415      445E7FC5 
 1415      DF5D110F 
 1415      9D0A
 1416 03c1 EDD1E05F 		.ascii	"\355\321\340_\360\337\010:\304\237\307\361\025\034\316"
 1416      F0DF083A 
 1416      C49FC7F1 
 1416      151CCE
 1417 03d0 4B38BB28 		.ascii	"K8\273(s\337v\240\365\350\010\007\037\306\352\305vE"
 1417      73DF76A0 
 1417      F5E80807 
 1417      1FC6EAC5 
 1417      7645
 1418 03e2 1B44B80C 		.ascii	"\033D\270\014\310T\002\\\002\270\010\264\230\0129\033"
 1418      C854025C 
ARM GAS  C:\Users\ccliu\AppData\Local\Temp\ccFgIIH3.s 			page 41


 1418      02B808B4 
 1418      980A391B 
 1419 03f2 5D4D15BA 		.ascii	"]M\025\272\016m3\332\307h\333\230H\304\222\226\207o"
 1419      0E6D33DA 
 1419      C768DB98 
 1419      48C49296 
 1419      876F
 1420 0404 5BC6F02B 		.ascii	"[\306\360+r\014j\341\300]\360\343\270-\016\303\230\340"
 1420      720C6AE1 
 1420      C05DF0E3 
 1420      B82D0EC3 
 1420      98E0
 1421 0416 3A40879C 		.ascii	":@\207\234\035\327\330O\025(\210\2257W\252\252\2353"
 1421      1DD7D84F 
 1421      15288895 
 1421      3757AAAA 
 1421      9D33
 1422 0428 37429958 		.ascii	"7B\231X\216\\\326\221\333\006\244I\"\027u\344\252\001"
 1422      8E5CD691 
 1422      DB06A449 
 1422      221775E4 
 1422      AA01
 1423 043a 6996C825 		.ascii	"i\226\310%\035\271\020\212h\301\234\327\231[\006\306"
 1423      1DB9108A 
 1423      68C19CD7 
 1423      995B06C6 
 1424 044a C955702C 		.ascii	"\311Up,\027\343J0)p\016\340,{\337\301F\010\332\001\356"
 1424      17E34A30 
 1424      29700EE0 
 1424      2C7BDFC1 
 1424      4608DA01 
 1425 045f 01B402B4 		.ascii	"\001\264\002\264\000\334\005h\003\270\303\306\213\011"
 1425      00DC0568 
 1425      03B8C3C6 
 1425      8B09
 1426 046d 36E98237 		.ascii	"6\351\2027C\004\253\370\024[\367\311\336RG\344pi\266"
 1426      4304ABF8 
 1426      145BF7C9 
 1426      DE5247E4 
 1426      7069B6
 1427 0480 BC7F549C 		.ascii	"\274\177T\234\217E\203B\267k\303\362GZ\211C\261\007"
 1427      8F458342 
 1427      B76BC3F2 
 1427      475A8943 
 1427      B107
 1428 0492 ED205A3D 		.ascii	"\355 Z=\033\222\221G\037\251\205\216H1&\322\301i\200"
 1428      1B929147 
 1428      1FA9858E 
 1428      483126D2 
 1428      C16980
 1429 04a5 532C841E 		.ascii	"S,\204\036.\337\0130\010\320\017\320\0070\000\360\230"
 1429      2EDF0B30 
 1429      08D00FD0 
 1429      073000F0 
 1429      98
 1430 04b6 69235BBE 		.ascii	"i#[\276i\253\252F\340\330u\002<\002\306\006\272|FK\027"
 1430      69ABAA46 
ARM GAS  C:\Users\ccliu\AppData\Local\Temp\ccFgIIH3.s 			page 42


 1430      E0D87502 
 1430      3C02C606 
 1430      BA7C464B 
 1431 04cb 83EE2DE2 		.ascii	"\203\356-\342\275C\246\333\300\350\351*_&e\356\033\220"
 1431      BD43A6DB 
 1431      C0E8E92A 
 1431      5F2665EE 
 1431      1B90
 1432 04dd 1F826406 		.ascii	"\037\202d\006t\231.\003\363\000t\235\225R\347\274\201"
 1432      74992E03 
 1432      F300749D 
 1432      9552E7BC 
 1432      81
 1433 04ee 69944CAF 		.ascii	"i\224L\257.\363\320\2004i\256\350i>\333\337\2558\360"
 1433      2EF3D080 
 1433      3469AEE8 
 1433      693EDBDF 
 1433      AD38F0
 1434 0501 A98927BC 		.ascii	"\251\211'\274:(\0370\004?\222\221\261kq\013\370\256"
 1434      3A281F30 
 1434      043F9291 
 1434      B16B710B 
 1434      F8AE
 1435 0513 30B904D8 		.ascii	"0\271\004\330\031x\222s\201<\342\323|\177\213\215\217"
 1435      19789273 
 1435      813CE2D3 
 1435      7C7F8B8D 
 1435      8F
 1436 0524 4234BDC6 		.ascii	"B4\275\306},\251\276\335`s\\\371\361\025u\033\007\252"
 1436      7D2CA9BE 
 1436      DD60735C 
 1436      F9F11575 
 1436      1B07AA
 1437 0537 1DED3E5A 		.ascii	"\035\355>Z\027Z7\037\312\337\340\002\245\374\256\320"
 1437      175A371F 
 1437      CADFE002 
 1437      A5FCAED0 
 1438 0547 7E2EF668 		.ascii	"~.\366hI\331\373\317\261\345\331\206\273\240Y\321\366"
 1438      49D9FBCF 
 1438      B1E5D986 
 1438      BBA059D1 
 1438      F6
 1439 0558 34788B20 		.ascii	"4x\213 \203b+\011\254 \264\310\204\250\345\364\211\015"
 1439      83622B09 
 1439      AC20B4C8 
 1439      84A8E5F4 
 1439      890D
 1440 056a 4D24521F 		.ascii	"M$R\037m\242\350\023\356m\302\330\022\002\253\211\230"
 1440      6DA2E813 
 1440      EE6DC2D8 
 1440      1202AB89 
 1440      98
 1441 057b 9A8D15D7 		.ascii	"\232\215\025\327Jn[\3242\334\316\213\011\254\"\214\010"
 1441      4A6E5BD4 
 1441      32DCCE8B 
 1441      09AC228C 
 1441      08
ARM GAS  C:\Users\ccliu\AppData\Local\Temp\ccFgIIH3.s 			page 43


 1442 058c EC964E7D 		.ascii	"\354\226N}\321\354\276\276\0047\2610\206,\017A\016\262"
 1442      D1ECBEBE 
 1442      0437B130 
 1442      862C0F41 
 1442      0EB2
 1443 059e 096C3950 		.ascii	"\011l9P\332\340\0333\206}\266t~\177\335\314\364\020"
 1443      DAE01B33 
 1443      867DB674 
 1443      7E7FDDCC 
 1443      F410
 1444 05b0 5B46602D 		.ascii	"[F`-\031\266|\330\006S\265u\325\310\2227)[\020K\237"
 1444      19B67CD8 
 1444      0653B575 
 1444      D5C89237 
 1444      295B104B 
 1445 05c5 80301131 		.ascii	"\2000\0211K\003\357\327\362\270\337!\260\206\2103\247"
 1445      4B03EFD7 
 1445      F2B8DF21 
 1445      B0868833 
 1445      A7
 1446 05d6 A372FFDB 		.ascii	"\243r\377\333#\243J\237\001\322\006\023\2167Z#\332%"
 1446      23A34A9F 
 1446      01D20613 
 1446      8E375A23 
 1446      DA25
 1447 05e8 B45B68ED 		.ascii	"\264[h\355&\261Vb\304\356I\350\003\226\264\237\337\273"
 1447      26B15662 
 1447      C4EE49E8 
 1447      0396B49F 
 1447      DFBB
 1448 05fa BCFA5CB8 		.ascii	"\274\372\\\270\330\267\370u\025\373}\270p)\237o\213"
 1448      D8B7F875 
 1448      15FB7DB8 
 1448      70299F6F 
 1448      8B
 1449 060b 091412D8 		.ascii	"\011\024\022\330*\343\\Dx\240\214\251\224\314\277\014"
 1449      2AE35C44 
 1449      78A08CA9 
 1449      94CCBF0C 
 1450 061b 4C6047D9 		.ascii	"L`G\331\202A\356\331\372Z-\246\344\237\004\226\030\030"
 1450      8241EED9 
 1450      FA5A2DA6 
 1450      E49F0496 
 1450      1818
 1451 062d 6DEF429D 		.ascii	"m\357B\235\316mZNPg\203\201q\352KD[\272\357\021\330"
 1451      CE6D5A4E 
 1451      50678381 
 1451      71EA4B44 
 1451      5BBAEF11 
 1452 0642 C4FC6FE5 		.ascii	"\304\374o\345}\375\204\300\007\004>\"\360!\201\177\023"
 1452      7DFD84C0 
 1452      07043E22 
 1452      F021817F 
 1452      13
 1453 0653 2825B085 		.ascii	"(%\260\205\300\307\0046\023(c9`1~!c\\o\320\016l\301"
 1453      C0C70436 
 1453      13286339 
ARM GAS  C:\Users\ccliu\AppData\Local\Temp\ccFgIIH3.s 			page 44


 1453      60317E21 
 1453      635C6FD0 
 1454 066a 0CFA5C42 		.ascii	"\014\372\\B\357\206B\242\263\265\222)\012\355\210&\364"
 1454      EF8642A2 
 1454      B3B59229 
 1454      0AED8826 
 1454      F4
 1455 067b 99843686 		.ascii	"\231\2046\206\364D\350\324I\344\375\320\304j:_Jh]hf"
 1455      F444E8D4 
 1455      49E4FDD0 
 1455      C46A3A5F 
 1455      4A685D68 
 1456 0690 63D93478 		.ascii	"c\3314x\353\306\027{\254\221\303S\303\276O~ZrP\342\301"
 1456      EBC6177B 
 1456      AC91C353 
 1456      C3BE4F7E 
 1456      5A7250E2 
 1457 06a5 BB77B604 		.ascii	"\273w\266\004}\275|*\335|\306$\030\322TZQc\013\332+"
 1457      7DBD7C2A 
 1457      DD7CC624 
 1457      18D2545A 
 1457      51630BDA 
 1458 06ba 7EE2E68C 		.ascii	"~\342\346\214-\2674\324wS)\276M\212\177N8\320\325\177"
 1458      2DB734D4 
 1458      775329BE 
 1458      4D8A7F4E 
 1458      38D0D57F 
 1459 06ce B282F243 		.ascii	"\262\202\362C\267\372\351[D\017\233\240d\317\331\356"
 1459      B7FAE95B 
 1459      440F9BA0 
 1459      64CFD9EE 
 1460 06de 1A8B43D5 		.ascii	"\032\213C\325v\023\234\300\001\251r\354\261\023\234"
 1460      76139CC0 
 1460      01A972EC 
 1460      B1139C
 1461 06ed 6C550C2E 		.ascii	"lU\014.?;r\224X>\330\327+\362\244\331N8'f\276\012\024"
 1461      3F3B7294 
 1461      583ED8D7 
 1461      2BF2A4D9 
 1461      4E382766 
 1462 0704 77105A6C 		.ascii	"w\020Zl\026\217=\212X\011\012}\307\314\034\355\350\350"
 1462      168F3D8A 
 1462      58090A7D 
 1462      C7CC1CED 
 1462      E8E8
 1463 0716 2F373FC9 		.ascii	"/7?\311Q%w4\201}\021\355:RFF\211\274\013G\337\0201O"
 1463      51257734 
 1463      817D11ED 
 1463      3A524646 
 1463      89BC0B47 
 1464 072e 7612CE29 		.ascii	"v\022\316)\364=\364\260E\363\320\202\237\010Z\361\212"
 1464      F43DF4B0 
 1464      45F3D082 
 1464      9F085AF1 
 1464      8A
 1465 073f 42CBB1A6 		.ascii	"B\313\261\246J{lTh\015>\036CkD\273\246\275\256Uh\233"
 1465      4A7B6C54 
ARM GAS  C:\Users\ccliu\AppData\Local\Temp\ccFgIIH3.s 			page 45


 1465      680D3E1E 
 1465      436B44BB 
 1465      A6BDAE55 
 1466 0755 56C4B0BA 		.ascii	"V\304\260\272\261f\020m\211E\241%\026\361z\002]\217"
 1466      B166106D 
 1466      8945A125 
 1466      16F17A02 
 1466      5D8F
 1467 0767 4FA56865 		.ascii	"O\245heh\025h\273\320j\320\216\241\235C\273\202\326"
 1467      681568BB 
 1467      D06AD08E 
 1467      A19D43BB 
 1467      82D6
 1468 0779 8AD68E76 		.ascii	"\212\326\216v\037\255WkY\">\233T;\035\260`w\247\177"
 1468      1FAD576B 
 1468      59223E9B 
 1468      543B1DB0 
 1468      6077A77F 
 1469 078d 75F8FE5E 		.ascii	"u\370\376^\373\230g\\\2218!{6\364\252\273\307\356+T"
 1469      FB98675C 
 1469      9138217B 
 1469      36F4AABB 
 1469      C7EE2B54 
 1470 07a1 D952C649 		.ascii	"\331R\306Iy\214\300\240\034\320z\"\217\262\376\317\304"
 1470      798CC0A0 
 1470      1CD07A22 
 1470      8FB2FECF 
 1470      C4
 1471 07b2 39B593C0 		.ascii	"9\265\223\300n\016\005\262\363\235\3347zW\352\263\273"
 1471      6E0E05B2 
 1471      F39DDC37 
 1471      7A57EAB3 
 1471      BB
 1472 07c3 DA20F43D 		.ascii	"\332 \364=\321\317\262\025\305\202\331N\340"
 1472      D1CFB215 
 1472      C582D94E 
 1472      E0
 1473 07d0 4B037346 		.ascii	"K\003sF\236w\355\322\327!\203\257\203\322\327Q\351\253"
 1473      9E77EDD2 
 1473      D72183AF 
 1473      83D2D751 
 1473      E9AB
 1474 07e2 C9A02357 		.ascii	"\311\240#Wd\233D\016\033\220\332\240\025\271\262X\207"
 1474      649B440E 
 1474      1B90DAA0 
 1474      15B9B258 
 1474      87
 1475 07f3 2E86C6A3 		.ascii	".\206\306\243A\027\244\322I\003\264Hv\354\222\014\272"
 1475      4117A4D2 
 1475      4903B448 
 1475      76EC920C 
 1475      BA
 1476 0804 C110F426 		.ascii	"\301\020\364&\031t\207\3249`\320\371A~\315\335\321\030"
 1476      197487D4 
 1476      3960D0F9 
 1476      417ECDDD 
 1476      D118
ARM GAS  C:\Users\ccliu\AppData\Local\Temp\ccFgIIH3.s 			page 46


 1477 0816 9C80470C 		.ascii	"\234\200G\014\314\203\240\200z\244\320~\003\264W:k\222"
 1477      CC83A080 
 1477      7AA4D07E 
 1477      03B4573A 
 1477      6B92
 1478 0828 CC690323 		.ascii	"\314i\003#w\350\362z\311\234\017\311\242\346\353\274"
 1478      77E8F27A 
 1478      C99C0FC9 
 1478      A2E6EBBC 
 1479 0838 64CE1898 		.ascii	"d\316\030\230\346\240\200Z%t44j\321\263f\331\263S\241"
 1479      E6A0805A 
 1479      25743434 
 1479      6AD1B366 
 1479      D9B353A1 
 1480 084c 01691FAA 		.ascii	"\001i\037\252\217%\264/\264g\332d\034\222\271\376\326"
 1480      8F25B42F 
 1480      B467DA64 
 1480      1C92B9FE 
 1480      D6
 1481 085d 90EB1DB2 		.ascii	"\220\353\035\262\373\2152\242\263\241a\013f\231\034"
 1481      FB8D32A2 
 1481      B3A1610B 
 1481      66991C
 1482 086c FCAF0D4C 		.ascii	"\374\257\015L\205\3249.u\316\031\230\340\203\346\236"
 1482      85D4392E 
 1482      75CE1998 
 1482      E083E69E 
 1483 087c 846A4207 		.ascii	"\204jB\007V\203\216I\2501TIx\353\223\314\236\320%\244"
 1483      56838E49 
 1483      A8315449 
 1483      78EB93CC 
 1483      9ED025A4 
 1484 0890 090D4868 		.ascii	"\011\015Hh\227\001j\224B\027%s\"t\312jB\313e\377\277"
 1484      97016A94 
 1484      42172573 
 1484      2274CA6A 
 1484      42CB65FF 
 1485 08a5 0AEDBF06 		.ascii	"\012\355\277\006]\226J\307C\267\007\341mP2U\241\021"
 1485      5D964AC7 
 1485      43B707E1 
 1485      6D503255 
 1485      A111
 1486 08b7 69427725 		.ascii	"iBw%T\027\272\036\203\377\012\271@\240\231\275\033\344"
 1486      5417BA1E 
 1486      83FF0AB9 
 1486      40A099BD 
 1486      1BE4
 1487 08c9 27DE7502 		.ascii	"'\336u\002m\004\272\011t\021\270O\240\235\300]\002\367"
 1487      6D04BA09 
 1487      7411B84F 
 1487      A09DC05D 
 1487      02F7
 1488 08db 08DC22F0 		.ascii	"\010\334\"\360\230\300m\002}\004.\021\350 \320J`\200"
 1488      98C06D02 
 1488      7D042E11 
 1488      E820D04A 
 1488      6080
ARM GAS  C:\Users\ccliu\AppData\Local\Temp\ccFgIIH3.s 			page 47


 1489 08ed C00D9C0C 		.ascii	"\300\015\234\014\004Z\010<$p\207@'n\346\004\036\021"
 1489      045A083C 
 1489      24708740 
 1489      276EE604 
 1489      1E11
 1490 08ff B84CA087 		.ascii	"\270L\240\207@?\201\037\010< \320K\340*\201\233\374"
 1490      403F811F 
 1490      083C20D0 
 1490      4BE02A81 
 1490      9BFC
 1491 0911 A3AACECA 		.ascii	"\243\252\316\312O\211U\365\247h\344\3600`\210\374\337"
 1491      4F8955F5 
 1491      A768E4F0 
 1491      306088FC 
 1491      DF
 1492 0922 02C120D6 		.ascii	"\002\301 \326<\332\3253B\236\257*\325\323\364&\345@"
 1492      3CDAD533 
 1492      429EAF2A 
 1492      D5D3F426 
 1492      E540
 1493 0934 DFC3537D 		.ascii	"\337\303S}f\011\034\222'\342\"\001tl\3308\024\004\250"
 1493      66091C92 
 1493      27E22201 
 1493      746CD838 
 1493      1404A8
 1494 0947 32D18502 		.ascii	"2\321\205\002\270\325S\271\331\036r\370?\343\217>lW"
 1494      B8D553B9 
 1494      D91E72F8 
 1494      3FE38F3E 
 1494      6C57
 1495 0959 77A1BCCF 		.ascii	"w\241\274\317&\205\353\244\347\"\366\357\"\032;Y\261"
 1495      2685EBA4 
 1495      E722F6EF 
 1495      221A3B59 
 1495      B1
 1496 096a A7FB735F 		.ascii	"\247\373s_\237\222\371R\256\342\310\360\371\0132\027"
 1496      9F92F952 
 1496      AEE2C8F0 
 1496      F90B3217 
 1497 097a BE943B49 		.ascii	"\276\224;I\261\277\232\227\355K\313\236\237]\340v\377"
 1497      B1BF9A97 
 1497      ED4BCB9E 
 1497      9F5DE076 
 1497      FF
 1498 098b C9E9CECA 		.ascii	"\311\351\316\312\236\233\235_\260\300\233\355sf\260"
 1498      9E9B9D5F 
 1498      B0C09BED 
 1498      7366B0
 1499 099a B22FDF15 		.ascii	"\262/\337\025\033\033\353\364\345;\263\322s\234s}\351"
 1499      1B1BEBF4 
 1499      E53BB3D2 
 1499      739C737D 
 1499      E9
 1500 09ab 7E6FBE33 		.ascii	"~o\2763uN\332\354W\334I\361\311\223'\245%L\232\020\353"
 1500      754EDAEC 
 1500      57DC49F1 
 1500      C99327A5 
ARM GAS  C:\Users\ccliu\AppData\Local\Temp\ccFgIIH3.s 			page 48


 1500      254C9A10 
 1501 09c0 891735E3 		.ascii	"\211\0275\3433l3f\277\022\355\216\235\242\374L{1~\312"
 1501      336C3366 
 1501      BF12ED8E 
 1501      9DA2FC4C 
 1501      7B317ECA 
 1502 09d4 E4B9AEB9 		.ascii	"\344\271\256\271\031\023\346)a\334Q~f\301\202\274\264"
 1502      1913E629 
 1502      61DC517E 
 1502      66C182BC 
 1502      B4
 1503 09e5 82B0FC82 		.ascii	"\202\260\374\202\334\211\2564\376\252 \356\177\340X"
 1503      DC89AE34 
 1503      FEAA20EE 
 1503      7FE058
 1504 09f4 090F5264 		.ascii	"\011\017Rd\275\011KK\313L\367\347\274\301\037\354\234"
 1504      BD094B4B 
 1504      CB4CF7E7 
 1504      BCC11FEC 
 1504      9C
 1505 0a05 9A89A508 		.ascii	"\232\211\245\010\201e\344\3702\376\316\253\022\237\355"
 1505      8165E4F8 
 1505      32FECEAB 
 1505      129FED
 1506 0a14 3C0F93C5 		.ascii	"<\017\223\305|\277<\321%~\023&-\\\310j\322rr\274i\005"
 1506      7CBF3CD1 
 1506      257E1326 
 1506      2D5CC86A 
 1506      D27272BC 
 1507 0a2a 6FE465C6 		.ascii	"o\344e\306\216\317R\"\271ko\346\274\364\0059\005i\031"
 1507      8ECF5222 
 1507      B96B6FE6 
 1507      BCF40539 
 1507      056919
 1508 0a3d BEF9F3B2 		.ascii	"\276\371\363\262_\265\244\304\307\245\027\244\233\322"
 1508      5FB5A4C4 
 1508      C7A517A4 
 1508      9BD2
 1509 0a4b E7F9736C 		.ascii	"\347\371sl\013\262\347\027\240\353\002\352\363\372\315"
 1509      0BB2E717 
 1509      A0EB02EA 
 1509      F3FACD
 1510 0a5a 790BF2BC 		.ascii	"y\013\362\274~\253/?/3\323\353\267\370\230\210\337\234"
 1510      7EAB2F3F 
 1510      2F33D3EB 
 1510      B7F89888 
 1510      DF9C
 1511 0a6c EBF366FA 		.ascii	"\353\363f\372\031\234eI\211c\015-)nq\233.n\323\304-"
 1511      199C6549 
 1511      89630D2D 
 1511      296E719B 
 1511      2E6ED3C4 
 1512 0a81 91DD4670 		.ascii	"\221\335Fp\177\302OZ\201iZ\202'\311\234\224\354\236"
 1512      7FC24F5A 
 1512      81695A82 
 1512      27C99C94 
 1512      EC9E
ARM GAS  C:\Users\ccliu\AppData\Local\Temp\ccFgIIH3.s 			page 49


 1513 0a93 E5314D4F 		.ascii	"\3451MO\365x\340/\220h\316\310\301\024p\277\261\223"
 1513      F578E02F 
 1513      9068CEC8 
 1513      C11470BF 
 1513      B193
 1514 0aa5 D12FE63E 		.ascii	"\321/\346>\341\277\353mRR\234sF\312\314\344\327]N\231"
 1514      E1BFEB6D 
 1514      52529C73 
 1514      46CACCE4 
 1514      D75D4E99 
 1515 0ab9 5EEC2B4D 		.ascii	"^\354+M\216\363\320\231q\036s\312+)q\036krjJ||\234\307"
 1515      8EF3D099 
 1515      711E73CA 
 1515      2B29711E 
 1515      6B726A4A 
 1516 0ad1 923CE7AF 		.ascii	"\222<\347\257)\361\036\363\313\311q\361\036\026P\242"
 1516      29F11EF3 
 1516      CBC971F1 
 1516      1E1650A2 
 1517 0ae1 DD139F1A 		.ascii	"\335\023\237\032\357\371s|\334\024GJR\322LW\252;a\206"
 1517      EFF9737C 
 1517      DC14474A 
 1517      52D24C57 
 1517      AA3B6186 
 1518 0af5 C79C9AEA 		.ascii	"\307\234\232\352\236\341\321\253&Sw*\306\034\347\226"
 1518      9EE1D1AB 
 1518      2653772A 
 1518      C61CE796 
 1519 0b05 AFFE609F 		.ascii	"\257\376`\237\2262\335\225\224\022?\333\303J\261\242"
 1519      9632DD95 
 1519      94123FDB 
 1519      C34AB1A2 
 1520 0b15 14A89D64 		.ascii	"\024\250\235d\237\2268}\242V\233\250s\211\303\271\211"
 1520      9F96387D 
 1520      A2569BA8 
 1520      7389C3B9 
 1520      89
 1521 0b26 56A6826F 		.ascii	"V\246\202o\330=6\270\306ee\012\274&Q#\022\215D\254\215"
 1521      D83D36B8 
 1521      C665650A 
 1521      BC265123 
 1521      128D44AC 
 1522 0b3b B5F5A4CE 		.ascii	"\265\365\244\316\361\260B,+\350u\023l\254\265\250K\014"
 1522      F1B0422C 
 1522      2BE87513 
 1522      6CACB5A8 
 1522      4B0C
 1523 0b4d 408902A2 		.ascii	"@\211\002\242\356\231\036\023\353\244\025\373\313\356"
 1523      EE991E13 
 1523      EBA415FB 
 1523      CBEE
 1524 0b5b C4EDB1C6 		.ascii	"\304\355\261\306\271g\261\3423\246y\206/7\3277\337\231"
 1524      B967B1E2 
 1524      33A67986 
 1524      2F37D737 
 1524      DF99
 1525 0b6d B9B00093 		.ascii	"\271\260\000\223\0374\317x\342\347\341d_\230\211\231"
ARM GAS  C:\Users\ccliu\AppData\Local\Temp\ccFgIIH3.s 			page 50


 1525      1F34CF78 
 1525      E2E7E164 
 1525      5F988999 
 1526 0b7d 7FCEE376 		.ascii	"\177\316\343v\247\315\301\331\022\2279\357?\2530\022"
 1526      A7CDC1D9 
 1526      129739EF 
 1526      3FAB3012 
 1527 0b8d F0       		.ascii	"\360"
 1528              		.text
 1529              		.section	.gnu.lto_.symtab.a9119e1,"e",%progbits
 1530 0000 5F5F6561 		.ascii	"__early_init\000"
 1530      726C795F 
 1530      696E6974 
 1530      00
 1531 000d 00       		.ascii	"\000"
 1532 000e 00       		.ascii	"\000"
 1533 000f 00       		.ascii	"\000"
 1534 0010 00000000 		.ascii	"\000\000\000\000\000\000\000\000"
 1534      00000000 
 1535 0018 CD000000 		.ascii	"\315\000\000\000"
 1536 001c 626F6172 		.ascii	"boardInit\000"
 1536      64496E69 
 1536      7400
 1537 0026 00       		.ascii	"\000"
 1538 0027 00       		.ascii	"\000"
 1539 0028 00       		.ascii	"\000"
 1540 0029 00000000 		.ascii	"\000\000\000\000\000\000\000\000"
 1540      00000000 
 1541 0031 CF000000 		.ascii	"\317\000\000\000"
 1542 0035 73746D33 		.ascii	"stm32_clock_init\000"
 1542      325F636C 
 1542      6F636B5F 
 1542      696E6974 
 1542      00
 1543 0046 00       		.ascii	"\000"
 1544 0047 02       		.ascii	"\002"
 1545 0048 00       		.ascii	"\000"
 1546 0049 00000000 		.ascii	"\000\000\000\000\000\000\000\000"
 1546      00000000 
 1547 0051 D1000000 		.ascii	"\321\000\000\000"
 1548              		.text
 1549              		.section	.gnu.lto_.ext_symtab.a9119e1,"e",%progbits
 1550 0000 01       		.ascii	"\001"
 1551 0001 01       		.ascii	"\001"
 1552 0002 00       		.ascii	"\000"
 1553 0003 01       		.ascii	"\001"
 1554 0004 00       		.ascii	"\000"
 1555 0005 01       		.ascii	"\001"
 1556 0006 00       		.ascii	"\000"
 1557              		.text
 1558              		.section	.gnu.lto_.opts,"e",%progbits
 1559 0000 272D666E 		.ascii	"'-fno-openmp' '-fno-openacc' '-fno-pie' '-fcf-prote"
 1559      6F2D6F70 
 1559      656E6D70 
 1559      2720272D 
 1559      666E6F2D 
 1560 0033 6374696F 		.ascii	"ction=none' '-g' '-mcpu=cortex-m4' '-mthumb' '-mflo"
ARM GAS  C:\Users\ccliu\AppData\Local\Temp\ccFgIIH3.s 			page 51


 1560      6E3D6E6F 
 1560      6E652720 
 1560      272D6727 
 1560      20272D6D 
 1561 0066 61742D61 		.ascii	"at-abi=soft' '-mlibarch=armv7e-m' '-march=armv7e-m'"
 1561      62693D73 
 1561      6F667427 
 1561      20272D6D 
 1561      6C696261 
 1562 0099 20272D4F 		.ascii	" '-O0' '-fomit-frame-pointer' '-falign-functions=16"
 1562      30272027 
 1562      2D666F6D 
 1562      69742D66 
 1562      72616D65 
 1563 00cc 2720272D 		.ascii	"' '-ffunction-sections' '-fdata-sections' '-fno-com"
 1563      6666756E 
 1563      6374696F 
 1563      6E2D7365 
 1563      6374696F 
 1564 00ff 6D6F6E27 		.ascii	"mon' '-flto' '-Xassembler' '-alms=./build/lst/board"
 1564      20272D66 
 1564      6C746F27 
 1564      20272D58 
 1564      61737365 
 1565 0132 2E6C7374 		.ascii	".lst'\000"
 1565      2700
 1566              		.text
 1567              		.comm	__gnu_lto_slim,1,1
 1568              		.ident	"GCC: (GNU Arm Embedded Toolchain 10.3-2021.07) 10.3.1 20210621 (release)"
ARM GAS  C:\Users\ccliu\AppData\Local\Temp\ccFgIIH3.s 			page 52


DEFINED SYMBOLS
                            *ABS*:00000000 board.c
C:\Users\ccliu\AppData\Local\Temp\ccFgIIH3.s:21     .gnu.debuglto_.debug_info:00000000 board.c.76b2bc0f
                            *COM*:00000001 __gnu_lto_slim

NO UNDEFINED SYMBOLS
