ARM GAS  C:\Users\ccliu\AppData\Local\Temp\ccOrUKt5.s 			page 1


   1              		.cpu cortex-m4
   2              		.eabi_attribute 20, 1
   3              		.eabi_attribute 21, 1
   4              		.eabi_attribute 23, 3
   5              		.eabi_attribute 24, 1
   6              		.eabi_attribute 25, 1
   7              		.eabi_attribute 26, 1
   8              		.eabi_attribute 30, 6
   9              		.eabi_attribute 34, 1
  10              		.eabi_attribute 18, 4
  11              		.file	"crt1.c"
  12              		.file 1 "c:\\chibistudio\\tools\\gnu tools arm embedded\\10.3 2021.07\\arm-none-eabi\\include\\mac
  13              		.file 2 "c:\\chibistudio\\tools\\gnu tools arm embedded\\10.3 2021.07\\arm-none-eabi\\include\\sys
  14              		.file 3 "../../chibios216/os/common/startup/ARMCMx/compilers/GCC/crt1.c"
  15              		.section	.gnu.debuglto_.debug_info,"e",%progbits
  16              	.Ldebug_info0:
  17              		.hidden	crt1.c.5e22985d
  18              		.weak	crt1.c.5e22985d
  19              	crt1.c.5e22985d:
  20 0000 C4020000 		.4byte	0x2c4
  21 0004 0400     		.2byte	0x4
  22 0006 00000000 		.4byte	.Ldebug_abbrev0
  23 000a 04       		.byte	0x4
  24 000b 01       		.uleb128 0x1
  25 000c 92000000 		.4byte	.LASF52
  26 0010 0C       		.byte	0xc
  27 0011 24030000 		.4byte	.LASF53
  28 0015 10040000 		.4byte	.LASF54
  29 0019 00000000 		.4byte	.Ldebug_line0
  30 001d 02       		.uleb128 0x2
  31 001e 01       		.byte	0x1
  32 001f 06       		.byte	0x6
  33 0020 4D040000 		.4byte	.LASF0
  34 0024 02       		.uleb128 0x2
  35 0025 01       		.byte	0x1
  36 0026 08       		.byte	0x8
  37 0027 39020000 		.4byte	.LASF1
  38 002b 02       		.uleb128 0x2
  39 002c 02       		.byte	0x2
  40 002d 05       		.byte	0x5
  41 002e C6030000 		.4byte	.LASF2
  42 0032 02       		.uleb128 0x2
  43 0033 02       		.byte	0x2
  44 0034 07       		.byte	0x7
  45 0035 74000000 		.4byte	.LASF3
  46 0039 02       		.uleb128 0x2
  47 003a 04       		.byte	0x4
  48 003b 05       		.byte	0x5
  49 003c F7030000 		.4byte	.LASF4
  50 0040 03       		.uleb128 0x3
  51 0041 69020000 		.4byte	.LASF9
  52 0045 01       		.byte	0x1
  53 0046 4F       		.byte	0x4f
  54 0047 19       		.byte	0x19
  55 0048 4C000000 		.4byte	0x4c
  56 004c 02       		.uleb128 0x2
  57 004d 04       		.byte	0x4
ARM GAS  C:\Users\ccliu\AppData\Local\Temp\ccOrUKt5.s 			page 2


  58 004e 07       		.byte	0x7
  59 004f DE010000 		.4byte	.LASF5
  60 0053 02       		.uleb128 0x2
  61 0054 08       		.byte	0x8
  62 0055 05       		.byte	0x5
  63 0056 73030000 		.4byte	.LASF6
  64 005a 02       		.uleb128 0x2
  65 005b 08       		.byte	0x8
  66 005c 07       		.byte	0x7
  67 005d E0020000 		.4byte	.LASF7
  68 0061 04       		.uleb128 0x4
  69 0062 04       		.byte	0x4
  70 0063 05       		.byte	0x5
  71 0064 696E7400 		.ascii	"int\000"
  72 0068 02       		.uleb128 0x2
  73 0069 04       		.byte	0x4
  74 006a 07       		.byte	0x7
  75 006b D3020000 		.4byte	.LASF8
  76 006f 03       		.uleb128 0x3
  77 0070 EE030000 		.4byte	.LASF10
  78 0074 02       		.byte	0x2
  79 0075 30       		.byte	0x30
  80 0076 14       		.byte	0x14
  81 0077 40000000 		.4byte	0x40
  82 007b 05       		.uleb128 0x5
  83 007c 10       		.byte	0x10
  84 007d 03       		.byte	0x3
  85 007e 39       		.byte	0x39
  86 007f 09       		.byte	0x9
  87 0080 B9000000 		.4byte	0xb9
  88 0084 06       		.uleb128 0x6
  89 0085 D0030000 		.4byte	.LASF11
  90 0089 03       		.byte	0x3
  91 008a 3A       		.byte	0x3a
  92 008b 1A       		.byte	0x1a
  93 008c B9000000 		.4byte	0xb9
  94 0090 00       		.byte	0
  95 0091 06       		.uleb128 0x6
  96 0092 4D000000 		.4byte	.LASF12
  97 0096 03       		.byte	0x3
  98 0097 3B       		.byte	0x3b
  99 0098 1A       		.byte	0x1a
 100 0099 B9000000 		.4byte	0xb9
 101 009d 04       		.byte	0x4
 102 009e 06       		.uleb128 0x6
 103 009f B8010000 		.4byte	.LASF13
 104 00a3 03       		.byte	0x3
 105 00a4 3C       		.byte	0x3c
 106 00a5 1A       		.byte	0x1a
 107 00a6 B9000000 		.4byte	0xb9
 108 00aa 08       		.byte	0x8
 109 00ab 06       		.uleb128 0x6
 110 00ac 17030000 		.4byte	.LASF14
 111 00b0 03       		.byte	0x3
 112 00b1 3D       		.byte	0x3d
 113 00b2 1A       		.byte	0x1a
 114 00b3 B9000000 		.4byte	0xb9
ARM GAS  C:\Users\ccliu\AppData\Local\Temp\ccOrUKt5.s 			page 3


 115 00b7 0C       		.byte	0xc
 116 00b8 00       		.byte	0
 117 00b9 07       		.uleb128 0x7
 118 00ba 04       		.byte	0x4
 119 00bb 6F000000 		.4byte	0x6f
 120 00bf 03       		.uleb128 0x3
 121 00c0 74020000 		.4byte	.LASF15
 122 00c4 03       		.byte	0x3
 123 00c5 3E       		.byte	0x3e
 124 00c6 03       		.byte	0x3
 125 00c7 7B000000 		.4byte	0x7b
 126 00cb 08       		.uleb128 0x8
 127 00cc BF000000 		.4byte	0xbf
 128 00d0 09       		.uleb128 0x9
 129 00d1 61000000 		.4byte	.LASF16
 130 00d5 03       		.byte	0x3
 131 00d6 45       		.byte	0x45
 132 00d7 11       		.byte	0x11
 133 00d8 6F000000 		.4byte	0x6f
 134 00dc 09       		.uleb128 0x9
 135 00dd F0010000 		.4byte	.LASF17
 136 00e1 03       		.byte	0x3
 137 00e2 45       		.byte	0x45
 138 00e3 25       		.byte	0x25
 139 00e4 6F000000 		.4byte	0x6f
 140 00e8 09       		.uleb128 0x9
 141 00e9 DF030000 		.4byte	.LASF18
 142 00ed 03       		.byte	0x3
 143 00ee 45       		.byte	0x45
 144 00ef 34       		.byte	0x34
 145 00f0 6F000000 		.4byte	0x6f
 146 00f4 09       		.uleb128 0x9
 147 00f5 2D000000 		.4byte	.LASF19
 148 00f9 03       		.byte	0x3
 149 00fa 45       		.byte	0x45
 150 00fb 44       		.byte	0x44
 151 00fc 6F000000 		.4byte	0x6f
 152 0100 09       		.uleb128 0x9
 153 0101 91030000 		.4byte	.LASF20
 154 0105 03       		.byte	0x3
 155 0106 48       		.byte	0x48
 156 0107 11       		.byte	0x11
 157 0108 6F000000 		.4byte	0x6f
 158 010c 09       		.uleb128 0x9
 159 010d 57010000 		.4byte	.LASF21
 160 0111 03       		.byte	0x3
 161 0112 48       		.byte	0x48
 162 0113 25       		.byte	0x25
 163 0114 6F000000 		.4byte	0x6f
 164 0118 09       		.uleb128 0x9
 165 0119 0C020000 		.4byte	.LASF22
 166 011d 03       		.byte	0x3
 167 011e 48       		.byte	0x48
 168 011f 34       		.byte	0x34
 169 0120 6F000000 		.4byte	0x6f
 170 0124 09       		.uleb128 0x9
 171 0125 00040000 		.4byte	.LASF23
ARM GAS  C:\Users\ccliu\AppData\Local\Temp\ccOrUKt5.s 			page 4


 172 0129 03       		.byte	0x3
 173 012a 48       		.byte	0x48
 174 012b 44       		.byte	0x44
 175 012c 6F000000 		.4byte	0x6f
 176 0130 09       		.uleb128 0x9
 177 0131 56020000 		.4byte	.LASF24
 178 0135 03       		.byte	0x3
 179 0136 4B       		.byte	0x4b
 180 0137 11       		.byte	0x11
 181 0138 6F000000 		.4byte	0x6f
 182 013c 09       		.uleb128 0x9
 183 013d 11000000 		.4byte	.LASF25
 184 0141 03       		.byte	0x3
 185 0142 4B       		.byte	0x4b
 186 0143 25       		.byte	0x25
 187 0144 6F000000 		.4byte	0x6f
 188 0148 09       		.uleb128 0x9
 189 0149 A4030000 		.4byte	.LASF26
 190 014d 03       		.byte	0x3
 191 014e 4B       		.byte	0x4b
 192 014f 34       		.byte	0x34
 193 0150 6F000000 		.4byte	0x6f
 194 0154 09       		.uleb128 0x9
 195 0155 81030000 		.4byte	.LASF27
 196 0159 03       		.byte	0x3
 197 015a 4B       		.byte	0x4b
 198 015b 44       		.byte	0x44
 199 015c 6F000000 		.4byte	0x6f
 200 0160 09       		.uleb128 0x9
 201 0161 A5010000 		.4byte	.LASF28
 202 0165 03       		.byte	0x3
 203 0166 4E       		.byte	0x4e
 204 0167 11       		.byte	0x11
 205 0168 6F000000 		.4byte	0x6f
 206 016c 09       		.uleb128 0x9
 207 016d 2B020000 		.4byte	.LASF29
 208 0171 03       		.byte	0x3
 209 0172 4E       		.byte	0x4e
 210 0173 25       		.byte	0x25
 211 0174 6F000000 		.4byte	0x6f
 212 0178 09       		.uleb128 0x9
 213 0179 86010000 		.4byte	.LASF30
 214 017d 03       		.byte	0x3
 215 017e 4E       		.byte	0x4e
 216 017f 34       		.byte	0x34
 217 0180 6F000000 		.4byte	0x6f
 218 0184 09       		.uleb128 0x9
 219 0185 63030000 		.4byte	.LASF31
 220 0189 03       		.byte	0x3
 221 018a 4E       		.byte	0x4e
 222 018b 44       		.byte	0x44
 223 018c 6F000000 		.4byte	0x6f
 224 0190 09       		.uleb128 0x9
 225 0191 B3030000 		.4byte	.LASF32
 226 0195 03       		.byte	0x3
 227 0196 51       		.byte	0x51
 228 0197 11       		.byte	0x11
ARM GAS  C:\Users\ccliu\AppData\Local\Temp\ccOrUKt5.s 			page 5


 229 0198 6F000000 		.4byte	0x6f
 230 019c 09       		.uleb128 0x9
 231 019d A6020000 		.4byte	.LASF33
 232 01a1 03       		.byte	0x3
 233 01a2 51       		.byte	0x51
 234 01a3 25       		.byte	0x25
 235 01a4 6F000000 		.4byte	0x6f
 236 01a8 09       		.uleb128 0x9
 237 01a9 B4020000 		.4byte	.LASF34
 238 01ad 03       		.byte	0x3
 239 01ae 51       		.byte	0x51
 240 01af 34       		.byte	0x34
 241 01b0 6F000000 		.4byte	0x6f
 242 01b4 09       		.uleb128 0x9
 243 01b5 C3020000 		.4byte	.LASF35
 244 01b9 03       		.byte	0x3
 245 01ba 51       		.byte	0x51
 246 01bb 44       		.byte	0x44
 247 01bc 6F000000 		.4byte	0x6f
 248 01c0 09       		.uleb128 0x9
 249 01c1 84020000 		.4byte	.LASF36
 250 01c5 03       		.byte	0x3
 251 01c6 54       		.byte	0x54
 252 01c7 11       		.byte	0x11
 253 01c8 6F000000 		.4byte	0x6f
 254 01cc 09       		.uleb128 0x9
 255 01cd FE010000 		.4byte	.LASF37
 256 01d1 03       		.byte	0x3
 257 01d2 54       		.byte	0x54
 258 01d3 25       		.byte	0x25
 259 01d4 6F000000 		.4byte	0x6f
 260 01d8 09       		.uleb128 0x9
 261 01d9 59040000 		.4byte	.LASF38
 262 01dd 03       		.byte	0x3
 263 01de 54       		.byte	0x54
 264 01df 34       		.byte	0x34
 265 01e0 6F000000 		.4byte	0x6f
 266 01e4 09       		.uleb128 0x9
 267 01e5 1B020000 		.4byte	.LASF39
 268 01e9 03       		.byte	0x3
 269 01ea 54       		.byte	0x54
 270 01eb 44       		.byte	0x44
 271 01ec 6F000000 		.4byte	0x6f
 272 01f0 09       		.uleb128 0x9
 273 01f1 73010000 		.4byte	.LASF40
 274 01f5 03       		.byte	0x3
 275 01f6 57       		.byte	0x57
 276 01f7 11       		.byte	0x11
 277 01f8 6F000000 		.4byte	0x6f
 278 01fc 09       		.uleb128 0x9
 279 01fd 65010000 		.4byte	.LASF41
 280 0201 03       		.byte	0x3
 281 0202 57       		.byte	0x57
 282 0203 25       		.byte	0x25
 283 0204 6F000000 		.4byte	0x6f
 284 0208 09       		.uleb128 0x9
 285 0209 CF010000 		.4byte	.LASF42
ARM GAS  C:\Users\ccliu\AppData\Local\Temp\ccOrUKt5.s 			page 6


 286 020d 03       		.byte	0x3
 287 020e 57       		.byte	0x57
 288 020f 34       		.byte	0x34
 289 0210 6F000000 		.4byte	0x6f
 290 0214 09       		.uleb128 0x9
 291 0215 95010000 		.4byte	.LASF43
 292 0219 03       		.byte	0x3
 293 021a 57       		.byte	0x57
 294 021b 44       		.byte	0x44
 295 021c 6F000000 		.4byte	0x6f
 296 0220 09       		.uleb128 0x9
 297 0221 F7020000 		.4byte	.LASF44
 298 0225 03       		.byte	0x3
 299 0226 5A       		.byte	0x5a
 300 0227 11       		.byte	0x11
 301 0228 6F000000 		.4byte	0x6f
 302 022c 09       		.uleb128 0x9
 303 022d 1F000000 		.4byte	.LASF45
 304 0231 03       		.byte	0x3
 305 0232 5A       		.byte	0x5a
 306 0233 25       		.byte	0x25
 307 0234 6F000000 		.4byte	0x6f
 308 0238 09       		.uleb128 0x9
 309 0239 97020000 		.4byte	.LASF46
 310 023d 03       		.byte	0x3
 311 023e 5A       		.byte	0x5a
 312 023f 34       		.byte	0x34
 313 0240 6F000000 		.4byte	0x6f
 314 0244 09       		.uleb128 0x9
 315 0245 3D000000 		.4byte	.LASF47
 316 0249 03       		.byte	0x3
 317 024a 5A       		.byte	0x5a
 318 024b 44       		.byte	0x44
 319 024c 6F000000 		.4byte	0x6f
 320 0250 0A       		.uleb128 0xa
 321 0251 CB000000 		.4byte	0xcb
 322 0255 60020000 		.4byte	0x260
 323 0259 0B       		.uleb128 0xb
 324 025a 68000000 		.4byte	0x68
 325 025e 07       		.byte	0x7
 326 025f 00       		.byte	0
 327 0260 08       		.uleb128 0x8
 328 0261 50020000 		.4byte	0x250
 329 0265 0C       		.uleb128 0xc
 330 0266 57000000 		.4byte	.LASF48
 331 026a 03       		.byte	0x3
 332 026b 61       		.byte	0x61
 333 026c 1E       		.byte	0x1e
 334 026d 60020000 		.4byte	0x260
 335 0271 0D       		.uleb128 0xd
 336 0272 00000000 		.4byte	.LASF55
 337 0276 03       		.byte	0x3
 338 0277 EC       		.byte	0xec
 339 0278 06       		.byte	0x6
 340 0279 A1020000 		.4byte	0x2a1
 341 027d 0E       		.uleb128 0xe
 342 027e 72617000 		.ascii	"rap\000"
ARM GAS  C:\Users\ccliu\AppData\Local\Temp\ccOrUKt5.s 			page 7


 343 0282 03       		.byte	0x3
 344 0283 EE       		.byte	0xee
 345 0284 1A       		.byte	0x1a
 346 0285 A1020000 		.4byte	0x2a1
 347 0289 0F       		.uleb128 0xf
 348 028a 0E       		.uleb128 0xe
 349 028b 747000   		.ascii	"tp\000"
 350 028e 03       		.byte	0x3
 351 028f F1       		.byte	0xf1
 352 0290 0F       		.byte	0xf
 353 0291 B9000000 		.4byte	0xb9
 354 0295 0E       		.uleb128 0xe
 355 0296 7000     		.ascii	"p\000"
 356 0298 03       		.byte	0x3
 357 0299 F2       		.byte	0xf2
 358 029a 0F       		.byte	0xf
 359 029b B9000000 		.4byte	0xb9
 360 029f 00       		.byte	0
 361 02a0 00       		.byte	0
 362 02a1 07       		.uleb128 0x7
 363 02a2 04       		.byte	0x4
 364 02a3 CB000000 		.4byte	0xcb
 365 02a7 10       		.uleb128 0x10
 366 02a8 47020000 		.4byte	.LASF56
 367 02ac 03       		.byte	0x3
 368 02ad BB       		.byte	0xbb
 369 02ae 06       		.byte	0x6
 370 02af 11       		.uleb128 0x11
 371 02b0 C3010000 		.4byte	.LASF49
 372 02b4 03       		.byte	0x3
 373 02b5 AE       		.byte	0xae
 374 02b6 06       		.byte	0x6
 375 02b7 11       		.uleb128 0x11
 376 02b8 0A030000 		.4byte	.LASF50
 377 02bc 03       		.byte	0x3
 378 02bd A0       		.byte	0xa0
 379 02be 06       		.byte	0x6
 380 02bf 11       		.uleb128 0x11
 381 02c0 87000000 		.4byte	.LASF51
 382 02c4 03       		.byte	0x3
 383 02c5 8D       		.byte	0x8d
 384 02c6 06       		.byte	0x6
 385 02c7 00       		.byte	0
 386              		.section	.gnu.debuglto_.debug_abbrev,"e",%progbits
 387              	.Ldebug_abbrev0:
 388 0000 01       		.uleb128 0x1
 389 0001 11       		.uleb128 0x11
 390 0002 01       		.byte	0x1
 391 0003 25       		.uleb128 0x25
 392 0004 0E       		.uleb128 0xe
 393 0005 13       		.uleb128 0x13
 394 0006 0B       		.uleb128 0xb
 395 0007 03       		.uleb128 0x3
 396 0008 0E       		.uleb128 0xe
 397 0009 1B       		.uleb128 0x1b
 398 000a 0E       		.uleb128 0xe
 399 000b 10       		.uleb128 0x10
ARM GAS  C:\Users\ccliu\AppData\Local\Temp\ccOrUKt5.s 			page 8


 400 000c 17       		.uleb128 0x17
 401 000d 00       		.byte	0
 402 000e 00       		.byte	0
 403 000f 02       		.uleb128 0x2
 404 0010 24       		.uleb128 0x24
 405 0011 00       		.byte	0
 406 0012 0B       		.uleb128 0xb
 407 0013 0B       		.uleb128 0xb
 408 0014 3E       		.uleb128 0x3e
 409 0015 0B       		.uleb128 0xb
 410 0016 03       		.uleb128 0x3
 411 0017 0E       		.uleb128 0xe
 412 0018 00       		.byte	0
 413 0019 00       		.byte	0
 414 001a 03       		.uleb128 0x3
 415 001b 16       		.uleb128 0x16
 416 001c 00       		.byte	0
 417 001d 03       		.uleb128 0x3
 418 001e 0E       		.uleb128 0xe
 419 001f 3A       		.uleb128 0x3a
 420 0020 0B       		.uleb128 0xb
 421 0021 3B       		.uleb128 0x3b
 422 0022 0B       		.uleb128 0xb
 423 0023 39       		.uleb128 0x39
 424 0024 0B       		.uleb128 0xb
 425 0025 49       		.uleb128 0x49
 426 0026 13       		.uleb128 0x13
 427 0027 00       		.byte	0
 428 0028 00       		.byte	0
 429 0029 04       		.uleb128 0x4
 430 002a 24       		.uleb128 0x24
 431 002b 00       		.byte	0
 432 002c 0B       		.uleb128 0xb
 433 002d 0B       		.uleb128 0xb
 434 002e 3E       		.uleb128 0x3e
 435 002f 0B       		.uleb128 0xb
 436 0030 03       		.uleb128 0x3
 437 0031 08       		.uleb128 0x8
 438 0032 00       		.byte	0
 439 0033 00       		.byte	0
 440 0034 05       		.uleb128 0x5
 441 0035 13       		.uleb128 0x13
 442 0036 01       		.byte	0x1
 443 0037 0B       		.uleb128 0xb
 444 0038 0B       		.uleb128 0xb
 445 0039 3A       		.uleb128 0x3a
 446 003a 0B       		.uleb128 0xb
 447 003b 3B       		.uleb128 0x3b
 448 003c 0B       		.uleb128 0xb
 449 003d 39       		.uleb128 0x39
 450 003e 0B       		.uleb128 0xb
 451 003f 01       		.uleb128 0x1
 452 0040 13       		.uleb128 0x13
 453 0041 00       		.byte	0
 454 0042 00       		.byte	0
 455 0043 06       		.uleb128 0x6
 456 0044 0D       		.uleb128 0xd
ARM GAS  C:\Users\ccliu\AppData\Local\Temp\ccOrUKt5.s 			page 9


 457 0045 00       		.byte	0
 458 0046 03       		.uleb128 0x3
 459 0047 0E       		.uleb128 0xe
 460 0048 3A       		.uleb128 0x3a
 461 0049 0B       		.uleb128 0xb
 462 004a 3B       		.uleb128 0x3b
 463 004b 0B       		.uleb128 0xb
 464 004c 39       		.uleb128 0x39
 465 004d 0B       		.uleb128 0xb
 466 004e 49       		.uleb128 0x49
 467 004f 13       		.uleb128 0x13
 468 0050 38       		.uleb128 0x38
 469 0051 0B       		.uleb128 0xb
 470 0052 00       		.byte	0
 471 0053 00       		.byte	0
 472 0054 07       		.uleb128 0x7
 473 0055 0F       		.uleb128 0xf
 474 0056 00       		.byte	0
 475 0057 0B       		.uleb128 0xb
 476 0058 0B       		.uleb128 0xb
 477 0059 49       		.uleb128 0x49
 478 005a 13       		.uleb128 0x13
 479 005b 00       		.byte	0
 480 005c 00       		.byte	0
 481 005d 08       		.uleb128 0x8
 482 005e 26       		.uleb128 0x26
 483 005f 00       		.byte	0
 484 0060 49       		.uleb128 0x49
 485 0061 13       		.uleb128 0x13
 486 0062 00       		.byte	0
 487 0063 00       		.byte	0
 488 0064 09       		.uleb128 0x9
 489 0065 34       		.uleb128 0x34
 490 0066 00       		.byte	0
 491 0067 03       		.uleb128 0x3
 492 0068 0E       		.uleb128 0xe
 493 0069 3A       		.uleb128 0x3a
 494 006a 0B       		.uleb128 0xb
 495 006b 3B       		.uleb128 0x3b
 496 006c 0B       		.uleb128 0xb
 497 006d 39       		.uleb128 0x39
 498 006e 0B       		.uleb128 0xb
 499 006f 49       		.uleb128 0x49
 500 0070 13       		.uleb128 0x13
 501 0071 3F       		.uleb128 0x3f
 502 0072 19       		.uleb128 0x19
 503 0073 3C       		.uleb128 0x3c
 504 0074 19       		.uleb128 0x19
 505 0075 00       		.byte	0
 506 0076 00       		.byte	0
 507 0077 0A       		.uleb128 0xa
 508 0078 01       		.uleb128 0x1
 509 0079 01       		.byte	0x1
 510 007a 49       		.uleb128 0x49
 511 007b 13       		.uleb128 0x13
 512 007c 01       		.uleb128 0x1
 513 007d 13       		.uleb128 0x13
ARM GAS  C:\Users\ccliu\AppData\Local\Temp\ccOrUKt5.s 			page 10


 514 007e 00       		.byte	0
 515 007f 00       		.byte	0
 516 0080 0B       		.uleb128 0xb
 517 0081 21       		.uleb128 0x21
 518 0082 00       		.byte	0
 519 0083 49       		.uleb128 0x49
 520 0084 13       		.uleb128 0x13
 521 0085 2F       		.uleb128 0x2f
 522 0086 0B       		.uleb128 0xb
 523 0087 00       		.byte	0
 524 0088 00       		.byte	0
 525 0089 0C       		.uleb128 0xc
 526 008a 34       		.uleb128 0x34
 527 008b 00       		.byte	0
 528 008c 03       		.uleb128 0x3
 529 008d 0E       		.uleb128 0xe
 530 008e 3A       		.uleb128 0x3a
 531 008f 0B       		.uleb128 0xb
 532 0090 3B       		.uleb128 0x3b
 533 0091 0B       		.uleb128 0xb
 534 0092 39       		.uleb128 0x39
 535 0093 0B       		.uleb128 0xb
 536 0094 49       		.uleb128 0x49
 537 0095 13       		.uleb128 0x13
 538 0096 00       		.byte	0
 539 0097 00       		.byte	0
 540 0098 0D       		.uleb128 0xd
 541 0099 2E       		.uleb128 0x2e
 542 009a 01       		.byte	0x1
 543 009b 3F       		.uleb128 0x3f
 544 009c 19       		.uleb128 0x19
 545 009d 03       		.uleb128 0x3
 546 009e 0E       		.uleb128 0xe
 547 009f 3A       		.uleb128 0x3a
 548 00a0 0B       		.uleb128 0xb
 549 00a1 3B       		.uleb128 0x3b
 550 00a2 0B       		.uleb128 0xb
 551 00a3 39       		.uleb128 0x39
 552 00a4 0B       		.uleb128 0xb
 553 00a5 27       		.uleb128 0x27
 554 00a6 19       		.uleb128 0x19
 555 00a7 01       		.uleb128 0x1
 556 00a8 13       		.uleb128 0x13
 557 00a9 00       		.byte	0
 558 00aa 00       		.byte	0
 559 00ab 0E       		.uleb128 0xe
 560 00ac 34       		.uleb128 0x34
 561 00ad 00       		.byte	0
 562 00ae 03       		.uleb128 0x3
 563 00af 08       		.uleb128 0x8
 564 00b0 3A       		.uleb128 0x3a
 565 00b1 0B       		.uleb128 0xb
 566 00b2 3B       		.uleb128 0x3b
 567 00b3 0B       		.uleb128 0xb
 568 00b4 39       		.uleb128 0x39
 569 00b5 0B       		.uleb128 0xb
 570 00b6 49       		.uleb128 0x49
ARM GAS  C:\Users\ccliu\AppData\Local\Temp\ccOrUKt5.s 			page 11


 571 00b7 13       		.uleb128 0x13
 572 00b8 00       		.byte	0
 573 00b9 00       		.byte	0
 574 00ba 0F       		.uleb128 0xf
 575 00bb 0B       		.uleb128 0xb
 576 00bc 01       		.byte	0x1
 577 00bd 00       		.byte	0
 578 00be 00       		.byte	0
 579 00bf 10       		.uleb128 0x10
 580 00c0 2E       		.uleb128 0x2e
 581 00c1 00       		.byte	0
 582 00c2 3F       		.uleb128 0x3f
 583 00c3 19       		.uleb128 0x19
 584 00c4 03       		.uleb128 0x3
 585 00c5 0E       		.uleb128 0xe
 586 00c6 3A       		.uleb128 0x3a
 587 00c7 0B       		.uleb128 0xb
 588 00c8 3B       		.uleb128 0x3b
 589 00c9 0B       		.uleb128 0xb
 590 00ca 39       		.uleb128 0x39
 591 00cb 0B       		.uleb128 0xb
 592 00cc 27       		.uleb128 0x27
 593 00cd 19       		.uleb128 0x19
 594 00ce 8701     		.uleb128 0x87
 595 00d0 19       		.uleb128 0x19
 596 00d1 00       		.byte	0
 597 00d2 00       		.byte	0
 598 00d3 11       		.uleb128 0x11
 599 00d4 2E       		.uleb128 0x2e
 600 00d5 00       		.byte	0
 601 00d6 3F       		.uleb128 0x3f
 602 00d7 19       		.uleb128 0x19
 603 00d8 03       		.uleb128 0x3
 604 00d9 0E       		.uleb128 0xe
 605 00da 3A       		.uleb128 0x3a
 606 00db 0B       		.uleb128 0xb
 607 00dc 3B       		.uleb128 0x3b
 608 00dd 0B       		.uleb128 0xb
 609 00de 39       		.uleb128 0x39
 610 00df 0B       		.uleb128 0xb
 611 00e0 27       		.uleb128 0x27
 612 00e1 19       		.uleb128 0x19
 613 00e2 00       		.byte	0
 614 00e3 00       		.byte	0
 615 00e4 00       		.byte	0
 616              		.section	.gnu.debuglto_.debug_line,"e",%progbits
 617              	.Ldebug_line0:
 618 0000 27010000 		.4byte	.LELT0-.LSLT0
 619              	.LSLT0:
 620 0004 0400     		.2byte	0x4
 621 0006 21010000 		.4byte	.LELTP0-.LASLTP0
 622              	.LASLTP0:
 623 000a 01       		.byte	0x1
 624 000b 01       		.byte	0x1
 625 000c 01       		.byte	0x1
 626 000d F6       		.byte	0xf6
 627 000e F2       		.byte	0xf2
ARM GAS  C:\Users\ccliu\AppData\Local\Temp\ccOrUKt5.s 			page 12


 628 000f 0D       		.byte	0xd
 629 0010 00       		.byte	0
 630 0011 01       		.byte	0x1
 631 0012 01       		.byte	0x1
 632 0013 01       		.byte	0x1
 633 0014 01       		.byte	0x1
 634 0015 00       		.byte	0
 635 0016 00       		.byte	0
 636 0017 00       		.byte	0
 637 0018 01       		.byte	0x1
 638 0019 00       		.byte	0
 639 001a 00       		.byte	0
 640 001b 01       		.byte	0x1
 641 001c 2E2E2F2E 		.ascii	"../../chibios216/os/common/startup/ARMCMx/compilers"
 641      2E2F6368 
 641      6962696F 
 641      73323136 
 641      2F6F732F 
 642 004f 2F474343 		.ascii	"/GCC"
 643 0053 00       		.byte	0
 644 0054 633A5C63 		.ascii	"c:\\chibistudio\\tools\\gnu tools arm embedded\\10."
 644      68696269 
 644      73747564 
 644      696F5C74 
 644      6F6F6C73 
 645 0083 33203230 		.ascii	"3 2021.07\\arm-none-eabi\\include\\machine"
 645      32312E30 
 645      375C6172 
 645      6D2D6E6F 
 645      6E652D65 
 646 00aa 00       		.byte	0
 647 00ab 633A5C63 		.ascii	"c:\\chibistudio\\tools\\gnu tools arm embedded\\10."
 647      68696269 
 647      73747564 
 647      696F5C74 
 647      6F6F6C73 
 648 00da 33203230 		.ascii	"3 2021.07\\arm-none-eabi\\include\\sys"
 648      32312E30 
 648      375C6172 
 648      6D2D6E6F 
 648      6E652D65 
 649 00fd 00       		.byte	0
 650 00fe 00       		.byte	0
 651 00ff 5F646566 		.ascii	"_default_types.h\000"
 651      61756C74 
 651      5F747970 
 651      65732E68 
 651      00
 652 0110 02       		.uleb128 0x2
 653 0111 00       		.uleb128 0
 654 0112 00       		.uleb128 0
 655 0113 5F737464 		.ascii	"_stdint.h\000"
 655      696E742E 
 655      6800
 656 011d 03       		.uleb128 0x3
 657 011e 00       		.uleb128 0
 658 011f 00       		.uleb128 0
ARM GAS  C:\Users\ccliu\AppData\Local\Temp\ccOrUKt5.s 			page 13


 659 0120 63727431 		.ascii	"crt1.c\000"
 659      2E6300
 660 0127 01       		.uleb128 0x1
 661 0128 00       		.uleb128 0
 662 0129 00       		.uleb128 0
 663 012a 00       		.byte	0
 664              	.LELTP0:
 665              	.LELT0:
 666              		.section	.gnu.debuglto_.debug_str,"eMS",%progbits,1
 667              	.LASF55:
 668 0000 5F5F696E 		.ascii	"__init_ram_areas\000"
 668      69745F72 
 668      616D5F61 
 668      72656173 
 668      00
 669              	.LASF25:
 670 0011 5F5F7261 		.ascii	"__ram2_init__\000"
 670      6D325F69 
 670      6E69745F 
 670      5F00
 671              	.LASF45:
 672 001f 5F5F7261 		.ascii	"__ram7_init__\000"
 672      6D375F69 
 672      6E69745F 
 672      5F00
 673              	.LASF19:
 674 002d 5F5F7261 		.ascii	"__ram0_noinit__\000"
 674      6D305F6E 
 674      6F696E69 
 674      745F5F00 
 675              	.LASF47:
 676 003d 5F5F7261 		.ascii	"__ram7_noinit__\000"
 676      6D375F6E 
 676      6F696E69 
 676      745F5F00 
 677              	.LASF12:
 678 004d 696E6974 		.ascii	"init_area\000"
 678      5F617265 
 678      6100
 679              	.LASF48:
 680 0057 72616D5F 		.ascii	"ram_areas\000"
 680      61726561 
 680      7300
 681              	.LASF16:
 682 0061 5F5F7261 		.ascii	"__ram0_init_text__\000"
 682      6D305F69 
 682      6E69745F 
 682      74657874 
 682      5F5F00
 683              	.LASF3:
 684 0074 73686F72 		.ascii	"short unsigned int\000"
 684      7420756E 
 684      7369676E 
 684      65642069 
 684      6E7400
 685              	.LASF51:
 686 0087 5F5F6370 		.ascii	"__cpu_init\000"
ARM GAS  C:\Users\ccliu\AppData\Local\Temp\ccOrUKt5.s 			page 14


 686      755F696E 
 686      697400
 687              	.LASF52:
 688 0092 474E5520 		.ascii	"GNU C17 10.3.1 20210621 (release) -mcpu=cortex-m4 -"
 688      43313720 
 688      31302E33 
 688      2E312032 
 688      30323130 
 689 00c5 6D746875 		.ascii	"mthumb -mfloat-abi=soft -march=armv7e-m -ggdb -O0 -"
 689      6D62202D 
 689      6D666C6F 
 689      61742D61 
 689      62693D73 
 690 00f8 666F6D69 		.ascii	"fomit-frame-pointer -falign-functions=16 -ffunction"
 690      742D6672 
 690      616D652D 
 690      706F696E 
 690      74657220 
 691 012b 2D736563 		.ascii	"-sections -fdata-sections -fno-common -flto\000"
 691      74696F6E 
 691      73202D66 
 691      64617461 
 691      2D736563 
 692              	.LASF21:
 693 0157 5F5F7261 		.ascii	"__ram1_init__\000"
 693      6D315F69 
 693      6E69745F 
 693      5F00
 694              	.LASF41:
 695 0165 5F5F7261 		.ascii	"__ram6_init__\000"
 695      6D365F69 
 695      6E69745F 
 695      5F00
 696              	.LASF40:
 697 0173 5F5F7261 		.ascii	"__ram6_init_text__\000"
 697      6D365F69 
 697      6E69745F 
 697      74657874 
 697      5F5F00
 698              	.LASF30:
 699 0186 5F5F7261 		.ascii	"__ram3_clear__\000"
 699      6D335F63 
 699      6C656172 
 699      5F5F00
 700              	.LASF43:
 701 0195 5F5F7261 		.ascii	"__ram6_noinit__\000"
 701      6D365F6E 
 701      6F696E69 
 701      745F5F00 
 702              	.LASF28:
 703 01a5 5F5F7261 		.ascii	"__ram3_init_text__\000"
 703      6D335F69 
 703      6E69745F 
 703      74657874 
 703      5F5F00
 704              	.LASF13:
 705 01b8 636C6561 		.ascii	"clear_area\000"
ARM GAS  C:\Users\ccliu\AppData\Local\Temp\ccOrUKt5.s 			page 15


 705      725F6172 
 705      656100
 706              	.LASF49:
 707 01c3 5F5F6C61 		.ascii	"__late_init\000"
 707      74655F69 
 707      6E697400 
 708              	.LASF42:
 709 01cf 5F5F7261 		.ascii	"__ram6_clear__\000"
 709      6D365F63 
 709      6C656172 
 709      5F5F00
 710              	.LASF5:
 711 01de 6C6F6E67 		.ascii	"long unsigned int\000"
 711      20756E73 
 711      69676E65 
 711      6420696E 
 711      7400
 712              	.LASF17:
 713 01f0 5F5F7261 		.ascii	"__ram0_init__\000"
 713      6D305F69 
 713      6E69745F 
 713      5F00
 714              	.LASF37:
 715 01fe 5F5F7261 		.ascii	"__ram5_init__\000"
 715      6D355F69 
 715      6E69745F 
 715      5F00
 716              	.LASF22:
 717 020c 5F5F7261 		.ascii	"__ram1_clear__\000"
 717      6D315F63 
 717      6C656172 
 717      5F5F00
 718              	.LASF39:
 719 021b 5F5F7261 		.ascii	"__ram5_noinit__\000"
 719      6D355F6E 
 719      6F696E69 
 719      745F5F00 
 720              	.LASF29:
 721 022b 5F5F7261 		.ascii	"__ram3_init__\000"
 721      6D335F69 
 721      6E69745F 
 721      5F00
 722              	.LASF1:
 723 0239 756E7369 		.ascii	"unsigned char\000"
 723      676E6564 
 723      20636861 
 723      7200
 724              	.LASF56:
 725 0247 5F5F6465 		.ascii	"__default_exit\000"
 725      6661756C 
 725      745F6578 
 725      697400
 726              	.LASF24:
 727 0256 5F5F7261 		.ascii	"__ram2_init_text__\000"
 727      6D325F69 
 727      6E69745F 
 727      74657874 
ARM GAS  C:\Users\ccliu\AppData\Local\Temp\ccOrUKt5.s 			page 16


 727      5F5F00
 728              	.LASF9:
 729 0269 5F5F7569 		.ascii	"__uint32_t\000"
 729      6E743332 
 729      5F7400
 730              	.LASF15:
 731 0274 72616D5F 		.ascii	"ram_init_area_t\000"
 731      696E6974 
 731      5F617265 
 731      615F7400 
 732              	.LASF36:
 733 0284 5F5F7261 		.ascii	"__ram5_init_text__\000"
 733      6D355F69 
 733      6E69745F 
 733      74657874 
 733      5F5F00
 734              	.LASF46:
 735 0297 5F5F7261 		.ascii	"__ram7_clear__\000"
 735      6D375F63 
 735      6C656172 
 735      5F5F00
 736              	.LASF33:
 737 02a6 5F5F7261 		.ascii	"__ram4_init__\000"
 737      6D345F69 
 737      6E69745F 
 737      5F00
 738              	.LASF34:
 739 02b4 5F5F7261 		.ascii	"__ram4_clear__\000"
 739      6D345F63 
 739      6C656172 
 739      5F5F00
 740              	.LASF35:
 741 02c3 5F5F7261 		.ascii	"__ram4_noinit__\000"
 741      6D345F6E 
 741      6F696E69 
 741      745F5F00 
 742              	.LASF8:
 743 02d3 756E7369 		.ascii	"unsigned int\000"
 743      676E6564 
 743      20696E74 
 743      00
 744              	.LASF7:
 745 02e0 6C6F6E67 		.ascii	"long long unsigned int\000"
 745      206C6F6E 
 745      6720756E 
 745      7369676E 
 745      65642069 
 746              	.LASF44:
 747 02f7 5F5F7261 		.ascii	"__ram7_init_text__\000"
 747      6D375F69 
 747      6E69745F 
 747      74657874 
 747      5F5F00
 748              	.LASF50:
 749 030a 5F5F6561 		.ascii	"__early_init\000"
 749      726C795F 
 749      696E6974 
ARM GAS  C:\Users\ccliu\AppData\Local\Temp\ccOrUKt5.s 			page 17


 749      00
 750              	.LASF14:
 751 0317 6E6F5F69 		.ascii	"no_init_area\000"
 751      6E69745F 
 751      61726561 
 751      00
 752              	.LASF53:
 753 0324 2E2E2F2E 		.ascii	"../../chibios216/os/common/startup/ARMCMx/compilers"
 753      2E2F6368 
 753      6962696F 
 753      73323136 
 753      2F6F732F 
 754 0357 2F474343 		.ascii	"/GCC/crt1.c\000"
 754      2F637274 
 754      312E6300 
 755              	.LASF31:
 756 0363 5F5F7261 		.ascii	"__ram3_noinit__\000"
 756      6D335F6E 
 756      6F696E69 
 756      745F5F00 
 757              	.LASF6:
 758 0373 6C6F6E67 		.ascii	"long long int\000"
 758      206C6F6E 
 758      6720696E 
 758      7400
 759              	.LASF27:
 760 0381 5F5F7261 		.ascii	"__ram2_noinit__\000"
 760      6D325F6E 
 760      6F696E69 
 760      745F5F00 
 761              	.LASF20:
 762 0391 5F5F7261 		.ascii	"__ram1_init_text__\000"
 762      6D315F69 
 762      6E69745F 
 762      74657874 
 762      5F5F00
 763              	.LASF26:
 764 03a4 5F5F7261 		.ascii	"__ram2_clear__\000"
 764      6D325F63 
 764      6C656172 
 764      5F5F00
 765              	.LASF32:
 766 03b3 5F5F7261 		.ascii	"__ram4_init_text__\000"
 766      6D345F69 
 766      6E69745F 
 766      74657874 
 766      5F5F00
 767              	.LASF2:
 768 03c6 73686F72 		.ascii	"short int\000"
 768      7420696E 
 768      7400
 769              	.LASF11:
 770 03d0 696E6974 		.ascii	"init_text_area\000"
 770      5F746578 
 770      745F6172 
 770      656100
 771              	.LASF18:
ARM GAS  C:\Users\ccliu\AppData\Local\Temp\ccOrUKt5.s 			page 18


 772 03df 5F5F7261 		.ascii	"__ram0_clear__\000"
 772      6D305F63 
 772      6C656172 
 772      5F5F00
 773              	.LASF10:
 774 03ee 75696E74 		.ascii	"uint32_t\000"
 774      33325F74 
 774      00
 775              	.LASF4:
 776 03f7 6C6F6E67 		.ascii	"long int\000"
 776      20696E74 
 776      00
 777              	.LASF23:
 778 0400 5F5F7261 		.ascii	"__ram1_noinit__\000"
 778      6D315F6E 
 778      6F696E69 
 778      745F5F00 
 779              	.LASF54:
 780 0410 433A5C43 		.ascii	"C:\\ChibiStudio\\workspace_user\\RT-STM32F401RE-NUC"
 780      68696269 
 780      53747564 
 780      696F5C77 
 780      6F726B73 
 781 0440 4C454F36 		.ascii	"LEO64-Shell2\000"
 781      342D5368 
 781      656C6C32 
 781      00
 782              	.LASF0:
 783 044d 7369676E 		.ascii	"signed char\000"
 783      65642063 
 783      68617200 
 784              	.LASF38:
 785 0459 5F5F7261 		.ascii	"__ram5_clear__\000"
 785      6D355F63 
 785      6C656172 
 785      5F5F00
 786              		.text
 787              		.section	.gnu.lto_.inline.f6330bf4,"e",%progbits
 788 0000 789C5BC3 		.ascii	"x\234[\303\200\000\254\014\014\314\015@\300\224\302"
 788      8000AC0C 
 788      0CCC0D40 
 788      C094C2
 789 000f C0C0C404 		.ascii	"\300\300\304\004c\26104\002YuL\014L@%\214\004U0\021"
 789      63B13034 
 789      0259754C 
 789      0C4C4025 
 789      8C045530 
 790 0024 54C10C24 		.ascii	"T\301\014$\301\\\220b\030\013E\005\013\203\010\220\263"
 790      C15C9062 
 790      180B4505 
 790      0B830890 
 790      B3
 791 0035 81291DA8 		.ascii	"\201)\035\250B\005\306BQ\301\000\0003\260&F"
 791      4205C642 
 791      51C10000 
 791      33B02646 
 792              		.text
ARM GAS  C:\Users\ccliu\AppData\Local\Temp\ccOrUKt5.s 			page 19


 793              		.section	.gnu.lto_.jmpfuncs.f6330bf4,"e",%progbits
 794 0000 789C6362 		.ascii	"x\234cb@\006\000\000*\000\003"
 794      40060000 
 794      2A0003
 795              		.text
 796              		.section	.gnu.lto_.lto.f6330bf4,"e",%progbits
 797 0000 09000400 		.ascii	"\011\000\004\000\001\000\000\000"
 797      01000000 
 798              		.text
 799              		.section	.gnu.lto_ram_areas.130.f6330bf4,"e",%progbits
 800 0000 789C5DCF 		.ascii	"x\234]\317\313O\023Q\024\006\360\371z\201\242<E\360"
 800      CB4F1351 
 800      1406F0F9 
 800      7A81A23C 
 800      45F0
 801 0012 59E11FA0 		.ascii	"Y\341\037\240\035[\011\011&\206\230\011\262\241\220"
 801      1D5B0909 
 801      26869809 
 801      B2A190
 802 0021 B475D704 		.ascii	"\264u\327\004qhBcq\232\2316\270\263i\\\270f\255&&]\260"
 802      71684263 
 802      719A9936 
 802      B8B3695C 
 802      B866AD26 
 803 0038 3551A84A 		.ascii	"5Q\250JA\336\370\340\341\013T\020u\241\262\201\260\320"
 803      41DEF8E0 
 803      E10B5410 
 803      75A1B281 
 803      B0D0
 804 004a 84850BA7 		.ascii	"\204\205\013\247\207a&977'7\337\275\347\376r\012B\222"
 804      87612639 
 804      37372737 
 804      DFBDE7FE 
 804      720A4292 
 805 005e 6E4B07EB 		.ascii	"nK\007\353\236\300\035d3\231\177\331G{\017\352\3359"
 805      9EC01D64 
 805      33997FD9 
 805      477B0FEA 
 805      DD39
 806 0070 218D0827 		.ascii	"!\215\010'\335n\246\000N\340\241\300e\007#.\012D1h\313"
 806      DD6EA600 
 806      4EE0A1C0 
 806      6507232E 
 806      0A443168 
 807 0085 DECDD4E6 		.ascii	"\336\315\324\346\004\356\013\011cf\005F\315\352\302"
 807      04EE0B09 
 807      63660546 
 807      CDEAC2
 808 0094 13B30A3C 		.ascii	"\023\263\012<\206\371dX\344\314\300}\330\275\377\367"
 808      86F96458 
 808      E4CCC07D 
 808      D8BDFFF7 
 809 00a4 610DF597 		.ascii	"a\015\365\227p\262\224\223e\234ts\262@\3448\221\317"
 809      70B29493 
 809      659C7473 
 809      B240E438 
 809      91CF
ARM GAS  C:\Users\ccliu\AppData\Local\Temp\ccOrUKt5.s 			page 20


 810 00b6 897CE690 		.ascii	"\211|\346\220e\207\335\371?\026Y\316\311#\234<\312\311"
 810      6587DDF9 
 810      3F1659CE 
 810      C9239C3C 
 810      CAC9
 811 00c8 0A4ECE10 		.ascii	"\012N\316\0209M\344\024\221/\034\262\324\236r\327\""
 811      394DE414 
 811      912F1CB2 
 811      D49E72D7 
 811      22
 812 00d9 2B3959C5 		.ascii	"+9Y\305\311jN\326p\362%\221\213D.\0209\357\220%\366"
 812      C96A4ED6 
 812      70F22591 
 812      8B442E10 
 812      39EF9025 
 813 00ee 943B1659 		.ascii	"\224;\026Y\313\311c\234\254\343\344qN\256\020\271L\344"
 813      CBC9639C 
 813      ACE3E471 
 813      4EAE10B9 
 813      4CE4
 814 0100 12916F1C 		.ascii	"\022\221o\034R\330S\376\266\310zN6p\362\004'Or\362#"
 814      52D853FE 
 814      B6C87A4E 
 814      3670F204 
 814      274F72F2 
 815 0115 911F887C 		.ascii	"\221\037\210|O\344;\207t\331S\376\262\310S\234<\315"
 815      4FE43B87 
 815      74D953FE 
 815      B2C8539C 
 815      3CCD
 816 0127 C9339C3C 		.ascii	"\3113\234<\313\311\015\"\277\020\371\231\310O\260\241"
 816      CBC90D22 
 816      BF10F999 
 816      C84FB0A1 
 817 0137 9F16E4E1 		.ascii	"\237\026\344\341\3209\0165r\250\211C\337\011\372F\320"
 817      D0390E35 
 817      72A88943 
 817      DF09FA46 
 817      D0
 818 0148 16415FE9 		.ascii	"\026A_\351\376Z\316<\372\361\003\010`\023X\007\326\200"
 818      FE5ACE3C 
 818      FAF10308 
 818      60135807 
 818      D680
 819 015a B7C02AF0 		.ascii	"\267\300*\360\032x\005\314\001\263\300$0\001<\005\362"
 819      1A7805CC 
 819      01B3C024 
 819      30013C05 
 819      F2
 820 016b 902E2917 		.ascii	"\220.)\027\243\312@\374z<\234J\367\307\265\350\220\246"
 820      A3CA40FC 
 820      7A3C9C4A 
 820      F7C7B5E8 
 820      90A6
 821 017d DF30927D 		.ascii	"\3370\222}j\2547m\304\364h(\342\015G\202\027\002WZ\316"
 821      6AAC376D 
 821      C4F46828 
ARM GAS  C:\Users\ccliu\AppData\Local\Temp\ccOrUKt5.s 			page 21


 821      E20D4782 
 821      1702575A 
 822 0192 FB431DDE 		.ascii	"\373C\035\336\356\253JWGOk\2137<\020K$\002R\273\317"
 822      EEAB4A57 
 822      474F6B8B 
 822      373C104B 
 822      240252BB 
 823 01a7 279B5B2D 		.ascii	"'\233[-~\240\031\001\177\253\254\031\262\252\015\016"
 823      7EA01901 
 823      7FABAC19 
 823      B2AA0D0E 
 824 01b7 6A376523 		.ascii	"j7e#\325\247\247\322I\371r(\250\004o\025\323d<\021\323"
 824      D5A7A7D2 
 824      49F97228 
 824      A8046F15 
 824      D3643C11 
 825 01cc 0DB95351 		.ascii	"\015\271SQdUO\371}\252\364\037\375\3737+"
 825      64554FF9 
 825      7DAAF41F 
 825      FDFB372B 
 826              		.text
 827              		.section	.gnu.lto___cpu_init.131.f6330bf4,"e",%progbits
 828 0000 789C2B65 		.ascii	"x\234+e``\250\007bE f`f`\2344\261\213\211\341\377\377"
 828      6060A807 
 828      62452066 
 828      6066609C 
 828      34B18B89 
 829 0017 FFF52C4C 		.ascii	"\377\365,L\214\215*\214[\031\301lF\206z&\306z\306\311"
 829      8C8D2A8C 
 829      5B19C16C 
 829      46867A26 
 829      C67AC6C9 
 830 002b CC9A0D0D 		.ascii	"\314\232\015\015\015?Z\037]\270,\321\260\342\000\343"
 830      0D3F5A1F 
 830      5DB82CD1 
 830      B0E200E3 
 831 003b 12660686 		.ascii	"\022f\006\206y\314\0140\300\006\3431\002\361\372K\254"
 831      79CC0C30 
 831      C006E331 
 831      02F1FA4B 
 831      AC
 832 004c 071AFEFC 		.ascii	"\007\032\376\374\357oh\370\373\210q\265*\023\003C?3"
 832      EF6F68F8 
 832      FB8871B5 
 832      2A130343 
 832      3F33
 833 005e C8603090 		.ascii	"\310`0\220\007\252\230\300\314\204\34022|blR\000\233"
 833      07AA98C0 
 833      CC84E032 
 833      327C626C 
 833      52009B
 834 0071 D2CFCC88 		.ascii	"\322\317\314\210\254\214\201\301\326\331*\3069#3)3\270"
 834      AC8C81C1 
 834      D6D92AC6 
 834      39233329 
 834      33B8
 835 0083 A4342533 		.ascii	"\2444%3?\246<\277(\273\270 195\276\2648\265(&(D78\304"
ARM GAS  C:\Users\ccliu\AppData\Local\Temp\ccOrUKt5.s 			page 22


 835      3FA63CBF 
 835      28BBB820 
 835      313935BE 
 835      B438B528 
 836 009d D7D8C8CD 		.ascii	"\327\330\310\315\304\3000\310U\327/\324\331\307\325"
 836      C4C030C8 
 836      55D72FD4 
 836      D9C7D5
 837 00ac DFCC4437 		.ascii	"\337\314D78#5'\307\210\301^OO\037\210\222A\006\344\027"
 837      38233527 
 837      C788C15E 
 837      4F4F1F88 
 837      924106E4 
 838 00c1 1B199AE9 		.ascii	"\033\031\232\351\347\027\353'\347\347\346\346\347\351"
 838      E717EB27 
 838      E7E7E6E6 
 838      E7E9
 839 00cf 17972416 		.ascii	"\027\227$\026\225\224\026\350;\006\371:\373V\200D\013"
 839      959416E8 
 839      3B06F93A 
 839      FB568044 
 839      0B
 840 00e0 3273528B 		.ascii	"2sR\213\212\365\335\235\235\365\223\213J\014\365\222"
 840      8AF5DD9D 
 840      9DF5938B 
 840      4A0CF592 
 841 00f0 19000899 		.ascii	"\031\000\010\231d\177"
 841      647F
 842              		.text
 843              		.section	.gnu.lto___early_init.132.f6330bf4,"e",%progbits
 844 0000 789C2B61 		.ascii	"x\234+a``\250\007bE f`f`\2344\261\213\211\341\377\377"
 844      6060A807 
 844      62452066 
 844      6066609C 
 844      34B18B89 
 845 0017 FFF52C4C 		.ascii	"\377\365,L\214\215*\214[\031\301lF\206z&\306z\306\311"
 845      8C8D2A8C 
 845      5B19C16C 
 845      46867A26 
 845      C67AC6C9 
 846 002b CC9A0D0D 		.ascii	"\314\232\015\015\015?Z\0375\334\224hXq\200q\0113\003"
 846      0D3F5A1F 
 846      35DC9468 
 846      58718071 
 846      093303
 847 003e C33C6606 		.ascii	"\303<f\006\030`\203\361\030\201x\375%\326\003\015\177"
 847      186083F1 
 847      188178FD 
 847      25D6030D 
 847      7F
 848 004f FEF73734 		.ascii	"\376\36774\234]\314h\305\304\300\320\317\0142\027\014"
 848      9C5DCC68 
 848      C5C4C0D0 
 848      CF0C3217 
 848      0C
 849 0060 E4810A26 		.ascii	"\344\201\012&03!\270\214\014\237\030\233\024\300\206"
 849      303321B8 
ARM GAS  C:\Users\ccliu\AppData\Local\Temp\ccOrUKt5.s 			page 23


 849      8C0C9F18 
 849      9B14C086 
 850 0070 F4333322 		.ascii	"\36433\"+c`\260u\266\212q\316\310L\312\014.)M\311\314"
 850      2B6360B0 
 850      75B68A71 
 850      CEC84CCA 
 850      0C2E294D 
 851 0086 8F29CF2F 		.ascii	"\217)\317/\312..HLN\215/-N-\212\011\012\321\015\016"
 851      CA2E2E48 
 851      4C4E8D2F 
 851      2D4E2D8A 
 851      090AD10D 
 852 009b F1353672 		.ascii	"\36156r310\014r\325\365\013u\366q\36573\321\015\316"
 852      3331300C 
 852      72D5F50B 
 852      75F671F5 
 852      3733D10D 
 853 00b0 48CDC931 		.ascii	"H\315\3111b\260\327\323\323\007\242d\220\001\371\305"
 853      62B0D7D3 
 853      D307A264 
 853      9001F9C5 
 854 00c0 468666FA 		.ascii	"F\206f\372\371\305\372\311\371\271\271\371y\372\305"
 854      F9C5FAC9 
 854      F9B9B9F9 
 854      79FAC5
 855 00cf 25894525 		.ascii	"%\211E%\245\005\372\216A\276\316\276\025 \321\202\314"
 855      A505FA8E 
 855      41BECEBE 
 855      1520D182 
 855      CC
 856 00e0 9CD4A262 		.ascii	"\234\324\242b}wgg\375\344\242\022C\275d\006\000\345"
 856      7D776767 
 856      FDE4A212 
 856      43BD6406 
 856      00E5
 857 00f2 C9632F   		.ascii	"\311c/"
 858              		.text
 859              		.section	.gnu.lto___late_init.133.f6330bf4,"e",%progbits
 860 0000 789C2B61 		.ascii	"x\234+a``\250\007bE f`f`\2344\261\213\211\341\377\377"
 860      6060A807 
 860      62452066 
 860      6066609C 
 860      34B18B89 
 861 0017 FFF52C4C 		.ascii	"\377\365,L\214\215*\214[\031\301lF\206z&\306z\306\311"
 861      8C8D2A8C 
 861      5B19C16C 
 861      46867A26 
 861      C67AC6C9 
 862 002b CC9A0D0D 		.ascii	"\314\232\015\015\015?Z\037=\270-\321\260\342\000\343"
 862      0D3F5A1F 
 862      3DB82DD1 
 862      B0E200E3 
 863 003b 12660686 		.ascii	"\022f\006\206y\314\0140\300\006\3431\002\361\372K\254"
 863      79CC0C30 
 863      C006E331 
 863      02F1FA4B 
 863      AC
ARM GAS  C:\Users\ccliu\AppData\Local\Temp\ccOrUKt5.s 			page 24


 864 004c 071AFEFC 		.ascii	"\007\032\376\374\357oh8\272\230\321\222\211\201\241"
 864      EF6F6838 
 864      BA98D192 
 864      8981A1
 865 005b 9F19642E 		.ascii	"\237\031d.\030\310\003\025L`fBp\031\031>16)\200\015"
 865      18C80315 
 865      4C606642 
 865      7019193E 
 865      31362980 
 866 0070 E9676644 		.ascii	"\351gfDV\306\300`\353l\025\343\234\221\231\224\031\\"
 866      56C6C060 
 866      EB6C15E3 
 866      9C919994 
 866      195C
 867 0082 529A9299 		.ascii	"R\232\222\231\037S\236_\224]\\\220\230\234\032_Z\234"
 867      1F539E5F 
 867      945D5C90 
 867      989C1A5F 
 867      5A9C
 868 0094 5A141314 		.ascii	"Z\024\023\024\242\033\034\342kl\344fb`\030\344\252\353"
 868      A21B1CE2 
 868      6B6CE466 
 868      626018E4 
 868      AAEB
 869 00a6 17EAECE3 		.ascii	"\027\352\354\343\352of\242\033\234\221\232\223c\304"
 869      EA6F66A2 
 869      1B9C919A 
 869      9363C4
 870 00b5 60AFA7A7 		.ascii	"`\257\247\247\017D\311 \003\362\213\215\014\315\364"
 870      0F44C920 
 870      03F28B8D 
 870      0CCDF4
 871 00c4 F38BF593 		.ascii	"\363\213\365\223\363ss\363\363\364\213K\022\213JJ\013"
 871      F37373F3 
 871      F3F48B4B 
 871      128B4A4A 
 871      0B
 872 00d5 F41D837C 		.ascii	"\364\035\203|\235}+@\242\005\2319\251E\305\372\356\316"
 872      9D7D2B40 
 872      A2059939 
 872      A945C5FA 
 872      EECE
 873 00e7 CEFAC945 		.ascii	"\316\372\311E%\206z\311\014\0008\310c\210"
 873      25867AC9 
 873      0C0038C8 
 873      6388
 874              		.text
 875              		.section	.gnu.lto___default_exit.134.f6330bf4,"e",%progbits
 876 0000 789CCB61 		.ascii	"x\234\313a``\250\007b# f`f`\2344\261\213\211\341\377"
 876      6060A807 
 876      62232066 
 876      6066609C 
 876      34B18B89 
 877 0016 FFFFF52C 		.ascii	"\377\377\365,L \366\367\365\233X\030\2672\202\005\030"
 877      4C20F6F7 
 877      F59B5818 
 877      B7328205 
ARM GAS  C:\Users\ccliu\AppData\Local\Temp\ccOrUKt5.s 			page 25


 877      18
 878 0027 19EA9918 		.ascii	"\031\352\231\030\353\231\230\030\020`2\263fCC\303\217"
 878      EB999818 
 878      106032B3 
 878      664343C3 
 878      8F
 879 0038 D6471BEE 		.ascii	"\326G\033\356K4\2548\300\270\204\231\201a\0363\\\232"
 879      4B34AC38 
 879      C0B88499 
 879      81611E33 
 879      5C9A
 880 004a 0DC66304 		.ascii	"\015\306c\004\342\365\227X\0174\374\371\337\337\320"
 880      E2F59758 
 880      0F34FCF9 
 880      DFDFD0
 881 0059 70F73163 		.ascii	"p\3671c\207:P\250\237\031d\023\030\310\203\271L\010"
 881      873A50A8 
 881      9F196413 
 881      18C883B9 
 881      4C08
 882 006b 2E23633F 		.ascii	".#c?3#\262,\003\203\255\263U\214sFfRfpIiJf~Ly~QvqAb"
 882      3323B22C 
 882      0383ADB3 
 882      558C7346 
 882      66526670 
 883 008c 726A7C69 		.ascii	"rj|iqjQLP\210np\210\257\261\221\233\211\201a\220\253"
 883      716A514C 
 883      50886E70 
 883      88AFB191 
 883      9B898161 
 884 00a2 AE5FA8B3 		.ascii	"\256_\250\263\217\253\277\231\211npFjN\216\021\203\275"
 884      8FABBF99 
 884      896E7046 
 884      6A4E8E11 
 884      83BD
 885 00b4 9E9E3E10 		.ascii	"\236\236>\020%\203\014\310/624\323\317/\326O\316\317"
 885      25830CC8 
 885      2F363234 
 885      D3CF2FD6 
 885      4FCECF
 886 00c7 CDCDCFD3 		.ascii	"\315\315\317\323/.I,*)-\320w\014\362u\366\255\000\211"
 886      2F2E492C 
 886      2A292DD0 
 886      770CF275 
 886      F6AD0089 
 887 00db 1664E6A4 		.ascii	"\026d\346\244\026\025\353\273;;\353'\027\225\030\352"
 887      1615EBBB 
 887      3B3BEB27 
 887      179518EA 
 888 00eb 25330000 		.ascii	"%3\000\000i\223f\004"
 888      69936604 
 889              		.text
 890              		.section	.gnu.lto___init_ram_areas.135.f6330bf4,"e",%progbits
 891 0000 789C7D54 		.ascii	"x\234}TKhSi\024\376\317=\367\225\224\306\226V\306\215"
 891      4B685369 
 891      14FECF3D 
 891      F79594C6 
ARM GAS  C:\Users\ccliu\AppData\Local\Temp\ccOrUKt5.s 			page 26


 891      9656C68D 
 892 0014 A8A80B17 		.ascii	"\250\250\013\027m\332\370@\007D\206\340ca\025Z\335\025"
 892      6DDAF840 
 892      074486E0 
 892      6361155A 
 892      DD15
 893 0026 B493062C 		.ascii	"\264\223\006,V\023\222\024]\210^5\266L\2046\251\026"
 893      56139214 
 893      5D885E35 
 893      B64C8436 
 893      A916
 894 0038 ADA88B6B 		.ascii	"\255\250\213k\220\200\340\023\037U\333f\3500\016\314"
 894      9080E013 
 894      1F55DB66 
 894      E8300ECC 
 895 0048 42F1B112 		.ascii	"B\361\261\022D\335\370XT\321\031\353\253\215\347\374"
 895      44DDF858 
 895      54D119EB 
 895      AB8DE7FC 
 896 0058 F7D6C68C 		.ascii	"\367\326\306\214\343%\371s\336\347\373\316\371ov\253"
 896      E325F973 
 896      DEE7FBCE 
 896      F96F76AB 
 897 0068 42F40B21 		.ascii	"B\364\013!\356\320W\224\011\350\315\244\024Q(\024\366"
 897      EED05794 
 897      09E8CDA4 
 897      14512814 
 897      F6
 898 0079 A80A1CCA 		.ascii	"\250\012\034\312x\245\204\320\227I\275\032\272\242\302"
 898      78A584D0 
 898      9749BD1A 
 898      BAA2C2
 899 0088 104883CA 		.ascii	"\020H\203\312\0067LS\222\231\203\312\244\2473\343\223"
 899      06374C53 
 899      929983CA 
 899      A4A733E3 
 899      93
 900 0099 BF3A1CED 		.ascii	"\277:\034\355\265/|6\244b\2602\307\0117\225\256\242"
 900      B52F7C36 
 900      A462B032 
 900      C7093795 
 900      AEA2
 901 00ab F0FEF453 		.ascii	"\360\376\364SG\360(\373\331<\340h\307&\315^\330{\374"
 901      47F028FB 
 901      D93CE068 
 901      C726CD5E 
 901      D87BFC
 902 00be 940302C4 		.ascii	"\224\003\002\304\036\005UM7L\217\027\010\223\230z\264"
 902      1E05554D 
 902      374C8F17 
 902      0893987A 
 902      B4
 903 00cf 22D92C92 		.ascii	"\"\331,\222\017\341\002\313\262\336\037x\232\3774\303"
 903      0FE102CB 
 903      B2DE1F78 
 903      9AFF34C3 
 904 00df CAE5214B 		.ascii	"\312\345!KI'\247\022\217#\364b\026\001TWR`6Ih\001\273"
ARM GAS  C:\Users\ccliu\AppData\Local\Temp\ccOrUKt5.s 			page 27


 904      4927A712 
 904      8F23F462 
 904      16015457 
 904      52603649 
 905 00f6 E6E72DEB 		.ascii	"\346\347-\353\365\243[\335\276\364^3\213\010W\201R\341"
 905      F5A35BDD 
 905      BEF45E33 
 905      8B085781 
 905      52E1
 906 0108 0AC065E0 		.ascii	"\012\300e\340\344$\214\253\272\200k\340T\004N\354\233"
 906      E4248CAB 
 906      BA806BE0 
 906      54044EEC 
 906      9B
 907 0119 4A7CF9AC 		.ascii	"J|\371\254\313IT\341zib\237\306\301G\276\006\237\177"
 907      CB4954E1 
 907      7A69629F 
 907      C6C147BE 
 907      069F7F
 908 012c D1D56555 		.ascii	"\321\325eU$gs\360\315\322\340\224F]\006\001n\200\240"
 908      246773F0 
 908      CDD2E094 
 908      465D0601 
 908      6E80A0
 909 013f E990E137 		.ascii	"\351\220\3417\215<H\215\035\353\271\273Z\336\372\\\350"
 909      8D3C488D 
 909      1DEBB9BB 
 909      5ADEFA5C 
 909      E8
 910 0150 B1AC67CB 		.ascii	"\261\254g\313\007iV\323AdQS\350\240\021\321\2412F\215"
 910      076956D3 
 910      41645153 
 910      E8A011D1 
 910      A132468D 
 911 0164 4B509D1B 		.ascii	"KP\235\033`\360Q\306\266r\266\371X\235\306j%KU|T\263"
 911      60F051C6 
 911      B672B6F9 
 911      589DC66A 
 911      254B557C 
 912 017a 43881EE4 		.ascii	"C\210\036\344\205\311g\026\251iT\246T\020\243\260\357"
 912      85C96716 
 912      A96954A6 
 912      5410A3B0 
 912      EF
 913 018b 706A6C30 		.ascii	"pjl0ac\231;<]\362I\202Nb\016\345tO\203\232E\003\362"
 913      6163993B 
 913      3C5DF249 
 913      824E620E 
 913      E5744F83 
 914 01a3 00C38CBC 		.ascii	"\000\303\214\274\323\262r\3638\360w\311-\215XR\361\346"
 914      D3B272F3 
 914      38F077C9 
 914      2D8D5852 
 914      F1E6
 915 01b5 877FDECE 		.ascii	"\207\177\336\316\245\253ac\271[\024\301\251Ck|\376S"
 915      A5AB6163 
 915      B95B14C1 
ARM GAS  C:\Users\ccliu\AppData\Local\Temp\ccOrUKt5.s 			page 28


 915      A9436B7C 
 915      FE53
 916 01c7 164D9B46 		.ascii	"\026M\233F4\002\242.iY4[\017\374\001'\344>9y\340\337"
 916      3402A22E 
 916      6959345B 
 916      0FFC0127 
 916      E43E3979 
 917 01dd B768A36F 		.ascii	"\267h\243o2>\367\275\370?)^6\377\010*AWF?=\367\320X"
 917      323EF7BD 
 917      F83F295E 
 917      36FF082A 
 917      4157463F 
 918 01f5 6D9CE6E9 		.ascii	"m\234\346\351\316<1\2517\301RK`\035=86\264\324Fp1\321"
 918      CE3C31A9 
 918      37C1524B 
 918      601D3D38 
 918      36B4D446 
 919 020c 4D940DA8 		.ascii	"M\224\015\250\240\327F\015\376\002\331\377u\352\201"
 919      A0D7460D 
 919      FE02D9FF 
 919      75EA81
 920 021b 0B14A543 		.ascii	"\013\024\245Cg\007e\221o\377\305\316\302P\235\215Ul"
 920      67076591 
 920      6FFFC5CE 
 920      C2509D8D 
 920      556C
 921 022d BDEC5A6E 		.ascii	"\275\354Zn\015\007l\254\346\002r\325i\324\3763\215w"
 921      0D076CAC 
 921      E60272D5 
 921      69D4FE33 
 921      8D77
 922 023f 97341B95 		.ascii	"\2274\033\225IB\346w\370\374M|\024\312~\001\311\207"
 922      4942E677 
 922      F8FC4D7C 
 922      14CA7E01 
 922      C987
 923 0251 23DBA9BC 		.ascii	"#\333\251\274-U\242G\231\345xr|\027\365P\273\013\255"
 923      2D55A247 
 923      99E57872 
 923      7C17F550 
 923      BB0BAD
 924 0264 1F815C3E 		.ascii	"\037\201\\><\313\206*ub|3\355W/n\230F\243\244\377\233"
 924      3CCB862A 
 924      75627C33 
 924      ED572F6E 
 924      9846A3A4 
 925 027a F713A7B0 		.ascii	"\367\023\247\260\230\221\301\214x\002^\311\2308\214"
 925      9891C18C 
 925      78025EC9 
 925      98388C
 926 0289 0D13AB4A 		.ascii	"\015\023\253J\366\270\034\314R\016\003\023\314\001\177"
 926      F6B81CCC 
 926      520E0313 
 926      CC017F
 927 0298 C4E13671 		.ascii	"\304\3416q\300\"\016\206-U\342@\222\256\2534\304Jc\264"
 927      C0220E86 
 927      2D55E240 
ARM GAS  C:\Users\ccliu\AppData\Local\Temp\ccOrUKt5.s 			page 29


 927      92AEAB34 
 927      C44A63B4 
 928 02ac F0D8DD8E 		.ascii	"\360\330\335\216\347\333\026\204bd\015\355\217\252:"
 928      E7DB1684 
 928      62640DED 
 928      8FAA3A
 929 02bb 2F738553 		.ascii	"/s\205S\350L\266\312Y\254\273\26520\377\347z\336\223"
 929      E84CB6CA 
 929      59ACBBB5 
 929      3230FFE7 
 929      7ADE93
 930 02ce D793F400 		.ascii	"\327\223\364\000!\312\315$\204p\037\340.\310\327\217"
 930      21CACD24 
 930      84701FE0 
 930      2EC8D78F 
 931 02de EF6C35DF 		.ascii	"\357l5\337\303\007\340\374i\244\321[\014\340\015\354"
 931      C307E0FC 
 931      69A4D15B 
 931      0CE00DEC 
 932 02ee 7BDCDF28 		.ascii	"{\334\337(==\010\305/\214\020\313\203?7\007\267\264"
 932      3D3D08C5 
 932      2F8C10CB 
 932      833F3707 
 932      B7B4
 933 0300 FDDAD694 		.ascii	"\375\332\326\224\350hm\2134\357\210\304\266\306\243"
 933      E8686D8B 
 933      34EF88C4 
 933      B6C6A3
 934 030f 2DA1F0A6 		.ascii	"-\241\360\246\216x8\326\334\270\241\246iC\303\302\300"
 934      8E7838D6 
 934      DCB8A1A6 
 934      6943C3C2 
 934      C0
 935 0320 AA4575F5 		.ascii	"\252Eu\365\215+k\326m\014\256]\271~\311\242\232\246"
 935      8D2B6BD6 
 935      6D0CAE5D 
 935      B97EC9A2 
 935      9AA6
 936 0332 2DE1F6F6 		.ascii	"-\341\366\366\200XQ[\353\247O\210\013D\342\201\372%"
 936      8058515B 
 936      EBA74F88 
 936      0B44E281 
 936      FA25
 937 0344 FE48DC1F 		.ascii	"\376H\334\037\212l\333\026\331\356\217'Zb\211\216\250"
 937      8A6CDB16 
 937      D9EE8F27 
 937      5A62898E 
 937      A8
 938 0355 FF97C686 		.ascii	"\377\227\306\206`\303N\266F\333\332\303\261\270\177"
 938      60C34EB6 
 938      46DBDAC3 
 938      B1B87F
 939 0364 7530E80F 		.ascii	"u0\350\017\305\022\365\265!\201\261\226h\205#\327.\016"
 939      C512F5B5 
 939      2181B196 
 939      688523D7 
 939      2E0E
ARM GAS  C:\Users\ccliu\AppData\Local\Temp\ccOrUKt5.s 			page 30


 940 0376 0702CB96 		.ascii	"\007\002\313\226.n\025\020U\022\321/\222\350\367\026"
 940      2E6E1510 
 940      5512D12F 
 940      92E8F716 
 941              		.text
 942              		.section	.gnu.lto_.symbol_nodes.f6330bf4,"e",%progbits
 943 0000 789C7DCA 		.ascii	"x\234}\312WR\002Q\024E\321\273;\210b\000\304\000\030"
 943      57520251 
 943      1445D1BB 
 943      3B886200 
 943      C40018
 944 0013 9AB138B1 		.ascii	"\232\2618\261W\200\202J\260\005\314JP\301_G\340\020"
 944      5780824A 
 944      B005CC4A 
 944      50C15F47 
 944      E010
 945 0025 9C92DAA7 		.ascii	"\234\222\332\247\374~\367gU\335\263?1\263\240\205\263"
 945      FC7EF767 
 945      55DDB33F 
 945      31B3A085 
 945      B3
 946 0036 9FFF4B48 		.ascii	"\237\377KH\277\315\234\331W\243\201e\363_p\212\303\033"
 946      BFCD9CD9 
 946      57A38165 
 946      F35F708A 
 946      C31B
 947 0048 9CE1026F 		.ascii	"\234\341\002o\320\306\205\336\240\203\213|A\334\304"
 947      D0C685DE 
 947      A0838B7C 
 947      41DCC4
 948 0057 DA276661 		.ascii	"\332'fa|\016\365\354qA /\011e\227H\366\210e\237\025"
 948      7C0EF5EC 
 948      7141202F 
 948      09659748 
 948      F688659F 
 949 006c 392027AF 		.ascii	"9 '\257X\225)k\362\232\274\034\262.Gl\3101\233\362\206"
 949      5895296B 
 949      F29ABC1C 
 949      B22E476C 
 949      C8319BF2 
 950 0081 2D794B41 		.ascii	"-yKA\336Q\224\367\224\344\003\333\362\221\262|bG>\263"
 950      DE5194F7 
 950      94E403DB 
 950      F291B27C 
 950      62473EB3 
 951 0095 2B5FD893 		.ascii	"+_\330\223\023\366\345\224\212\234Q\225sj\362\225\003"
 951      13F6E594 
 951      8A9C5195 
 951      736AF295 
 951      03
 952 00a6 F9C6A17C 		.ascii	"\371\306\241|\347H.8\226K\022\371A=\323~\0018\253[\205"
 952      E7482E38 
 952      964B12F9 
 952      413DD37E 
 952      0138AB5B 
 953              		.text
 954              		.section	.gnu.lto_.refs.f6330bf4,"e",%progbits
ARM GAS  C:\Users\ccliu\AppData\Local\Temp\ccOrUKt5.s 			page 31


 955 0000 789C05C1 		.ascii	"x\234\005\301\207\025\202@\024\000\260o\236\207\015"
 955      87158240 
 955      1400B06F 
 955      9E870D
 956 000f 6C281DA5 		.ascii	"l(\035\245\3508\356\277\216\311/\"l\245MHeLIfg\357\340"
 956      E838EEBF 
 956      8EC92F22 
 956      6CA54D48 
 956      654C4966 
 957 0026 E8245738 		.ascii	"\350$W8\273\270\272\271+=<Uj\215V\2477\030\275\274M"
 957      BBB8BAB9 
 957      2B3D3C55 
 957      6A8D56A7 
 957      3718BDBC 
 958 003b 668BD5C7 		.ascii	"f\213\325\3077\376y^\003\213"
 958      37FE795E 
 958      038B
 959              		.text
 960              		.section	.gnu.lto_.decls.f6330bf4,"e",%progbits
 961 0000 789CA596 		.ascii	"x\234\245\226mPT\327\035\306\317\377\236\273\354\356"
 961      6D5054D7 
 961      1DC6CFFF 
 961      9EBBECEE 
 962 0010 6511AA38 		.ascii	"e\021\2528N\307\251!\211\026\332T\011\313[\333\231\266"
 962      4EC7A921 
 962      8916DA54 
 962      09CB5BDB 
 962      99B6
 963 0022 7498980F 		.ascii	"t\230\230\017\251&\243\311\227\324\231;\224\335\216"
 963      A926A3C9 
 963      97D4993B 
 963      94DD8E
 964 0031 4C807576 		.ascii	"L\200uv\227\304~\350\314\025y\223\000E\245q\215\306"
 964      97C47EE8 
 964      CC157993 
 964      0045A571 
 964      8DC6
 965 0043 A1EA28BE 		.ascii	"\241\352(\276\264b#\006\014Q\004\3245\276D\324(Vc\024"
 965      B4622306 
 965      0C5104D4 
 965      35BE44D4 
 965      28566314 
 966 0057 1557C188 		.ascii	"\025W\301\210\204\250(J\377\347\354ew\317]>t\246wxv"
 966      84A8284A 
 966      FFE7EC65 
 966      77CF5D3E 
 966      74A67778 
 967 006c EFCBEF79 		.ascii	"\357\313\357y\356s\377\367\356.;l\204\254\243\204\224"
 967      EE73FFF7 
 967      EE2E3B6C 
 967      84ACA384 
 967      94
 968 007d 49848CE3 		.ascii	"I\204\214\343b&\204\364\220\360bB\035D\035Fu\243\216"
 968      622684F4 
 968      90F06242 
 968      1D441D46 
 968      75A38E
ARM GAS  C:\Users\ccliu\AppData\Local\Temp\ccOrUKt5.s 			page 32


 969 0090 A34EA05E 		.ascii	"\243N\240^D\335A\015\240\356\241\356\243\036\240\276"
 969      44DD410D 
 969      A0EEA1EE 
 969      A31EA0BE 
 970 00a0 47FD807A 		.ascii	"G\375\200z\204\032E=E=C\215\243\000\010\241(\023\312"
 970      841A453D 
 970      453D438D 
 970      A30008A1 
 970      2813CA
 971 00b3 8CB2A262 		.ascii	"\214\262\242bQq\250x\324\217P\323P\323Q3P?F\315D\375"
 971      5171A878 
 971      D48F50D3 
 971      50D35133 
 971      503F46CD 
 972 00c9 04F502EA 		.ascii	"\004\365\002\352E\324\313\2509\250d\324\317\200\010"
 972      45D4CBA8 
 972      39A864D4 
 972      CF8008
 973 00d8 CB39DC96 		.ascii	"\3139\334\226\361\375\022\3526*\021\025 \301}\327Q}"
 973      F1FD12EA 
 973      362A1115 
 973      20C17DD7 
 973      517D
 974 00ea A86F5137 		.ascii	"\250oQ7t>\211\0043\222\365\314\227\365s\274\240\237"
 974      743E8904 
 974      3392F5CC 
 974      97F573BC 
 974      A09F
 975 00fc 73A6DE61 		.ascii	"s\246\336a\206\336i\232\3361^\357\034\253_\203Y\277"
 975      86DE699A 
 975      DE315EEF 
 975      1CAB5F83 
 975      59BF
 976 010e 26766DEC 		.ascii	"&vm\354\032\307\365k~\252\317\340\221>\223\357\365\031"
 976      1AC7F56B 
 976      7EAACFE0 
 976      913E93EF 
 976      F519
 977 0120 DDD76736 		.ascii	"\335\327g6 \326'\177e~|_\252o\203>{\343\262r\022\356"
 977      20D6277F 
 977      657E7C5F 
 977      AA6F833E 
 977      7BE3B272 
 978 0136 F024DCAA 		.ascii	"\360$\334\252I\270\356I\270\265\223p\307'\341\326\341"
 978      49B8EE49 
 978      B8B59370 
 978      C727E1D6 
 978      E1
 979 0147 019BCE4D 		.ascii	"\001\233\316M%\301\371\376\034\202\363NF\275\002\301"
 979      25C1F9FE 
 979      1C82F34E 
 979      46BD02C1 
 980 0157 79B3D9FF 		.ascii	"y\263\331\377\002\327{\361\375]2\371\374\3319N\350\357"
 980      02D77BF1 
 980      FD5D32F9 
 980      FCD9394E 
 980      E8EF
ARM GAS  C:\Users\ccliu\AppData\Local\Temp\ccOrUKt5.s 			page 33


 981 0169 770CE7D9 		.ascii	"w\014\347\331@\245[\347\257\036Sn\005\357\257\354\000"
 981      40A55BE7 
 981      AF1E536E 
 981      05EFAFEC 
 981      00
 982 017a 80DE2C7C 		.ascii	"\200\336,|Q\310\273\224$j\222&\3058\250\244P\205:\024"
 982      51C8BB94 
 982      246A9226 
 982      C538A8A4 
 982      50853A14 
 983 018e 3FCC4A19 		.ascii	"?\314J\031\2419\026)%^\2614uA\202b\262HR\300\354PR\236"
 983      A1391629 
 983      255EB134 
 983      75418262 
 983      B24852C0 
 984 01a6 C06EA931 		.ascii	"\300n\2511&)G\223\0355\323\003fM\252_\230\230\236\203"
 984      26294793 
 984      1D35D303 
 984      664DAA5F 
 984      98989E83 
 985 01ba AF01B31F 		.ascii	"\257\001\263\037\034\350zK\266$\340Z\300\254\214\320"
 985      1CE87A4B 
 985      B624E05A 
 985      C0AC8CD0 
 986 01ca C6DA18C7 		.ascii	"\306\332\030\307)\251*\031\374\2408\354\211\232\246"
 986      29A92A19 
 986      FCA038EC 
 986      899AA6
 987 01d9 E5582CB3 		.ascii	"\345X,\263\342;i'\235O\210\305\322\374\257\351J\300"
 987      E23B6927 
 987      9D4F88C5 
 987      D2FCAFE9 
 987      4AC0
 988 01eb 1C8F1129 		.ascii	"\034\217\021)\216\244\004GR\274\037L\016\207\222\230"
 988      8EA40447 
 988      52BC1F4C 
 988      0E879298 
 989 01fb 42B084C3 		.ascii	"B\260\204\303n\317\221\024L\226-~\260S\260\331\265\353"
 989      6ECF9114 
 989      4C962D7E 
 989      B053B0D9 
 989      B5EB
 990 020d 03331493 		.ascii	"\0033\024\223b\235\225\224B\210\203\314\2270\227\216"
 990      629D9594 
 990      428883CC 
 990      9730978E 
 991 021d 4F2C60C6 		.ascii	"O,`\306s:\302\233\000)\212d\227\350\033\001\374\374"
 991      733AC29B 
 991      00298A64 
 991      97E81B01 
 991      FCFC
 992 022f 49521221 		.ascii	"IR\022!\232l\261\331@\3037\253\372\206\343-\273B\002"
 992      9A6CB1D9 
 992      40C337AB 
 992      FA86E32D 
 992      BB4202
 993 0242 66090F25 		.ascii	"f\011\017%\312\240I\020v*18B)t\337\200\010\237\011\266"
ARM GAS  C:\Users\ccliu\AppData\Local\Temp\ccOrUKt5.s 			page 34


 993      CAA04910 
 993      762A3138 
 993      422974DF 
 993      80089F09 
 994 0257 116649F8 		.ascii	"\021fI\370\270\004\023\207\203\234\341\223\244g\361"
 994      B8041387 
 994      839CE193 
 994      A467F1
 995 0266 FD10CA9F 		.ascii	"\375\020\312\2370\204m\021\341`\260\003[\330k\244!\334"
 995      30846D11 
 995      E160B003 
 995      5BD86BA4 
 995      21DC
 996 0278 31747E29 		.ascii	"1t~)T\013\302\210\2418O\201\211B\321\013\235xl\016\257"
 996      540BC288 
 996      A1384F81 
 996      8942D10B 
 996      9D786C0E 
 997 028d BD5C69EA 		.ascii	"\275\\i\352\307\261i\276D\230^\237C\200\316$\364\247"
 997      C7B169BE 
 997      44985E9F 
 997      4380CE24 
 997      F4A7
 998 029f EC50F3C6 		.ascii	"\354P\363\306\261\036\013>\211\360\031\373\244\276B"
 998      B11E0B3E 
 998      89F019FB 
 998      A4BE42
 999 02ae 5235BE74 		.ascii	"R5\276t\276O\240-\030\352\211]Ca*H\370\232\010\011h"
 999      BE4FA02D 
 999      18EA895D 
 999      43612A48 
 999      F89A0809 
 1000 02c3 A9FCBCEE 		.ascii	"\251\374\274\356\2042\003\241AMK\204\245\320\016\360"
 1000      843203A1 
 1000      414D4B84 
 1000      A5D00EF0 
 1001 02d3 39EBF005 		.ascii	"9\353\360\005Vq\361\363\235\353\011\224\231^\362\325"
 1001      5671F1F3 
 1001      9DEB0994 
 1001      995EF2D5 
 1002 02e3 6B8FD757 		.ascii	"k\217\327W\037\331\222\334\327\252i\345\245\232fa\014"
 1002      1FD992DC 
 1002      D7AA69E5 
 1002      A59A6661 
 1002      0C
 1003 02f4 EC0738C0 		.ascii	"\354\0078\300\360V\304\367\243Z\000\366\201\347\220"
 1003      F056C4F7 
 1003      A35A00F6 
 1003      81E790
 1004 0303 89964A51 		.ascii	"\211\226JQ\205p{]\331\207\365<\253\331_^\251%\224\256"
 1004      85707B5D 
 1004      D987F53C 
 1004      ABD95F5E 
 1004      A92594AE 
 1005 0317 C09BCF62 		.ascii	"\300\233\317b\016\3511\035\030q(\024\363\231\211\376"
 1005      0EE9311D 
 1005      18712814 
ARM GAS  C:\Users\ccliu\AppData\Local\Temp\ccOrUKt5.s 			page 35


 1005      F39989FE 
 1006 0327 6DD2987F 		.ascii	"m\322\230\177\373\356\255\210\3431W\205\230N=\246\013"
 1006      FBEEAD88 
 1006      E3315785 
 1006      984E3DA6 
 1006      0B
 1007 0338 233A4331 		.ascii	"#:C1{Lt\203D\350N\036u'p\376r<\213:\032\214\272\261"
 1007      7B4C7483 
 1007      44E84E1E 
 1007      752770FE 
 1007      723C8B3A 
 1008 0350 AAA7DDAA 		.ascii	"\252\247\335\252G\3031\300=_o_\365\017\372R+\206?\025"
 1008      47C331C0 
 1008      3D5F6F5F 
 1008      F50FFA52 
 1008      2B863F15 
 1009 0364 C28FE8E1 		.ascii	"\302\217\350\341~\004\217\204\302\267\233\350\247<\370"
 1009      7E048F84 
 1009      C2B79BE8 
 1009      A73CF8
 1010 0373 E0857D6B 		.ascii	"\340\205}ke\336\351J%\263i\272\355\313\240\015\215_"
 1010      65DEE94A 
 1010      25B369BA 
 1010      EDCBA00D 
 1010      8D5F
 1011 0385 864C0F64 		.ascii	"\206L\017d\332-\021~'4\340\267B\263\360-3\177\225\371"
 1011      DA2D117E 
 1011      2734E0B7 
 1011      42B3F02D 
 1011      337F95F9 
 1012 0399 AE240C6D 		.ascii	"\256$\014m\273P\373E\254\202QCZG\231\025\017\365\000"
 1012      BB50FB45 
 1012      AC825143 
 1012      5A479915 
 1012      0FF500
 1013 03ac 9C6125CE 		.ascii	"\234a%\316bV*|\005\234\267\320\323<-\231\177f\342\371"
 1013      62562A7C 
 1013      059CB7D0 
 1013      D33C2D99 
 1013      7F66E2F9 
 1014 03c0 1AA19778 		.ascii	"\032\241\227x\255\301#wN\306)\035z\002\321\003\340\""
 1014      ADC12377 
 1014      4EC6291D 
 1014      7A02D103 
 1014      E022
 1015 03d2 207300E0 		.ascii	" s\000\340\002\300\327\354\242\017\214}5\034c\343Xc"
 1015      02C0D7EC 
 1015      A20F8C7D 
 1015      351C63E3 
 1015      5863
 1016 03e4 A70CBD10 		.ascii	"\247\014\275\020:\323%\366(\365\341\374\006\365\306"
 1016      3AD325F6 
 1016      28F5E1FC 
 1016      06F5C6
 1017 03f3 09C1C240 		.ascii	"\011\301\302@\237\262\023(\215\033.\036\243\263\247"
 1017      9FB21328 
 1017      8D1B2E1E 
ARM GAS  C:\Users\ccliu\AppData\Local\Temp\ccOrUKt5.s 			page 36


 1017      A3B3A7
 1018 0402 CD9E3D9B 		.ascii	"\315\236=\233\271\307F\226\371;\000Mp\036\340Z8\205"
 1018      B9C74696 
 1018      F93B004D 
 1018      701EE05A 
 1018      3885
 1019 0414 FD6C411A 		.ascii	"\375lA\032\301+)\323\264\016\231\3007\000W\330\276k"
 1019      C12B29D3 
 1019      B40E99C0 
 1019      370057D8 
 1019      BE6B
 1020 0426 6C3C701D 		.ascii	"l<p\035\240\017\340[\200\033lT\030\324\374\004\0373"
 1020      A00FE05B 
 1020      801B6C54 
 1020      18D4FC04 
 1020      1F33
 1021 0438 AB8D055D 		.ascii	"\253\215\005]\026\202Ry\016#\236\206\210\377D\021=\300"
 1021      16825279 
 1021      0E239E86 
 1021      88FF4411 
 1021      3DC0
 1022 044a 916721E4 		.ascii	"\221g!\344jt\033dh\025e3\272Y\321u\326<\315\330\015"
 1022      6A741B64 
 1022      68156533 
 1022      BA59D175 
 1022      D63CCDD8 
 1023 045f 6EC2A4ED 		.ascii	"n\302\244\355\320p{\177\347%\313\324\240\241Q\202[\000"
 1023      D0707B7F 
 1023      E725CBD4 
 1023      A0A15182 
 1023      5B00
 1024 0471 A7014EB1 		.ascii	"\247\001N\261\320~\340\367\206A\375\335{\353e\236\332"
 1024      D07EE0F7 
 1024      8641FDDD 
 1024      7BEB659E 
 1024      DA
 1025 0482 F1BFA53E 		.ascii	"\361\277\245>\337\265\372\274\034N\275\035\235:\247"
 1025      DFB5FABC 
 1025      1C4EBD1D 
 1025      9D3AA7
 1026 0491 A15E1B3A 		.ascii	"\241^\033:\336\365f=@\000\340$\217\231`p\253\330sK\246"
 1026      DEF5663D 
 1026      4000E024 
 1026      8F996070 
 1026      ABD8734B 
 1027 04a6 3E7E4915 		.ascii	">~I\025\217\033N\231\346\364\342\035\251\335R]\247\001"
 1027      8F1B4E99 
 1027      E6F4E21D 
 1027      A9DD525D 
 1027      A701
 1028 04b8 3AF09EDE 		.ascii	":\360\236\336\345\216\211)\334\005\3429\003t\0277\254"
 1028      E58E8929 
 1028      DC05E239 
 1028      03741737 
 1028      AC
 1029 04c9 6F7958AB 		.ascii	"oyX\2530\303\231S\255\032{P\020\037\024\360A\304\257"
 1029      30C39953 
ARM GAS  C:\Users\ccliu\AppData\Local\Temp\ccOrUKt5.s 			page 37


 1029      AD1A7B50 
 1029      101F14F0 
 1029      41C4AF
 1030 04dc 006DE3F8 		.ascii	"\000m\343\3707}\376\3628\216\017\206\360\357\004\374"
 1030      377DFEF2 
 1030      388E0F86 
 1030      F0EF04FC 
 1031 04ec 3BC40340 		.ascii	";\304\003@\375\034\277\263ft\320\312\361\232\225\225"
 1031      FD1CBFB3 
 1031      6674D0CA 
 1031      F19A9595 
 1032 04fc 1D09FC01 		.ascii	"\035\011\374\001\033\022\360!\304G\200\366r\334?\320"
 1032      1B12F021 
 1032      C44780F6 
 1032      72DC3FD0 
 1033 050c 7D3496B7 		.ascii	"}4\226\267\367E\264\037\026\014\303h\320$:\300\015\177"
 1033      F745B41F 
 1033      160CC368 
 1033      D0243AC0 
 1033      0D7F
 1034 051e FF61E533 		.ascii	"\377a\3453jh?\"\340#\210\327Ht\224\343;\253\353\216"
 1034      6A683F22 
 1034      E02388D7 
 1034      487494E3 
 1034      3BABEB8E 
 1035 0532 4A86F60F 		.ascii	"J\206\366\017\005\374!\342>\211V\311\014\357\030\275"
 1035      05FC21E2 
 1035      3E8956C9 
 1035      0CEF18BD 
 1036 0542 BC658AA1 		.ascii	"\274e\212\241\375c\001\177\214\370V\211\3728~\261\252"
 1036      FD63017F 
 1036      8CF85689 
 1036      FA387EB1 
 1036      AA
 1037 0553 6A3F2F33 		.ascii	"j?/3\264!\242\375\023\301\360\004\015\315\022\335\305"
 1037      B421A2FD 
 1037      13C1F004 
 1037      0DCD12DD 
 1037      C5
 1038 0564 0DE37D67 		.ascii	"\015\343}g[l\206\366c\002>\206x\273D\3338~s\365\275"
 1038      5B6C86F6 
 1038      63023E86 
 1038      78BB44DB 
 1038      387E73F5 
 1039 0579 ED3643FB 		.ascii	"\3556C\373\347\002\376\034q\277D\375\034\257\375d\364"
 1039      E702FE1C 
 1039      71BF44FD 
 1039      1CAFFD64 
 1039      F4
 1040 058a A464688F 		.ascii	"\244dh\217?\257\021\270&\021\317y\211\366r|UK\351\336"
 1040      3FAF11B8 
 1040      2611CF79 
 1040      89F6727C 
 1040      554BE9DE 
 1041 059e 60FB4D11 		.ascii	"`\373M\021\355K\005\003~\271{\256\341\354\271a\363\360"
 1041      ED4B0503 
 1041      7EB97BAE 
ARM GAS  C:\Users\ccliu\AppData\Local\Temp\ccOrUKt5.s 			page 38


 1041      E1ECB961 
 1041      F3F0
 1042 05b0 CA16B3A1 		.ascii	"\312\026\263\241}\231\200\343\377\335\236A\234=\307"
 1042      7D9980E3 
 1042      FFDD9E41 
 1042      9C3DC7
 1043 05bf 778E7FB8 		.ascii	"w\216\177\270\336\370\344T\010x\005\342\217q\366&\206"
 1043      DEF8E454 
 1043      087805E2 
 1043      8F71F626 
 1043      86
 1044 05d0 97AFF79D 		.ascii	"\227\257\367\2351>9U\002^\205x\031\245>\216\367\254"
 1044      313E3955 
 1044      025E8578 
 1044      19A53E8E 
 1044      F7AC
 1045 05e2 B9DF17C3 		.ascii	"\271\337\027\303\333\357\210h_-\030\252\321PO\351.n"
 1045      DBEF8868 
 1045      5F2D18AA 
 1045      D1504FE9 
 1045      2E6E
 1046 05f4 683EB4FA 		.ascii	"h>\264\372\217\206\3625\002]\203\364FJ\3338=\320}\375"
 1046      8F86F235 
 1046      025D83F4 
 1046      464ADB38 
 1046      3DD07DFD 
 1047 0608 ACD550BE 		.ascii	"\254\325P\276N\300\353\020o\242\324\317\361\321\023"
 1047      4EC0EB10 
 1047      6FA2D4CF 
 1047      F1D113
 1048 0617 AB7BE20C 		.ascii	"\253{\342\014\345\353\005\274\036\361}\224\366r\274"
 1048      E5EB05BC 
 1048      1EF17D94 
 1048      F672BC
 1049 0626 724F7933 		.ascii	"rOy3\277SC\273#\312\257\021\014k\320\320A\351\0007T"
 1049      BF5343BB 
 1049      23CAAF11 
 1049      0C6BD0D0 
 1049      41E90037 
 1050 063b 3C3F76CD 		.ascii	"<?v\3158\372\006\001o@\374$\245\243\034/m\331TM\015"
 1050      38FA0601 
 1050      6F40FC24 
 1050      A5A31C2F 
 1050      6DD9544D 
 1051 0650 ED3F12F0 		.ascii	"\355?\022\360\217\020\357\245\264*\206_\354\351\306"
 1051      8F10EFA5 
 1051      B42A865F 
 1051      ECE9C6
 1052 065f BDC6F63E 		.ascii	"\275\306\366>\001\367!~\023G\317\361\025\347N>\342\370"
 1052      01F7217E 
 1052      1347CFF1 
 1052      15E74E3E 
 1052      E2F8
 1053 0671 D09E88F6 		.ascii	"\320\236\210\366\037\013\206\217\3210\204\243\347\206"
 1053      1F0B868F 
 1053      D13084A3 
 1053      E786
ARM GAS  C:\Users\ccliu\AppData\Local\Temp\ccOrUKt5.s 			page 39


 1054 067f 9A8B9FEE 		.ascii	"\232\213\237\3567>\366\033\005|#\342c8{\216W\334\255"
 1054      373EF61B 
 1054      057C23E2 
 1054      63387B8E 
 1054      57DCAD
 1055 0692 B8646CBF 		.ascii	"\270dl\277I\3007!^%S?\307\333\317\016\\0>\366\215\002"
 1055      49C03721 
 1055      5E25533F 
 1055      C7DBCF0E 
 1055      5C303EF6 
 1056 06a8 DE887883 		.ascii	"\336\210x\203L{9\276\255\377\371?y\231\241\003\021\355"
 1056      4C7B39BE 
 1056      ADFFF93F 
 1056      7999A103 
 1056      11ED
 1057 06ba 370B86CD 		.ascii	"7\013\206\315hh\224\351\0007\214=h\352\2175\264\337"
 1057      686894E9 
 1057      00378C3D 
 1057      68EA8F35 
 1057      B4DF
 1058 06cc 2AE05B11 		.ascii	"*\340[\021\337-\323Q\216\037,k\0307~\345l\023\360m\210"
 1058      DF2DD351 
 1058      8E1F2C6B 
 1058      18377EE5 
 1058      6C13F06D 
 1059 06e1 B7CAB4CA 		.ascii	"\267\312\264\312\314\360\035G\206\273\214_9M\002\336"
 1059      CCF01D47 
 1059      86BB8C5F 
 1059      394D02DE 
 1060 06f1 8478B7CC 		.ascii	"\204x\267\314\376_Y[\376\314\024\376\351\276\035F\360"
 1060      FE5F595B 
 1060      FECC14FE 
 1060      E9BE1D46 
 1060      F0
 1061 0702 3F1EFE99 		.ascii	"?\036\376\2318\3234&\207\201@\030\330\025\004\236\264"
 1061      38D33426 
 1061      87814018 
 1061      D815049E 
 1061      B4
 1062 0713 5F4EE6C7 		.ascii	"_N\346\307;&\371\355'4-\213X\363\334E\357g;\347\026"
 1062      3B26F9ED 
 1062      27342D8B 
 1062      58F3DC45 
 1062      EF673BE7 
 1063 0728 1125DFE5 		.ascii	"\021%\337\345\366:\227\317-\312 \212\252\346/+Q\013"
 1063      F63A97CF 
 1063      2DCA208A 
 1063      AAE62F2B 
 1063      510B
 1064 073a 8A0BBCF2 		.ascii	"\212\013\274\362\007\316\274\367~;o^*\376\345/-\370"
 1064      07CEBCF7 
 1064      7E3B6F5E 
 1064      2AFEE52F 
 1064      2DF8
 1065 074c 5381CB63 		.ascii	"S\201\313cO\313JuyR\363]EE\256\342T\2177\317\355-Y\226"
 1065      4FCB4A75 
 1065      7952F35D 
ARM GAS  C:\Users\ccliu\AppData\Local\Temp\ccOrUKt5.s 			page 40


 1065      4545AEE2 
 1065      548F37CF 
 1066 0764 FAFB450B 		.ascii	"\372\373E\013r\027,g{\227\025\024:\335\236\324\327s"
 1066      72172C67 
 1066      7B971514 
 1066      3ADD9ED4 
 1066      D773
 1067 0776 7353F3DD 		.ascii	"sS\363\335\336\264y\371\226\327\027\276\223\224\233"
 1067      DEB479F9 
 1067      96D717BE 
 1067      93949B
 1068 0785 964D1282 		.ascii	"\226M\022\202\333\3632\235v\373\257~\231\351 \277\311"
 1068      DBF3329D 
 1068      76FBAF7E 
 1068      99E920BF 
 1068      C9
 1069 0796 FDF5925C 		.ascii	"\375\365\222\\\226\272\330[\342(p-\371\300\345~\317"
 1069      96BAD85B 
 1069      E228702D 
 1069      F9C0E57E 
 1069      CF
 1070 07a7 B32C2FDF 		.ascii	"\263,/\337\251\226x\234\356%\213\336\236\273\370\355"
 1070      A996789C 
 1070      EE258BDE 
 1070      9EBBF8ED 
 1071 07b7 05E9F6F9 		.ascii	"\005\351\366\371\031\257\246-zm\356\302wr\377\360\332"
 1071      19AFA62D 
 1071      7A6DEEC2 
 1071      7772FFF0 
 1071      DA
 1072 07c8 9B591973 		.ascii	"\233Y\031s\027/u\026"
 1072      172F7516 
 1073 07d0 16DAC9EF 		.ascii	"\026\332\311\357\376\277Z\304\246\252\316<w\341_\370"
 1073      FEBF5AC4 
 1073      A6AACE3C 
 1073      77E15FF8 
 1074 07e0 85C6AA6A 		.ascii	"\205\306\252ja\236\327\311\327\247\250\252\303\371\347"
 1074      619ED7C9 
 1074      D7A7A8AA 
 1074      C3F9E7
 1075 07ef BC9242AF 		.ascii	"\274\222B\257\352\\^\340\265\024\273\334No\211\2738"
 1075      EA5C5EE0 
 1075      B514BBDC 
 1075      4E6F89BB 
 1075      38
 1076 0800 41E58755 		.ascii	"A\345\207Uw^\221\232\347v\346y\254\2415%\277\020\263"
 1076      775E919A 
 1076      E776E679 
 1076      ACA13525 
 1076      BF10B3
 1077 0813 F8BAA5A4 		.ascii	"\370\272\245\244\240\330\233nW\275V\016\263]S\370\032"
 1077      A0D89B6E 
 1077      57BD560E 
 1077      B35D53F8 
 1077      1A
 1078 0824 4E37B869 		.ascii	"N7\270i+v\251\241c\361,#\264\245z\247\252,\377U5lQ\343"
 1078      2B76A9A1 
ARM GAS  C:\Users\ccliu\AppData\Local\Temp\ccOrUKt5.s 			page 41


 1078      63F12C23 
 1078      B4A57AA7 
 1078      AA2CFF55 
 1079 083c 2277A953 		.ascii	"\"w\251S\364\255\340\031\325x}\263\330\025<\034\364"
 1079      F4ADE019 
 1079      D5787DB3 
 1079      D8153C1C 
 1079      F4
 1080 084d A745FBD3 		.ascii	"\247E\373\323\004\177\232\350O3\370\355\321~\273\340"
 1080      047F9AE8 
 1080      4F33F8ED 
 1080      D17EBBE0 
 1081 085d B78B7EBB 		.ascii	"\267\213~\273\301\237\036\355O\027\374\351\242?\335"
 1081      C19F1EED 
 1081      4F17FCE9 
 1081      A23FDD
 1082 086c E0CF88F6 		.ascii	"\340\317\210\366g\010\376\014\321\237a\360gF\3733\005"
 1082      6708FE0C 
 1082      D19F61F0 
 1082      6746FB33 
 1082      05
 1083 087d 7FA6E8CF 		.ascii	"\177\246\350\3174\370\263\242\375Y\202?K\364g\031\374"
 1083      34F8B3A2 
 1083      FD59823F 
 1083      4BF46719 
 1083      FC
 1084 088e D9D1FE6C 		.ascii	"\331\321\376l\301\237-\372\263C\376\377\0022\255S+"
 1084      C19F2DFA 
 1084      B343FEFF 
 1084      0232AD53 
 1084      2B
 1085              		.text
 1086              		.section	.gnu.lto_.symtab.f6330bf4,"e",%progbits
 1087 0000 5F5F6370 		.ascii	"__cpu_init\000"
 1087      755F696E 
 1087      697400
 1088 000b 00       		.ascii	"\000"
 1089 000c 01       		.ascii	"\001"
 1090 000d 00       		.ascii	"\000"
 1091 000e 00000000 		.ascii	"\000\000\000\000\000\000\000\000"
 1091      00000000 
 1092 0016 BE000000 		.ascii	"\276\000\000\000"
 1093 001a 5F5F6561 		.ascii	"__early_init\000"
 1093      726C795F 
 1093      696E6974 
 1093      00
 1094 0027 00       		.ascii	"\000"
 1095 0028 01       		.ascii	"\001"
 1096 0029 00       		.ascii	"\000"
 1097 002a 00000000 		.ascii	"\000\000\000\000\000\000\000\000"
 1097      00000000 
 1098 0032 C1000000 		.ascii	"\301\000\000\000"
 1099 0036 5F5F6C61 		.ascii	"__late_init\000"
 1099      74655F69 
 1099      6E697400 
 1100 0042 00       		.ascii	"\000"
 1101 0043 01       		.ascii	"\001"
ARM GAS  C:\Users\ccliu\AppData\Local\Temp\ccOrUKt5.s 			page 42


 1102 0044 00       		.ascii	"\000"
 1103 0045 00000000 		.ascii	"\000\000\000\000\000\000\000\000"
 1103      00000000 
 1104 004d C4000000 		.ascii	"\304\000\000\000"
 1105 0051 5F5F6465 		.ascii	"__default_exit\000"
 1105      6661756C 
 1105      745F6578 
 1105      697400
 1106 0060 00       		.ascii	"\000"
 1107 0061 01       		.ascii	"\001"
 1108 0062 00       		.ascii	"\000"
 1109 0063 00000000 		.ascii	"\000\000\000\000\000\000\000\000"
 1109      00000000 
 1110 006b C9000000 		.ascii	"\311\000\000\000"
 1111 006f 5F5F696E 		.ascii	"__init_ram_areas\000"
 1111      69745F72 
 1111      616D5F61 
 1111      72656173 
 1111      00
 1112 0080 00       		.ascii	"\000"
 1113 0081 00       		.ascii	"\000"
 1114 0082 00       		.ascii	"\000"
 1115 0083 00000000 		.ascii	"\000\000\000\000\000\000\000\000"
 1115      00000000 
 1116 008b CB000000 		.ascii	"\313\000\000\000"
 1117 008f 5F5F7261 		.ascii	"__ram0_init_text__\000"
 1117      6D305F69 
 1117      6E69745F 
 1117      74657874 
 1117      5F5F00
 1118 00a2 00       		.ascii	"\000"
 1119 00a3 02       		.ascii	"\002"
 1120 00a4 00       		.ascii	"\000"
 1121 00a5 00000000 		.ascii	"\000\000\000\000\000\000\000\000"
 1121      00000000 
 1122 00ad EB000000 		.ascii	"\353\000\000\000"
 1123 00b1 5F5F7261 		.ascii	"__ram0_init__\000"
 1123      6D305F69 
 1123      6E69745F 
 1123      5F00
 1124 00bf 00       		.ascii	"\000"
 1125 00c0 02       		.ascii	"\002"
 1126 00c1 00       		.ascii	"\000"
 1127 00c2 00000000 		.ascii	"\000\000\000\000\000\000\000\000"
 1127      00000000 
 1128 00ca ED000000 		.ascii	"\355\000\000\000"
 1129 00ce 5F5F7261 		.ascii	"__ram0_clear__\000"
 1129      6D305F63 
 1129      6C656172 
 1129      5F5F00
 1130 00dd 00       		.ascii	"\000"
 1131 00de 02       		.ascii	"\002"
 1132 00df 00       		.ascii	"\000"
 1133 00e0 00000000 		.ascii	"\000\000\000\000\000\000\000\000"
 1133      00000000 
 1134 00e8 EF000000 		.ascii	"\357\000\000\000"
 1135 00ec 5F5F7261 		.ascii	"__ram0_noinit__\000"
ARM GAS  C:\Users\ccliu\AppData\Local\Temp\ccOrUKt5.s 			page 43


 1135      6D305F6E 
 1135      6F696E69 
 1135      745F5F00 
 1136 00fc 00       		.ascii	"\000"
 1137 00fd 02       		.ascii	"\002"
 1138 00fe 00       		.ascii	"\000"
 1139 00ff 00000000 		.ascii	"\000\000\000\000\000\000\000\000"
 1139      00000000 
 1140 0107 F1000000 		.ascii	"\361\000\000\000"
 1141 010b 5F5F7261 		.ascii	"__ram1_init_text__\000"
 1141      6D315F69 
 1141      6E69745F 
 1141      74657874 
 1141      5F5F00
 1142 011e 00       		.ascii	"\000"
 1143 011f 02       		.ascii	"\002"
 1144 0120 00       		.ascii	"\000"
 1145 0121 00000000 		.ascii	"\000\000\000\000\000\000\000\000"
 1145      00000000 
 1146 0129 F3000000 		.ascii	"\363\000\000\000"
 1147 012d 5F5F7261 		.ascii	"__ram1_init__\000"
 1147      6D315F69 
 1147      6E69745F 
 1147      5F00
 1148 013b 00       		.ascii	"\000"
 1149 013c 02       		.ascii	"\002"
 1150 013d 00       		.ascii	"\000"
 1151 013e 00000000 		.ascii	"\000\000\000\000\000\000\000\000"
 1151      00000000 
 1152 0146 F5000000 		.ascii	"\365\000\000\000"
 1153 014a 5F5F7261 		.ascii	"__ram1_clear__\000"
 1153      6D315F63 
 1153      6C656172 
 1153      5F5F00
 1154 0159 00       		.ascii	"\000"
 1155 015a 02       		.ascii	"\002"
 1156 015b 00       		.ascii	"\000"
 1157 015c 00000000 		.ascii	"\000\000\000\000\000\000\000\000"
 1157      00000000 
 1158 0164 F7000000 		.ascii	"\367\000\000\000"
 1159 0168 5F5F7261 		.ascii	"__ram1_noinit__\000"
 1159      6D315F6E 
 1159      6F696E69 
 1159      745F5F00 
 1160 0178 00       		.ascii	"\000"
 1161 0179 02       		.ascii	"\002"
 1162 017a 00       		.ascii	"\000"
 1163 017b 00000000 		.ascii	"\000\000\000\000\000\000\000\000"
 1163      00000000 
 1164 0183 F9000000 		.ascii	"\371\000\000\000"
 1165 0187 5F5F7261 		.ascii	"__ram2_init_text__\000"
 1165      6D325F69 
 1165      6E69745F 
 1165      74657874 
 1165      5F5F00
 1166 019a 00       		.ascii	"\000"
 1167 019b 02       		.ascii	"\002"
ARM GAS  C:\Users\ccliu\AppData\Local\Temp\ccOrUKt5.s 			page 44


 1168 019c 00       		.ascii	"\000"
 1169 019d 00000000 		.ascii	"\000\000\000\000\000\000\000\000"
 1169      00000000 
 1170 01a5 FB000000 		.ascii	"\373\000\000\000"
 1171 01a9 5F5F7261 		.ascii	"__ram2_init__\000"
 1171      6D325F69 
 1171      6E69745F 
 1171      5F00
 1172 01b7 00       		.ascii	"\000"
 1173 01b8 02       		.ascii	"\002"
 1174 01b9 00       		.ascii	"\000"
 1175 01ba 00000000 		.ascii	"\000\000\000\000\000\000\000\000"
 1175      00000000 
 1176 01c2 FD000000 		.ascii	"\375\000\000\000"
 1177 01c6 5F5F7261 		.ascii	"__ram2_clear__\000"
 1177      6D325F63 
 1177      6C656172 
 1177      5F5F00
 1178 01d5 00       		.ascii	"\000"
 1179 01d6 02       		.ascii	"\002"
 1180 01d7 00       		.ascii	"\000"
 1181 01d8 00000000 		.ascii	"\000\000\000\000\000\000\000\000"
 1181      00000000 
 1182 01e0 FF000000 		.ascii	"\377\000\000\000"
 1183 01e4 5F5F7261 		.ascii	"__ram2_noinit__\000"
 1183      6D325F6E 
 1183      6F696E69 
 1183      745F5F00 
 1184 01f4 00       		.ascii	"\000"
 1185 01f5 02       		.ascii	"\002"
 1186 01f6 00       		.ascii	"\000"
 1187 01f7 00000000 		.ascii	"\000\000\000\000\000\000\000\000"
 1187      00000000 
 1188 01ff 01010000 		.ascii	"\001\001\000\000"
 1189 0203 5F5F7261 		.ascii	"__ram3_init_text__\000"
 1189      6D335F69 
 1189      6E69745F 
 1189      74657874 
 1189      5F5F00
 1190 0216 00       		.ascii	"\000"
 1191 0217 02       		.ascii	"\002"
 1192 0218 00       		.ascii	"\000"
 1193 0219 00000000 		.ascii	"\000\000\000\000\000\000\000\000"
 1193      00000000 
 1194 0221 03010000 		.ascii	"\003\001\000\000"
 1195 0225 5F5F7261 		.ascii	"__ram3_init__\000"
 1195      6D335F69 
 1195      6E69745F 
 1195      5F00
 1196 0233 00       		.ascii	"\000"
 1197 0234 02       		.ascii	"\002"
 1198 0235 00       		.ascii	"\000"
 1199 0236 00000000 		.ascii	"\000\000\000\000\000\000\000\000"
 1199      00000000 
 1200 023e 05010000 		.ascii	"\005\001\000\000"
 1201 0242 5F5F7261 		.ascii	"__ram3_clear__\000"
 1201      6D335F63 
ARM GAS  C:\Users\ccliu\AppData\Local\Temp\ccOrUKt5.s 			page 45


 1201      6C656172 
 1201      5F5F00
 1202 0251 00       		.ascii	"\000"
 1203 0252 02       		.ascii	"\002"
 1204 0253 00       		.ascii	"\000"
 1205 0254 00000000 		.ascii	"\000\000\000\000\000\000\000\000"
 1205      00000000 
 1206 025c 07010000 		.ascii	"\007\001\000\000"
 1207 0260 5F5F7261 		.ascii	"__ram3_noinit__\000"
 1207      6D335F6E 
 1207      6F696E69 
 1207      745F5F00 
 1208 0270 00       		.ascii	"\000"
 1209 0271 02       		.ascii	"\002"
 1210 0272 00       		.ascii	"\000"
 1211 0273 00000000 		.ascii	"\000\000\000\000\000\000\000\000"
 1211      00000000 
 1212 027b 09010000 		.ascii	"\011\001\000\000"
 1213 027f 5F5F7261 		.ascii	"__ram4_init_text__\000"
 1213      6D345F69 
 1213      6E69745F 
 1213      74657874 
 1213      5F5F00
 1214 0292 00       		.ascii	"\000"
 1215 0293 02       		.ascii	"\002"
 1216 0294 00       		.ascii	"\000"
 1217 0295 00000000 		.ascii	"\000\000\000\000\000\000\000\000"
 1217      00000000 
 1218 029d 0B010000 		.ascii	"\013\001\000\000"
 1219 02a1 5F5F7261 		.ascii	"__ram4_init__\000"
 1219      6D345F69 
 1219      6E69745F 
 1219      5F00
 1220 02af 00       		.ascii	"\000"
 1221 02b0 02       		.ascii	"\002"
 1222 02b1 00       		.ascii	"\000"
 1223 02b2 00000000 		.ascii	"\000\000\000\000\000\000\000\000"
 1223      00000000 
 1224 02ba 0D010000 		.ascii	"\015\001\000\000"
 1225 02be 5F5F7261 		.ascii	"__ram4_clear__\000"
 1225      6D345F63 
 1225      6C656172 
 1225      5F5F00
 1226 02cd 00       		.ascii	"\000"
 1227 02ce 02       		.ascii	"\002"
 1228 02cf 00       		.ascii	"\000"
 1229 02d0 00000000 		.ascii	"\000\000\000\000\000\000\000\000"
 1229      00000000 
 1230 02d8 0F010000 		.ascii	"\017\001\000\000"
 1231 02dc 5F5F7261 		.ascii	"__ram4_noinit__\000"
 1231      6D345F6E 
 1231      6F696E69 
 1231      745F5F00 
 1232 02ec 00       		.ascii	"\000"
 1233 02ed 02       		.ascii	"\002"
 1234 02ee 00       		.ascii	"\000"
 1235 02ef 00000000 		.ascii	"\000\000\000\000\000\000\000\000"
ARM GAS  C:\Users\ccliu\AppData\Local\Temp\ccOrUKt5.s 			page 46


 1235      00000000 
 1236 02f7 11010000 		.ascii	"\021\001\000\000"
 1237 02fb 5F5F7261 		.ascii	"__ram5_init_text__\000"
 1237      6D355F69 
 1237      6E69745F 
 1237      74657874 
 1237      5F5F00
 1238 030e 00       		.ascii	"\000"
 1239 030f 02       		.ascii	"\002"
 1240 0310 00       		.ascii	"\000"
 1241 0311 00000000 		.ascii	"\000\000\000\000\000\000\000\000"
 1241      00000000 
 1242 0319 13010000 		.ascii	"\023\001\000\000"
 1243 031d 5F5F7261 		.ascii	"__ram5_init__\000"
 1243      6D355F69 
 1243      6E69745F 
 1243      5F00
 1244 032b 00       		.ascii	"\000"
 1245 032c 02       		.ascii	"\002"
 1246 032d 00       		.ascii	"\000"
 1247 032e 00000000 		.ascii	"\000\000\000\000\000\000\000\000"
 1247      00000000 
 1248 0336 15010000 		.ascii	"\025\001\000\000"
 1249 033a 5F5F7261 		.ascii	"__ram5_clear__\000"
 1249      6D355F63 
 1249      6C656172 
 1249      5F5F00
 1250 0349 00       		.ascii	"\000"
 1251 034a 02       		.ascii	"\002"
 1252 034b 00       		.ascii	"\000"
 1253 034c 00000000 		.ascii	"\000\000\000\000\000\000\000\000"
 1253      00000000 
 1254 0354 17010000 		.ascii	"\027\001\000\000"
 1255 0358 5F5F7261 		.ascii	"__ram5_noinit__\000"
 1255      6D355F6E 
 1255      6F696E69 
 1255      745F5F00 
 1256 0368 00       		.ascii	"\000"
 1257 0369 02       		.ascii	"\002"
 1258 036a 00       		.ascii	"\000"
 1259 036b 00000000 		.ascii	"\000\000\000\000\000\000\000\000"
 1259      00000000 
 1260 0373 19010000 		.ascii	"\031\001\000\000"
 1261 0377 5F5F7261 		.ascii	"__ram6_init_text__\000"
 1261      6D365F69 
 1261      6E69745F 
 1261      74657874 
 1261      5F5F00
 1262 038a 00       		.ascii	"\000"
 1263 038b 02       		.ascii	"\002"
 1264 038c 00       		.ascii	"\000"
 1265 038d 00000000 		.ascii	"\000\000\000\000\000\000\000\000"
 1265      00000000 
 1266 0395 1B010000 		.ascii	"\033\001\000\000"
 1267 0399 5F5F7261 		.ascii	"__ram6_init__\000"
 1267      6D365F69 
 1267      6E69745F 
ARM GAS  C:\Users\ccliu\AppData\Local\Temp\ccOrUKt5.s 			page 47


 1267      5F00
 1268 03a7 00       		.ascii	"\000"
 1269 03a8 02       		.ascii	"\002"
 1270 03a9 00       		.ascii	"\000"
 1271 03aa 00000000 		.ascii	"\000\000\000\000\000\000\000\000"
 1271      00000000 
 1272 03b2 1D010000 		.ascii	"\035\001\000\000"
 1273 03b6 5F5F7261 		.ascii	"__ram6_clear__\000"
 1273      6D365F63 
 1273      6C656172 
 1273      5F5F00
 1274 03c5 00       		.ascii	"\000"
 1275 03c6 02       		.ascii	"\002"
 1276 03c7 00       		.ascii	"\000"
 1277 03c8 00000000 		.ascii	"\000\000\000\000\000\000\000\000"
 1277      00000000 
 1278 03d0 1F010000 		.ascii	"\037\001\000\000"
 1279 03d4 5F5F7261 		.ascii	"__ram6_noinit__\000"
 1279      6D365F6E 
 1279      6F696E69 
 1279      745F5F00 
 1280 03e4 00       		.ascii	"\000"
 1281 03e5 02       		.ascii	"\002"
 1282 03e6 00       		.ascii	"\000"
 1283 03e7 00000000 		.ascii	"\000\000\000\000\000\000\000\000"
 1283      00000000 
 1284 03ef 21010000 		.ascii	"!\001\000\000"
 1285 03f3 5F5F7261 		.ascii	"__ram7_init_text__\000"
 1285      6D375F69 
 1285      6E69745F 
 1285      74657874 
 1285      5F5F00
 1286 0406 00       		.ascii	"\000"
 1287 0407 02       		.ascii	"\002"
 1288 0408 00       		.ascii	"\000"
 1289 0409 00000000 		.ascii	"\000\000\000\000\000\000\000\000"
 1289      00000000 
 1290 0411 23010000 		.ascii	"#\001\000\000"
 1291 0415 5F5F7261 		.ascii	"__ram7_init__\000"
 1291      6D375F69 
 1291      6E69745F 
 1291      5F00
 1292 0423 00       		.ascii	"\000"
 1293 0424 02       		.ascii	"\002"
 1294 0425 00       		.ascii	"\000"
 1295 0426 00000000 		.ascii	"\000\000\000\000\000\000\000\000"
 1295      00000000 
 1296 042e 25010000 		.ascii	"%\001\000\000"
 1297 0432 5F5F7261 		.ascii	"__ram7_clear__\000"
 1297      6D375F63 
 1297      6C656172 
 1297      5F5F00
 1298 0441 00       		.ascii	"\000"
 1299 0442 02       		.ascii	"\002"
 1300 0443 00       		.ascii	"\000"
 1301 0444 00000000 		.ascii	"\000\000\000\000\000\000\000\000"
 1301      00000000 
ARM GAS  C:\Users\ccliu\AppData\Local\Temp\ccOrUKt5.s 			page 48


 1302 044c 27010000 		.ascii	"'\001\000\000"
 1303 0450 5F5F7261 		.ascii	"__ram7_noinit__\000"
 1303      6D375F6E 
 1303      6F696E69 
 1303      745F5F00 
 1304 0460 00       		.ascii	"\000"
 1305 0461 02       		.ascii	"\002"
 1306 0462 00       		.ascii	"\000"
 1307 0463 00000000 		.ascii	"\000\000\000\000\000\000\000\000"
 1307      00000000 
 1308 046b 29010000 		.ascii	")\001\000\000"
 1309              		.text
 1310              		.section	.gnu.lto_.ext_symtab.f6330bf4,"e",%progbits
 1311 0000 01       		.ascii	"\001"
 1312 0001 01       		.ascii	"\001"
 1313 0002 00       		.ascii	"\000"
 1314 0003 01       		.ascii	"\001"
 1315 0004 00       		.ascii	"\000"
 1316 0005 01       		.ascii	"\001"
 1317 0006 00       		.ascii	"\000"
 1318 0007 01       		.ascii	"\001"
 1319 0008 00       		.ascii	"\000"
 1320 0009 01       		.ascii	"\001"
 1321 000a 00       		.ascii	"\000"
 1322 000b 02       		.ascii	"\002"
 1323 000c 01       		.ascii	"\001"
 1324 000d 02       		.ascii	"\002"
 1325 000e 01       		.ascii	"\001"
 1326 000f 02       		.ascii	"\002"
 1327 0010 01       		.ascii	"\001"
 1328 0011 02       		.ascii	"\002"
 1329 0012 01       		.ascii	"\001"
 1330 0013 02       		.ascii	"\002"
 1331 0014 01       		.ascii	"\001"
 1332 0015 02       		.ascii	"\002"
 1333 0016 01       		.ascii	"\001"
 1334 0017 02       		.ascii	"\002"
 1335 0018 01       		.ascii	"\001"
 1336 0019 02       		.ascii	"\002"
 1337 001a 01       		.ascii	"\001"
 1338 001b 02       		.ascii	"\002"
 1339 001c 01       		.ascii	"\001"
 1340 001d 02       		.ascii	"\002"
 1341 001e 01       		.ascii	"\001"
 1342 001f 02       		.ascii	"\002"
 1343 0020 01       		.ascii	"\001"
 1344 0021 02       		.ascii	"\002"
 1345 0022 01       		.ascii	"\001"
 1346 0023 02       		.ascii	"\002"
 1347 0024 01       		.ascii	"\001"
 1348 0025 02       		.ascii	"\002"
 1349 0026 01       		.ascii	"\001"
 1350 0027 02       		.ascii	"\002"
 1351 0028 01       		.ascii	"\001"
 1352 0029 02       		.ascii	"\002"
 1353 002a 01       		.ascii	"\001"
 1354 002b 02       		.ascii	"\002"
ARM GAS  C:\Users\ccliu\AppData\Local\Temp\ccOrUKt5.s 			page 49


 1355 002c 01       		.ascii	"\001"
 1356 002d 02       		.ascii	"\002"
 1357 002e 01       		.ascii	"\001"
 1358 002f 02       		.ascii	"\002"
 1359 0030 01       		.ascii	"\001"
 1360 0031 02       		.ascii	"\002"
 1361 0032 01       		.ascii	"\001"
 1362 0033 02       		.ascii	"\002"
 1363 0034 01       		.ascii	"\001"
 1364 0035 02       		.ascii	"\002"
 1365 0036 01       		.ascii	"\001"
 1366 0037 02       		.ascii	"\002"
 1367 0038 01       		.ascii	"\001"
 1368 0039 02       		.ascii	"\002"
 1369 003a 01       		.ascii	"\001"
 1370 003b 02       		.ascii	"\002"
 1371 003c 01       		.ascii	"\001"
 1372 003d 02       		.ascii	"\002"
 1373 003e 01       		.ascii	"\001"
 1374 003f 02       		.ascii	"\002"
 1375 0040 01       		.ascii	"\001"
 1376 0041 02       		.ascii	"\002"
 1377 0042 01       		.ascii	"\001"
 1378 0043 02       		.ascii	"\002"
 1379 0044 01       		.ascii	"\001"
 1380 0045 02       		.ascii	"\002"
 1381 0046 01       		.ascii	"\001"
 1382 0047 02       		.ascii	"\002"
 1383 0048 01       		.ascii	"\001"
 1384 0049 02       		.ascii	"\002"
 1385 004a 01       		.ascii	"\001"
 1386              		.text
 1387              		.section	.gnu.lto_.opts,"e",%progbits
 1388 0000 272D666E 		.ascii	"'-fno-openmp' '-fno-openacc' '-fno-pie' '-fcf-prote"
 1388      6F2D6F70 
 1388      656E6D70 
 1388      2720272D 
 1388      666E6F2D 
 1389 0033 6374696F 		.ascii	"ction=none' '-g' '-mcpu=cortex-m4' '-mthumb' '-mflo"
 1389      6E3D6E6F 
 1389      6E652720 
 1389      272D6727 
 1389      20272D6D 
 1390 0066 61742D61 		.ascii	"at-abi=soft' '-mlibarch=armv7e-m' '-march=armv7e-m'"
 1390      62693D73 
 1390      6F667427 
 1390      20272D6D 
 1390      6C696261 
 1391 0099 20272D4F 		.ascii	" '-O0' '-fomit-frame-pointer' '-falign-functions=16"
 1391      30272027 
 1391      2D666F6D 
 1391      69742D66 
 1391      72616D65 
 1392 00cc 2720272D 		.ascii	"' '-ffunction-sections' '-fdata-sections' '-fno-com"
 1392      6666756E 
 1392      6374696F 
 1392      6E2D7365 
ARM GAS  C:\Users\ccliu\AppData\Local\Temp\ccOrUKt5.s 			page 50


 1392      6374696F 
 1393 00ff 6D6F6E27 		.ascii	"mon' '-flto' '-Xassembler' '-alms=./build/lst/crt1."
 1393      20272D66 
 1393      6C746F27 
 1393      20272D58 
 1393      61737365 
 1394 0132 6C737427 		.ascii	"lst'\000"
 1394      00
 1395              		.text
 1396              		.comm	__gnu_lto_slim,1,1
 1397              		.ident	"GCC: (GNU Arm Embedded Toolchain 10.3-2021.07) 10.3.1 20210621 (release)"
ARM GAS  C:\Users\ccliu\AppData\Local\Temp\ccOrUKt5.s 			page 51


DEFINED SYMBOLS
                            *ABS*:00000000 crt1.c
C:\Users\ccliu\AppData\Local\Temp\ccOrUKt5.s:19     .gnu.debuglto_.debug_info:00000000 crt1.c.5e22985d
                            *COM*:00000001 __gnu_lto_slim

NO UNDEFINED SYMBOLS
