ARM GAS  C:\Users\ccliu\AppData\Local\Temp\ccv94pXj.s 			page 1


   1              		.cpu cortex-m4
   2              		.eabi_attribute 20, 1
   3              		.eabi_attribute 21, 1
   4              		.eabi_attribute 23, 3
   5              		.eabi_attribute 24, 1
   6              		.eabi_attribute 25, 1
   7              		.eabi_attribute 26, 1
   8              		.eabi_attribute 30, 6
   9              		.eabi_attribute 34, 1
  10              		.eabi_attribute 18, 4
  11              		.file	"hal.c"
  12              		.file 1 "../../chibios216/os/hal/src/hal.c"
  13              		.file 2 "../../chibios216/os/hal/osal/rt-nil/osal.h"
  14              		.section	.gnu.debuglto_.debug_info,"e",%progbits
  15              	.Ldebug_info0:
  16              		.hidden	hal.c.9ea9c550
  17              		.weak	hal.c.9ea9c550
  18              	hal.c.9ea9c550:
  19 0000 86000000 		.4byte	0x86
  20 0004 0400     		.2byte	0x4
  21 0006 00000000 		.4byte	.Ldebug_abbrev0
  22 000a 04       		.byte	0x4
  23 000b 01       		.uleb128 0x1
  24 000c 44000000 		.4byte	.LASF12
  25 0010 0C       		.byte	0xc
  26 0011 2D010000 		.4byte	.LASF13
  27 0015 7D010000 		.4byte	.LASF14
  28 0019 00000000 		.4byte	.Ldebug_line0
  29 001d 02       		.uleb128 0x2
  30 001e 04       		.byte	0x4
  31 001f 05       		.byte	0x5
  32 0020 696E7400 		.ascii	"int\000"
  33 0024 03       		.uleb128 0x3
  34 0025 04       		.byte	0x4
  35 0026 07       		.byte	0x7
  36 0027 0E000000 		.4byte	.LASF0
  37 002b 03       		.uleb128 0x3
  38 002c 08       		.byte	0x8
  39 002d 05       		.byte	0x5
  40 002e 00000000 		.4byte	.LASF1
  41 0032 03       		.uleb128 0x3
  42 0033 08       		.byte	0x8
  43 0034 04       		.byte	0x4
  44 0035 BA010000 		.4byte	.LASF2
  45 0039 03       		.uleb128 0x3
  46 003a 01       		.byte	0x1
  47 003b 06       		.byte	0x6
  48 003c 71010000 		.4byte	.LASF3
  49 0040 03       		.uleb128 0x3
  50 0041 01       		.byte	0x1
  51 0042 08       		.byte	0x8
  52 0043 09010000 		.4byte	.LASF4
  53 0047 03       		.uleb128 0x3
  54 0048 02       		.byte	0x2
  55 0049 05       		.byte	0x5
  56 004a C6010000 		.4byte	.LASF5
  57 004e 03       		.uleb128 0x3
ARM GAS  C:\Users\ccliu\AppData\Local\Temp\ccv94pXj.s 			page 2


  58 004f 02       		.byte	0x2
  59 0050 07       		.byte	0x7
  60 0051 5E010000 		.4byte	.LASF6
  61 0055 03       		.uleb128 0x3
  62 0056 04       		.byte	0x4
  63 0057 05       		.byte	0x5
  64 0058 1C010000 		.4byte	.LASF7
  65 005c 03       		.uleb128 0x3
  66 005d 04       		.byte	0x4
  67 005e 07       		.byte	0x7
  68 005f 1B000000 		.4byte	.LASF8
  69 0063 03       		.uleb128 0x3
  70 0064 08       		.byte	0x8
  71 0065 07       		.byte	0x7
  72 0066 2D000000 		.4byte	.LASF9
  73 006a 03       		.uleb128 0x3
  74 006b 01       		.byte	0x1
  75 006c 08       		.byte	0x8
  76 006d 17010000 		.4byte	.LASF10
  77 0071 03       		.uleb128 0x3
  78 0072 01       		.byte	0x1
  79 0073 02       		.byte	0x2
  80 0074 58010000 		.4byte	.LASF11
  81 0078 04       		.uleb128 0x4
  82 0079 25010000 		.4byte	.LASF15
  83 007d 01       		.byte	0x1
  84 007e 38       		.byte	0x38
  85 007f 06       		.byte	0x6
  86 0080 05       		.uleb128 0x5
  87 0081 4F010000 		.4byte	.LASF16
  88 0085 02       		.byte	0x2
  89 0086 1302     		.2byte	0x213
  90 0088 14       		.byte	0x14
  91 0089 00       		.byte	0
  92              		.section	.gnu.debuglto_.debug_abbrev,"e",%progbits
  93              	.Ldebug_abbrev0:
  94 0000 01       		.uleb128 0x1
  95 0001 11       		.uleb128 0x11
  96 0002 01       		.byte	0x1
  97 0003 25       		.uleb128 0x25
  98 0004 0E       		.uleb128 0xe
  99 0005 13       		.uleb128 0x13
 100 0006 0B       		.uleb128 0xb
 101 0007 03       		.uleb128 0x3
 102 0008 0E       		.uleb128 0xe
 103 0009 1B       		.uleb128 0x1b
 104 000a 0E       		.uleb128 0xe
 105 000b 10       		.uleb128 0x10
 106 000c 17       		.uleb128 0x17
 107 000d 00       		.byte	0
 108 000e 00       		.byte	0
 109 000f 02       		.uleb128 0x2
 110 0010 24       		.uleb128 0x24
 111 0011 00       		.byte	0
 112 0012 0B       		.uleb128 0xb
 113 0013 0B       		.uleb128 0xb
 114 0014 3E       		.uleb128 0x3e
ARM GAS  C:\Users\ccliu\AppData\Local\Temp\ccv94pXj.s 			page 3


 115 0015 0B       		.uleb128 0xb
 116 0016 03       		.uleb128 0x3
 117 0017 08       		.uleb128 0x8
 118 0018 00       		.byte	0
 119 0019 00       		.byte	0
 120 001a 03       		.uleb128 0x3
 121 001b 24       		.uleb128 0x24
 122 001c 00       		.byte	0
 123 001d 0B       		.uleb128 0xb
 124 001e 0B       		.uleb128 0xb
 125 001f 3E       		.uleb128 0x3e
 126 0020 0B       		.uleb128 0xb
 127 0021 03       		.uleb128 0x3
 128 0022 0E       		.uleb128 0xe
 129 0023 00       		.byte	0
 130 0024 00       		.byte	0
 131 0025 04       		.uleb128 0x4
 132 0026 2E       		.uleb128 0x2e
 133 0027 00       		.byte	0
 134 0028 3F       		.uleb128 0x3f
 135 0029 19       		.uleb128 0x19
 136 002a 03       		.uleb128 0x3
 137 002b 0E       		.uleb128 0xe
 138 002c 3A       		.uleb128 0x3a
 139 002d 0B       		.uleb128 0xb
 140 002e 3B       		.uleb128 0x3b
 141 002f 0B       		.uleb128 0xb
 142 0030 39       		.uleb128 0x39
 143 0031 0B       		.uleb128 0xb
 144 0032 27       		.uleb128 0x27
 145 0033 19       		.uleb128 0x19
 146 0034 00       		.byte	0
 147 0035 00       		.byte	0
 148 0036 05       		.uleb128 0x5
 149 0037 2E       		.uleb128 0x2e
 150 0038 00       		.byte	0
 151 0039 03       		.uleb128 0x3
 152 003a 0E       		.uleb128 0xe
 153 003b 3A       		.uleb128 0x3a
 154 003c 0B       		.uleb128 0xb
 155 003d 3B       		.uleb128 0x3b
 156 003e 05       		.uleb128 0x5
 157 003f 39       		.uleb128 0x39
 158 0040 0B       		.uleb128 0xb
 159 0041 27       		.uleb128 0x27
 160 0042 19       		.uleb128 0x19
 161 0043 00       		.byte	0
 162 0044 00       		.byte	0
 163 0045 00       		.byte	0
 164              		.section	.gnu.debuglto_.debug_line,"e",%progbits
 165              	.Ldebug_line0:
 166 0000 6D000000 		.4byte	.LELT0-.LSLT0
 167              	.LSLT0:
 168 0004 0400     		.2byte	0x4
 169 0006 67000000 		.4byte	.LELTP0-.LASLTP0
 170              	.LASLTP0:
 171 000a 01       		.byte	0x1
ARM GAS  C:\Users\ccliu\AppData\Local\Temp\ccv94pXj.s 			page 4


 172 000b 01       		.byte	0x1
 173 000c 01       		.byte	0x1
 174 000d F6       		.byte	0xf6
 175 000e F2       		.byte	0xf2
 176 000f 0D       		.byte	0xd
 177 0010 00       		.byte	0
 178 0011 01       		.byte	0x1
 179 0012 01       		.byte	0x1
 180 0013 01       		.byte	0x1
 181 0014 01       		.byte	0x1
 182 0015 00       		.byte	0
 183 0016 00       		.byte	0
 184 0017 00       		.byte	0
 185 0018 01       		.byte	0x1
 186 0019 00       		.byte	0
 187 001a 00       		.byte	0
 188 001b 01       		.byte	0x1
 189 001c 2E2E2F2E 		.ascii	"../../chibios216/os/hal/osal/rt-nil"
 189      2E2F6368 
 189      6962696F 
 189      73323136 
 189      2F6F732F 
 190 003f 00       		.byte	0
 191 0040 2E2E2F2E 		.ascii	"../../chibios216/os/hal/src"
 191      2E2F6368 
 191      6962696F 
 191      73323136 
 191      2F6F732F 
 192 005b 00       		.byte	0
 193 005c 00       		.byte	0
 194 005d 68616C2E 		.ascii	"hal.c\000"
 194      6300
 195 0063 02       		.uleb128 0x2
 196 0064 00       		.uleb128 0
 197 0065 00       		.uleb128 0
 198 0066 6F73616C 		.ascii	"osal.h\000"
 198      2E6800
 199 006d 01       		.uleb128 0x1
 200 006e 00       		.uleb128 0
 201 006f 00       		.uleb128 0
 202 0070 00       		.byte	0
 203              	.LELTP0:
 204              	.LELT0:
 205              		.section	.gnu.debuglto_.debug_str,"eMS",%progbits,1
 206              	.LASF1:
 207 0000 6C6F6E67 		.ascii	"long long int\000"
 207      206C6F6E 
 207      6720696E 
 207      7400
 208              	.LASF0:
 209 000e 756E7369 		.ascii	"unsigned int\000"
 209      676E6564 
 209      20696E74 
 209      00
 210              	.LASF8:
 211 001b 6C6F6E67 		.ascii	"long unsigned int\000"
 211      20756E73 
ARM GAS  C:\Users\ccliu\AppData\Local\Temp\ccv94pXj.s 			page 5


 211      69676E65 
 211      6420696E 
 211      7400
 212              	.LASF9:
 213 002d 6C6F6E67 		.ascii	"long long unsigned int\000"
 213      206C6F6E 
 213      6720756E 
 213      7369676E 
 213      65642069 
 214              	.LASF12:
 215 0044 474E5520 		.ascii	"GNU C17 10.3.1 20210621 (release) -mcpu=cortex-m4 -"
 215      43313720 
 215      31302E33 
 215      2E312032 
 215      30323130 
 216 0077 6D746875 		.ascii	"mthumb -mfloat-abi=soft -march=armv7e-m -ggdb -O0 -"
 216      6D62202D 
 216      6D666C6F 
 216      61742D61 
 216      62693D73 
 217 00aa 666F6D69 		.ascii	"fomit-frame-pointer -falign-functions=16 -ffunction"
 217      742D6672 
 217      616D652D 
 217      706F696E 
 217      74657220 
 218 00dd 2D736563 		.ascii	"-sections -fdata-sections -fno-common -flto\000"
 218      74696F6E 
 218      73202D66 
 218      64617461 
 218      2D736563 
 219              	.LASF4:
 220 0109 756E7369 		.ascii	"unsigned char\000"
 220      676E6564 
 220      20636861 
 220      7200
 221              	.LASF10:
 222 0117 63686172 		.ascii	"char\000"
 222      00
 223              	.LASF7:
 224 011c 6C6F6E67 		.ascii	"long int\000"
 224      20696E74 
 224      00
 225              	.LASF15:
 226 0125 68616C49 		.ascii	"halInit\000"
 226      6E697400 
 227              	.LASF13:
 228 012d 2E2E2F2E 		.ascii	"../../chibios216/os/hal/src/hal.c\000"
 228      2E2F6368 
 228      6962696F 
 228      73323136 
 228      2F6F732F 
 229              	.LASF16:
 230 014f 6F73616C 		.ascii	"osalInit\000"
 230      496E6974 
 230      00
 231              	.LASF11:
 232 0158 5F426F6F 		.ascii	"_Bool\000"
ARM GAS  C:\Users\ccliu\AppData\Local\Temp\ccv94pXj.s 			page 6


 232      6C00
 233              	.LASF6:
 234 015e 73686F72 		.ascii	"short unsigned int\000"
 234      7420756E 
 234      7369676E 
 234      65642069 
 234      6E7400
 235              	.LASF3:
 236 0171 7369676E 		.ascii	"signed char\000"
 236      65642063 
 236      68617200 
 237              	.LASF14:
 238 017d 433A5C43 		.ascii	"C:\\ChibiStudio\\workspace_user\\RT-STM32F401RE-NUC"
 238      68696269 
 238      53747564 
 238      696F5C77 
 238      6F726B73 
 239 01ad 4C454F36 		.ascii	"LEO64-Shell2\000"
 239      342D5368 
 239      656C6C32 
 239      00
 240              	.LASF2:
 241 01ba 6C6F6E67 		.ascii	"long double\000"
 241      20646F75 
 241      626C6500 
 242              	.LASF5:
 243 01c6 73686F72 		.ascii	"short int\000"
 243      7420696E 
 243      7400
 244              		.text
 245              		.section	.gnu.lto_.inline.f6335ddd,"e",%progbits
 246 0000 789C2B60 		.ascii	"x\234+`@\000&\006\006\346\006 `J\001\262\231`,\026\206"
 246      40002606 
 246      06E60620 
 246      604A01B2 
 246      99602C16 
 247 0015 4620AB8E 		.ascii	"F \253\216\011$\315\300\310\300\005\344,`\312\304\255"
 247      0924CDC0 
 247      C8C005E4 
 247      2C60CAC4 
 247      AD
 248 0026 828B8148 		.ascii	"\202\213\201H\222\001\000\322X\017\241"
 248      920100D2 
 248      580FA1
 249              		.text
 250              		.section	.gnu.lto_.jmpfuncs.f6335ddd,"e",%progbits
 251 0000 789C6362 		.ascii	"x\234cb@\006\000\000*\000\003"
 251      40060000 
 251      2A0003
 252              		.text
 253              		.section	.gnu.lto_.lto.f6335ddd,"e",%progbits
 254 0000 09000400 		.ascii	"\011\000\004\000\001\000\000\000"
 254      01000000 
 255              		.text
 256              		.section	.gnu.lto_osalInit.336.f6335ddd,"e",%progbits
 257 0000 789C2B67 		.ascii	"x\234+g``\310\006bE f`f`\2344\261\213\211\341\377\377"
 257      6060C806 
ARM GAS  C:\Users\ccliu\AppData\Local\Temp\ccv94pXj.s 			page 7


 257      62452066 
 257      6066609C 
 257      34B18B89 
 258 0017 FFF52C4C 		.ascii	"\377\365,L\214\215*\214[\031\301lF\206z&\306z\306\311"
 258      8C8D2A8C 
 258      5B19C16C 
 258      46867A26 
 258      C67AC6C9 
 259 002b CC9A0D0D 		.ascii	"\314\232\015\015\015?Z\037m\230\312\266\246\341B\003"
 259      0D3F5A1F 
 259      6D98CAB6 
 259      A6E14203 
 260 003b F3126606 		.ascii	"\363\022f\006\206y\314\0140\300\006\3431\002\361\372"
 260      8679CC0C 
 260      30C006E3 
 260      3102F1FA 
 261 004b 4BAC071A 		.ascii	"K\254\007\032\376\374\357oh\270\373\204q\355F\026&\006"
 261      FEFCEF6F 
 261      68B8FB84 
 261      71ED4616 
 261      2606
 262 005d 867E6690 		.ascii	"\206~f\220\321` \017T2\201\231\011\301ed\370\304\330"
 262      D160200F 
 262      54328199 
 262      09C16564 
 262      F8C4D8
 263 0070 A40036A6 		.ascii	"\244\0006\246\237\231\021Y\031\003\203\255\263U\214"
 263      9F991159 
 263      190383AD 
 263      B3558C
 264 007f 73466652 		.ascii	"sFfRfpIiJf~Ly~QvqAbrj|iqjQLP\210np\210\257\261\221\233"
 264      66704969 
 264      4A667E4C 
 264      797E5176 
 264      71416272 
 265 00a3 89816190 		.ascii	"\211\201a\220\253\256_\250\263\217\253\277\231\211n"
 265      ABAE5FA8 
 265      B38FABBF 
 265      99896E
 266 00b2 70466A4E 		.ascii	"pFjN\216\021\203\266\236\236>\020%\203\014\310/624\323"
 266      8E1183B6 
 266      9E9E3E10 
 266      25830CC8 
 266      2F363234 
 267 00c7 CF2FD6CF 		.ascii	"\317/\326\317H\314\001R@\242\250D7/\023\302\326\313"
 267      48CC0152 
 267      40A2A844 
 267      372F13C2 
 267      D6CB
 268 00d9 600000E5 		.ascii	"`\000\000\345P]\352"
 268      505DEA
 269              		.text
 270              		.section	.gnu.lto_halInit.375.f6335ddd,"e",%progbits
 271 0000 789C1364 		.ascii	"x\234\023dd`Hb``P\004b\006f\006\306I\023\273\230\030"
 271      64604862 
 271      60605004 
 271      62066606 
ARM GAS  C:\Users\ccliu\AppData\Local\Temp\ccv94pXj.s 			page 8


 271      C64913BB 
 272 0016 FEFFFF5F 		.ascii	"\376\377\377_\317\302\304\330\250\302\270\225\021\314"
 272      CFC2C4D8 
 272      A8C2B895 
 272      11CC
 273 0024 6664A867 		.ascii	"fd\250gb\254g\234\314\254\331\320\320\360\243\365Q\303"
 273      62AC679C 
 273      CCACD9D0 
 273      D0F0A3F5 
 273      51C3
 274 0036 79C68615 		.ascii	"y\306\206\025\007\030\227030\314cf\200\0016\030\017"
 274      07189730 
 274      3330CC63 
 274      66800136 
 274      180F
 275 0048 6826C3FA 		.ascii	"h&\303\372K\254\007\032\376\374\357ohx\372\210q\237"
 275      4BAC071A 
 275      FEFCEF6F 
 275      6878FA88 
 275      719F
 276 005a 2A270343 		.ascii	"*'\003C?3\310`0\220\007\252\230\300\314\204\34022|`"
 276      3F33C860 
 276      309007AA 
 276      98C0CC84 
 276      E032327C 
 277 006f 6C7EF09D 		.ascii	"l~\360\235\227\241\205\221i\0113\343<f\240\202%\314"
 277      97A18591 
 277      690933E3 
 277      3C66A082 
 277      25CC
 278 0081 4C60D13F 		.ascii	"L`\321?\214pQ&\204\350\0246\270(3Bt\023;\\\224\005!"
 278      8C705126 
 278      84E81436 
 278      B8283342 
 278      74133B5C 
 279 0098 FA0121CA 		.ascii	"\372\001!\312\212\020\275\305\005\027eC\210\376@\210"
 279      8A10BDC5 
 279      05176543 
 279      88FE4088 
 280 00a8 B243443F 		.ascii	"\262CD?16=\370\353\005\366a?3#\262\027\030\030l\235"
 280      31363DF8 
 280      EB05F661 
 280      3F3323B2 
 280      1718186C 
 281 00bd AD629C33 		.ascii	"\255b\23432\2232\203KJS2\363c\312\363\213\262\213\013"
 281      32933283 
 281      4B4A5332 
 281      F363CAF3 
 281      8BB28B0B 
 282 00d1 129353E3 		.ascii	"\022\223S\343K\213S\213b\202Bt\203C|\215\215\334L\014"
 282      4B8B538B 
 282      62824274 
 282      83437C8D 
 282      8DDC4C0C 
 283 00e5 0C835C75 		.ascii	"\014\203\\u\375B\235}\\\375\315Lt\2033Rsr\214\030\224"
 283      FD429D7D 
 283      5CFDCD4C 
ARM GAS  C:\Users\ccliu\AppData\Local\Temp\ccv94pXj.s 			page 9


 283      74833352 
 283      73728C18 
 284 00fa F4F4F481 		.ascii	"\364\364\364\201(\031d@~\261\221\241\231~~\261~Fb\216"
 284      28196440 
 284      7EB191A1 
 284      997E7EB1 
 284      7E46628E 
 285 010e 7E715132 		.ascii	"~qQ2\210\326Kf\000\000\207\302\202\364"
 285      88D64B66 
 285      000087C2 
 285      82F4
 286              		.text
 287              		.section	.gnu.lto_.symbol_nodes.f6335ddd,"e",%progbits
 288 0000 789C758F 		.ascii	"x\234u\217\273\015\002A\014Dg\306|\312\270\200\006\350"
 288      BB0D0241 
 288      0C4467C6 
 288      7CCAB880 
 288      06E8
 289 0012 81122881 		.ascii	"\201\022(\201B\274+\032\270\036\250\003\022rD\017\024"
 289      42BC2B1A 
 289      B81EA803 
 289      1272440F 
 289      14
 290 0023 C15FB027 		.ascii	"\301_\260']`\204\354l\364\236l\317\232\000t\226\343"
 290      5D6084EC 
 290      6CF49E6C 
 290      CF9A0074 
 290      96E3
 291 0035 334EC7FE 		.ascii	"3N\307\376\0048\260/\265.1\360f\\\345\3743\016\265r"
 291      0438B02F 
 291      B52E31F0 
 291      665CE5FC 
 291      330EB572 
 292 0049 14F896EB 		.ascii	"\024\370\226\353W\000J)\003\345Kn\031{\312'\031{\310"
 292      57004A29 
 292      03E54B6E 
 292      197BCA27 
 292      197BC8
 293 005c A719BBCB 		.ascii	"\247\031\273\313g\031\273\311\347\0113\206\242\013c"
 293      6719BBC9 
 293      E7093386 
 293      A20B63
 294 006b F056C6B0 		.ascii	"\360V\306\260qc\014\267\2674\2067w-\206F\307\026C\371"
 294      71630CB7 
 294      B7348637 
 294      772D8646 
 294      C71643F9 
 295 007f 0BF10537 		.ascii	"\013\361\0057\206\242\207"
 295      86A287
 296              		.text
 297              		.section	.gnu.lto_.refs.f6335ddd,"e",%progbits
 298 0000 789C6364 		.ascii	"x\234cd\000\002\000\000\012\000\002"
 298      00020000 
 298      0A0002
 299              		.text
 300              		.section	.gnu.lto_.decls.f6335ddd,"e",%progbits
 301 0000 789C8D92 		.ascii	"x\234\215\222_hSW\034\307\317\357\234$\367\346\254."
ARM GAS  C:\Users\ccliu\AppData\Local\Temp\ccv94pXj.s 			page 10


 301      5F685357 
 301      1CC7CFEF 
 301      9C24F7E6 
 301      AC2E
 302 0012 65A4F830 		.ascii	"e\244\3700(Y\031,\233$1\327ZQ\346\010tV\304\256-\266"
 302      2859192C 
 302      9B2431D7 
 302      5A51E608 
 302      7456C4AE 
 303 0028 BE6C8510 		.ascii	"\276l\205\020s\003\011\246MIRW\037\006\007\366\3406"
 303      730309A6 
 303      4D495257 
 303      1F0607F6 
 303      E036
 304 003a 6A0D56B0 		.ascii	"j\015V\260\242`\3660\360a\014\0376W\255\2556\235mZ\327"
 304      A260F630 
 304      F0610C1F 
 304      3657ADAD 
 304      369D6D5A 
 305 004f 07FF3084 		.ascii	"\007\3770\204\015\367O%s{\020VF\331\037\272\337\271"
 305      0DF74F25 
 305      737B1056 
 305      46D91FBA 
 305      DFB9
 306 0061 F7E626AB 		.ascii	"\367\346&\253\224\371#\277{\356\311\371|\277\277\337"
 306      94F923BF 
 306      7BEEC9F9 
 306      7CBFBFDF 
 307 0071 39E7061C 		.ascii	"9\347\006\034\204\034\246\204L\022B\3260\030\216\267"
 307      841CA684 
 307      4C1242D6 
 307      30188EB7 
 308 0081 482D54CC 		.ascii	"H-T\314\253\2303\230\3271K\230_a\316c\2261\227\310\323"
 308      AB983398 
 308      D7314B98 
 308      5F61CE63 
 308      963197C8 
 309 0096 711408C1 		.ascii	"q\024\010\301\037IZs\260<\326\307{\270\300,n\031s\252"
 309      1F495A73 
 309      B03CD6C7 
 309      7BB8C02C 
 309      6E1973AA 
 310 00aa AEE68CA5 		.ascii	"\256\346\214\245Y\262\352\314[uKV\037\353\343,\243\017"
 310      59B2EACC 
 310      5B754B56 
 310      1FEBE32C 
 310      A30F
 311 00bc EFDE5FE0 		.ascii	"\357\336_\340\017\301\230:t\000\270\327\206\017N\336"
 311      0FC1983A 
 311      7400B8D7 
 311      860F4EDE 
 312 00cc 66C42BA8 		.ascii	"f\304+\250\240.\235Q\3168\323y\031\232\375+,\242R\277"
 312      A02E9D51 
 312      CE38D379 
 312      199AFD2B 
 312      2CA252BF 
 313 00e0 87AB17E6 		.ascii	"\207\253\027\346\240\221;UJ+\212\316\375\177\302\247"
ARM GAS  C:\Users\ccliu\AppData\Local\Temp\ccv94pXj.s 			page 11


 313      A0913B55 
 313      4A2B8ACE 
 313      FD7FC2A7 
 314 00f0 B4E8F245 		.ascii	"\264\350\362E\204C\037m\252(\202\026\272\274\333\"\370"
 314      84431F6D 
 314      AA288216 
 314      BABCDB22 
 314      F8
 315 0101 AC2865D0 		.ascii	"\254(e\320Q\325\343P\033\361\255\242\360\025V<\356\322"
 315      51D5E350 
 315      1BF1ADA2 
 315      F015563C 
 315      EED2
 316 0113 97E907AF 		.ascii	"\227\351\007\257@\031\270\256y\205\020\021Um\366\224"
 316      4019B8AE 
 316      79851011 
 316      556DF694 
 317 0123 588975E0 		.ascii	"X\211u\3406\324\213\2375\361\212\342A\013\277\356k\324"
 317      36D48B9F 
 317      35F18AE2 
 317      410BBFEE 
 317      6BD4
 318 0135 7D9E3238 		.ascii	"}\23628u\235{\375\004\233\3205-B9:;\3242h\014\0324\361"
 318      759D7BFD 
 318      049BD035 
 318      2D42393A 
 318      3BD43268 
 319 014d E3AF9BB9 		.ascii	"\343\257\233\271\223\273\233}~Bt\322A\321\227\255U\003"
 319      93BB9B7D 
 319      7E4274D2 
 319      41D197AD 
 319      5503
 320 015f 14ACA9D7 		.ascii	"\024\254\251\327\246\000~N5\312\366W\024B(\365\021\""
 320      A6007E4E 
 320      35CAF657 
 320      144228F5 
 320      1122
 321 0171 1C6A4303 		.ascii	"\034jC\003\010\034\334\321\375z\217\306IE\241\270\344"
 321      081CDCD1 
 321      FD7A8FC6 
 321      4945A1B8 
 321      E4
 322 0182 7580A050 		.ascii	"u\200\240PSr\027^\011\265\357\006\010\324\237$X_\202"
 322      5372175E 
 322      09B5EF06 
 322      08D49F24 
 322      585F82
 323 0195 C992DA3A 		.ascii	"\311\222\332:\205\352\262\311\375Ge{\031\377\203\355"
 323      85EAB2C9 
 323      FD47657B 
 323      19FF83ED 
 324 01a5 5F15D464 		.ascii	"_\025\324du\346\260N\0162\344\263^P\353\321\256O\355"
 324      75E6B04E 
 324      0E32E4B3 
 324      5E50EBD1 
 324      AE4FED
 325 01b8 B6A086AC 		.ascii	"\266\240\206\254k\334p\201jCO\007\253~6\263\343\337"
ARM GAS  C:\Users\ccliu\AppData\Local\Temp\ccv94pXj.s 			page 12


 325      6BDC7081 
 325      6A434F07 
 325      AB7E36B3 
 325      E3DF
 326 01ca 1E733EC2 		.ascii	"\036s>\302c\023\023^h*D\010\260\027\011{\231\204\204"
 326      6313135E 
 326      682A4408 
 326      B017097B 
 326      998484
 327 01dd 11A53881 		.ascii	"\021\2458\201/M\207\356\347N2x\001(>\275\320\210\322"
 327      2F4D87EE 
 327      E74E3278 
 327      01283EBD 
 327      D088D2
 328 01f0 63536337 		.ascii	"cSc7\371f\204~\023\302\013I\270\002pY\026\234\302\272"
 328      F966847E 
 328      13C20B49 
 328      B8027059 
 328      169CC2BA 
 329 0204 19425A0A 		.ascii	"\031BZ\012\005\261\2726\177\377\247\327&\356=\021\202"
 329      05B1BA36 
 329      7FFFA7D7 
 329      26EE3D11 
 329      82
 330 0215 BB71012E 		.ascii	"\273q\001.\001L\232\033\271\204\324\027\000\237C\267"
 330      014C9A1B 
 330      B984D417 
 330      009F43B7 
 331 0225 00B608B2 		.ascii	"\000\266\010\262\227;g~\370\310\3312\201\262\333c\253"
 331      973B677E 
 331      F8C8D932 
 331      81B2DB63 
 331      AB
 332 0236 A38AB820 		.ascii	"\243\212\270 ?)\251\232\266U\323\266j\204\255\030\242"
 332      3F29A99A 
 332      B655D3B6 
 332      6A84AD18 
 332      A2
 333 0247 07C5D182 		.ascii	"\007\305\321\202\3222!\304\352\037'\306\336w\235\023"
 333      D23221C4 
 333      EA1F27C6 
 333      DE779D13 
 334 0257 252A25D7 		.ascii	"%*%\327l\3115c`\237PI\217\375\375\375\353\022\236\234"
 334      6CC93563 
 334      609F5049 
 334      8FFDFDFD 
 334      EB129E9C 
 335 026b 199F79A7 		.ascii	"\031\237y\247\312\316\332\354\254\311>6\330G'/\317?"
 335      CACEDAEC 
 335      ACC93E36 
 335      D847272F 
 335      CF3F
 336 027d 6FC0DF9C 		.ascii	"o\300\337\234>s\\)\372%;g\263s&{\236I\366\352/\277\177"
 336      3E735C29 
 336      FA253B67 
 336      B373267B 
 336      9E49F6EA 
ARM GAS  C:\Users\ccliu\AppData\Local\Temp\ccv94pXj.s 			page 13


 337 0294 BCC960CF 		.ascii	"\274\311`\317\235]\372\320bo\330\354\015\223\275k\260"
 337      9D5DFAD0 
 337      626FD8EC 
 337      0D93BD6B 
 337      B0
 338 02a5 A71E4C8F 		.ascii	"\247\036L\2173\203=u\376\361\011\213]\260\331\005\223"
 338      33833D75 
 338      FEF1098B 
 338      5DB0D905 
 338      93
 339 02b6 2D3A247B 		.ascii	"-:${\2722z\333\354\341\312\317\342\037O\265\343E\233"
 339      BA327ADB 
 339      ECE1CACF 
 339      E21F4FB5 
 339      E3459B
 340 02c9 5E3406E3 		.ascii	"^4\006\343f\034\306\315\370P\265\364\335\305\277\324"
 340      661CC6CD 
 340      F850B5F4 
 340      DDC5BFD4 
 341 02d9 86EB423C 		.ascii	"\206\353B<\021\305\222C\012\276\006\270)\357fY\342,"
 341      11C59243 
 341      0ABE06B8 
 341      29EF6659 
 341      E22C
 342 02eb DC46DCB1 		.ascii	"\334F\334\261\354\300\221\035\211\300\000\341\361L6"
 342      ECC0911D 
 342      89C000E1 
 342      F14C36
 343 02fa 9F18090C 		.ascii	"\237\030\011\014\264\0225\223\213\245\367\015\246\362"
 343      B4123593 
 343      8BA5F70D 
 343      A6F2
 344 0308 2F058321 		.ascii	"/\005\203!\374\305\223\251C\251LN\013\267\2052\271P"
 344      FCC593A9 
 344      43A94C4E 
 344      0BB78532 
 344      B950
 345 031a 32960EE5 		.ascii	"2\226\016\345\262q9\006\343\352\336\256\203\276\366"
 345      B2713906 
 345      E3EADEAE 
 345      83BEF6
 346 0329 F00EE231 		.ascii	"\360\016\3421\246\301\235\211\330\316\370\366\355[\311"
 346      A6C19D89 
 346      D8CEF8F6 
 346      ED5BC9
 347 0338 EEF65DFD 		.ascii	"\356\366]\375\355R\327\233\037\326S\231\376w3\331\303"
 347      ED52D79B 
 347      1FD65399 
 347      FE7733D9 
 347      C3
 348 0349 B9A1583C 		.ascii	"\271\241X<\021\035\316%\262\375\007\372\002\275}om\323"
 348      111DCE25 
 348      B2FD07FA 
 348      02BD7D6F 
 348      6DD3
 349 035b 3A5AB786 		.ascii	":Z\267\206\017\354\011t\035l\357\334\323\335\326\032"
 349      0FEC0974 
ARM GAS  C:\Users\ccliu\AppData\Local\Temp\ccv94pXj.s 			page 14


 349      1D6CEFDC 
 349      D3DDD61A 
 350 036b E84D26D2 		.ascii	"\350M&\322i\215l\331\250\260\354,\224\315\007\006S\346"
 350      698D6CD9 
 350      A8B0EC2C 
 350      94CD0706 
 350      53E6
 351 037d 7B304994 		.ascii	"{0I\224\244\331l\313\3776K\\\271\274$_\335\210L\015"
 351      A4D96CCB 
 351      FF364B5C 
 351      B9BC245F 
 351      DD884C0D 
 352 0391 C6D3C37A 		.ascii	"\306\323\303zB\276Gsy\364v\037\312\304\262\272\324\354"
 352      42BE4773 
 352      79F4761F 
 352      CAC4B2BA 
 352      D4EC
 353 03a3 DA486310 		.ascii	"\332Hc\020\271Po_\264\272\211\250\271)s\005M\324\341"
 353      B9506F5F 
 353      B4BA89A8 
 353      B9297305 
 353      4DD4E1
 354 03b6 58D6A8BB 		.ascii	"X\326\250\273\341\256\352\353J\030E\256\234Q6\360L\255"
 354      E1AEEAEB 
 354      4A1845AE 
 354      9C5136F0 
 354      4CAD
 355 03c8 26B229E3 		.ascii	"&\262)\343(6E\207p\232N\353\321\024jwo\244\035\302\233"
 355      28364587 
 355      709A4EEB 
 355      D1146A77 
 355      6FA41DC2 
 356 03dd 961DE3F9 		.ascii	"\226\035\343\371\207:;\337\014\355\355\331\327}D3\254"
 356      873A3BDF 
 356      0CEDEDD9 
 356      D77D4433 
 356      AC
 357 03ee 2C3D7A35 		.ascii	",=z5$\353\254\336x\026+\353BGFBUi\376\350P\"\214^\377"
 357      24EBACDE 
 357      78162BEB 
 357      42474642 
 357      5569FEE8 
 358 0407 027B9DE7 		.ascii	"\002{\235\347q"
 358      71
 359              		.text
 360              		.section	.gnu.lto_.symtab.f6335ddd,"e",%progbits
 361 0000 68616C49 		.ascii	"halInit\000"
 361      6E697400 
 362 0008 00       		.ascii	"\000"
 363 0009 00       		.ascii	"\000"
 364 000a 00       		.ascii	"\000"
 365 000b 00000000 		.ascii	"\000\000\000\000\000\000\000\000"
 365      00000000 
 366 0013 BE000000 		.ascii	"\276\000\000\000"
 367 0017 7374496E 		.ascii	"stInit\000"
 367      697400
 368 001e 00       		.ascii	"\000"
ARM GAS  C:\Users\ccliu\AppData\Local\Temp\ccv94pXj.s 			page 15


 369 001f 02       		.ascii	"\002"
 370 0020 00       		.ascii	"\000"
 371 0021 00000000 		.ascii	"\000\000\000\000\000\000\000\000"
 371      00000000 
 372 0029 C0000000 		.ascii	"\300\000\000\000"
 373 002d 626F6172 		.ascii	"boardInit\000"
 373      64496E69 
 373      7400
 374 0037 00       		.ascii	"\000"
 375 0038 02       		.ascii	"\002"
 376 0039 00       		.ascii	"\000"
 377 003a 00000000 		.ascii	"\000\000\000\000\000\000\000\000"
 377      00000000 
 378 0042 C2000000 		.ascii	"\302\000\000\000"
 379 0046 75617274 		.ascii	"uartInit\000"
 379      496E6974 
 379      00
 380 004f 00       		.ascii	"\000"
 381 0050 02       		.ascii	"\002"
 382 0051 00       		.ascii	"\000"
 383 0052 00000000 		.ascii	"\000\000\000\000\000\000\000\000"
 383      00000000 
 384 005a C4000000 		.ascii	"\304\000\000\000"
 385 005e 7364496E 		.ascii	"sdInit\000"
 385      697400
 386 0065 00       		.ascii	"\000"
 387 0066 02       		.ascii	"\002"
 388 0067 00       		.ascii	"\000"
 389 0068 00000000 		.ascii	"\000\000\000\000\000\000\000\000"
 389      00000000 
 390 0070 C6000000 		.ascii	"\306\000\000\000"
 391 0074 5F70616C 		.ascii	"_pal_lld_init\000"
 391      5F6C6C64 
 391      5F696E69 
 391      7400
 392 0082 00       		.ascii	"\000"
 393 0083 02       		.ascii	"\002"
 394 0084 00       		.ascii	"\000"
 395 0085 00000000 		.ascii	"\000\000\000\000\000\000\000\000"
 395      00000000 
 396 008d C8000000 		.ascii	"\310\000\000\000"
 397 0091 68616C5F 		.ascii	"hal_lld_init\000"
 397      6C6C645F 
 397      696E6974 
 397      00
 398 009e 00       		.ascii	"\000"
 399 009f 02       		.ascii	"\002"
 400 00a0 00       		.ascii	"\000"
 401 00a1 00000000 		.ascii	"\000\000\000\000\000\000\000\000"
 401      00000000 
 402 00a9 CA000000 		.ascii	"\312\000\000\000"
 403              		.text
 404              		.section	.gnu.lto_.ext_symtab.f6335ddd,"e",%progbits
 405 0000 01       		.ascii	"\001"
 406 0001 01       		.ascii	"\001"
 407 0002 00       		.ascii	"\000"
 408 0003 01       		.ascii	"\001"
ARM GAS  C:\Users\ccliu\AppData\Local\Temp\ccv94pXj.s 			page 16


 409 0004 00       		.ascii	"\000"
 410 0005 01       		.ascii	"\001"
 411 0006 00       		.ascii	"\000"
 412 0007 01       		.ascii	"\001"
 413 0008 00       		.ascii	"\000"
 414 0009 01       		.ascii	"\001"
 415 000a 00       		.ascii	"\000"
 416 000b 01       		.ascii	"\001"
 417 000c 00       		.ascii	"\000"
 418 000d 01       		.ascii	"\001"
 419 000e 00       		.ascii	"\000"
 420              		.text
 421              		.section	.gnu.lto_.opts,"e",%progbits
 422 0000 272D666E 		.ascii	"'-fno-openmp' '-fno-openacc' '-fno-pie' '-fcf-prote"
 422      6F2D6F70 
 422      656E6D70 
 422      2720272D 
 422      666E6F2D 
 423 0033 6374696F 		.ascii	"ction=none' '-g' '-mcpu=cortex-m4' '-mthumb' '-mflo"
 423      6E3D6E6F 
 423      6E652720 
 423      272D6727 
 423      20272D6D 
 424 0066 61742D61 		.ascii	"at-abi=soft' '-mlibarch=armv7e-m' '-march=armv7e-m'"
 424      62693D73 
 424      6F667427 
 424      20272D6D 
 424      6C696261 
 425 0099 20272D4F 		.ascii	" '-O0' '-fomit-frame-pointer' '-falign-functions=16"
 425      30272027 
 425      2D666F6D 
 425      69742D66 
 425      72616D65 
 426 00cc 2720272D 		.ascii	"' '-ffunction-sections' '-fdata-sections' '-fno-com"
 426      6666756E 
 426      6374696F 
 426      6E2D7365 
 426      6374696F 
 427 00ff 6D6F6E27 		.ascii	"mon' '-flto' '-Xassembler' '-alms=./build/lst/hal.l"
 427      20272D66 
 427      6C746F27 
 427      20272D58 
 427      61737365 
 428 0132 73742700 		.ascii	"st'\000"
 429              		.text
 430              		.comm	__gnu_lto_slim,1,1
 431              		.ident	"GCC: (GNU Arm Embedded Toolchain 10.3-2021.07) 10.3.1 20210621 (release)"
ARM GAS  C:\Users\ccliu\AppData\Local\Temp\ccv94pXj.s 			page 17


DEFINED SYMBOLS
                            *ABS*:00000000 hal.c
C:\Users\ccliu\AppData\Local\Temp\ccv94pXj.s:18     .gnu.debuglto_.debug_info:00000000 hal.c.9ea9c550
                            *COM*:00000001 __gnu_lto_slim

NO UNDEFINED SYMBOLS
