ARM GAS  C:\Users\ccliu\AppData\Local\Temp\cc5cWBJf.s 			page 1


   1              		.cpu cortex-m4
   2              		.eabi_attribute 20, 1
   3              		.eabi_attribute 21, 1
   4              		.eabi_attribute 23, 3
   5              		.eabi_attribute 24, 1
   6              		.eabi_attribute 25, 1
   7              		.eabi_attribute 26, 1
   8              		.eabi_attribute 30, 6
   9              		.eabi_attribute 34, 1
  10              		.eabi_attribute 18, 4
  11              		.file	"hal_pal_lld.c"
  12              		.file 1 "c:\\chibistudio\\tools\\gnu tools arm embedded\\10.3 2021.07\\arm-none-eabi\\include\\mac
  13              		.file 2 "c:\\chibistudio\\tools\\gnu tools arm embedded\\10.3 2021.07\\arm-none-eabi\\include\\sys
  14              		.file 3 "../../chibios216/os/hal/ports/STM32/LLD/GPIOv2/stm32_gpio.h"
  15              		.file 4 "../../chibios216/os/hal/ports/STM32/LLD/GPIOv2/hal_pal_lld.h"
  16              		.file 5 "../../chibios216/os/hal/ports/STM32/LLD/GPIOv2/hal_pal_lld.c"
  17              		.section	.gnu.debuglto_.debug_info,"e",%progbits
  18              	.Ldebug_info0:
  19              		.hidden	hal_pal_lld.c.d07ce0dc
  20              		.weak	hal_pal_lld.c.d07ce0dc
  21              	hal_pal_lld.c.d07ce0dc:
  22 0000 63020000 		.4byte	0x263
  23 0004 0400     		.2byte	0x4
  24 0006 00000000 		.4byte	.Ldebug_abbrev0
  25 000a 04       		.byte	0x4
  26 000b 01       		.uleb128 0x1
  27 000c 30000000 		.4byte	.LASF38
  28 0010 0C       		.byte	0xc
  29 0011 CF010000 		.4byte	.LASF39
  30 0015 56020000 		.4byte	.LASF40
  31 0019 00000000 		.4byte	.Ldebug_line0
  32 001d 02       		.uleb128 0x2
  33 001e 04       		.byte	0x4
  34 001f 05       		.byte	0x5
  35 0020 696E7400 		.ascii	"int\000"
  36 0024 03       		.uleb128 0x3
  37 0025 04       		.byte	0x4
  38 0026 07       		.byte	0x7
  39 0027 A0010000 		.4byte	.LASF0
  40 002b 03       		.uleb128 0x3
  41 002c 08       		.byte	0x8
  42 002d 05       		.byte	0x5
  43 002e 00000000 		.4byte	.LASF1
  44 0032 03       		.uleb128 0x3
  45 0033 08       		.byte	0x8
  46 0034 04       		.byte	0x4
  47 0035 0C020000 		.4byte	.LASF2
  48 0039 03       		.uleb128 0x3
  49 003a 01       		.byte	0x1
  50 003b 06       		.byte	0x6
  51 003c 93020000 		.4byte	.LASF3
  52 0040 03       		.uleb128 0x3
  53 0041 01       		.byte	0x1
  54 0042 08       		.byte	0x8
  55 0043 28010000 		.4byte	.LASF4
  56 0047 03       		.uleb128 0x3
  57 0048 02       		.byte	0x2
ARM GAS  C:\Users\ccliu\AppData\Local\Temp\cc5cWBJf.s 			page 2


  58 0049 05       		.byte	0x5
  59 004a 01010000 		.4byte	.LASF5
  60 004e 04       		.uleb128 0x4
  61 004f 65010000 		.4byte	.LASF8
  62 0053 01       		.byte	0x1
  63 0054 39       		.byte	0x39
  64 0055 19       		.byte	0x19
  65 0056 5A000000 		.4byte	0x5a
  66 005a 03       		.uleb128 0x3
  67 005b 02       		.byte	0x2
  68 005c 07       		.byte	0x7
  69 005d 4D010000 		.4byte	.LASF6
  70 0061 03       		.uleb128 0x3
  71 0062 04       		.byte	0x4
  72 0063 05       		.byte	0x5
  73 0064 4D020000 		.4byte	.LASF7
  74 0068 04       		.uleb128 0x4
  75 0069 79010000 		.4byte	.LASF9
  76 006d 01       		.byte	0x1
  77 006e 4F       		.byte	0x4f
  78 006f 19       		.byte	0x19
  79 0070 74000000 		.4byte	0x74
  80 0074 03       		.uleb128 0x3
  81 0075 04       		.byte	0x4
  82 0076 07       		.byte	0x7
  83 0077 3B010000 		.4byte	.LASF10
  84 007b 03       		.uleb128 0x3
  85 007c 08       		.byte	0x8
  86 007d 07       		.byte	0x7
  87 007e AB020000 		.4byte	.LASF11
  88 0082 04       		.uleb128 0x4
  89 0083 3B020000 		.4byte	.LASF12
  90 0087 02       		.byte	0x2
  91 0088 24       		.byte	0x24
  92 0089 14       		.byte	0x14
  93 008a 4E000000 		.4byte	0x4e
  94 008e 04       		.uleb128 0x4
  95 008f 44020000 		.4byte	.LASF13
  96 0093 02       		.byte	0x2
  97 0094 30       		.byte	0x30
  98 0095 14       		.byte	0x14
  99 0096 68000000 		.4byte	0x68
 100 009a 05       		.uleb128 0x5
 101 009b 8E000000 		.4byte	0x8e
 102 009f 03       		.uleb128 0x3
 103 00a0 01       		.byte	0x1
 104 00a1 08       		.byte	0x8
 105 00a2 B2010000 		.4byte	.LASF14
 106 00a6 03       		.uleb128 0x3
 107 00a7 01       		.byte	0x1
 108 00a8 02       		.byte	0x2
 109 00a9 A5020000 		.4byte	.LASF15
 110 00ad 06       		.uleb128 0x6
 111 00ae 04       		.byte	0x4
 112 00af 03       		.byte	0x3
 113 00b0 5B       		.byte	0x5b
 114 00b1 05       		.byte	0x5
ARM GAS  C:\Users\ccliu\AppData\Local\Temp\cc5cWBJf.s 			page 3


 115 00b2 D1000000 		.4byte	0xd1
 116 00b6 07       		.uleb128 0x7
 117 00b7 73657400 		.ascii	"set\000"
 118 00bb 03       		.byte	0x3
 119 00bc 5C       		.byte	0x5c
 120 00bd 19       		.byte	0x19
 121 00be 82000000 		.4byte	0x82
 122 00c2 00       		.byte	0
 123 00c3 08       		.uleb128 0x8
 124 00c4 16000000 		.4byte	.LASF16
 125 00c8 03       		.byte	0x3
 126 00c9 5D       		.byte	0x5d
 127 00ca 19       		.byte	0x19
 128 00cb 82000000 		.4byte	0x82
 129 00cf 02       		.byte	0x2
 130 00d0 00       		.byte	0
 131 00d1 09       		.uleb128 0x9
 132 00d2 04       		.byte	0x4
 133 00d3 03       		.byte	0x3
 134 00d4 59       		.byte	0x59
 135 00d5 0C       		.byte	0xc
 136 00d6 EF000000 		.4byte	0xef
 137 00da 0A       		.uleb128 0xa
 138 00db 5700     		.ascii	"W\000"
 139 00dd 03       		.byte	0x3
 140 00de 5A       		.byte	0x5a
 141 00df 19       		.byte	0x19
 142 00e0 8E000000 		.4byte	0x8e
 143 00e4 0A       		.uleb128 0xa
 144 00e5 4800     		.ascii	"H\000"
 145 00e7 03       		.byte	0x3
 146 00e8 5E       		.byte	0x5e
 147 00e9 07       		.byte	0x7
 148 00ea AD000000 		.4byte	0xad
 149 00ee 00       		.byte	0
 150 00ef 05       		.uleb128 0x5
 151 00f0 D1000000 		.4byte	0xd1
 152 00f4 06       		.uleb128 0x6
 153 00f5 28       		.byte	0x28
 154 00f6 03       		.byte	0x3
 155 00f7 51       		.byte	0x51
 156 00f8 09       		.byte	0x9
 157 00f9 80010000 		.4byte	0x180
 158 00fd 08       		.uleb128 0x8
 159 00fe 1C000000 		.4byte	.LASF17
 160 0102 03       		.byte	0x3
 161 0103 53       		.byte	0x53
 162 0104 19       		.byte	0x19
 163 0105 9A000000 		.4byte	0x9a
 164 0109 00       		.byte	0
 165 010a 08       		.uleb128 0x8
 166 010b FA000000 		.4byte	.LASF18
 167 010f 03       		.byte	0x3
 168 0110 54       		.byte	0x54
 169 0111 19       		.byte	0x19
 170 0112 9A000000 		.4byte	0x9a
 171 0116 04       		.byte	0x4
ARM GAS  C:\Users\ccliu\AppData\Local\Temp\cc5cWBJf.s 			page 4


 172 0117 08       		.uleb128 0x8
 173 0118 0E000000 		.4byte	.LASF19
 174 011c 03       		.byte	0x3
 175 011d 55       		.byte	0x55
 176 011e 19       		.byte	0x19
 177 011f 9A000000 		.4byte	0x9a
 178 0123 08       		.byte	0x8
 179 0124 08       		.uleb128 0x8
 180 0125 18020000 		.4byte	.LASF20
 181 0129 03       		.byte	0x3
 182 012a 56       		.byte	0x56
 183 012b 19       		.byte	0x19
 184 012c 9A000000 		.4byte	0x9a
 185 0130 0C       		.byte	0xc
 186 0131 07       		.uleb128 0x7
 187 0132 49445200 		.ascii	"IDR\000"
 188 0136 03       		.byte	0x3
 189 0137 57       		.byte	0x57
 190 0138 19       		.byte	0x19
 191 0139 9A000000 		.4byte	0x9a
 192 013d 10       		.byte	0x10
 193 013e 07       		.uleb128 0x7
 194 013f 4F445200 		.ascii	"ODR\000"
 195 0143 03       		.byte	0x3
 196 0144 58       		.byte	0x58
 197 0145 19       		.byte	0x19
 198 0146 9A000000 		.4byte	0x9a
 199 014a 14       		.byte	0x14
 200 014b 08       		.uleb128 0x8
 201 014c F5000000 		.4byte	.LASF21
 202 0150 03       		.byte	0x3
 203 0151 5F       		.byte	0x5f
 204 0152 05       		.byte	0x5
 205 0153 EF000000 		.4byte	0xef
 206 0157 18       		.byte	0x18
 207 0158 08       		.uleb128 0x8
 208 0159 BC010000 		.4byte	.LASF22
 209 015d 03       		.byte	0x3
 210 015e 60       		.byte	0x60
 211 015f 19       		.byte	0x19
 212 0160 9A000000 		.4byte	0x9a
 213 0164 1C       		.byte	0x1c
 214 0165 08       		.uleb128 0x8
 215 0166 60010000 		.4byte	.LASF23
 216 016a 03       		.byte	0x3
 217 016b 61       		.byte	0x61
 218 016c 19       		.byte	0x19
 219 016d 9A000000 		.4byte	0x9a
 220 0171 20       		.byte	0x20
 221 0172 08       		.uleb128 0x8
 222 0173 36010000 		.4byte	.LASF24
 223 0177 03       		.byte	0x3
 224 0178 62       		.byte	0x62
 225 0179 19       		.byte	0x19
 226 017a 9A000000 		.4byte	0x9a
 227 017e 24       		.byte	0x24
 228 017f 00       		.byte	0
ARM GAS  C:\Users\ccliu\AppData\Local\Temp\cc5cWBJf.s 			page 5


 229 0180 04       		.uleb128 0x4
 230 0181 C2010000 		.4byte	.LASF25
 231 0185 03       		.byte	0x3
 232 0186 63       		.byte	0x63
 233 0187 03       		.byte	0x3
 234 0188 F4000000 		.4byte	0xf4
 235 018c 04       		.uleb128 0x4
 236 018d 12010000 		.4byte	.LASF26
 237 0191 04       		.byte	0x4
 238 0192 C2       		.byte	0xc2
 239 0193 12       		.byte	0x12
 240 0194 8E000000 		.4byte	0x8e
 241 0198 04       		.uleb128 0x4
 242 0199 1F010000 		.4byte	.LASF27
 243 019d 04       		.byte	0x4
 244 019e C7       		.byte	0xc7
 245 019f 12       		.byte	0x12
 246 01a0 8E000000 		.4byte	0x8e
 247 01a4 04       		.uleb128 0x4
 248 01a5 30020000 		.4byte	.LASF28
 249 01a9 04       		.byte	0x4
 250 01aa D9       		.byte	0xd9
 251 01ab 18       		.byte	0x18
 252 01ac B0010000 		.4byte	0x1b0
 253 01b0 0B       		.uleb128 0xb
 254 01b1 04       		.byte	0x4
 255 01b2 80010000 		.4byte	0x180
 256 01b6 0C       		.uleb128 0xc
 257 01b7 8A010000 		.4byte	.LASF41
 258 01bb 05       		.byte	0x5
 259 01bc 59       		.byte	0x59
 260 01bd 06       		.byte	0x6
 261 01be 5E020000 		.4byte	0x25e
 262 01c2 0D       		.uleb128 0xd
 263 01c3 2B020000 		.4byte	.LASF29
 264 01c7 05       		.byte	0x5
 265 01c8 59       		.byte	0x59
 266 01c9 27       		.byte	0x27
 267 01ca A4010000 		.4byte	0x1a4
 268 01ce 0D       		.uleb128 0xd
 269 01cf 26020000 		.4byte	.LASF30
 270 01d3 05       		.byte	0x5
 271 01d4 5A       		.byte	0x5a
 272 01d5 29       		.byte	0x29
 273 01d6 8C010000 		.4byte	0x18c
 274 01da 0D       		.uleb128 0xd
 275 01db B7010000 		.4byte	.LASF31
 276 01df 05       		.byte	0x5
 277 01e0 5B       		.byte	0x5b
 278 01e1 25       		.byte	0x25
 279 01e2 98010000 		.4byte	0x198
 280 01e6 0E       		.uleb128 0xe
 281 01e7 9F020000 		.4byte	.LASF32
 282 01eb 05       		.byte	0x5
 283 01ec 5D       		.byte	0x5d
 284 01ed 0C       		.byte	0xc
 285 01ee 8E000000 		.4byte	0x8e
ARM GAS  C:\Users\ccliu\AppData\Local\Temp\cc5cWBJf.s 			page 6


 286 01f2 0E       		.uleb128 0xe
 287 01f3 0B010000 		.4byte	.LASF33
 288 01f7 05       		.byte	0x5
 289 01f8 5E       		.byte	0x5e
 290 01f9 0C       		.byte	0xc
 291 01fa 8E000000 		.4byte	0x8e
 292 01fe 0E       		.uleb128 0xe
 293 01ff 1E020000 		.4byte	.LASF34
 294 0203 05       		.byte	0x5
 295 0204 5F       		.byte	0x5f
 296 0205 0C       		.byte	0xc
 297 0206 8E000000 		.4byte	0x8e
 298 020a 0E       		.uleb128 0xe
 299 020b 84010000 		.4byte	.LASF35
 300 020f 05       		.byte	0x5
 301 0210 60       		.byte	0x60
 302 0211 0C       		.byte	0xc
 303 0212 8E000000 		.4byte	0x8e
 304 0216 0E       		.uleb128 0xe
 305 0217 AD010000 		.4byte	.LASF36
 306 021b 05       		.byte	0x5
 307 021c 61       		.byte	0x61
 308 021d 0C       		.byte	0xc
 309 021e 8E000000 		.4byte	0x8e
 310 0222 0F       		.uleb128 0xf
 311 0223 62697400 		.ascii	"bit\000"
 312 0227 05       		.byte	0x5
 313 0228 62       		.byte	0x62
 314 0229 0C       		.byte	0xc
 315 022a 8E000000 		.4byte	0x8e
 316 022e 10       		.uleb128 0x10
 317 022f 0E       		.uleb128 0xe
 318 0230 70010000 		.4byte	.LASF37
 319 0234 05       		.byte	0x5
 320 0235 65       		.byte	0x65
 321 0236 10       		.byte	0x10
 322 0237 8E000000 		.4byte	0x8e
 323 023b 0F       		.uleb128 0xf
 324 023c 6D3100   		.ascii	"m1\000"
 325 023f 05       		.byte	0x5
 326 0240 65       		.byte	0x65
 327 0241 1A       		.byte	0x1a
 328 0242 8E000000 		.4byte	0x8e
 329 0246 0F       		.uleb128 0xf
 330 0247 6D3200   		.ascii	"m2\000"
 331 024a 05       		.byte	0x5
 332 024b 65       		.byte	0x65
 333 024c 1E       		.byte	0x1e
 334 024d 8E000000 		.4byte	0x8e
 335 0251 0F       		.uleb128 0xf
 336 0252 6D3400   		.ascii	"m4\000"
 337 0255 05       		.byte	0x5
 338 0256 65       		.byte	0x65
 339 0257 22       		.byte	0x22
 340 0258 8E000000 		.4byte	0x8e
 341 025c 00       		.byte	0
 342 025d 00       		.byte	0
ARM GAS  C:\Users\ccliu\AppData\Local\Temp\cc5cWBJf.s 			page 7


 343 025e 11       		.uleb128 0x11
 344 025f 22000000 		.4byte	.LASF42
 345 0263 05       		.byte	0x5
 346 0264 41       		.byte	0x41
 347 0265 06       		.byte	0x6
 348 0266 00       		.byte	0
 349              		.section	.gnu.debuglto_.debug_abbrev,"e",%progbits
 350              	.Ldebug_abbrev0:
 351 0000 01       		.uleb128 0x1
 352 0001 11       		.uleb128 0x11
 353 0002 01       		.byte	0x1
 354 0003 25       		.uleb128 0x25
 355 0004 0E       		.uleb128 0xe
 356 0005 13       		.uleb128 0x13
 357 0006 0B       		.uleb128 0xb
 358 0007 03       		.uleb128 0x3
 359 0008 0E       		.uleb128 0xe
 360 0009 1B       		.uleb128 0x1b
 361 000a 0E       		.uleb128 0xe
 362 000b 10       		.uleb128 0x10
 363 000c 17       		.uleb128 0x17
 364 000d 00       		.byte	0
 365 000e 00       		.byte	0
 366 000f 02       		.uleb128 0x2
 367 0010 24       		.uleb128 0x24
 368 0011 00       		.byte	0
 369 0012 0B       		.uleb128 0xb
 370 0013 0B       		.uleb128 0xb
 371 0014 3E       		.uleb128 0x3e
 372 0015 0B       		.uleb128 0xb
 373 0016 03       		.uleb128 0x3
 374 0017 08       		.uleb128 0x8
 375 0018 00       		.byte	0
 376 0019 00       		.byte	0
 377 001a 03       		.uleb128 0x3
 378 001b 24       		.uleb128 0x24
 379 001c 00       		.byte	0
 380 001d 0B       		.uleb128 0xb
 381 001e 0B       		.uleb128 0xb
 382 001f 3E       		.uleb128 0x3e
 383 0020 0B       		.uleb128 0xb
 384 0021 03       		.uleb128 0x3
 385 0022 0E       		.uleb128 0xe
 386 0023 00       		.byte	0
 387 0024 00       		.byte	0
 388 0025 04       		.uleb128 0x4
 389 0026 16       		.uleb128 0x16
 390 0027 00       		.byte	0
 391 0028 03       		.uleb128 0x3
 392 0029 0E       		.uleb128 0xe
 393 002a 3A       		.uleb128 0x3a
 394 002b 0B       		.uleb128 0xb
 395 002c 3B       		.uleb128 0x3b
 396 002d 0B       		.uleb128 0xb
 397 002e 39       		.uleb128 0x39
 398 002f 0B       		.uleb128 0xb
 399 0030 49       		.uleb128 0x49
ARM GAS  C:\Users\ccliu\AppData\Local\Temp\cc5cWBJf.s 			page 8


 400 0031 13       		.uleb128 0x13
 401 0032 00       		.byte	0
 402 0033 00       		.byte	0
 403 0034 05       		.uleb128 0x5
 404 0035 35       		.uleb128 0x35
 405 0036 00       		.byte	0
 406 0037 49       		.uleb128 0x49
 407 0038 13       		.uleb128 0x13
 408 0039 00       		.byte	0
 409 003a 00       		.byte	0
 410 003b 06       		.uleb128 0x6
 411 003c 13       		.uleb128 0x13
 412 003d 01       		.byte	0x1
 413 003e 0B       		.uleb128 0xb
 414 003f 0B       		.uleb128 0xb
 415 0040 3A       		.uleb128 0x3a
 416 0041 0B       		.uleb128 0xb
 417 0042 3B       		.uleb128 0x3b
 418 0043 0B       		.uleb128 0xb
 419 0044 39       		.uleb128 0x39
 420 0045 0B       		.uleb128 0xb
 421 0046 01       		.uleb128 0x1
 422 0047 13       		.uleb128 0x13
 423 0048 00       		.byte	0
 424 0049 00       		.byte	0
 425 004a 07       		.uleb128 0x7
 426 004b 0D       		.uleb128 0xd
 427 004c 00       		.byte	0
 428 004d 03       		.uleb128 0x3
 429 004e 08       		.uleb128 0x8
 430 004f 3A       		.uleb128 0x3a
 431 0050 0B       		.uleb128 0xb
 432 0051 3B       		.uleb128 0x3b
 433 0052 0B       		.uleb128 0xb
 434 0053 39       		.uleb128 0x39
 435 0054 0B       		.uleb128 0xb
 436 0055 49       		.uleb128 0x49
 437 0056 13       		.uleb128 0x13
 438 0057 38       		.uleb128 0x38
 439 0058 0B       		.uleb128 0xb
 440 0059 00       		.byte	0
 441 005a 00       		.byte	0
 442 005b 08       		.uleb128 0x8
 443 005c 0D       		.uleb128 0xd
 444 005d 00       		.byte	0
 445 005e 03       		.uleb128 0x3
 446 005f 0E       		.uleb128 0xe
 447 0060 3A       		.uleb128 0x3a
 448 0061 0B       		.uleb128 0xb
 449 0062 3B       		.uleb128 0x3b
 450 0063 0B       		.uleb128 0xb
 451 0064 39       		.uleb128 0x39
 452 0065 0B       		.uleb128 0xb
 453 0066 49       		.uleb128 0x49
 454 0067 13       		.uleb128 0x13
 455 0068 38       		.uleb128 0x38
 456 0069 0B       		.uleb128 0xb
ARM GAS  C:\Users\ccliu\AppData\Local\Temp\cc5cWBJf.s 			page 9


 457 006a 00       		.byte	0
 458 006b 00       		.byte	0
 459 006c 09       		.uleb128 0x9
 460 006d 17       		.uleb128 0x17
 461 006e 01       		.byte	0x1
 462 006f 0B       		.uleb128 0xb
 463 0070 0B       		.uleb128 0xb
 464 0071 3A       		.uleb128 0x3a
 465 0072 0B       		.uleb128 0xb
 466 0073 3B       		.uleb128 0x3b
 467 0074 0B       		.uleb128 0xb
 468 0075 39       		.uleb128 0x39
 469 0076 0B       		.uleb128 0xb
 470 0077 01       		.uleb128 0x1
 471 0078 13       		.uleb128 0x13
 472 0079 00       		.byte	0
 473 007a 00       		.byte	0
 474 007b 0A       		.uleb128 0xa
 475 007c 0D       		.uleb128 0xd
 476 007d 00       		.byte	0
 477 007e 03       		.uleb128 0x3
 478 007f 08       		.uleb128 0x8
 479 0080 3A       		.uleb128 0x3a
 480 0081 0B       		.uleb128 0xb
 481 0082 3B       		.uleb128 0x3b
 482 0083 0B       		.uleb128 0xb
 483 0084 39       		.uleb128 0x39
 484 0085 0B       		.uleb128 0xb
 485 0086 49       		.uleb128 0x49
 486 0087 13       		.uleb128 0x13
 487 0088 00       		.byte	0
 488 0089 00       		.byte	0
 489 008a 0B       		.uleb128 0xb
 490 008b 0F       		.uleb128 0xf
 491 008c 00       		.byte	0
 492 008d 0B       		.uleb128 0xb
 493 008e 0B       		.uleb128 0xb
 494 008f 49       		.uleb128 0x49
 495 0090 13       		.uleb128 0x13
 496 0091 00       		.byte	0
 497 0092 00       		.byte	0
 498 0093 0C       		.uleb128 0xc
 499 0094 2E       		.uleb128 0x2e
 500 0095 01       		.byte	0x1
 501 0096 3F       		.uleb128 0x3f
 502 0097 19       		.uleb128 0x19
 503 0098 03       		.uleb128 0x3
 504 0099 0E       		.uleb128 0xe
 505 009a 3A       		.uleb128 0x3a
 506 009b 0B       		.uleb128 0xb
 507 009c 3B       		.uleb128 0x3b
 508 009d 0B       		.uleb128 0xb
 509 009e 39       		.uleb128 0x39
 510 009f 0B       		.uleb128 0xb
 511 00a0 27       		.uleb128 0x27
 512 00a1 19       		.uleb128 0x19
 513 00a2 01       		.uleb128 0x1
ARM GAS  C:\Users\ccliu\AppData\Local\Temp\cc5cWBJf.s 			page 10


 514 00a3 13       		.uleb128 0x13
 515 00a4 00       		.byte	0
 516 00a5 00       		.byte	0
 517 00a6 0D       		.uleb128 0xd
 518 00a7 05       		.uleb128 0x5
 519 00a8 00       		.byte	0
 520 00a9 03       		.uleb128 0x3
 521 00aa 0E       		.uleb128 0xe
 522 00ab 3A       		.uleb128 0x3a
 523 00ac 0B       		.uleb128 0xb
 524 00ad 3B       		.uleb128 0x3b
 525 00ae 0B       		.uleb128 0xb
 526 00af 39       		.uleb128 0x39
 527 00b0 0B       		.uleb128 0xb
 528 00b1 49       		.uleb128 0x49
 529 00b2 13       		.uleb128 0x13
 530 00b3 00       		.byte	0
 531 00b4 00       		.byte	0
 532 00b5 0E       		.uleb128 0xe
 533 00b6 34       		.uleb128 0x34
 534 00b7 00       		.byte	0
 535 00b8 03       		.uleb128 0x3
 536 00b9 0E       		.uleb128 0xe
 537 00ba 3A       		.uleb128 0x3a
 538 00bb 0B       		.uleb128 0xb
 539 00bc 3B       		.uleb128 0x3b
 540 00bd 0B       		.uleb128 0xb
 541 00be 39       		.uleb128 0x39
 542 00bf 0B       		.uleb128 0xb
 543 00c0 49       		.uleb128 0x49
 544 00c1 13       		.uleb128 0x13
 545 00c2 00       		.byte	0
 546 00c3 00       		.byte	0
 547 00c4 0F       		.uleb128 0xf
 548 00c5 34       		.uleb128 0x34
 549 00c6 00       		.byte	0
 550 00c7 03       		.uleb128 0x3
 551 00c8 08       		.uleb128 0x8
 552 00c9 3A       		.uleb128 0x3a
 553 00ca 0B       		.uleb128 0xb
 554 00cb 3B       		.uleb128 0x3b
 555 00cc 0B       		.uleb128 0xb
 556 00cd 39       		.uleb128 0x39
 557 00ce 0B       		.uleb128 0xb
 558 00cf 49       		.uleb128 0x49
 559 00d0 13       		.uleb128 0x13
 560 00d1 00       		.byte	0
 561 00d2 00       		.byte	0
 562 00d3 10       		.uleb128 0x10
 563 00d4 0B       		.uleb128 0xb
 564 00d5 01       		.byte	0x1
 565 00d6 00       		.byte	0
 566 00d7 00       		.byte	0
 567 00d8 11       		.uleb128 0x11
 568 00d9 2E       		.uleb128 0x2e
 569 00da 00       		.byte	0
 570 00db 3F       		.uleb128 0x3f
ARM GAS  C:\Users\ccliu\AppData\Local\Temp\cc5cWBJf.s 			page 11


 571 00dc 19       		.uleb128 0x19
 572 00dd 03       		.uleb128 0x3
 573 00de 0E       		.uleb128 0xe
 574 00df 3A       		.uleb128 0x3a
 575 00e0 0B       		.uleb128 0xb
 576 00e1 3B       		.uleb128 0x3b
 577 00e2 0B       		.uleb128 0xb
 578 00e3 39       		.uleb128 0x39
 579 00e4 0B       		.uleb128 0xb
 580 00e5 27       		.uleb128 0x27
 581 00e6 19       		.uleb128 0x19
 582 00e7 00       		.byte	0
 583 00e8 00       		.byte	0
 584 00e9 00       		.byte	0
 585              		.section	.gnu.debuglto_.debug_line,"e",%progbits
 586              	.Ldebug_line0:
 587 0000 46010000 		.4byte	.LELT0-.LSLT0
 588              	.LSLT0:
 589 0004 0400     		.2byte	0x4
 590 0006 40010000 		.4byte	.LELTP0-.LASLTP0
 591              	.LASLTP0:
 592 000a 01       		.byte	0x1
 593 000b 01       		.byte	0x1
 594 000c 01       		.byte	0x1
 595 000d F6       		.byte	0xf6
 596 000e F2       		.byte	0xf2
 597 000f 0D       		.byte	0xd
 598 0010 00       		.byte	0
 599 0011 01       		.byte	0x1
 600 0012 01       		.byte	0x1
 601 0013 01       		.byte	0x1
 602 0014 01       		.byte	0x1
 603 0015 00       		.byte	0
 604 0016 00       		.byte	0
 605 0017 00       		.byte	0
 606 0018 01       		.byte	0x1
 607 0019 00       		.byte	0
 608 001a 00       		.byte	0
 609 001b 01       		.byte	0x1
 610 001c 2E2E2F2E 		.ascii	"../../chibios216/os/hal/ports/STM32/LLD/GPIOv2"
 610      2E2F6368 
 610      6962696F 
 610      73323136 
 610      2F6F732F 
 611 004a 00       		.byte	0
 612 004b 633A5C63 		.ascii	"c:\\chibistudio\\tools\\gnu tools arm embedded\\10."
 612      68696269 
 612      73747564 
 612      696F5C74 
 612      6F6F6C73 
 613 007a 33203230 		.ascii	"3 2021.07\\arm-none-eabi\\include\\machine"
 613      32312E30 
 613      375C6172 
 613      6D2D6E6F 
 613      6E652D65 
 614 00a1 00       		.byte	0
 615 00a2 633A5C63 		.ascii	"c:\\chibistudio\\tools\\gnu tools arm embedded\\10."
ARM GAS  C:\Users\ccliu\AppData\Local\Temp\cc5cWBJf.s 			page 12


 615      68696269 
 615      73747564 
 615      696F5C74 
 615      6F6F6C73 
 616 00d1 33203230 		.ascii	"3 2021.07\\arm-none-eabi\\include\\sys"
 616      32312E30 
 616      375C6172 
 616      6D2D6E6F 
 616      6E652D65 
 617 00f4 00       		.byte	0
 618 00f5 00       		.byte	0
 619 00f6 5F646566 		.ascii	"_default_types.h\000"
 619      61756C74 
 619      5F747970 
 619      65732E68 
 619      00
 620 0107 02       		.uleb128 0x2
 621 0108 00       		.uleb128 0
 622 0109 00       		.uleb128 0
 623 010a 5F737464 		.ascii	"_stdint.h\000"
 623      696E742E 
 623      6800
 624 0114 03       		.uleb128 0x3
 625 0115 00       		.uleb128 0
 626 0116 00       		.uleb128 0
 627 0117 73746D33 		.ascii	"stm32_gpio.h\000"
 627      325F6770 
 627      696F2E68 
 627      00
 628 0124 01       		.uleb128 0x1
 629 0125 00       		.uleb128 0
 630 0126 00       		.uleb128 0
 631 0127 68616C5F 		.ascii	"hal_pal_lld.h\000"
 631      70616C5F 
 631      6C6C642E 
 631      6800
 632 0135 01       		.uleb128 0x1
 633 0136 00       		.uleb128 0
 634 0137 00       		.uleb128 0
 635 0138 68616C5F 		.ascii	"hal_pal_lld.c\000"
 635      70616C5F 
 635      6C6C642E 
 635      6300
 636 0146 01       		.uleb128 0x1
 637 0147 00       		.uleb128 0
 638 0148 00       		.uleb128 0
 639 0149 00       		.byte	0
 640              	.LELTP0:
 641              	.LELT0:
 642              		.section	.gnu.debuglto_.debug_str,"eMS",%progbits,1
 643              	.LASF1:
 644 0000 6C6F6E67 		.ascii	"long long int\000"
 644      206C6F6E 
 644      6720696E 
 644      7400
 645              	.LASF19:
 646 000e 4F535045 		.ascii	"OSPEEDR\000"
ARM GAS  C:\Users\ccliu\AppData\Local\Temp\cc5cWBJf.s 			page 13


 646      45445200 
 647              	.LASF16:
 648 0016 636C6561 		.ascii	"clear\000"
 648      7200
 649              	.LASF17:
 650 001c 4D4F4445 		.ascii	"MODER\000"
 650      5200
 651              	.LASF42:
 652 0022 5F70616C 		.ascii	"_pal_lld_init\000"
 652      5F6C6C64 
 652      5F696E69 
 652      7400
 653              	.LASF38:
 654 0030 474E5520 		.ascii	"GNU C17 10.3.1 20210621 (release) -mcpu=cortex-m4 -"
 654      43313720 
 654      31302E33 
 654      2E312032 
 654      30323130 
 655 0063 6D746875 		.ascii	"mthumb -mfloat-abi=soft -march=armv7e-m -ggdb -O0 -"
 655      6D62202D 
 655      6D666C6F 
 655      61742D61 
 655      62693D73 
 656 0096 666F6D69 		.ascii	"fomit-frame-pointer -falign-functions=16 -ffunction"
 656      742D6672 
 656      616D652D 
 656      706F696E 
 656      74657220 
 657 00c9 2D736563 		.ascii	"-sections -fdata-sections -fno-common -flto\000"
 657      74696F6E 
 657      73202D66 
 657      64617461 
 657      2D736563 
 658              	.LASF21:
 659 00f5 42535252 		.ascii	"BSRR\000"
 659      00
 660              	.LASF18:
 661 00fa 4F545950 		.ascii	"OTYPER\000"
 661      455200
 662              	.LASF5:
 663 0101 73686F72 		.ascii	"short int\000"
 663      7420696E 
 663      7400
 664              	.LASF33:
 665 010b 6F747970 		.ascii	"otyper\000"
 665      657200
 666              	.LASF26:
 667 0112 696F706F 		.ascii	"ioportmask_t\000"
 667      72746D61 
 667      736B5F74 
 667      00
 668              	.LASF27:
 669 011f 696F6D6F 		.ascii	"iomode_t\000"
 669      64655F74 
 669      00
 670              	.LASF4:
 671 0128 756E7369 		.ascii	"unsigned char\000"
ARM GAS  C:\Users\ccliu\AppData\Local\Temp\cc5cWBJf.s 			page 14


 671      676E6564 
 671      20636861 
 671      7200
 672              	.LASF24:
 673 0136 41465248 		.ascii	"AFRH\000"
 673      00
 674              	.LASF10:
 675 013b 6C6F6E67 		.ascii	"long unsigned int\000"
 675      20756E73 
 675      69676E65 
 675      6420696E 
 675      7400
 676              	.LASF6:
 677 014d 73686F72 		.ascii	"short unsigned int\000"
 677      7420756E 
 677      7369676E 
 677      65642069 
 677      6E7400
 678              	.LASF23:
 679 0160 4146524C 		.ascii	"AFRL\000"
 679      00
 680              	.LASF8:
 681 0165 5F5F7569 		.ascii	"__uint16_t\000"
 681      6E743136 
 681      5F7400
 682              	.LASF37:
 683 0170 616C7472 		.ascii	"altrmask\000"
 683      6D61736B 
 683      00
 684              	.LASF9:
 685 0179 5F5F7569 		.ascii	"__uint32_t\000"
 685      6E743332 
 685      5F7400
 686              	.LASF35:
 687 0184 70757064 		.ascii	"pupdr\000"
 687      7200
 688              	.LASF41:
 689 018a 5F70616C 		.ascii	"_pal_lld_setgroupmode\000"
 689      5F6C6C64 
 689      5F736574 
 689      67726F75 
 689      706D6F64 
 690              	.LASF0:
 691 01a0 756E7369 		.ascii	"unsigned int\000"
 691      676E6564 
 691      20696E74 
 691      00
 692              	.LASF36:
 693 01ad 616C7472 		.ascii	"altr\000"
 693      00
 694              	.LASF14:
 695 01b2 63686172 		.ascii	"char\000"
 695      00
 696              	.LASF31:
 697 01b7 6D6F6465 		.ascii	"mode\000"
 697      00
 698              	.LASF22:
ARM GAS  C:\Users\ccliu\AppData\Local\Temp\cc5cWBJf.s 			page 15


 699 01bc 4C4F434B 		.ascii	"LOCKR\000"
 699      5200
 700              	.LASF25:
 701 01c2 73746D33 		.ascii	"stm32_gpio_t\000"
 701      325F6770 
 701      696F5F74 
 701      00
 702              	.LASF39:
 703 01cf 2E2E2F2E 		.ascii	"../../chibios216/os/hal/ports/STM32/LLD/GPIOv2/hal_"
 703      2E2F6368 
 703      6962696F 
 703      73323136 
 703      2F6F732F 
 704 0202 70616C5F 		.ascii	"pal_lld.c\000"
 704      6C6C642E 
 704      6300
 705              	.LASF2:
 706 020c 6C6F6E67 		.ascii	"long double\000"
 706      20646F75 
 706      626C6500 
 707              	.LASF20:
 708 0218 50555044 		.ascii	"PUPDR\000"
 708      5200
 709              	.LASF34:
 710 021e 6F737065 		.ascii	"ospeedr\000"
 710      65647200 
 711              	.LASF30:
 712 0226 6D61736B 		.ascii	"mask\000"
 712      00
 713              	.LASF29:
 714 022b 706F7274 		.ascii	"port\000"
 714      00
 715              	.LASF28:
 716 0230 696F706F 		.ascii	"ioportid_t\000"
 716      72746964 
 716      5F7400
 717              	.LASF12:
 718 023b 75696E74 		.ascii	"uint16_t\000"
 718      31365F74 
 718      00
 719              	.LASF13:
 720 0244 75696E74 		.ascii	"uint32_t\000"
 720      33325F74 
 720      00
 721              	.LASF7:
 722 024d 6C6F6E67 		.ascii	"long int\000"
 722      20696E74 
 722      00
 723              	.LASF40:
 724 0256 433A5C43 		.ascii	"C:\\ChibiStudio\\workspace_user\\RT-STM32F401RE-NUC"
 724      68696269 
 724      53747564 
 724      696F5C77 
 724      6F726B73 
 725 0286 4C454F36 		.ascii	"LEO64-Shell2\000"
 725      342D5368 
 725      656C6C32 
ARM GAS  C:\Users\ccliu\AppData\Local\Temp\cc5cWBJf.s 			page 16


 725      00
 726              	.LASF3:
 727 0293 7369676E 		.ascii	"signed char\000"
 727      65642063 
 727      68617200 
 728              	.LASF32:
 729 029f 6D6F6465 		.ascii	"moder\000"
 729      7200
 730              	.LASF15:
 731 02a5 5F426F6F 		.ascii	"_Bool\000"
 731      6C00
 732              	.LASF11:
 733 02ab 6C6F6E67 		.ascii	"long long unsigned int\000"
 733      206C6F6E 
 733      6720756E 
 733      7369676E 
 733      65642069 
 734              		.text
 735              		.section	.gnu.lto_.inline.f633529c,"e",%progbits
 736 0000 789CF360 		.ascii	"x\234\363`@\000&\006\006\346\006 `J\001\262\231`,\026"
 736      40002606 
 736      06E60620 
 736      604A01B2 
 736      99602C16 
 737 0014 864620AB 		.ascii	"\206F \253\216\011$\315\300\310p\205\001\310;\303\224"
 737      8E0924CD 
 737      C0C87085 
 737      01C83BC3 
 737      94
 738 0025 0954B284 		.ascii	"\011T\262\204\021\306DQ\303\000\000\202X\021\026"
 738      11C64451 
 738      C3000082 
 738      581116
 739              		.text
 740              		.section	.gnu.lto_.jmpfuncs.f633529c,"e",%progbits
 741 0000 789C6362 		.ascii	"x\234cb@\006\000\000*\000\003"
 741      40060000 
 741      2A0003
 742              		.text
 743              		.section	.gnu.lto_.lto.f633529c,"e",%progbits
 744 0000 09000400 		.ascii	"\011\000\004\000\001\000\000\000"
 744      01000000 
 745              		.text
 746              		.section	.gnu.lto__pal_lld_init.375.f633529c,"e",%progbits
 747 0000 789C2B65 		.ascii	"x\234+e``\250\005bE f`f`\2344\261\213\211\341\377\377"
 747      6060A805 
 747      62452066 
 747      6066609C 
 747      34B18B89 
 748 0017 FFF52C4C 		.ascii	"\377\365,L\214\215*\214[\031\301lF\206z&\306z\306\311"
 748      8C8D2A8C 
 748      5B19C16C 
 748      46867A26 
 748      C67AC6C9 
 749 002b CC9A0D0D 		.ascii	"\314\232\015\015\015?Z\037M\330(\321\260\342\000\343"
 749      0D3F5A1F 
 749      4DD828D1 
ARM GAS  C:\Users\ccliu\AppData\Local\Temp\cc5cWBJf.s 			page 17


 749      B0E200E3 
 750 003b 12660686 		.ascii	"\022f\006\206y\314\0140\300\006\3431\002\361\372K\254"
 750      79CC0C30 
 750      C006E331 
 750      02F1FA4B 
 750      AC
 751 004c 071AFEFC 		.ascii	"\007\032\376\374\357oh\270\372\230q\2262\023\003C?3"
 751      EF6F68B8 
 751      FA987196 
 751      32130343 
 751      3F33
 752 005e C8603090 		.ascii	"\310`0\220\007\252\230\300\314\204\34022|blR\000\233"
 752      07AA98C0 
 752      CC84E032 
 752      327C626C 
 752      52009B
 753 0071 D2CFCC88 		.ascii	"\322\317\314\210\254\214\201\301\326\331*\3069#3)3\270"
 753      AC8C81C1 
 753      D6D92AC6 
 753      39233329 
 753      33B8
 754 0083 A4342533 		.ascii	"\2444%3?\246<\277(\273\270 195\276\2648\265(&(D78\304"
 754      3FA63CBF 
 754      28BBB820 
 754      313935BE 
 754      B438B528 
 755 009d D7D8C8CD 		.ascii	"\327\330\310\315\304\3000\310U\327/\324\331\307\325"
 755      C4C030C8 
 755      55D72FD4 
 755      D9C7D5
 756 00ac DFCC4437 		.ascii	"\337\314D78#5'\307\210\301VOO\037\210\222A\006\344\027"
 756      38233527 
 756      C788C156 
 756      4F4F1F88 
 756      924106E4 
 757 00c1 1B199AE9 		.ascii	"\033\031\232\351\347\027\353g$\346\350\027\344\027\225"
 757      E717EB67 
 757      24E6E817 
 757      E41795
 758 00d0 14EB83B5 		.ascii	"\024\353\203\265\352\373\370\270\350\273\007x\372\227"
 758      EAFBF8B8 
 758      E8BB0778 
 758      FA97
 759 00de 1981A4E2 		.ascii	"\031\201\244\342\013\2008''E/\231\001\000\222\332b+"
 759      0B803827 
 759      27452F99 
 759      010092DA 
 759      622B
 760              		.text
 761              		.section	.gnu.lto__pal_lld_setgroupmode.376.f633529c,"e",%progbits
 762 0000 789C8D57 		.ascii	"x\234\215WilTU\024\276\347\3357K\267iE\224]Z\021\221"
 762      696C5455 
 762      14BEE7DD 
 762      374BB769 
 762      45945D5A 
 763 0016 A59DB654 		.ascii	"\245\235\266T@\302^\331\022\024\245e1!Q\240M@\333\264"
 763      40C25ED9 
ARM GAS  C:\Users\ccliu\AppData\Local\Temp\cc5cWBJf.s 			page 18


 763      1214A565 
 763      312151A0 
 763      4D40DBB4 
 764 002a 698BC63F 		.ascii	"i\213\306?2Ph\023H`Z\014\242\235\242>\021KL\320\030"
 764      32506813 
 764      48605A0C 
 764      A29DA23E 
 764      114B4CD0 
 765 003f 155944A4 		.ascii	"\025YD\244\262\272\224\202F\203\010JD\320X6S\220\332"
 765      B2BA9482 
 765      4683084A 
 765      44D05836 
 765      5390DA
 766 0052 52BF73EF 		.ascii	"R\277s\357\314\274\231)i:\201\257\367~\367;\347}\367"
 766      CCBC9929 
 766      693A81AF 
 766      F77EF73B 
 766      E77DF7
 767 0065 DC33F7B5 		.ascii	"\3343\367\2655IB\234\021B\230\004H\021T[\263\336\020"
 767      3549429C 
 767      11429804 
 767      4811545B 
 767      B3DE10
 768 0078 9D9D9DAB 		.ascii	"\235\235\235\253L\2036\327\304\253\2214\326\326l0\350"
 768      4C8336D7 
 768      C4AB9134 
 768      D6D66C30 
 768      E8
 769 0089 38A959C0 		.ascii	"8\251Y\300\177!\215N\351\261i\254\253IP\243\327\375"
 769      7F218D4E 
 769      E9B169AC 
 769      AB4950A3 
 769      D7FD
 770 009b 1734E530 		.ascii	"\0274\3450\252\202Tu\215G\375t\322\326ZK/\272x\230\246"
 770      AA825475 
 770      8D47FD74 
 770      D2D65A4B 
 770      2FBA7898 
 771 00b0 F3BB2980 		.ascii	"\363\273)\200q(S\234\361\206\377#=\254\013\245\212g"
 771      7128539C 
 771      F186FF23 
 771      3DAC0BA5 
 771      8A67
 772 00c2 851E2628 		.ascii	"\205\036&(\261\016L4\352\375\037\245\205\354l\013\251"
 772      B10E4C34 
 772      EAFD1FA5 
 772      85EC6C0B 
 772      A9
 773 00d3 93E8CD5A 		.ascii	"\223\350\315Z\353\372\206\213z\346\201\373\365\227\002"
 773      EBFA868B 
 773      7AE681FB 
 773      F59702
 774 00e2 996A924C 		.ascii	"\231j\222L\253\333\255\307\324\220\304*C\232\016\247"
 774      ABDBADC7 
 774      D490C42A 
 774      439A0EA7 
 775 00f2 CB1D179F 		.ascii	"\313\035\027\237\220\230\344I&\314\205\375\331,\207"
ARM GAS  C:\Users\ccliu\AppData\Local\Temp\cc5cWBJf.s 			page 19


 775      9098E449 
 775      26CC85FD 
 775      D92C87
 776 0101 FB7CBE7F 		.ascii	"\373|\276\177\327]\360\357\356\353k8H\333\261\270-$"
 776      D75DF0EF 
 776      EEEB6B38 
 776      48DBB1B8 
 776      2D24
 777 0113 0848AA95 		.ascii	"\010H\252\225\333%\221\031\034\031\224\212\221|E\014"
 777      DB259119 
 777      1C19948A 
 777      917C450C 
 778 0123 3BE8F39D 		.ascii	";\350\363\235l\372\314\347\213\023\333\245\244\335\204"
 778      6CFACCE7 
 778      8B13DBA5 
 778      A4DD84
 779 0132 18FA94E8 		.ascii	"\030\372\224\350\023\224\025D%\035\222,\254#\245\274"
 779      13941544 
 779      251D922C 
 779      AC23A5BC 
 780 0142 B6F79D2D 		.ascii	"\266\367\235-\036?r\233\264'ZiV\322wJ\371VP\271\357"
 780      1E3F729B 
 780      B4275A69 
 780      56D2774A 
 780      F95650B9 
 781 0157 9DCD4AE9 		.ascii	"\235\315J\351\240}\321JG%\235\221\312\222|\227\370\307"
 781      A07DD14A 
 781      47259D91 
 781      CA927C97 
 781      F8C7
 782 0169 50969FA8 		.ascii	"P\226\237\250\254\366\370W\273\267K'}\036\251\027\242"
 782      ACF6F857 
 782      BBB74B27 
 782      7D1EA917 
 782      A2
 783 017a 922C762D 		.ascii	"\222,v-w\206\305\037\036\257\254\366\245\254Me\361\027"
 783      7786C51F 
 783      1EAFACF6 
 783      A5AC4D65 
 783      F117
 784 018c B1E22D4A 		.ascii	"\261\342-J\274\313\026\037\263\305_\306\212\327+\361"
 784      BCCB161F 
 784      B3C55FC6 
 784      8AD72BF1 
 785 019c C7B6F80B 		.ascii	"\307\266\370\013[\334\030+\276\243\366\267\337\026\037"
 785      5BDC182B 
 785      BEA3F6B7 
 785      DF161F
 786 01ab B0C58763 		.ascii	"\260\305\207c\3057\224\270\321\026\177n\213\217\306"
 786      C53794B8 
 786      D1167F6E 
 786      8B8FC6
 787 01ba 8AFF904E 		.ascii	"\212\377\220NA\307\210\216\020}Et\210\350 \321\001\322"
 787      41C7888E 
 787      107D4574 
 787      88E820D1 
 787      01D2
ARM GAS  C:\Users\ccliu\AppData\Local\Temp\cc5cWBJf.s 			page 20


 788 01cc C7479CE7 		.ascii	"\307G\234\347\270]\250o\033kC\205:\021\233\247Ym\347"
 788      B85DA86F 
 788      1B6B4385 
 788      3A119BA7 
 788      596DE7
 789 01df 9BB0F8E4 		.ascii	"\233\260\370\344\001>X\365\314ob\265G\224\266\311\326"
 789      013E58F5 
 789      CC6F62B5 
 789      4794B6C9 
 789      D6
 790 01f0 EE0D6BBF 		.ascii	"\356\015k\277\213\325\356S\332S\266\266!\254=\031\253"
 790      8BD5EE53 
 790      DA53B6B6 
 790      21AC3D19 
 790      AB
 791 0201 FDC0C45E 		.ascii	"\375\300\304^\232\211\232\210\276%\372\232\004\372\035"
 791      9A899A88 
 791      BE25FA9A 
 791      04FA1D
 792 0210 F42EFE9E 		.ascii	"\364.\376\236\306w\335d\244\364\203S\216\203\276\366"
 792      C677DD64 
 792      A4F48353 
 792      8E83BEF6 
 793 0220 CE4D3EDF 		.ascii	"\316M>\337\371\001?\237\335\021\367\014\241]\\\006\203"
 793      F9013F9F 
 793      DD11F70C 
 793      A15D5C06 
 793      83
 794 0231 6430191C 		.ascii	"d0\031\034\014N\006\027\203\033\340\346\336u\305\363"
 794      0C4E0617 
 794      831BE0E6 
 794      DE75C5F3 
 795 0241 28814789 		.ascii	"(\201G\211\014I<\365\360(\231!\205\341\036\206^\014"
 795      0C493CF5 
 795      F0289921 
 795      85E11E86 
 795      5E0C
 796 0253 F732F466 		.ascii	"\3672\364f\270\217\341~\206>\014}\031\3721\364g\030"
 796      B88FE17E 
 796      863E0C7D 
 796      19FA31F4 
 796      6718
 797 0265 C0309061 		.ascii	"\3000\220a\020\303\003\014\203\031R\031\322\030\036"
 797      10C3030C 
 797      83195219 
 797      D2181E
 798 0274 6418C2F0 		.ascii	"d\030\302\360\020\303P\206\207\031\2061<\3020\234a\004"
 798      10C35086 
 798      87198631 
 798      3CC2309C 
 798      6104
 799 0286 C3488651 		.ascii	"\303H\206Q\014\351\014\031\014^\206L\206,\206l\206\321"
 799      0CE90C19 
 799      0C5E864C 
 799      862C866C 
 799      86D1
 800 0298 82F6520E 		.ascii	"\202\366R\0167\305\243\002\025\033#P\263\261\002U\033"
ARM GAS  C:\Users\ccliu\AppData\Local\Temp\cc5cWBJf.s 			page 21


 800      37C5A302 
 800      151B2350 
 800      B3B10255 
 800      1B
 801 02a9 2750B409 		.ascii	"'P\264\011D\373i\"\257N\342\325\311\274:\205W\247\012"
 801      44FB6922 
 801      AF4EE2D5 
 801      C9BC3A85 
 801      57A70A
 802 02bc 54751A4B 		.ascii	"Tu\032Kr\011\011\246\363I\314\020(\360L\201\022\317"
 802      720909A6 
 802      F349CC10 
 802      28F04C81 
 802      12CF
 803 02ce 1228F26C 		.ascii	"\022(\362l\242\317(\217\323\347s\354|\216]\300\261\013"
 803      A2CF288F 
 803      D3E773EC 
 803      7C8E5DC0 
 803      B10B
 804 02e0 39DF228E 		.ascii	"9\337\"\216\025b\223\344\033K}\006c\352\227\206=%q\205"
 804      156293E4 
 804      1B4B7D06 
 804      63EA9786 
 804      3D257185 
 805 02f4 2AB7545F 		.ascii	"*\267T_\255\033g\311\211\226\234\300\327\211\213$\263"
 805      AD1B67C9 
 805      89969CC0 
 805      D7898B24 
 805      B3
 806 0305 ED55B7EA 		.ascii	"\355U\267\352~\"KR\220v\223\241\305\027\301L\262\364"
 806      7E224B52 
 806      907693A1 
 806      C517C14C 
 806      B2F4
 807 0317 D5E3D219 		.ascii	"\325\343\322\031\332\253:\353\316\2006\240\245Q\266"
 807      DAAB3AEB 
 807      CE8036A0 
 807      A551B6
 808 0326 6C32283A 		.ascii	"l2(:\035\224\034\015p:\031N\347\260uS\300\207uM\201"
 808      1D941C0D 
 808      703A194E 
 808      E7B07553 
 808      C087754D 
 809 033b 6BA0CCB0 		.ascii	"k\240\314\260\316e\353\246\202\327\217M\006\271\346"
 809      CE65EBA6 
 809      82D78F4D 
 809      06B9E6
 810 034a C65626A7 		.ascii	"\306V&\2471\343T\035\353\227\262\313\336.\005`\326a"
 810      31E3541D 
 810      EB97B2CB 
 810      DE2E0560 
 810      D661
 811 035c C9D1F403 		.ascii	"\311\321\364\003\211?i\355\237\215K1\327Y\324}\332F"
 811      893F69ED 
 811      9F8D4B31 
 811      D759D47D 
 811      DA46
ARM GAS  C:\Users\ccliu\AppData\Local\Temp\cc5cWBJf.s 			page 22


 812 036e A32D996B 		.ascii	"\243-\231k\230\302\222y\236m\315\227\335h\3626\312A"
 812      98C29279 
 812      9E6DCD97 
 812      DD68F236 
 812      CA41
 813 0380 418C73BB 		.ascii	"A\214s\273K-\271\320s\247\271\250\215\036\305\256\215"
 813      4B2DB9D0 
 813      73A7B9A8 
 813      8D1EC5AE 
 813      8D
 814 0391 2B4CE47B 		.ascii	"+L\344{\216<\335Fc\260=\343\346XK\316\367\234k\256h"
 814      8E3CDD46 
 814      63B03DE3 
 814      E6584BCE 
 814      F79C6BAE 
 815 03a6 238CA618 		.ascii	"#\214\246\030\033\367`}\201\347\012\007\240\244\323"
 815      1BF7607D 
 815      81E70A07 
 815      A0A4D3
 816 03b5 8C5D4C2C 		.ascii	"\214]L,\362l<\375\034\314\231]\314u\006\374\016\274"
 816      F26C3CFD 
 816      1CCC995D 
 816      CC7506FC 
 816      0EBC
 817 03c7 7C2CE9B4 		.ascii	"|,\351\264\3448\355Im\367\303\252\026\024\300\005^\223"
 817      E438ED49 
 817      6DF7C3AA 
 817      1614C005 
 817      5E93
 818 03d9 26936D55 		.ascii	"&\223mU\207Q\340\351\252\014.M\034\255\237`\241D#\021"
 818      8751E0E9 
 818      AA0C2E4D 
 818      1CAD9F60 
 818      A1442311 
 819 03ed CD0569AF 		.ascii	"\315\005i\257\376\001\271f\200\322I\232\352\027[2.\234"
 819      FE01B966 
 819      80D2499A 
 819      EA175B32 
 819      2E9C
 820 03ff DAD041AD 		.ascii	"\332\320A\255\320\304\323(\254\33013AiK?\326\303q\002"
 820      D0C4D328 
 820      ACD83133 
 820      41694B3F 
 820      D6C37102 
 821 0413 62E8670A 		.ascii	"b\350g\012Z\301\231%\202\243\263\244\023t  I\037N2\226"
 821      5AC19925 
 821      82A3B3A4 
 821      13742020 
 821      491F4E32 
 822 0428 EC2CB3C0 		.ascii	"\354,\263\300cvh\377\355\226/a\336\023|AIu\331\354 "
 822      637668FF 
 822      ED962F61 
 822      DE137C41 
 822      4975D9EC 
 823 043d BCD370D7 		.ascii	"\274\323p\327\301\317l:O\"\363m5\215\247_\251^\275\333"
 823      C1CF6C3A 
 823      4F22F36D 
ARM GAS  C:\Users\ccliu\AppData\Local\Temp\cc5cWBJf.s 			page 23


 823      358DA75F 
 823      A95EBDDB 
 824 0451 90666B75 		.ascii	"\220fku\007\366\215\2443\264\031\256B\012\022\201c\242"
 824      07F68DA4 
 824      33B419AE 
 824      420A1281 
 824      63A2
 825 0463 B6FA224E 		.ascii	"\266\372\"N\362\036K\3420R\370A\327\326\267\030\241"
 825      F21E4BE2 
 825      3052F841 
 825      D7D6B718 
 825      A1
 826 0474 D49793EE 		.ascii	"\324\227\223\356\222\373\202\316\215 \345k\317\025\366"
 826      92FB82CE 
 826      8D20E56B 
 826      CF15F6
 827 0483 D5AB3B37 		.ascii	"\325\253;7\277#\202Bn\016\343q\367\242:\332M+\334\364"
 827      BF238242 
 827      6E0EE371 
 827      F7A23ADA 
 827      4D2BDCF4 
 828 0497 463838ED 		.ascii	"F88\355\246\005\313\367Y\022\255\320\273Gn\376\320\271"
 828      A605CBF7 
 828      5912ADD0 
 828      BB476EFE 
 828      D0B9
 829 04a9 11A4ABA4 		.ascii	"\021\244\253\244\334\334\337\235\233\313\2100Bn\370"
 829      DCDCDF9D 
 829      9BCB8830 
 829      426EF8
 830 04b8 F97DC26E 		.ascii	"\371}\302n.b\326\027\341\340\264\233_\340\246\237%\321"
 830      2E62D617 
 830      E1E0B49B 
 830      5FE0A69F 
 830      25D1
 831 04ca 887D7BE4 		.ascii	"\210}{\344\346/\235\033A:\341\255\372y\226\354\317_"
 831      E62F9D1B 
 831      413AE1AD 
 831      FA7996EC 
 831      CF5F
 832 04dc E1D3EA9B 		.ascii	"\341\323\352\233r\271\361y\314\351\027\3755\361KGd\373"
 832      72B9F179 
 832      CCE917FD 
 832      35F14B47 
 832      64FB
 833 04ee 62FD6CE3 		.ascii	"b\375l\343{\233\006\006\233\313\211\276\325*gt\223\243"
 833      7B9B0606 
 833      9BCB89BE 
 833      D52A6774 
 833      93A3
 834 0500 E6ADCDD8 		.ascii	"\346\255\315\330\345\200\356v\331\002'2r\227H;\313\336"
 834      E580EE76 
 834      D9022732 
 834      7297483B 
 834      CBDE
 835 0512 E5208483 		.ascii	"\345 \204\203\263w\371\200\372\032\014\322\273l\265"
 835      B377F980 
ARM GAS  C:\Users\ccliu\AppData\Local\Temp\cc5cWBJf.s 			page 24


 835      FA1A0CD2 
 835      BB6CB5
 836 0521 77997C97 		.ascii	"w\231|\227\334Wun\004){\256.\366n\262\275\301\335\331"
 836      DC57756E 
 836      04297BAE 
 836      2EF66EB2 
 836      BDC1DDD9 
 837 0535 BB8E1466 		.ascii	"\273\216\024f\244\275\324({i\010\007g\333{P\331K\353"
 837      A4BDD428 
 837      7B690807 
 837      67DB7B50 
 837      D94BEB
 838 0548 91BD7F74 		.ascii	"\221\275\177tn\004){\356X{\267o\376\006{C\272\263\327"
 838      6E04297B 
 838      EE587BB7 
 838      6FFE067B 
 838      43BAB3D7 
 839 055c 8A148EC8 		.ascii	"\212\024\216\310\216}(\252c\207\"\034\234\335\261\017"
 839      8E7D28AA 
 839      6387221C 
 839      9CDDB10F 
 840 056c 5B12B7DB 		.ascii	"[\022\267\333Pm\257\303\266\347\271K\356[:7\202\224"
 840      506DAFC3 
 840      B6E7B94B 
 840      EE5B3A37 
 840      8294
 841 057e BDB82ED5 		.ascii	"\275\270.\325\353`{\303\272\263w;\326\336#Q\366\206"
 841      EB607BC3 
 841      BAB3773B 
 841      D6DE2351 
 841      F686
 842 0590 231C9C6D 		.ascii	"#\034\234mo\204\2627\274G\366\376\013\331\033\241\033"
 842      6F84B237 
 842      BC47F6FE 
 842      0BD91BA1 
 842      1B
 843 05a1 F2AA6A48 		.ascii	"\362\252jH\372;\324\262\361]\374\336\341\323\036\331"
 843      FA3BD4B2 
 843      F15DFCDE 
 843      E1D31ED9 
 844 05b1 9DDF8ED8 		.ascii	"\235\337\216\330f\034\025u\332\351\010\007g\237v\206"
 844      661C1575 
 844      DAE90807 
 844      679F7686 
 845 05c1 3AEDF41E 		.ascii	":\355\364\036\235vg\250\0313\224\275\204.\366:\331\236"
 845      9D7667A8 
 845      193394BD 
 845      842EF63A 
 845      D99E
 846 05d3 B73B7BAB 		.ascii	"\267;{\253\215\230f\314\214\262\227\205pp\266\275le"
 846      8D9866CC 
 846      8CB29785 
 846      7070B6BD 
 846      6C65
 847 05e5 2FAB47F6 		.ascii	"/\253G\366*\215`3f+{\2111\357+\274\233\033>6\361z\304"
 847      2A8D6033 
 847      662B7B89 
ARM GAS  C:\Users\ccliu\AppData\Local\Temp\cc5cWBJf.s 			page 25


 847      31EF2BBC 
 847      9B1B3E36 
 848 05fc 9B925FA8 		.ascii	"\233\222_\250#\365-\361\376\253\270\206\362\370\026"
 848      23F52DF1 
 848      FEABB886 
 848      F2F816
 849 060b 3075DD11 		.ascii	"0u\335\021\232\024\031\3527|\307\360\247\217Z\360\304"
 849      9A1419EA 
 849      377CC7F0 
 849      A78F5AF0 
 849      C4
 850 061c E46CABBA 		.ascii	"\344l\253\272\324\2007e>\356t\344S\304\325\206\361x"
 850      D4803765 
 850      3EEE74E4 
 850      53C4D586 
 850      F178
 851 062e ABE25AA5 		.ascii	"\253\342Z\245\357\203\222[\015\270b\027\340j\0133\377"
 851      EF83925B 
 851      0DB86217 
 851      E06A0B33 
 851      FF
 852 063f A18916A2 		.ascii	"\241\211\026\242Q\202D\240\352\350N\324aQ\3706\"\365"
 852      518244A0 
 852      EAE84ED4 
 852      6151F836 
 852      22F5
 853 0651 B0E48887 		.ascii	"\260\344\210\207\241)VO\021C\260\365ko\274\353K\215"
 853      A129564F 
 853      1143B0F5 
 853      6B6FBCEB 
 853      4B8D
 854 0663 FE9B4ADC 		.ascii	"\376\233J\334\2405\277\276v\"\201\177\277\345\317&I"
 854      A035BFBE 
 854      7622817F 
 854      BFE5CF26 
 854      49
 855 0674 91BF3309 		.ascii	"\221\2773\01111w\374\342\334\345+\226\256\310\253XY"
 855      313177FC 
 855      E2DCE52B 
 855      96AEC8AB 
 855      5859
 856 0686 B0A264F1 		.ascii	"\260\242d\361K%e/\224\227.YV\370\354\312\362\302\262"
 856      4B25652F 
 856      94972E59 
 856      56F8ECCA 
 856      F2C2B2
 857 0699 C5F3F2D3 		.ascii	"\305\363\362\323\363\362\237\030\235=#'3k\336\364\364"
 857      F3F29F18 
 857      9D3D2327 
 857      336BDEF4 
 857      F4
 858 06aa 27E7E7CE 		.ascii	"'\347\347\316\231>wLNz\336\362\302\242\242l11#\303\213"
 858      993E774C 
 858      4E7ADEF2 
 858      C2A2A26C 
 858      313123C3 
 859 06bf 7FCB3841 		.ascii	"\177\3138AIyv\326\030oI\271w\371\222\"oiIYE\271W\205"
ARM GAS  C:\Users\ccliu\AppData\Local\Temp\cc5cWBJf.s 			page 26


 859      497976D6 
 859      186F49B9 
 859      77F99222 
 859      6F694959 
 860 06d7 7AE7CC79 		.ascii	"z\347\314y\334;\363\251\331s_\314\346\245gK\361\277"
 860      DC3BF3A9 
 860      D9735FCC 
 860      E6A5674B 
 860      F1BF
 861 06e9 A8A82063 		.ascii	"\250\250 c\2310Y\325'\212\313(\310\034\273\2540\263"
 861      993059D5 
 861      278ACB28 
 861      C81CBBAC 
 861      30B3
 862 06fb 008BC54B 		.ascii	"\000\213\305K\312_0\213K\012\012\345\322\025\025\346"
 862      CA5F308B 
 862      4B0A0AE5 
 862      D21515E6 
 863 070b 92A28A32 		.ascii	"\222\242\2122G\351\312\322\2022WIyiaaA\231\263\244\342"
 863      47E9CAD2 
 863      82325749 
 863      79696161 
 863      4199B3A4 
 864 0720 E5D2C232 		.ascii	"\345\322\3022\007K\312\214\342\034\2438\333(\316r\263"
 864      074BCA8C 
 864      E21CA338 
 864      DB28CE72 
 864      B3
 865 0731 9043FF07 		.ascii	"\220C\377\007\002\276\033\260"
 865      02BE1BB0 
 866              		.text
 867              		.section	.gnu.lto_.symbol_nodes.f633529c,"e",%progbits
 868 0000 789C7361 		.ascii	"x\234sa\000\002\246\357L\365\014\377\241@\236q\3029"
 868      0002A6EF 
 868      4CF50CFF 
 868      A1409E71 
 868      C239
 869 0012 06867A06 		.ascii	"\006\206z\006\206}\215\215\214\014\214\014`\005?\230"
 869      867D8D8D 
 869      8C0C8C0C 
 869      60053F98 
 870 0022 EA19F129 		.ascii	"\352\031\361)`\000\000*\246\032\251"
 870      6000002A 
 870      A61AA9
 871              		.text
 872              		.section	.gnu.lto_.refs.f633529c,"e",%progbits
 873 0000 789C6364 		.ascii	"x\234cd\000\002\000\000\012\000\002"
 873      00020000 
 873      0A0002
 874              		.text
 875              		.section	.gnu.lto_.decls.f633529c,"e",%progbits
 876 0000 789CA554 		.ascii	"x\234\245TmLSW\030>\357=\267\364r\255\224H\231K\226"
 876      6D4C5357 
 876      183EEF3D 
 876      B7F472AD 
 876      9448994B 
 877 0015 98C690D9 		.ascii	"\230\306\220\331\375\200\332j0Yf\302\306\207.\242\220"
ARM GAS  C:\Users\ccliu\AppData\Local\Temp\cc5cWBJf.s 			page 27


 877      FD80DA6A 
 877      305966C2 
 877      C6872EA2 
 877      90
 878 0026 A259664C 		.ascii	"\242YfL\032\306m\244\021,\243\305m\377\356\374\\\026"
 878      1AC66DA4 
 878      112CA3C5 
 878      6DFFEEFC 
 878      5C16
 879 0038 C7D8FC31 		.ascii	"\307\330\3741\235\013\203\221%&s\3122\247\210\240\025"
 879      9D0B8391 
 879      252673CA 
 879      32A788A0 
 879      15
 880 0049 2656D40D 		.ascii	"&V\324\015\024?\331P\374\254\312\024\207\012\242\323"
 880      143FD950 
 880      FCACCA14 
 880      870AA2D3 
 881 0059 BDE7F4D2 		.ascii	"\275\347\364\322K)\311\266\354\244\357\271\234\373>"
 881      4B29C9B6 
 881      ECA4EFB9 
 881      9CFB3E
 882 0068 CFF37E5D 		.ascii	"\317\363~]\316\307\022!\275@H\013!\3449.\212\317n\242"
 882      CEC71221 
 882      BD40480B 
 882      21E4392E 
 882      8ACF6EA2 
 883 007c 2F81447C 		.ascii	"/\201D|]$~}\200<\374\221R\355\014\032v\342\252G\307"
 883      5D247E7D 
 883      803CFC91 
 883      52ED0C1A 
 883      76E2AA47 
 884 0091 140D370D 		.ascii	"\024\0157\015\315\242\201;\360\321\216v\001m\026\332"
 884      CDA2813B 
 884      F0D18E76 
 884      016D16DA 
 885 00a1 72B46768 		.ascii	"r\264gh=h\011h\217\320\036\243\215\240\015\241=E{\242"
 885      3D680968 
 885      8FD01EA3 
 885      8DA00DA1 
 885      3D457BA2 
 886 00b5 C5992C9F 		.ascii	"\305\231,\237\355T\270\336\323wT\276\016\374(*\000p"
 886      ED54B8DE 
 886      D37754BE 
 886      0EFC282A 
 886      0070
 887 00c7 3E133799 		.ascii	">\0237\231,\247\304\242\012\252\220\240PA\2462U\344"
 887      2CA7C4A2 
 887      0AAA90A0 
 887      5041A632 
 887      55E4
 888 00d9 10CCB03D 		.ascii	"\020\314\260=\240Y\222`3\313\322\216vH\226\015\222 "
 888      A0599260 
 888      33CBD28E 
 888      7648960D 
 888      9220
 889 00eb 848D8A6C 		.ascii	"\204\215\212l\033\205\235B]\2025K\025\225\315\251a\243"
ARM GAS  C:\Users\ccliu\AppData\Local\Temp\cc5cWBJf.s 			page 28


 889      1B859D42 
 889      5D82354B 
 889      1595CDA9 
 889      61A3
 890 00fd 2AD42CB1 		.ascii	"*\324,\261\314\311\302=l\014\201\202\254BQJ\306\277"
 890      CCC9C23D 
 890      6C0C8182 
 890      AC42514A 
 890      C6BF
 891 010f C246F901 		.ascii	"\302F\371\001\255\373$A9)|4\013B +N\213\252\252Y\222"
 891      ADFB2441 
 891      39297C34 
 891      0B42202B 
 891      4E8BAAAA 
 892 0125 34C3DC46 		.ascii	"4\303\334F\333h\036!\222\324\270+U\016\033\315(aS\254"
 892      DB681E21 
 892      92D4B82B 
 892      550E1BCD 
 892      286153AC 
 893 0139 C98AD51C 		.ascii	"\311\212\325\034\002\203\242\310\026\033\301$\024\247"
 893      0283A2C8 
 893      161BC124 
 893      14A7
 894 0147 334B9051 		.ascii	"3K\220QY\224B\340\244`r\252\375w\246\313\0069q\206\325"
 894      599442E0 
 894      A46072AA 
 894      FD77A6CB 
 894      06397186 
 895 015c 468842F2 		.ascii	"F\210B\362\004\324\245\317\307\026\0301\246\242\037"
 895      04D4A5CF 
 895      C7161831 
 895      A6A21F
 896 016b 016CB2E0 		.ascii	"\001l\262\340\024\350\242\260\021G%X\011QE\311d\002"
 896      14E8A2B0 
 896      11472558 
 896      095145C9 
 896      6402
 897 017d 151F89EE 		.ascii	"\025\037\211\356EJ\241S&a\243\200.\213\010\252\000:"
 897      454AA153 
 897      2661A380 
 897      2E8B08AA 
 897      003A
 898 018f 534EC036 		.ascii	"SN\3006\012\321\271\001\201\361\235\004\355k\210`\211"
 898      0AD1B901 
 898      81F19D04 
 898      ED6B8860 
 898      89
 899 01a0 EE1760CC 		.ascii	"\356\027`\314\035\301\305\260\242Z\374=D\365\307\010"
 899      1DC1C5B0 
 899      A25AFC3D 
 899      44F5C708 
 900 01b0 3A6D9C38 		.ascii	":m\2348L\240\003[l\037O\320s\214\306\027\242i\201\016"
 900      4CA0035B 
 900      6C1F4FD0 
 900      738CC617 
 900      A269810E 
 901 01c4 99903857 		.ascii	"\231\2208W\201\261\204\342\027\035\373l\016o\351\335"
ARM GAS  C:\Users\ccliu\AppData\Local\Temp\cc5cWBJf.s 			page 29


 901      81B184E2 
 901      171DFB6C 
 901      0E6FE9DD 
 902 01d4 64B8816D 		.ascii	"d\270\201mS\267Z \265&\213\000}\211\320W\210]\345\253"
 902      53B75A20 
 902      B5268B00 
 902      7D89D057 
 902      885DE5AB 
 903 01e8 CD4F605F 		.ascii	"\315O`_D\3017\345s\012\323@\300\335\002\311H\335t\240"
 903      44C137E5 
 903      730AD340 
 903      C0DD02C9 
 903      48DD74A0 
 904 01fc FAB83C1D 		.ascii	"\372\270<\035A\003\252j\201Rh\006\330\317\002\036\300"
 904      4103AA6A 
 904      81526806 
 904      D8CF021E 
 904      C0
 905 020d B83E2E7E 		.ascii	"\270>.~\240{\270\3364sk\215:\362ugG\303\314\376&U\335"
 905      A07BB8DE 
 905      34736B8D 
 905      3AF27567 
 905      47C3CCFE 
 906 0224 80788961 		.ascii	"\200x\211a`/@S\244\246\275H\370\011`\017\370\372D\272"
 906      602F4053 
 906      A4A6BD48 
 906      F809600F 
 906      F8FA44BA 
 907 0238 4E201861 		.ascii	"N \030a\026\037\230\231\377E\3506\376n\032\210<\266"
 907      161F9899 
 907      FF45E836 
 907      FE6E1A88 
 907      3CB6
 908 024a 159547B7 		.ascii	"\025\225G\267\354\273d\222\203\252:\250\006\327'\022"
 908      ECBB6492 
 908      83AA3AA8 
 908      06D72712 
 909 025a 6803388C 		.ascii	"h\0038\214*A@|\023\300!\200\203\200\260G\265\035ge\221"
 909      2A41407C 
 909      13C02180 
 909      8380B047 
 909      B51D6765 
 910 026f C56807F0 		.ascii	"\305h\007\360\321o\004\226UW_\375qs<\367\310\004n\323"
 910      D16F0496 
 910      55575FFD 
 910      71733CF7 
 910      C8046ED3 
 911 0283 D983ED22 		.ascii	"\331\203\355\"\347v\000\374\314\336\364n\370\241\032"
 911      E77600FC 
 911      CCDEF46E 
 911      F8A11A
 912 0292 52228D09 		.ascii	"R\"\215\011j\203\015iU\320\335\\\373\314\371P\2659\006"
 912      6A830D69 
 912      55D0DD5C 
 912      FBCCF950 
 912      B53906
 913 02a5 02C7200A 		.ascii	"\002\307 \012B\300\251\326\332\323\242\211\007\257k"
ARM GAS  C:\Users\ccliu\AppData\Local\Temp\cc5cWBJf.s 			page 30


 913      42C0A9D6 
 913      DAD3A289 
 913      07AF6B
 914 02b4 13A113B4 		.ascii	"\023\241\023\264\360\004\216\343F[\270\312\255\321\037"
 914      F0048EE3 
 914      465BB8CA 
 914      ADD11F
 915 02c3 EF4F9D04 		.ascii	"\357O\235\004\004'\200\303\020\262}\355\303o#\225\235"
 915      042780C3 
 915      10B27DED 
 915      C36F2395 
 915      9D
 916 02d4 0438CAB2 		.ascii	"\0048\312\262;\326[{g\262q\374\212\274_\"\244\276\356"
 916      3BD65B7B 
 916      67B271FC 
 916      8ABC5F22 
 916      A4BEEE
 917 02e7 DD0F93D8 		.ascii	"\335\017\223\330<\032\367\257\333\244&\257E\260\210"
 917      3C1AF7AF 
 917      DBA426AF 
 917      45B088
 918 02f6 7E688D8E 		.ascii	"~h\215\216\2425:\212\275\224\267\334J\217\012\204\236"
 918      A2353A8A 
 918      BD94B7DC 
 918      4A8F0A84 
 918      9E
 919 0307 E0696D0C 		.ascii	"\340im\014\336\354\222\344\313\023\033wz|\3438\351E"
 919      DEEC92E4 
 919      CB131B77 
 919      7A7CE338 
 919      E945
 920 0319 7A0649BD 		.ascii	"z\006I\275h\2279q\340\310\255\023S\343;\036C\244W\020"
 920      68973971 
 920      E0C8AD13 
 920      53E33B1E 
 920      43A45710 
 921 032d 7E8D0FFA 		.ascii	"~\215\017\372e\034>\345OBos\201\341\215;j\2470\201\001"
 921      651C3EE5 
 921      4F426F73 
 921      81E18D3B 
 921      6AA73081 
 922 0342 35B8D640 		.ascii	"5\270\326@\264\332\240\017\020\203\002\277\003\374\006"
 922      B4DAA00F 
 922      108302BF 
 922      03FC06
 923 0351 74884113 		.ascii	"t\210A\023z\272\277\274(\244\244\245am\353q\006\002"
 923      7ABABFBC 
 923      28A4A4A5 
 923      616DEB71 
 923      0602
 924 0363 8936B89F 		.ascii	"\2116\270\237U\011W\000\256\262ZQl\244\357\213\226\206"
 924      55095700 
 924      AEB25A51 
 924      6CA4EF8B 
 924      9686
 925 0375 A4ED2869 		.ascii	"\244\355(i\202K\000\227\201A\306\332fGs0Tc\353\325\215"
 925      824B0097 
ARM GAS  C:\Users\ccliu\AppData\Local\Temp\cc5cWBJf.s 			page 31


 925      8141C6DA 
 925      66477330 
 925      5463EBD5 
 926 038a D82B0EE9 		.ascii	"\330+\016\351\215\2034\003\013z\244\256\313\227\226"
 926      8D833403 
 926      0B7AA4AE 
 926      CB9796
 927 0399 C6AEC0C1 		.ascii	"\306\256\300\301\203W\015;\202\034v\021\340\206>\336"
 927      83570D3B 
 927      821C7611 
 927      E0863EDE 
 928 03a9 A8DE6073 		.ascii	"\250\336`sCuR\315\207\024.\340\035=\011\204\211`\342"
 928      437552CD 
 928      87142EE0 
 928      1D3D0984 
 928      8960E2
 929 03bc A29EF80D 		.ascii	"\242\236\370\015\236\370u\200k\332Gt\267\251\375\323"
 929      9EF87580 
 929      6BDA4774 
 929      B7A9FDD3 
 930 03cc 244BDD3F 		.ascii	"$K\335?\000\371(\222\351\036Jh\023\215\234$\332\202"
 930      00F92892 
 930      E91E4A68 
 930      138D9C24 
 930      DA82
 931 03de A736B44E 		.ascii	"\2476\264N\264n\355\255\215\377[\005\005z\216\242\372"
 931      B46EEDAD 
 931      8DFF5B05 
 931      057A8EA2 
 931      FA
 932 03ef 0BF72E7D 		.ascii	"\013\367.}v\316\234\206+%\215\257~\354\3011\366\275"
 932      76CE9C86 
 932      2B258DAF 
 932      7EECC131 
 932      F6BD
 933 0401 AC37410F 		.ascii	"\2547A\017\300)\200a=\347n\340I3L\223\216\271\025\203"
 933      C0298061 
 933      3DE76EE0 
 933      49334C93 
 933      8EB91583 
 934 0415 09B3AD0D 		.ascii	"\011\263\255\015H=&|\250\341\335\020\266\347&\300\271"
 934      483D267C 
 934      A8E1DD10 
 934      B6E726C0 
 934      B9
 935 0426 18CC99A8 		.ascii	"\030\314\231\250\316\340N\255?\250s7\006c\217\310h\223"
 935      CEE04EAD 
 935      3FA87337 
 935      06638FC8 
 935      6893
 936 0438 C5BAEF03 		.ascii	"\305\272\357\003\0142\3070\257\373\011\300#\200\307"
 936      0C32C730 
 936      AFFB09C0 
 936      2380C7
 937 0447 0023007F 		.ascii	"\000#\000\177\001<\000x\0100\0120\004\360\224\365\203"
 937      013C0078 
 937      08300A30 
ARM GAS  C:\Users\ccliu\AppData\Local\Temp\cc5cWBJf.s 			page 32


 937      04F094F5 
 937      83
 938 0458 E5B84BCF 		.ascii	"\345\270K\317q F\373\216\226#\003}\257\203\376\210\007"
 938      712046FB 
 938      8E962303 
 938      7DAF83FE 
 938      8807
 939 046a 458A0DE9 		.ascii	"E\212\015\351\230\263\361\205hB\337\351\240{q\225Dt"
 939      98B3F185 
 939      6842DFE9 
 939      A07B7195 
 939      4474
 940 047c 3A75C89F 		.ascii	":u\310\237\361\215\325tv\353\240\333\361\235u\260Ob"
 940      F18DD574 
 940      76EBA0DB 
 940      F19D75B0 
 940      4F62
 941 048e F3B55D87 		.ascii	"\363\265]\207\214)\023[\303.\237\177\327\034\224\030"
 941      8C29135B 
 941      C32E9F7F 
 941      D71C9418 
 942 049e DA76BB7E 		.ascii	"\332v\273~\334\325\364L\017\363\234\337\017\010\371"
 942      DCD5F44C 
 942      0FF39CDF 
 942      0F08F9
 943 04ad AAB1799D 		.ascii	"\252\261y\2350\011\204]L\021\020\241\216L\222X\\Y\276"
 943      3009845D 
 943      4C1110A1 
 943      8E4C9258 
 943      5C59BE
 944 04c0 669E27BD 		.ascii	"f\236'\275\234\310%\276\312\200\347\375\364\362\271"
 944      9CC825BE 
 944      CA80E7FD 
 944      F4F2B9
 945 04cf 64AABBA2 		.ascii	"d\252\273\242\270\314]V\246\270\275\253\275\201\327"
 945      B8CC5D56 
 945      A6B8BDAB 
 945      BD81D7
 946 04de 3232ECF8 		.ascii	"22\354\370+)\365\276\343\365\371\235\216L\273\317o/"
 946      2B29F5BE 
 946      E3F5F99D 
 946      8E4CBBCF 
 946      6F2F
 947 04f0 2D2EB357 		.ascii	"-.\263W \301o/Z\272x\216\323\236\237\237c_P\370f\301"
 947      20C16F2F 
 947      5ABA788E 
 947      D39E9F9F 
 947      635F50F8 
 948 0506 1A27738D 		.ascii	"\032's\215\3613J\244\005K\226Y\263\035\363\310\364\230"
 948      F1334AA4 
 948      054B9659 
 948      B31DF3C8 
 948      F498
 949 0518 D719CAEC 		.ascii	"\327\031\312\354y%\236\331J\011\231\237\375\352\212"
 949      79259ED9 
 949      4A09999F 
 949      FDEA8A
ARM GAS  C:\Users\ccliu\AppData\Local\Temp\cc5cWBJf.s 			page 33


 950 0527 6C265D14 		.ascii	"l&]\024\250R\274\276\025\357\371*W\371+\212K<\356*\277"
 950      A852BCBE 
 950      15EFF92A 
 950      57F92B8A 
 950      4B3CEE2A 
 951 053c A772856B 		.ascii	"\247r\205ki:\017\2207w\266\303\225\233\276dYv~nA\346"
 951      693A0F90 
 951      3777B6C3 
 951      959BBE64 
 951      59767E6E 
 952 0552 DCF4A252 		.ascii	"\334\364\242ROY\231\223\314\377?\271\221\324h\235~O"
 952      4F599993 
 952      CCFF3FB9 
 952      91D4689D 
 952      7E4F
 953 0564 6065A5AF 		.ascii	"`e\245\257\252\242\334\247x$\257\217=\334\001\223\327"
 953      AAA2DCA7 
 953      7824AF8F 
 953      3DDC0193 
 953      D7
 954 0575 C764CA8B 		.ascii	"\307d\312\213\375\253\360\340\017\224\317q\272WVx}\356"
 954      FDABF0E0 
 954      0F94CF71 
 954      BA575678 
 954      7DEE
 955 0587 801CF178 		.ascii	"\200\034\361x\025w@|=\317\225/UyW\007\320\0330\344\027"
 955      1577407C 
 955      3DCF952F 
 955      55795707 
 955      D01B30E4 
 956 059c 642F7289 		.ascii	"d/r\211o\024\271\\\360\026,4\224\224y\212+\271\327\221"
 956      6F14B95C 
 956      F0162C34 
 956      9494798A 
 956      2BB9D791 
 957 05b0 E90E500C 		.ascii	"\351\016P\014\363_\273\251\207\315(%\264 \307E\337\314"
 957      F35FBBA9 
 957      87CD2825 
 957      B420C745 
 957      DFCC
 958 05c2 71190A97 		.ascii	"q\031\012\227\025\346\270\214\005E\205\271\2719\256"
 958      15E6B88C 
 958      054585B9 
 958      B939AE
 959 05d1 8482A56F 		.ascii	"\204\202\245o\027\346\272\014\213\013rr],\237\205\177"
 959      17E6BA0C 
 959      8B0B7272 
 959      5D2C9F85 
 959      7F
 960 05e2 036EAC08 		.ascii	"\003n\254\010q"
 960      71
 961              		.text
 962              		.section	.gnu.lto_.symtab.f633529c,"e",%progbits
 963 0000 5F70616C 		.ascii	"_pal_lld_init\000"
 963      5F6C6C64 
 963      5F696E69 
 963      7400
ARM GAS  C:\Users\ccliu\AppData\Local\Temp\cc5cWBJf.s 			page 34


 964 000e 00       		.ascii	"\000"
 965 000f 00       		.ascii	"\000"
 966 0010 00       		.ascii	"\000"
 967 0011 00000000 		.ascii	"\000\000\000\000\000\000\000\000"
 967      00000000 
 968 0019 BC000000 		.ascii	"\274\000\000\000"
 969 001d 5F70616C 		.ascii	"_pal_lld_setgroupmode\000"
 969      5F6C6C64 
 969      5F736574 
 969      67726F75 
 969      706D6F64 
 970 0033 00       		.ascii	"\000"
 971 0034 00       		.ascii	"\000"
 972 0035 00       		.ascii	"\000"
 973 0036 00000000 		.ascii	"\000\000\000\000\000\000\000\000"
 973      00000000 
 974 003e D0000000 		.ascii	"\320\000\000\000"
 975              		.text
 976              		.section	.gnu.lto_.ext_symtab.f633529c,"e",%progbits
 977 0000 01       		.ascii	"\001"
 978 0001 01       		.ascii	"\001"
 979 0002 00       		.ascii	"\000"
 980 0003 01       		.ascii	"\001"
 981 0004 00       		.ascii	"\000"
 982              		.text
 983              		.section	.gnu.lto_.opts,"e",%progbits
 984 0000 272D666E 		.ascii	"'-fno-openmp' '-fno-openacc' '-fno-pie' '-fcf-prote"
 984      6F2D6F70 
 984      656E6D70 
 984      2720272D 
 984      666E6F2D 
 985 0033 6374696F 		.ascii	"ction=none' '-g' '-mcpu=cortex-m4' '-mthumb' '-mflo"
 985      6E3D6E6F 
 985      6E652720 
 985      272D6727 
 985      20272D6D 
 986 0066 61742D61 		.ascii	"at-abi=soft' '-mlibarch=armv7e-m' '-march=armv7e-m'"
 986      62693D73 
 986      6F667427 
 986      20272D6D 
 986      6C696261 
 987 0099 20272D4F 		.ascii	" '-O0' '-fomit-frame-pointer' '-falign-functions=16"
 987      30272027 
 987      2D666F6D 
 987      69742D66 
 987      72616D65 
 988 00cc 2720272D 		.ascii	"' '-ffunction-sections' '-fdata-sections' '-fno-com"
 988      6666756E 
 988      6374696F 
 988      6E2D7365 
 988      6374696F 
 989 00ff 6D6F6E27 		.ascii	"mon' '-flto' '-Xassembler' '-alms=./build/lst/hal_p"
 989      20272D66 
 989      6C746F27 
 989      20272D58 
 989      61737365 
 990 0132 616C5F6C 		.ascii	"al_lld.lst'\000"
ARM GAS  C:\Users\ccliu\AppData\Local\Temp\cc5cWBJf.s 			page 35


 990      6C642E6C 
 990      73742700 
 991              		.text
 992              		.comm	__gnu_lto_slim,1,1
 993              		.ident	"GCC: (GNU Arm Embedded Toolchain 10.3-2021.07) 10.3.1 20210621 (release)"
ARM GAS  C:\Users\ccliu\AppData\Local\Temp\cc5cWBJf.s 			page 36


DEFINED SYMBOLS
                            *ABS*:00000000 hal_pal_lld.c
C:\Users\ccliu\AppData\Local\Temp\cc5cWBJf.s:21     .gnu.debuglto_.debug_info:00000000 hal_pal_lld.c.d07ce0dc
                            *COM*:00000001 __gnu_lto_slim

NO UNDEFINED SYMBOLS
