ARM GAS  C:\Users\ccliu\AppData\Local\Temp\ccX5HZkR.s 			page 1


   1              		.cpu cortex-m4
   2              		.eabi_attribute 20, 1
   3              		.eabi_attribute 21, 1
   4              		.eabi_attribute 23, 3
   5              		.eabi_attribute 24, 1
   6              		.eabi_attribute 25, 1
   7              		.eabi_attribute 26, 1
   8              		.eabi_attribute 30, 6
   9              		.eabi_attribute 34, 1
  10              		.eabi_attribute 18, 4
  11              		.file	"hal_efl_lld.c"
  12              		.section	.gnu.debuglto_.debug_info,"e",%progbits
  13              	.Ldebug_info0:
  14              		.hidden	hal_efl_lld.c.6a78d0ae
  15              		.weak	hal_efl_lld.c.6a78d0ae
  16              	hal_efl_lld.c.6a78d0ae:
  17 0000 75000000 		.4byte	0x75
  18 0004 0400     		.2byte	0x4
  19 0006 00000000 		.4byte	.Ldebug_abbrev0
  20 000a 04       		.byte	0x4
  21 000b 01       		.uleb128 0x1
  22 000c 86000000 		.4byte	.LASF12
  23 0010 0C       		.byte	0xc
  24 0011 67010000 		.4byte	.LASF13
  25 0015 44000000 		.4byte	.LASF14
  26 0019 00000000 		.4byte	.Ldebug_line0
  27 001d 02       		.uleb128 0x2
  28 001e 04       		.byte	0x4
  29 001f 05       		.byte	0x5
  30 0020 696E7400 		.ascii	"int\000"
  31 0024 03       		.uleb128 0x3
  32 0025 04       		.byte	0x4
  33 0026 07       		.byte	0x7
  34 0027 0E000000 		.4byte	.LASF0
  35 002b 03       		.uleb128 0x3
  36 002c 08       		.byte	0x8
  37 002d 05       		.byte	0x5
  38 002e 00000000 		.4byte	.LASF1
  39 0032 03       		.uleb128 0x3
  40 0033 08       		.byte	0x8
  41 0034 04       		.byte	0x4
  42 0035 D2010000 		.4byte	.LASF2
  43 0039 03       		.uleb128 0x3
  44 003a 01       		.byte	0x1
  45 003b 06       		.byte	0x6
  46 003c C6010000 		.4byte	.LASF3
  47 0040 03       		.uleb128 0x3
  48 0041 01       		.byte	0x1
  49 0042 08       		.byte	0x8
  50 0043 4B010000 		.4byte	.LASF4
  51 0047 03       		.uleb128 0x3
  52 0048 02       		.byte	0x2
  53 0049 05       		.byte	0x5
  54 004a DE010000 		.4byte	.LASF5
  55 004e 03       		.uleb128 0x3
  56 004f 02       		.byte	0x2
  57 0050 07       		.byte	0x7
ARM GAS  C:\Users\ccliu\AppData\Local\Temp\ccX5HZkR.s 			page 2


  58 0051 B3010000 		.4byte	.LASF6
  59 0055 03       		.uleb128 0x3
  60 0056 04       		.byte	0x4
  61 0057 05       		.byte	0x5
  62 0058 5E010000 		.4byte	.LASF7
  63 005c 03       		.uleb128 0x3
  64 005d 04       		.byte	0x4
  65 005e 07       		.byte	0x7
  66 005f 1B000000 		.4byte	.LASF8
  67 0063 03       		.uleb128 0x3
  68 0064 08       		.byte	0x8
  69 0065 07       		.byte	0x7
  70 0066 2D000000 		.4byte	.LASF9
  71 006a 03       		.uleb128 0x3
  72 006b 01       		.byte	0x1
  73 006c 08       		.byte	0x8
  74 006d 59010000 		.4byte	.LASF10
  75 0071 03       		.uleb128 0x3
  76 0072 01       		.byte	0x1
  77 0073 02       		.byte	0x2
  78 0074 AD010000 		.4byte	.LASF11
  79 0078 00       		.byte	0
  80              		.section	.gnu.debuglto_.debug_abbrev,"e",%progbits
  81              	.Ldebug_abbrev0:
  82 0000 01       		.uleb128 0x1
  83 0001 11       		.uleb128 0x11
  84 0002 01       		.byte	0x1
  85 0003 25       		.uleb128 0x25
  86 0004 0E       		.uleb128 0xe
  87 0005 13       		.uleb128 0x13
  88 0006 0B       		.uleb128 0xb
  89 0007 03       		.uleb128 0x3
  90 0008 0E       		.uleb128 0xe
  91 0009 1B       		.uleb128 0x1b
  92 000a 0E       		.uleb128 0xe
  93 000b 10       		.uleb128 0x10
  94 000c 17       		.uleb128 0x17
  95 000d 00       		.byte	0
  96 000e 00       		.byte	0
  97 000f 02       		.uleb128 0x2
  98 0010 24       		.uleb128 0x24
  99 0011 00       		.byte	0
 100 0012 0B       		.uleb128 0xb
 101 0013 0B       		.uleb128 0xb
 102 0014 3E       		.uleb128 0x3e
 103 0015 0B       		.uleb128 0xb
 104 0016 03       		.uleb128 0x3
 105 0017 08       		.uleb128 0x8
 106 0018 00       		.byte	0
 107 0019 00       		.byte	0
 108 001a 03       		.uleb128 0x3
 109 001b 24       		.uleb128 0x24
 110 001c 00       		.byte	0
 111 001d 0B       		.uleb128 0xb
 112 001e 0B       		.uleb128 0xb
 113 001f 3E       		.uleb128 0x3e
 114 0020 0B       		.uleb128 0xb
ARM GAS  C:\Users\ccliu\AppData\Local\Temp\ccX5HZkR.s 			page 3


 115 0021 03       		.uleb128 0x3
 116 0022 0E       		.uleb128 0xe
 117 0023 00       		.byte	0
 118 0024 00       		.byte	0
 119 0025 00       		.byte	0
 120              		.section	.gnu.debuglto_.debug_line,"e",%progbits
 121              	.Ldebug_line0:
 122 0000 1A000000 		.4byte	.LELT0-.LSLT0
 123              	.LSLT0:
 124 0004 0400     		.2byte	0x4
 125 0006 14000000 		.4byte	.LELTP0-.LASLTP0
 126              	.LASLTP0:
 127 000a 01       		.byte	0x1
 128 000b 01       		.byte	0x1
 129 000c 01       		.byte	0x1
 130 000d F6       		.byte	0xf6
 131 000e F2       		.byte	0xf2
 132 000f 0D       		.byte	0xd
 133 0010 00       		.byte	0
 134 0011 01       		.byte	0x1
 135 0012 01       		.byte	0x1
 136 0013 01       		.byte	0x1
 137 0014 01       		.byte	0x1
 138 0015 00       		.byte	0
 139 0016 00       		.byte	0
 140 0017 00       		.byte	0
 141 0018 01       		.byte	0x1
 142 0019 00       		.byte	0
 143 001a 00       		.byte	0
 144 001b 01       		.byte	0x1
 145 001c 00       		.byte	0
 146 001d 00       		.byte	0
 147              	.LELTP0:
 148              	.LELT0:
 149              		.section	.gnu.debuglto_.debug_str,"eMS",%progbits,1
 150              	.LASF1:
 151 0000 6C6F6E67 		.ascii	"long long int\000"
 151      206C6F6E 
 151      6720696E 
 151      7400
 152              	.LASF0:
 153 000e 756E7369 		.ascii	"unsigned int\000"
 153      676E6564 
 153      20696E74 
 153      00
 154              	.LASF8:
 155 001b 6C6F6E67 		.ascii	"long unsigned int\000"
 155      20756E73 
 155      69676E65 
 155      6420696E 
 155      7400
 156              	.LASF9:
 157 002d 6C6F6E67 		.ascii	"long long unsigned int\000"
 157      206C6F6E 
 157      6720756E 
 157      7369676E 
 157      65642069 
ARM GAS  C:\Users\ccliu\AppData\Local\Temp\ccX5HZkR.s 			page 4


 158              	.LASF14:
 159 0044 433A5C43 		.ascii	"C:\\ChibiStudio\\workspace_user\\Tesi\\RT-STM32F401"
 159      68696269 
 159      53747564 
 159      696F5C77 
 159      6F726B73 
 160 0073 52452D4E 		.ascii	"RE-NUCLEO64-Shell2\000"
 160      55434C45 
 160      4F36342D 
 160      5368656C 
 160      6C3200
 161              	.LASF12:
 162 0086 474E5520 		.ascii	"GNU C17 10.3.1 20210621 (release) -mcpu=cortex-m4 -"
 162      43313720 
 162      31302E33 
 162      2E312032 
 162      30323130 
 163 00b9 6D746875 		.ascii	"mthumb -mfloat-abi=soft -march=armv7e-m -ggdb -O0 -"
 163      6D62202D 
 163      6D666C6F 
 163      61742D61 
 163      62693D73 
 164 00ec 666F6D69 		.ascii	"fomit-frame-pointer -falign-functions=16 -ffunction"
 164      742D6672 
 164      616D652D 
 164      706F696E 
 164      74657220 
 165 011f 2D736563 		.ascii	"-sections -fdata-sections -fno-common -flto\000"
 165      74696F6E 
 165      73202D66 
 165      64617461 
 165      2D736563 
 166              	.LASF4:
 167 014b 756E7369 		.ascii	"unsigned char\000"
 167      676E6564 
 167      20636861 
 167      7200
 168              	.LASF10:
 169 0159 63686172 		.ascii	"char\000"
 169      00
 170              	.LASF7:
 171 015e 6C6F6E67 		.ascii	"long int\000"
 171      20696E74 
 171      00
 172              	.LASF13:
 173 0167 433A2F43 		.ascii	"C:/Chibistudio/chibios2111/os/hal/ports/STM32/STM32"
 173      68696269 
 173      73747564 
 173      696F2F63 
 173      68696269 
 174 019a 46347878 		.ascii	"F4xx/hal_efl_lld.c\000"
 174      2F68616C 
 174      5F65666C 
 174      5F6C6C64 
 174      2E6300
 175              	.LASF11:
 176 01ad 5F426F6F 		.ascii	"_Bool\000"
ARM GAS  C:\Users\ccliu\AppData\Local\Temp\ccX5HZkR.s 			page 5


 176      6C00
 177              	.LASF6:
 178 01b3 73686F72 		.ascii	"short unsigned int\000"
 178      7420756E 
 178      7369676E 
 178      65642069 
 178      6E7400
 179              	.LASF3:
 180 01c6 7369676E 		.ascii	"signed char\000"
 180      65642063 
 180      68617200 
 181              	.LASF2:
 182 01d2 6C6F6E67 		.ascii	"long double\000"
 182      20646F75 
 182      626C6500 
 183              	.LASF5:
 184 01de 73686F72 		.ascii	"short int\000"
 184      7420696E 
 184      7400
 185              		.text
 186              		.section	.gnu.lto_.inline.a915a56,"e",%progbits
 187 0000 789C6362 		.ascii	"x\234cb@\006\000\000*\000\003"
 187      40060000 
 187      2A0003
 188              		.text
 189              		.section	.gnu.lto_.jmpfuncs.a915a56,"e",%progbits
 190 0000 789C6362 		.ascii	"x\234cb@\006\000\000*\000\003"
 190      40060000 
 190      2A0003
 191              		.text
 192              		.section	.gnu.lto_.lto.a915a56,"e",%progbits
 193 0000 09000400 		.ascii	"\011\000\004\000\001\000\000\000"
 193      01000000 
 194              		.text
 195              		.section	.gnu.lto_.symbol_nodes.a915a56,"e",%progbits
 196 0000 789C6362 		.ascii	"x\234cb\000\001\000\000\022\000\003"
 196      00010000 
 196      120003
 197              		.text
 198              		.section	.gnu.lto_.refs.a915a56,"e",%progbits
 199 0000 789C6364 		.ascii	"x\234cd\000\002\000\000\012\000\002"
 199      00020000 
 199      0A0002
 200              		.text
 201              		.section	.gnu.lto_.decls.a915a56,"e",%progbits
 202 0000 789C6360 		.ascii	"x\234c````\004b\025 \376\017\004 \366E\006\002\000\000"
 202      60606004 
 202      621520FE 
 202      0F0420F6 
 202      45060200 
 203 0015 BF3204F4 		.ascii	"\2772\004\364"
 204              		.text
 205              		.section	.gnu.lto_.symtab.a915a56,"e",%progbits
 206              		.text
 207              		.section	.gnu.lto_.ext_symtab.a915a56,"e",%progbits
 208 0000 01       		.ascii	"\001"
 209              		.text
ARM GAS  C:\Users\ccliu\AppData\Local\Temp\ccX5HZkR.s 			page 6


 210              		.section	.gnu.lto_.opts,"e",%progbits
 211 0000 272D666E 		.ascii	"'-fno-openmp' '-fno-openacc' '-fno-pie' '-fcf-prote"
 211      6F2D6F70 
 211      656E6D70 
 211      2720272D 
 211      666E6F2D 
 212 0033 6374696F 		.ascii	"ction=none' '-g' '-mcpu=cortex-m4' '-mthumb' '-mflo"
 212      6E3D6E6F 
 212      6E652720 
 212      272D6727 
 212      20272D6D 
 213 0066 61742D61 		.ascii	"at-abi=soft' '-mlibarch=armv7e-m' '-march=armv7e-m'"
 213      62693D73 
 213      6F667427 
 213      20272D6D 
 213      6C696261 
 214 0099 20272D4F 		.ascii	" '-O0' '-fomit-frame-pointer' '-falign-functions=16"
 214      30272027 
 214      2D666F6D 
 214      69742D66 
 214      72616D65 
 215 00cc 2720272D 		.ascii	"' '-ffunction-sections' '-fdata-sections' '-fno-com"
 215      6666756E 
 215      6374696F 
 215      6E2D7365 
 215      6374696F 
 216 00ff 6D6F6E27 		.ascii	"mon' '-flto' '-Xassembler' '-alms=./build/lst/hal_e"
 216      20272D66 
 216      6C746F27 
 216      20272D58 
 216      61737365 
 217 0132 666C5F6C 		.ascii	"fl_lld.lst'\000"
 217      6C642E6C 
 217      73742700 
 218              		.text
 219              		.comm	__gnu_lto_slim,1,1
 220              		.ident	"GCC: (GNU Arm Embedded Toolchain 10.3-2021.07) 10.3.1 20210621 (release)"
ARM GAS  C:\Users\ccliu\AppData\Local\Temp\ccX5HZkR.s 			page 7


DEFINED SYMBOLS
                            *ABS*:00000000 hal_efl_lld.c
C:\Users\ccliu\AppData\Local\Temp\ccX5HZkR.s:16     .gnu.debuglto_.debug_info:00000000 hal_efl_lld.c.6a78d0ae
                            *COM*:00000001 __gnu_lto_slim

NO UNDEFINED SYMBOLS
