ARM GAS  C:\Users\ccliu\AppData\Local\Temp\ccdWz86E.s 			page 1


   1              		.cpu cortex-m4
   2              		.eabi_attribute 20, 1
   3              		.eabi_attribute 21, 1
   4              		.eabi_attribute 23, 3
   5              		.eabi_attribute 24, 1
   6              		.eabi_attribute 25, 1
   7              		.eabi_attribute 26, 1
   8              		.eabi_attribute 30, 6
   9              		.eabi_attribute 34, 1
  10              		.eabi_attribute 18, 4
  11              		.file	"hal_pal.c"
  12              		.file 1 "c:\\chibistudio\\tools\\gnu tools arm embedded\\10.3 2021.07\\arm-none-eabi\\include\\mac
  13              		.file 2 "c:\\chibistudio\\tools\\gnu tools arm embedded\\10.3 2021.07\\arm-none-eabi\\include\\sys
  14              		.file 3 "c:\\chibistudio\\tools\\gnu tools arm embedded\\10.3 2021.07\\arm-none-eabi\\include\\std
  15              		.file 4 "C:/Chibistudio/chibios2111/os/hal/ports/STM32/LLD/GPIOv2/stm32_gpio.h"
  16              		.file 5 "C:/Chibistudio/chibios2111/os/hal/ports/STM32/LLD/GPIOv2/hal_pal_lld.h"
  17              		.file 6 "C:/Chibistudio/chibios2111/os/hal/include/hal_pal.h"
  18              		.file 7 "C:/Chibistudio/chibios2111/os/hal/src/hal_pal.c"
  19              		.section	.gnu.debuglto_.debug_info,"e",%progbits
  20              	.Ldebug_info0:
  21              		.hidden	hal_pal.c.3a9dca26
  22              		.weak	hal_pal.c.3a9dca26
  23              	hal_pal.c.3a9dca26:
  24 0000 D9020000 		.4byte	0x2d9
  25 0004 0400     		.2byte	0x4
  26 0006 00000000 		.4byte	.Ldebug_abbrev0
  27 000a 04       		.byte	0x4
  28 000b 01       		.uleb128 0x1
  29 000c 72000000 		.4byte	.LASF39
  30 0010 0C       		.byte	0xc
  31 0011 2C000000 		.4byte	.LASF40
  32 0015 80010000 		.4byte	.LASF41
  33 0019 00000000 		.4byte	.Ldebug_line0
  34 001d 02       		.uleb128 0x2
  35 001e 04       		.byte	0x4
  36 001f 05       		.byte	0x5
  37 0020 696E7400 		.ascii	"int\000"
  38 0024 03       		.uleb128 0x3
  39 0025 04       		.byte	0x4
  40 0026 07       		.byte	0x7
  41 0027 0C020000 		.4byte	.LASF0
  42 002b 03       		.uleb128 0x3
  43 002c 08       		.byte	0x8
  44 002d 05       		.byte	0x5
  45 002e 3C020000 		.4byte	.LASF1
  46 0032 03       		.uleb128 0x3
  47 0033 08       		.byte	0x8
  48 0034 04       		.byte	0x4
  49 0035 81020000 		.4byte	.LASF2
  50 0039 03       		.uleb128 0x3
  51 003a 01       		.byte	0x1
  52 003b 06       		.byte	0x6
  53 003c 8D020000 		.4byte	.LASF3
  54 0040 03       		.uleb128 0x3
  55 0041 01       		.byte	0x1
  56 0042 08       		.byte	0x8
  57 0043 72010000 		.4byte	.LASF4
ARM GAS  C:\Users\ccliu\AppData\Local\Temp\ccdWz86E.s 			page 2


  58 0047 03       		.uleb128 0x3
  59 0048 02       		.byte	0x2
  60 0049 05       		.byte	0x5
  61 004a 68000000 		.4byte	.LASF5
  62 004e 04       		.uleb128 0x4
  63 004f F6010000 		.4byte	.LASF8
  64 0053 01       		.byte	0x1
  65 0054 39       		.byte	0x39
  66 0055 19       		.byte	0x19
  67 0056 5A000000 		.4byte	0x5a
  68 005a 03       		.uleb128 0x3
  69 005b 02       		.byte	0x2
  70 005c 07       		.byte	0x7
  71 005d D9010000 		.4byte	.LASF6
  72 0061 03       		.uleb128 0x3
  73 0062 04       		.byte	0x4
  74 0063 05       		.byte	0x5
  75 0064 78020000 		.4byte	.LASF7
  76 0068 04       		.uleb128 0x4
  77 0069 01020000 		.4byte	.LASF9
  78 006d 01       		.byte	0x1
  79 006e 4F       		.byte	0x4f
  80 006f 19       		.byte	0x19
  81 0070 74000000 		.4byte	0x74
  82 0074 03       		.uleb128 0x3
  83 0075 04       		.byte	0x4
  84 0076 07       		.byte	0x7
  85 0077 C7010000 		.4byte	.LASF10
  86 007b 03       		.uleb128 0x3
  87 007c 08       		.byte	0x8
  88 007d 07       		.byte	0x7
  89 007e 9F020000 		.4byte	.LASF11
  90 0082 04       		.uleb128 0x4
  91 0083 66020000 		.4byte	.LASF12
  92 0087 02       		.byte	0x2
  93 0088 24       		.byte	0x24
  94 0089 14       		.byte	0x14
  95 008a 4E000000 		.4byte	0x4e
  96 008e 04       		.uleb128 0x4
  97 008f 6F020000 		.4byte	.LASF13
  98 0093 02       		.byte	0x2
  99 0094 30       		.byte	0x30
 100 0095 14       		.byte	0x14
 101 0096 68000000 		.4byte	0x68
 102 009a 05       		.uleb128 0x5
 103 009b 8E000000 		.4byte	0x8e
 104 009f 04       		.uleb128 0x4
 105 00a0 1F000000 		.4byte	.LASF14
 106 00a4 03       		.byte	0x3
 107 00a5 34       		.byte	0x34
 108 00a6 1F       		.byte	0x1f
 109 00a7 24000000 		.4byte	0x24
 110 00ab 03       		.uleb128 0x3
 111 00ac 01       		.byte	0x1
 112 00ad 08       		.byte	0x8
 113 00ae 19020000 		.4byte	.LASF15
 114 00b2 06       		.uleb128 0x6
ARM GAS  C:\Users\ccliu\AppData\Local\Temp\ccdWz86E.s 			page 3


 115 00b3 AB000000 		.4byte	0xab
 116 00b7 03       		.uleb128 0x3
 117 00b8 01       		.byte	0x1
 118 00b9 02       		.byte	0x2
 119 00ba 99020000 		.4byte	.LASF16
 120 00be 07       		.uleb128 0x7
 121 00bf 04       		.byte	0x4
 122 00c0 04       		.byte	0x4
 123 00c1 5B       		.byte	0x5b
 124 00c2 05       		.byte	0x5
 125 00c3 E2000000 		.4byte	0xe2
 126 00c7 08       		.uleb128 0x8
 127 00c8 73657400 		.ascii	"set\000"
 128 00cc 04       		.byte	0x4
 129 00cd 5C       		.byte	0x5c
 130 00ce 19       		.byte	0x19
 131 00cf 82000000 		.4byte	0x82
 132 00d3 00       		.byte	0
 133 00d4 09       		.uleb128 0x9
 134 00d5 08000000 		.4byte	.LASF17
 135 00d9 04       		.byte	0x4
 136 00da 5D       		.byte	0x5d
 137 00db 19       		.byte	0x19
 138 00dc 82000000 		.4byte	0x82
 139 00e0 02       		.byte	0x2
 140 00e1 00       		.byte	0
 141 00e2 0A       		.uleb128 0xa
 142 00e3 04       		.byte	0x4
 143 00e4 04       		.byte	0x4
 144 00e5 59       		.byte	0x59
 145 00e6 0C       		.byte	0xc
 146 00e7 00010000 		.4byte	0x100
 147 00eb 0B       		.uleb128 0xb
 148 00ec 5700     		.ascii	"W\000"
 149 00ee 04       		.byte	0x4
 150 00ef 5A       		.byte	0x5a
 151 00f0 19       		.byte	0x19
 152 00f1 8E000000 		.4byte	0x8e
 153 00f5 0B       		.uleb128 0xb
 154 00f6 4800     		.ascii	"H\000"
 155 00f8 04       		.byte	0x4
 156 00f9 5E       		.byte	0x5e
 157 00fa 07       		.byte	0x7
 158 00fb BE000000 		.4byte	0xbe
 159 00ff 00       		.byte	0
 160 0100 05       		.uleb128 0x5
 161 0101 E2000000 		.4byte	0xe2
 162 0105 07       		.uleb128 0x7
 163 0106 28       		.byte	0x28
 164 0107 04       		.byte	0x4
 165 0108 51       		.byte	0x51
 166 0109 09       		.byte	0x9
 167 010a 91010000 		.4byte	0x191
 168 010e 09       		.uleb128 0x9
 169 010f 0E000000 		.4byte	.LASF18
 170 0113 04       		.byte	0x4
 171 0114 53       		.byte	0x53
ARM GAS  C:\Users\ccliu\AppData\Local\Temp\ccdWz86E.s 			page 4


 172 0115 19       		.byte	0x19
 173 0116 9A000000 		.4byte	0x9a
 174 011a 00       		.byte	0
 175 011b 09       		.uleb128 0x9
 176 011c 62010000 		.4byte	.LASF19
 177 0120 04       		.byte	0x4
 178 0121 54       		.byte	0x54
 179 0122 19       		.byte	0x19
 180 0123 9A000000 		.4byte	0x9a
 181 0127 04       		.byte	0x4
 182 0128 09       		.uleb128 0x9
 183 0129 00000000 		.4byte	.LASF20
 184 012d 04       		.byte	0x4
 185 012e 55       		.byte	0x55
 186 012f 19       		.byte	0x19
 187 0130 9A000000 		.4byte	0x9a
 188 0134 08       		.byte	0x8
 189 0135 09       		.uleb128 0x9
 190 0136 36020000 		.4byte	.LASF21
 191 013a 04       		.byte	0x4
 192 013b 56       		.byte	0x56
 193 013c 19       		.byte	0x19
 194 013d 9A000000 		.4byte	0x9a
 195 0141 0C       		.byte	0xc
 196 0142 08       		.uleb128 0x8
 197 0143 49445200 		.ascii	"IDR\000"
 198 0147 04       		.byte	0x4
 199 0148 57       		.byte	0x57
 200 0149 19       		.byte	0x19
 201 014a 9A000000 		.4byte	0x9a
 202 014e 10       		.byte	0x10
 203 014f 08       		.uleb128 0x8
 204 0150 4F445200 		.ascii	"ODR\000"
 205 0154 04       		.byte	0x4
 206 0155 58       		.byte	0x58
 207 0156 19       		.byte	0x19
 208 0157 9A000000 		.4byte	0x9a
 209 015b 14       		.byte	0x14
 210 015c 09       		.uleb128 0x9
 211 015d F1010000 		.4byte	.LASF22
 212 0161 04       		.byte	0x4
 213 0162 5F       		.byte	0x5f
 214 0163 05       		.byte	0x5
 215 0164 00010000 		.4byte	0x100
 216 0168 18       		.byte	0x18
 217 0169 09       		.uleb128 0x9
 218 016a 23020000 		.4byte	.LASF23
 219 016e 04       		.byte	0x4
 220 016f 60       		.byte	0x60
 221 0170 19       		.byte	0x19
 222 0171 9A000000 		.4byte	0x9a
 223 0175 1C       		.byte	0x1c
 224 0176 09       		.uleb128 0x9
 225 0177 EC010000 		.4byte	.LASF24
 226 017b 04       		.byte	0x4
 227 017c 61       		.byte	0x61
 228 017d 19       		.byte	0x19
ARM GAS  C:\Users\ccliu\AppData\Local\Temp\ccdWz86E.s 			page 5


 229 017e 9A000000 		.4byte	0x9a
 230 0182 20       		.byte	0x20
 231 0183 09       		.uleb128 0x9
 232 0184 C2010000 		.4byte	.LASF25
 233 0188 04       		.byte	0x4
 234 0189 62       		.byte	0x62
 235 018a 19       		.byte	0x19
 236 018b 9A000000 		.4byte	0x9a
 237 018f 24       		.byte	0x24
 238 0190 00       		.byte	0
 239 0191 04       		.uleb128 0x4
 240 0192 29020000 		.4byte	.LASF26
 241 0196 04       		.byte	0x4
 242 0197 63       		.byte	0x63
 243 0198 03       		.byte	0x3
 244 0199 05010000 		.4byte	0x105
 245 019d 04       		.uleb128 0x4
 246 019e 4C010000 		.4byte	.LASF27
 247 01a2 05       		.byte	0x5
 248 01a3 C2       		.byte	0xc2
 249 01a4 12       		.byte	0x12
 250 01a5 8E000000 		.4byte	0x8e
 251 01a9 04       		.uleb128 0x4
 252 01aa 69010000 		.4byte	.LASF28
 253 01ae 05       		.byte	0x5
 254 01af C7       		.byte	0xc7
 255 01b0 12       		.byte	0x12
 256 01b1 8E000000 		.4byte	0x8e
 257 01b5 04       		.uleb128 0x4
 258 01b6 5B020000 		.4byte	.LASF29
 259 01ba 05       		.byte	0x5
 260 01bb D9       		.byte	0xd9
 261 01bc 18       		.byte	0x18
 262 01bd C1010000 		.4byte	0x1c1
 263 01c1 0C       		.uleb128 0xc
 264 01c2 04       		.byte	0x4
 265 01c3 91010000 		.4byte	0x191
 266 01c7 07       		.uleb128 0x7
 267 01c8 0C       		.byte	0xc
 268 01c9 06       		.byte	0x6
 269 01ca B7       		.byte	0xb7
 270 01cb 09       		.byte	0x9
 271 01cc F8010000 		.4byte	0x1f8
 272 01d0 09       		.uleb128 0x9
 273 01d1 45010000 		.4byte	.LASF30
 274 01d5 06       		.byte	0x6
 275 01d6 BB       		.byte	0xbb
 276 01d7 19       		.byte	0x19
 277 01d8 B5010000 		.4byte	0x1b5
 278 01dc 00       		.byte	0
 279 01dd 09       		.uleb128 0x9
 280 01de 4A020000 		.4byte	.LASF31
 281 01e2 06       		.byte	0x6
 282 01e3 C1       		.byte	0xc1
 283 01e4 19       		.byte	0x19
 284 01e5 9D010000 		.4byte	0x19d
 285 01e9 04       		.byte	0x4
ARM GAS  C:\Users\ccliu\AppData\Local\Temp\ccdWz86E.s 			page 6


 286 01ea 09       		.uleb128 0x9
 287 01eb 54020000 		.4byte	.LASF32
 288 01ef 06       		.byte	0x6
 289 01f0 C5       		.byte	0xc5
 290 01f1 19       		.byte	0x19
 291 01f2 9F000000 		.4byte	0x9f
 292 01f6 08       		.byte	0x8
 293 01f7 00       		.byte	0
 294 01f8 04       		.uleb128 0x4
 295 01f9 B6020000 		.4byte	.LASF33
 296 01fd 06       		.byte	0x6
 297 01fe C6       		.byte	0xc6
 298 01ff 03       		.byte	0x3
 299 0200 C7010000 		.4byte	0x1c7
 300 0204 06       		.uleb128 0x6
 301 0205 F8010000 		.4byte	0x1f8
 302 0209 0D       		.uleb128 0xd
 303 020a 37010000 		.4byte	.LASF35
 304 020e 07       		.byte	0x7
 305 020f 71       		.byte	0x71
 306 0210 06       		.byte	0x6
 307 0211 37020000 		.4byte	0x237
 308 0215 0E       		.uleb128 0xe
 309 0216 62757300 		.ascii	"bus\000"
 310 021a 07       		.byte	0x7
 311 021b 71       		.byte	0x71
 312 021c 21       		.byte	0x21
 313 021d 37020000 		.4byte	0x237
 314 0221 0F       		.uleb128 0xf
 315 0222 1E020000 		.4byte	.LASF34
 316 0226 07       		.byte	0x7
 317 0227 71       		.byte	0x71
 318 0228 2F       		.byte	0x2f
 319 0229 A9010000 		.4byte	0x1a9
 320 022d 10       		.uleb128 0x10
 321 022e 59010000 		.4byte	.LASF38
 322 0232 4D020000 		.4byte	0x24d
 323 0236 00       		.byte	0
 324 0237 0C       		.uleb128 0xc
 325 0238 04       		.byte	0x4
 326 0239 04020000 		.4byte	0x204
 327 023d 11       		.uleb128 0x11
 328 023e B2000000 		.4byte	0xb2
 329 0242 4D020000 		.4byte	0x24d
 330 0246 12       		.uleb128 0x12
 331 0247 24000000 		.4byte	0x24
 332 024b 0D       		.byte	0xd
 333 024c 00       		.byte	0
 334 024d 06       		.uleb128 0x6
 335 024e 3D020000 		.4byte	0x23d
 336 0252 0D       		.uleb128 0xd
 337 0253 5C000000 		.4byte	.LASF36
 338 0257 07       		.byte	0x7
 339 0258 5A       		.byte	0x5a
 340 0259 06       		.byte	0x6
 341 025a 8C020000 		.4byte	0x28c
 342 025e 0E       		.uleb128 0xe
ARM GAS  C:\Users\ccliu\AppData\Local\Temp\ccdWz86E.s 			page 7


 343 025f 62757300 		.ascii	"bus\000"
 344 0263 07       		.byte	0x7
 345 0264 5A       		.byte	0x5a
 346 0265 1F       		.byte	0x1f
 347 0266 37020000 		.4byte	0x237
 348 026a 0F       		.uleb128 0xf
 349 026b 4F020000 		.4byte	.LASF37
 350 026f 07       		.byte	0x7
 351 0270 5A       		.byte	0x5a
 352 0271 31       		.byte	0x31
 353 0272 9D010000 		.4byte	0x19d
 354 0276 10       		.uleb128 0x10
 355 0277 59010000 		.4byte	.LASF38
 356 027b 9C020000 		.4byte	0x29c
 357 027f 13       		.uleb128 0x13
 358 0280 14       		.uleb128 0x14
 359 0281 7700     		.ascii	"w\000"
 360 0283 07       		.byte	0x7
 361 0284 5E       		.byte	0x5e
 362 0285 03       		.byte	0x3
 363 0286 8E000000 		.4byte	0x8e
 364 028a 00       		.byte	0
 365 028b 00       		.byte	0
 366 028c 11       		.uleb128 0x11
 367 028d B2000000 		.4byte	0xb2
 368 0291 9C020000 		.4byte	0x29c
 369 0295 12       		.uleb128 0x12
 370 0296 24000000 		.4byte	0x24
 371 029a 0B       		.byte	0xb
 372 029b 00       		.byte	0
 373 029c 06       		.uleb128 0x6
 374 029d 8C020000 		.4byte	0x28c
 375 02a1 15       		.uleb128 0x15
 376 02a2 14000000 		.4byte	.LASF42
 377 02a6 07       		.byte	0x7
 378 02a7 41       		.byte	0x41
 379 02a8 0E       		.byte	0xe
 380 02a9 9D010000 		.4byte	0x19d
 381 02ad C7020000 		.4byte	0x2c7
 382 02b1 0E       		.uleb128 0xe
 383 02b2 62757300 		.ascii	"bus\000"
 384 02b6 07       		.byte	0x7
 385 02b7 41       		.byte	0x41
 386 02b8 26       		.byte	0x26
 387 02b9 37020000 		.4byte	0x237
 388 02bd 10       		.uleb128 0x10
 389 02be 59010000 		.4byte	.LASF38
 390 02c2 D7020000 		.4byte	0x2d7
 391 02c6 00       		.byte	0
 392 02c7 11       		.uleb128 0x11
 393 02c8 B2000000 		.4byte	0xb2
 394 02cc D7020000 		.4byte	0x2d7
 395 02d0 12       		.uleb128 0x12
 396 02d1 24000000 		.4byte	0x24
 397 02d5 0A       		.byte	0xa
 398 02d6 00       		.byte	0
 399 02d7 06       		.uleb128 0x6
ARM GAS  C:\Users\ccliu\AppData\Local\Temp\ccdWz86E.s 			page 8


 400 02d8 C7020000 		.4byte	0x2c7
 401 02dc 00       		.byte	0
 402              		.section	.gnu.debuglto_.debug_abbrev,"e",%progbits
 403              	.Ldebug_abbrev0:
 404 0000 01       		.uleb128 0x1
 405 0001 11       		.uleb128 0x11
 406 0002 01       		.byte	0x1
 407 0003 25       		.uleb128 0x25
 408 0004 0E       		.uleb128 0xe
 409 0005 13       		.uleb128 0x13
 410 0006 0B       		.uleb128 0xb
 411 0007 03       		.uleb128 0x3
 412 0008 0E       		.uleb128 0xe
 413 0009 1B       		.uleb128 0x1b
 414 000a 0E       		.uleb128 0xe
 415 000b 10       		.uleb128 0x10
 416 000c 17       		.uleb128 0x17
 417 000d 00       		.byte	0
 418 000e 00       		.byte	0
 419 000f 02       		.uleb128 0x2
 420 0010 24       		.uleb128 0x24
 421 0011 00       		.byte	0
 422 0012 0B       		.uleb128 0xb
 423 0013 0B       		.uleb128 0xb
 424 0014 3E       		.uleb128 0x3e
 425 0015 0B       		.uleb128 0xb
 426 0016 03       		.uleb128 0x3
 427 0017 08       		.uleb128 0x8
 428 0018 00       		.byte	0
 429 0019 00       		.byte	0
 430 001a 03       		.uleb128 0x3
 431 001b 24       		.uleb128 0x24
 432 001c 00       		.byte	0
 433 001d 0B       		.uleb128 0xb
 434 001e 0B       		.uleb128 0xb
 435 001f 3E       		.uleb128 0x3e
 436 0020 0B       		.uleb128 0xb
 437 0021 03       		.uleb128 0x3
 438 0022 0E       		.uleb128 0xe
 439 0023 00       		.byte	0
 440 0024 00       		.byte	0
 441 0025 04       		.uleb128 0x4
 442 0026 16       		.uleb128 0x16
 443 0027 00       		.byte	0
 444 0028 03       		.uleb128 0x3
 445 0029 0E       		.uleb128 0xe
 446 002a 3A       		.uleb128 0x3a
 447 002b 0B       		.uleb128 0xb
 448 002c 3B       		.uleb128 0x3b
 449 002d 0B       		.uleb128 0xb
 450 002e 39       		.uleb128 0x39
 451 002f 0B       		.uleb128 0xb
 452 0030 49       		.uleb128 0x49
 453 0031 13       		.uleb128 0x13
 454 0032 00       		.byte	0
 455 0033 00       		.byte	0
 456 0034 05       		.uleb128 0x5
ARM GAS  C:\Users\ccliu\AppData\Local\Temp\ccdWz86E.s 			page 9


 457 0035 35       		.uleb128 0x35
 458 0036 00       		.byte	0
 459 0037 49       		.uleb128 0x49
 460 0038 13       		.uleb128 0x13
 461 0039 00       		.byte	0
 462 003a 00       		.byte	0
 463 003b 06       		.uleb128 0x6
 464 003c 26       		.uleb128 0x26
 465 003d 00       		.byte	0
 466 003e 49       		.uleb128 0x49
 467 003f 13       		.uleb128 0x13
 468 0040 00       		.byte	0
 469 0041 00       		.byte	0
 470 0042 07       		.uleb128 0x7
 471 0043 13       		.uleb128 0x13
 472 0044 01       		.byte	0x1
 473 0045 0B       		.uleb128 0xb
 474 0046 0B       		.uleb128 0xb
 475 0047 3A       		.uleb128 0x3a
 476 0048 0B       		.uleb128 0xb
 477 0049 3B       		.uleb128 0x3b
 478 004a 0B       		.uleb128 0xb
 479 004b 39       		.uleb128 0x39
 480 004c 0B       		.uleb128 0xb
 481 004d 01       		.uleb128 0x1
 482 004e 13       		.uleb128 0x13
 483 004f 00       		.byte	0
 484 0050 00       		.byte	0
 485 0051 08       		.uleb128 0x8
 486 0052 0D       		.uleb128 0xd
 487 0053 00       		.byte	0
 488 0054 03       		.uleb128 0x3
 489 0055 08       		.uleb128 0x8
 490 0056 3A       		.uleb128 0x3a
 491 0057 0B       		.uleb128 0xb
 492 0058 3B       		.uleb128 0x3b
 493 0059 0B       		.uleb128 0xb
 494 005a 39       		.uleb128 0x39
 495 005b 0B       		.uleb128 0xb
 496 005c 49       		.uleb128 0x49
 497 005d 13       		.uleb128 0x13
 498 005e 38       		.uleb128 0x38
 499 005f 0B       		.uleb128 0xb
 500 0060 00       		.byte	0
 501 0061 00       		.byte	0
 502 0062 09       		.uleb128 0x9
 503 0063 0D       		.uleb128 0xd
 504 0064 00       		.byte	0
 505 0065 03       		.uleb128 0x3
 506 0066 0E       		.uleb128 0xe
 507 0067 3A       		.uleb128 0x3a
 508 0068 0B       		.uleb128 0xb
 509 0069 3B       		.uleb128 0x3b
 510 006a 0B       		.uleb128 0xb
 511 006b 39       		.uleb128 0x39
 512 006c 0B       		.uleb128 0xb
 513 006d 49       		.uleb128 0x49
ARM GAS  C:\Users\ccliu\AppData\Local\Temp\ccdWz86E.s 			page 10


 514 006e 13       		.uleb128 0x13
 515 006f 38       		.uleb128 0x38
 516 0070 0B       		.uleb128 0xb
 517 0071 00       		.byte	0
 518 0072 00       		.byte	0
 519 0073 0A       		.uleb128 0xa
 520 0074 17       		.uleb128 0x17
 521 0075 01       		.byte	0x1
 522 0076 0B       		.uleb128 0xb
 523 0077 0B       		.uleb128 0xb
 524 0078 3A       		.uleb128 0x3a
 525 0079 0B       		.uleb128 0xb
 526 007a 3B       		.uleb128 0x3b
 527 007b 0B       		.uleb128 0xb
 528 007c 39       		.uleb128 0x39
 529 007d 0B       		.uleb128 0xb
 530 007e 01       		.uleb128 0x1
 531 007f 13       		.uleb128 0x13
 532 0080 00       		.byte	0
 533 0081 00       		.byte	0
 534 0082 0B       		.uleb128 0xb
 535 0083 0D       		.uleb128 0xd
 536 0084 00       		.byte	0
 537 0085 03       		.uleb128 0x3
 538 0086 08       		.uleb128 0x8
 539 0087 3A       		.uleb128 0x3a
 540 0088 0B       		.uleb128 0xb
 541 0089 3B       		.uleb128 0x3b
 542 008a 0B       		.uleb128 0xb
 543 008b 39       		.uleb128 0x39
 544 008c 0B       		.uleb128 0xb
 545 008d 49       		.uleb128 0x49
 546 008e 13       		.uleb128 0x13
 547 008f 00       		.byte	0
 548 0090 00       		.byte	0
 549 0091 0C       		.uleb128 0xc
 550 0092 0F       		.uleb128 0xf
 551 0093 00       		.byte	0
 552 0094 0B       		.uleb128 0xb
 553 0095 0B       		.uleb128 0xb
 554 0096 49       		.uleb128 0x49
 555 0097 13       		.uleb128 0x13
 556 0098 00       		.byte	0
 557 0099 00       		.byte	0
 558 009a 0D       		.uleb128 0xd
 559 009b 2E       		.uleb128 0x2e
 560 009c 01       		.byte	0x1
 561 009d 3F       		.uleb128 0x3f
 562 009e 19       		.uleb128 0x19
 563 009f 03       		.uleb128 0x3
 564 00a0 0E       		.uleb128 0xe
 565 00a1 3A       		.uleb128 0x3a
 566 00a2 0B       		.uleb128 0xb
 567 00a3 3B       		.uleb128 0x3b
 568 00a4 0B       		.uleb128 0xb
 569 00a5 39       		.uleb128 0x39
 570 00a6 0B       		.uleb128 0xb
ARM GAS  C:\Users\ccliu\AppData\Local\Temp\ccdWz86E.s 			page 11


 571 00a7 27       		.uleb128 0x27
 572 00a8 19       		.uleb128 0x19
 573 00a9 01       		.uleb128 0x1
 574 00aa 13       		.uleb128 0x13
 575 00ab 00       		.byte	0
 576 00ac 00       		.byte	0
 577 00ad 0E       		.uleb128 0xe
 578 00ae 05       		.uleb128 0x5
 579 00af 00       		.byte	0
 580 00b0 03       		.uleb128 0x3
 581 00b1 08       		.uleb128 0x8
 582 00b2 3A       		.uleb128 0x3a
 583 00b3 0B       		.uleb128 0xb
 584 00b4 3B       		.uleb128 0x3b
 585 00b5 0B       		.uleb128 0xb
 586 00b6 39       		.uleb128 0x39
 587 00b7 0B       		.uleb128 0xb
 588 00b8 49       		.uleb128 0x49
 589 00b9 13       		.uleb128 0x13
 590 00ba 00       		.byte	0
 591 00bb 00       		.byte	0
 592 00bc 0F       		.uleb128 0xf
 593 00bd 05       		.uleb128 0x5
 594 00be 00       		.byte	0
 595 00bf 03       		.uleb128 0x3
 596 00c0 0E       		.uleb128 0xe
 597 00c1 3A       		.uleb128 0x3a
 598 00c2 0B       		.uleb128 0xb
 599 00c3 3B       		.uleb128 0x3b
 600 00c4 0B       		.uleb128 0xb
 601 00c5 39       		.uleb128 0x39
 602 00c6 0B       		.uleb128 0xb
 603 00c7 49       		.uleb128 0x49
 604 00c8 13       		.uleb128 0x13
 605 00c9 00       		.byte	0
 606 00ca 00       		.byte	0
 607 00cb 10       		.uleb128 0x10
 608 00cc 34       		.uleb128 0x34
 609 00cd 00       		.byte	0
 610 00ce 03       		.uleb128 0x3
 611 00cf 0E       		.uleb128 0xe
 612 00d0 49       		.uleb128 0x49
 613 00d1 13       		.uleb128 0x13
 614 00d2 34       		.uleb128 0x34
 615 00d3 19       		.uleb128 0x19
 616 00d4 00       		.byte	0
 617 00d5 00       		.byte	0
 618 00d6 11       		.uleb128 0x11
 619 00d7 01       		.uleb128 0x1
 620 00d8 01       		.byte	0x1
 621 00d9 49       		.uleb128 0x49
 622 00da 13       		.uleb128 0x13
 623 00db 01       		.uleb128 0x1
 624 00dc 13       		.uleb128 0x13
 625 00dd 00       		.byte	0
 626 00de 00       		.byte	0
 627 00df 12       		.uleb128 0x12
ARM GAS  C:\Users\ccliu\AppData\Local\Temp\ccdWz86E.s 			page 12


 628 00e0 21       		.uleb128 0x21
 629 00e1 00       		.byte	0
 630 00e2 49       		.uleb128 0x49
 631 00e3 13       		.uleb128 0x13
 632 00e4 2F       		.uleb128 0x2f
 633 00e5 0B       		.uleb128 0xb
 634 00e6 00       		.byte	0
 635 00e7 00       		.byte	0
 636 00e8 13       		.uleb128 0x13
 637 00e9 0B       		.uleb128 0xb
 638 00ea 01       		.byte	0x1
 639 00eb 00       		.byte	0
 640 00ec 00       		.byte	0
 641 00ed 14       		.uleb128 0x14
 642 00ee 34       		.uleb128 0x34
 643 00ef 00       		.byte	0
 644 00f0 03       		.uleb128 0x3
 645 00f1 08       		.uleb128 0x8
 646 00f2 3A       		.uleb128 0x3a
 647 00f3 0B       		.uleb128 0xb
 648 00f4 3B       		.uleb128 0x3b
 649 00f5 0B       		.uleb128 0xb
 650 00f6 39       		.uleb128 0x39
 651 00f7 0B       		.uleb128 0xb
 652 00f8 49       		.uleb128 0x49
 653 00f9 13       		.uleb128 0x13
 654 00fa 00       		.byte	0
 655 00fb 00       		.byte	0
 656 00fc 15       		.uleb128 0x15
 657 00fd 2E       		.uleb128 0x2e
 658 00fe 01       		.byte	0x1
 659 00ff 3F       		.uleb128 0x3f
 660 0100 19       		.uleb128 0x19
 661 0101 03       		.uleb128 0x3
 662 0102 0E       		.uleb128 0xe
 663 0103 3A       		.uleb128 0x3a
 664 0104 0B       		.uleb128 0xb
 665 0105 3B       		.uleb128 0x3b
 666 0106 0B       		.uleb128 0xb
 667 0107 39       		.uleb128 0x39
 668 0108 0B       		.uleb128 0xb
 669 0109 27       		.uleb128 0x27
 670 010a 19       		.uleb128 0x19
 671 010b 49       		.uleb128 0x49
 672 010c 13       		.uleb128 0x13
 673 010d 01       		.uleb128 0x1
 674 010e 13       		.uleb128 0x13
 675 010f 00       		.byte	0
 676 0110 00       		.byte	0
 677 0111 00       		.byte	0
 678              		.section	.gnu.debuglto_.debug_line,"e",%progbits
 679              	.Ldebug_line0:
 680 0000 04020000 		.4byte	.LELT0-.LSLT0
 681              	.LSLT0:
 682 0004 0400     		.2byte	0x4
 683 0006 FE010000 		.4byte	.LELTP0-.LASLTP0
 684              	.LASLTP0:
ARM GAS  C:\Users\ccliu\AppData\Local\Temp\ccdWz86E.s 			page 13


 685 000a 01       		.byte	0x1
 686 000b 01       		.byte	0x1
 687 000c 01       		.byte	0x1
 688 000d F6       		.byte	0xf6
 689 000e F2       		.byte	0xf2
 690 000f 0D       		.byte	0xd
 691 0010 00       		.byte	0
 692 0011 01       		.byte	0x1
 693 0012 01       		.byte	0x1
 694 0013 01       		.byte	0x1
 695 0014 01       		.byte	0x1
 696 0015 00       		.byte	0
 697 0016 00       		.byte	0
 698 0017 00       		.byte	0
 699 0018 01       		.byte	0x1
 700 0019 00       		.byte	0
 701 001a 00       		.byte	0
 702 001b 01       		.byte	0x1
 703 001c 433A2F43 		.ascii	"C:/Chibistudio/chibios2111/os/hal/include"
 703      68696269 
 703      73747564 
 703      696F2F63 
 703      68696269 
 704 0045 00       		.byte	0
 705 0046 433A2F43 		.ascii	"C:/Chibistudio/chibios2111/os/hal/ports/STM32/LLD/G"
 705      68696269 
 705      73747564 
 705      696F2F63 
 705      68696269 
 706 0079 50494F76 		.ascii	"PIOv2"
 706      32
 707 007e 00       		.byte	0
 708 007f 433A2F43 		.ascii	"C:/Chibistudio/chibios2111/os/hal/src"
 708      68696269 
 708      73747564 
 708      696F2F63 
 708      68696269 
 709 00a4 00       		.byte	0
 710 00a5 633A5C63 		.ascii	"c:\\chibistudio\\tools\\gnu tools arm embedded\\10."
 710      68696269 
 710      73747564 
 710      696F5C74 
 710      6F6F6C73 
 711 00d4 33203230 		.ascii	"3 2021.07\\arm-none-eabi\\include\\machine"
 711      32312E30 
 711      375C6172 
 711      6D2D6E6F 
 711      6E652D65 
 712 00fb 00       		.byte	0
 713 00fc 633A5C63 		.ascii	"c:\\chibistudio\\tools\\gnu tools arm embedded\\10."
 713      68696269 
 713      73747564 
 713      696F5C74 
 713      6F6F6C73 
 714 012b 33203230 		.ascii	"3 2021.07\\arm-none-eabi\\include\\sys"
 714      32312E30 
 714      375C6172 
ARM GAS  C:\Users\ccliu\AppData\Local\Temp\ccdWz86E.s 			page 14


 714      6D2D6E6F 
 714      6E652D65 
 715 014e 00       		.byte	0
 716 014f 633A5C63 		.ascii	"c:\\chibistudio\\tools\\gnu tools arm embedded\\10."
 716      68696269 
 716      73747564 
 716      696F5C74 
 716      6F6F6C73 
 717 017e 33203230 		.ascii	"3 2021.07\\arm-none-eabi\\include"
 717      32312E30 
 717      375C6172 
 717      6D2D6E6F 
 717      6E652D65 
 718 019d 00       		.byte	0
 719 019e 00       		.byte	0
 720 019f 5F646566 		.ascii	"_default_types.h\000"
 720      61756C74 
 720      5F747970 
 720      65732E68 
 720      00
 721 01b0 04       		.uleb128 0x4
 722 01b1 00       		.uleb128 0
 723 01b2 00       		.uleb128 0
 724 01b3 5F737464 		.ascii	"_stdint.h\000"
 724      696E742E 
 724      6800
 725 01bd 05       		.uleb128 0x5
 726 01be 00       		.uleb128 0
 727 01bf 00       		.uleb128 0
 728 01c0 73746469 		.ascii	"stdint.h\000"
 728      6E742E68 
 728      00
 729 01c9 06       		.uleb128 0x6
 730 01ca 00       		.uleb128 0
 731 01cb 00       		.uleb128 0
 732 01cc 73746D33 		.ascii	"stm32_gpio.h\000"
 732      325F6770 
 732      696F2E68 
 732      00
 733 01d9 02       		.uleb128 0x2
 734 01da 00       		.uleb128 0
 735 01db 00       		.uleb128 0
 736 01dc 68616C5F 		.ascii	"hal_pal_lld.h\000"
 736      70616C5F 
 736      6C6C642E 
 736      6800
 737 01ea 02       		.uleb128 0x2
 738 01eb 00       		.uleb128 0
 739 01ec 00       		.uleb128 0
 740 01ed 68616C5F 		.ascii	"hal_pal.h\000"
 740      70616C2E 
 740      6800
 741 01f7 01       		.uleb128 0x1
 742 01f8 00       		.uleb128 0
 743 01f9 00       		.uleb128 0
 744 01fa 68616C5F 		.ascii	"hal_pal.c\000"
 744      70616C2E 
ARM GAS  C:\Users\ccliu\AppData\Local\Temp\ccdWz86E.s 			page 15


 744      6300
 745 0204 03       		.uleb128 0x3
 746 0205 00       		.uleb128 0
 747 0206 00       		.uleb128 0
 748 0207 00       		.byte	0
 749              	.LELTP0:
 750              	.LELT0:
 751              		.section	.gnu.debuglto_.debug_str,"eMS",%progbits,1
 752              	.LASF20:
 753 0000 4F535045 		.ascii	"OSPEEDR\000"
 753      45445200 
 754              	.LASF17:
 755 0008 636C6561 		.ascii	"clear\000"
 755      7200
 756              	.LASF18:
 757 000e 4D4F4445 		.ascii	"MODER\000"
 757      5200
 758              	.LASF42:
 759 0014 70616C52 		.ascii	"palReadBus\000"
 759      65616442 
 759      757300
 760              	.LASF14:
 761 001f 75696E74 		.ascii	"uint_fast8_t\000"
 761      5F666173 
 761      74385F74 
 761      00
 762              	.LASF40:
 763 002c 433A2F43 		.ascii	"C:/Chibistudio/chibios2111/os/hal/src/hal_pal.c\000"
 763      68696269 
 763      73747564 
 763      696F2F63 
 763      68696269 
 764              	.LASF36:
 765 005c 70616C57 		.ascii	"palWriteBus\000"
 765      72697465 
 765      42757300 
 766              	.LASF5:
 767 0068 73686F72 		.ascii	"short int\000"
 767      7420696E 
 767      7400
 768              	.LASF39:
 769 0072 474E5520 		.ascii	"GNU C17 10.3.1 20210621 (release) -mcpu=cortex-m4 -"
 769      43313720 
 769      31302E33 
 769      2E312032 
 769      30323130 
 770 00a5 6D746875 		.ascii	"mthumb -mfloat-abi=soft -march=armv7e-m -ggdb -O0 -"
 770      6D62202D 
 770      6D666C6F 
 770      61742D61 
 770      62693D73 
 771 00d8 666F6D69 		.ascii	"fomit-frame-pointer -falign-functions=16 -ffunction"
 771      742D6672 
 771      616D652D 
 771      706F696E 
 771      74657220 
 772 010b 2D736563 		.ascii	"-sections -fdata-sections -fno-common -flto\000"
ARM GAS  C:\Users\ccliu\AppData\Local\Temp\ccdWz86E.s 			page 16


 772      74696F6E 
 772      73202D66 
 772      64617461 
 772      2D736563 
 773              	.LASF35:
 774 0137 70616C53 		.ascii	"palSetBusMode\000"
 774      65744275 
 774      734D6F64 
 774      6500
 775              	.LASF30:
 776 0145 706F7274 		.ascii	"portid\000"
 776      696400
 777              	.LASF27:
 778 014c 696F706F 		.ascii	"ioportmask_t\000"
 778      72746D61 
 778      736B5F74 
 778      00
 779              	.LASF38:
 780 0159 5F5F6675 		.ascii	"__func__\000"
 780      6E635F5F 
 780      00
 781              	.LASF19:
 782 0162 4F545950 		.ascii	"OTYPER\000"
 782      455200
 783              	.LASF28:
 784 0169 696F6D6F 		.ascii	"iomode_t\000"
 784      64655F74 
 784      00
 785              	.LASF4:
 786 0172 756E7369 		.ascii	"unsigned char\000"
 786      676E6564 
 786      20636861 
 786      7200
 787              	.LASF41:
 788 0180 433A5C43 		.ascii	"C:\\ChibiStudio\\workspace_user\\Tesi\\RT-STM32F401"
 788      68696269 
 788      53747564 
 788      696F5C77 
 788      6F726B73 
 789 01af 52452D4E 		.ascii	"RE-NUCLEO64-Shell2\000"
 789      55434C45 
 789      4F36342D 
 789      5368656C 
 789      6C3200
 790              	.LASF25:
 791 01c2 41465248 		.ascii	"AFRH\000"
 791      00
 792              	.LASF10:
 793 01c7 6C6F6E67 		.ascii	"long unsigned int\000"
 793      20756E73 
 793      69676E65 
 793      6420696E 
 793      7400
 794              	.LASF6:
 795 01d9 73686F72 		.ascii	"short unsigned int\000"
 795      7420756E 
 795      7369676E 
ARM GAS  C:\Users\ccliu\AppData\Local\Temp\ccdWz86E.s 			page 17


 795      65642069 
 795      6E7400
 796              	.LASF24:
 797 01ec 4146524C 		.ascii	"AFRL\000"
 797      00
 798              	.LASF22:
 799 01f1 42535252 		.ascii	"BSRR\000"
 799      00
 800              	.LASF8:
 801 01f6 5F5F7569 		.ascii	"__uint16_t\000"
 801      6E743136 
 801      5F7400
 802              	.LASF9:
 803 0201 5F5F7569 		.ascii	"__uint32_t\000"
 803      6E743332 
 803      5F7400
 804              	.LASF0:
 805 020c 756E7369 		.ascii	"unsigned int\000"
 805      676E6564 
 805      20696E74 
 805      00
 806              	.LASF15:
 807 0219 63686172 		.ascii	"char\000"
 807      00
 808              	.LASF34:
 809 021e 6D6F6465 		.ascii	"mode\000"
 809      00
 810              	.LASF23:
 811 0223 4C4F434B 		.ascii	"LOCKR\000"
 811      5200
 812              	.LASF26:
 813 0229 73746D33 		.ascii	"stm32_gpio_t\000"
 813      325F6770 
 813      696F5F74 
 813      00
 814              	.LASF21:
 815 0236 50555044 		.ascii	"PUPDR\000"
 815      5200
 816              	.LASF1:
 817 023c 6C6F6E67 		.ascii	"long long int\000"
 817      206C6F6E 
 817      6720696E 
 817      7400
 818              	.LASF31:
 819 024a 6D61736B 		.ascii	"mask\000"
 819      00
 820              	.LASF37:
 821 024f 62697473 		.ascii	"bits\000"
 821      00
 822              	.LASF32:
 823 0254 6F666673 		.ascii	"offset\000"
 823      657400
 824              	.LASF29:
 825 025b 696F706F 		.ascii	"ioportid_t\000"
 825      72746964 
 825      5F7400
 826              	.LASF12:
ARM GAS  C:\Users\ccliu\AppData\Local\Temp\ccdWz86E.s 			page 18


 827 0266 75696E74 		.ascii	"uint16_t\000"
 827      31365F74 
 827      00
 828              	.LASF13:
 829 026f 75696E74 		.ascii	"uint32_t\000"
 829      33325F74 
 829      00
 830              	.LASF7:
 831 0278 6C6F6E67 		.ascii	"long int\000"
 831      20696E74 
 831      00
 832              	.LASF2:
 833 0281 6C6F6E67 		.ascii	"long double\000"
 833      20646F75 
 833      626C6500 
 834              	.LASF3:
 835 028d 7369676E 		.ascii	"signed char\000"
 835      65642063 
 835      68617200 
 836              	.LASF16:
 837 0299 5F426F6F 		.ascii	"_Bool\000"
 837      6C00
 838              	.LASF11:
 839 029f 6C6F6E67 		.ascii	"long long unsigned int\000"
 839      206C6F6E 
 839      6720756E 
 839      7369676E 
 839      65642069 
 840              	.LASF33:
 841 02b6 494F4275 		.ascii	"IOBus\000"
 841      7300
 842              		.text
 843              		.section	.gnu.lto_.inline.a912531,"e",%progbits
 844 0000 789C2B61 		.ascii	"x\234+a@\000f\006\006\316\006 `Jc``\342\203\261X\030"
 844      40006606 
 844      06CE0620 
 844      604A6360 
 844      60E283B1 
 845 0016 1A81AC3A 		.ascii	"\032\201\254:&\006&\240\022F\006\001 \347\0013H\205"
 845      260626A0 
 845      12460601 
 845      20E70133 
 845      4885
 846 0028 0C8C85A2 		.ascii	"\014\214\205\242\202\211\201\033\310\331\300\224\016"
 846      8289811B 
 846      C8D9C094 
 846      0E
 847 0035 647281CC 		.ascii	"dr\201\314`NES\301\302\013\262k\202\037\0102\000\000"
 847      604E4553 
 847      C1C20BB2 
 847      6B821F08 
 847      320000
 848 0048 4A451A7F 		.ascii	"JE\032\177"
 849              		.text
 850              		.section	.gnu.lto_.jmpfuncs.a912531,"e",%progbits
 851 0000 789C6362 		.ascii	"x\234cb@\006\000\000*\000\003"
 851      40060000 
ARM GAS  C:\Users\ccliu\AppData\Local\Temp\ccdWz86E.s 			page 19


 851      2A0003
 852              		.text
 853              		.section	.gnu.lto_.lto.a912531,"e",%progbits
 854 0000 09000400 		.ascii	"\011\000\004\000\001\000\000\000"
 854      01000000 
 855              		.text
 856              		.section	.gnu.lto_palReadBus.374.a912531,"e",%progbits
 857 0000 789C7592 		.ascii	"x\234u\222\317K\033Q\020\307\347\373f7\331\324\037\027"
 857      CF4B1B51 
 857      10C7E7FB 
 857      6637D9D4 
 857      1F17
 858 0012 3D785390 		.ascii	"=xS\220\"^\\\243Ri\275\010^\304\177\242\304x0 D\\=\347"
 858      225E5CA3 
 858      5269BD08 
 858      5EC47FA2 
 858      C4783020 
 859 002a C51F2908 		.ascii	"\305\037)\010\321\370\003\021l\013\215\241x\023\301"
 859      D1F80311 
 859      6C0B8DA1 
 859      7813C1
 860 0039 524BA5A6 		.ascii	"RK\245\246\352Y\245\327zP\274\212\212'\017B\234\367"
 860      EA59A5D7 
 860      7A50BC8A 
 860      8A270F42 
 860      9CF7
 861 004b 8C6D4A71 		.ascii	"\214mJq`g\347\373v>3o\336\333fE4@D=\362\220KX\\\230"
 861      6067E7FB 
 861      763E336F 
 861      DEDB6645 
 861      3440443D 
 862 0065 55542A95 		.ascii	"UT*\225R\216\302\222\304\370\006\253\030\313\013\263"
 862      528EC292 
 862      C4F806AB 
 862      18CB0BB3 
 863 0075 D7AB5D56 		.ascii	"\327\253]V8H;6\000\245\024;Ha\211\3373\026\271\300\004"
 863      38483B36 
 863      00A5143B 
 863      486189DF 
 863      3316B9C0 
 864 008a A71C014D 		.ascii	"\247\034\001M\255E\255\357\016\017\317\247\3023\375"
 864      AD45ADEF 
 864      0E0FCFA7 
 864      C233FD
 865 0099 0556F451 		.ascii	"\005V\364Q>\177\001\266a\232I\032wR\213\244\234\034"
 865      3E7F01B6 
 865      619A491A 
 865      77528BA4 
 865      9C1C
 866 00ab ED681DA1 		.ascii	"\355h\035\241\0023\276\242\"G\026\272\267\\\242\020"
 866      0233BEA2 
 866      224716BA 
 866      B75CA210 
 867 00bb 19524CD6 		.ascii	"\031RL\326\324\313\342\214\276\311\036d\346\352si\357"
 867      D4CBE28C 
 867      BEC91E64 
 867      E6EA7369 
ARM GAS  C:\Users\ccliu\AppData\Local\Temp\ccdWz86E.s 			page 20


 867      EF
 868 00cc BFA2B4C1 		.ascii	"\277\242\264\301\264\371\313-\352\373\322\274\326\307"
 868      B4F9CB2D 
 868      EAFBD2BC 
 868      D6C7
 869 00da 0DBF4F2F 		.ascii	"\015\277O/\274\210\002v\300RN9\342\034W\234\033\022"
 869      BC880276 
 869      C0524E39 
 869      E21C579C 
 869      1B12
 870 00ec 170A9BC8 		.ascii	"\027\012\233\3103\216h\236\315\330\326\032a\244\372"
 870      338E689E 
 870      CDD8D61A 
 870      61A4FA
 871 00fb 2B4139E6 		.ascii	"+A9\346Jy\205\311\335H\236\237Fe\230i>Ck-[\012\347Y"
 871      4A7985C9 
 871      DD489E9F 
 871      46659869 
 871      3E436B2D 
 872 0113 E13BA87D 		.ascii	"\341;\250}\332J\017\273\370`\267\177\205}C\271e*\362"
 872      DA4A0FBB 
 872      F860B77F 
 872      857D43B9 
 872      652AF2
 873 0126 0FF542CA 		.ascii	"\017\365B\312\341\207P\237\254\254\302\236P\260\224"
 873      E187509F 
 873      ACACC29E 
 873      50B094
 874 0135 ED157ABE 		.ascii	"\355\025z\276C5~J\256\262\271S\367\031\344M\202+\310"
 874      43357E4A 
 874      AEB2B953 
 874      F719E44D 
 874      822BC8
 875 0148 13EB3DCF 		.ascii	"\023\353=\317\326\340@X~dW\336\011\313\026\367d%\307"
 875      D6E04058 
 875      7E6457DE 
 875      09CB16F7 
 875      6425C7
 876 015b 4EC5D0B8 		.ascii	"N\305\320\270D\272\227\232\245\312\315\334\272nB\201"
 876      44BA979A 
 876      A5CACDDC 
 876      BA6E4281 
 877 016b 6BCBD762 		.ascii	"k\313\327b\354\026\223gk\231,\344\177\311\333rr\202"
 877      EC169367 
 877      6B992CE4 
 877      7FC9DB72 
 877      7282
 878 017d A83C50A2 		.ascii	"\250<P\242\366\2767~\337pb0\021\214O\014%\222~\334\304"
 878      F6BE377E 
 878      DF706230 
 878      118C4F0C 
 878      25927EDC 
 879 0192 C9A0231A 		.ascii	"\311\240#\032\215\372\311\300\037\216\215\370\301X\334"
 879      8DFAC9C0 
 879      1F8E8DF8 
 879      C158DC
 880 01a1 BCDF8EC6 		.ascii	"\274\337\216\306F\332\342\304\203\023A\335\037\331\326"
ARM GAS  C:\Users\ccliu\AppData\Local\Temp\ccdWz86E.s 			page 21


 880      46DAE2C4 
 880      831341DD 
 880      1FD9D6
 881 01b0 197B3D14 		.ascii	"\031{=\024\217u\274\242\007\030\273\326\037"
 881      8F75BCA2 
 881      0718BBD6 
 881      1F
 882              		.text
 883              		.section	.gnu.lto_palWriteBus.375.a912531,"e",%progbits
 884 0000 789C7D52 		.ascii	"x\234}R\317k\023Q\020\236og\223l~G\304\223\007\275\250"
 884      CF6B1351 
 884      109E6F67 
 884      936C7E47 
 884      C49307BD 
 885 0015 78B0695A 		.ascii	"x\260iZh\320k\217^\352_ Izh\240\220\342\266x\314\263"
 885      68D06B8F 
 885      5EEA5F20 
 885      497A68A0 
 885      90E2B678 
 886 002b 160B5EA2 		.ascii	"\026\013^\242)\224\202U0\004\361\346I\255Z\333P\360"
 886      29948255 
 886      3004F1E6 
 886      49AD5ADB 
 886      50F0
 887 003d 172A8817 		.ascii	"\027*\210\027O\212\342I\017\255xQ\244\260\316\274ll"
 887      4F8AE249 
 887      0FAD7851 
 887      A4B0CEBC 
 887      6C6C
 888 004f 2AB40F76 		.ascii	"*\264\017vv\276y\363}3o\336;\304D\347\210\350\224|\344"
 888      76BE79F3 
 888      7D336FDE 
 888      3BC444E7 
 888      88E8947C 
 889 0064 129AD7AF 		.ascii	"\022\232\327\257:\024\004A\335u\260 >\236\300\"\306"
 889      3A140441 
 889      DD75B020 
 889      3E9EC022 
 889      C6
 890 0075 25D73AA0 		.ascii	"%\327:\240\272\303\250c\201O\032c~\317}\374b\306:h\213"
 890      BAC3A863 
 890      814F1A63 
 890      7ECF7DFC 
 890      62C63A68 
 891 008a CC2DA6EE 		.ascii	"\314-\246\356Zf4\271\315\200\033z\016\216\212\307\303"
 891      5A6634B9 
 891      CD801B7A 
 891      0E8E8AC7 
 891      C3
 892 009b 74A263CC 		.ascii	"t\242c\314\273\365\025c\342\324f\306C\010\007\017\200"
 892      BBF51563 
 892      E2D466C6 
 892      4308070F 
 892      80
 893 00ac FB200D14 		.ascii	"\373 \015\024?)\203\317v\363\276\205y.\036\355\316s"
 893      3F2983CF 
 893      76F3BE85 
ARM GAS  C:\Users\ccliu\AppData\Local\Temp\ccdWz86E.s 			page 22


 893      792E1EED 
 893      CE73
 894 00be 8BDF5DA2 		.ascii	"\213\337]\242hX\021J\031\323\242\307\204\365c\355\353"
 894      6858114A 
 894      19D3A2C7 
 894      84F563ED 
 894      EB
 895 00cf D44BE3B6 		.ascii	"\324K\343\2669\202\325~\026Q\321D\242\204\247 9\022"
 895      3982D57E 
 895      1651D144 
 895      A284A720 
 895      3912
 896 00e1 15033908 		.ascii	"\025\0039\0109wY#\367\336G:f;h\030\363\341\360\326\366"
 896      39775923 
 896      F7DE473A 
 896      663B6818 
 896      F3E1F0D6 
 897 00f6 9677C001 		.ascii	"\226w\300\001\036\303\005V\020\321\375\250\324\214\306"
 897      1EC30556 
 897      10D1FDA8 
 897      D48CC6
 898 0105 D4786AB4 		.ascii	"\324xj\264\247XBMRaJMZMFcY\365rb<\242\006\353(\355:"
 898      A758424D 
 898      52614A4D 
 898      5A4D4663 
 898      59F57262 
 899 0120 0285CE0E 		.ascii	"\002\205\316\016\004]c\356\207\233\230]\232\377u\343"
 899      045D63EE 
 899      879B985D 
 899      9AFF75E3 
 900 0130 38D6D0E2 		.ascii	"8\326\320\342h\213\035\215\254\306[\034\013\247\310"
 900      688B1D8D 
 900      ACC65B1C 
 900      0BA7C8
 901 013f D043DE81 		.ascii	"\320C\336\201\214\335k\263l\270X\007\015\316Y\230@\007"
 901      8CDD6BB3 
 901      6CB85807 
 901      0DCE5998 
 901      4007
 902 0151 37ED056C 		.ascii	"7\355\005l\342\362\342\274HxV%\326S\211\357\315MbC\270"
 902      E2F2E2BC 
 902      48785625 
 902      D65389EF 
 902      CD4D6243 
 903 0166 E87297AF 		.ascii	"\350r\227\257\0107!\371Z2\206\234\306\376h,i%\023=\275"
 903      083721F9 
 903      5A32869C 
 903      C6FE682C 
 903      6925133D 
 904 017b D47EBD3C 		.ascii	"\324~\275<\373\257\227\264\034G(=nf\277^^\354\364b\353"
 904      FBAF97B4 
 904      1C47283D 
 904      6E66BF5E 
 904      5EECF462 
 905 0190 662D3DA3 		.ascii	"f-=\243\270\251Z\021\333J\266\247\225\333[+\205W\242"
 905      B8A95A11 
 905      DB4AB6A7 
ARM GAS  C:\Users\ccliu\AppData\Local\Temp\ccdWz86E.s 			page 23


 905      95DB5B2B 
 905      8557A2
 906 01a3 E558AD8D 		.ascii	"\345X\255\215\305x8\306\364\2561fD\001\257mh\360\266"
 906      C57838C6 
 906      F4AE3166 
 906      4401AF6D 
 906      68F0B6
 907 01b6 8D64F146 		.ascii	"\215d\361FX\322~\210sx+X\036\234\224\246\237\230\375"
 907      58D27E88 
 907      73782B58 
 907      1E9C94A6 
 907      9F98FD
 908 01c9 1C3CF7F4 		.ascii	"\034<\367\364\011\351j0\372/X8\243g\362\243\023\325"
 908      09E96A30 
 908      FA2F5838 
 908      A367F2A3 
 908      13D5
 909 01db 72D59F9E 		.ascii	"r\325\237\236\031\257\326\362\025\365k\376P\241P\310"
 909      19AFD6F2 
 909      15F56BFE 
 909      50A150C8 
 910 01eb D7FCFC44 		.ascii	"\327\374\374Di2\357_\250\350\377\374Tir\240B\\\236\361"
 910      6932EF5F 
 910      A8E8FFFC 
 910      546972A0 
 910      425C9EF1 
 911 01ff 0FFE8303 		.ascii	"\017\376\203\003\303\245\323\343\225\322\320\010\271"
 911      C3A5D3E3 
 911      95D2D008 
 911      B9
 912 020c E5EAB48F 		.ascii	"\345\352\264\217\213\177\001+\303\014\334"
 912      8B7F012B 
 912      C30CDC
 913              		.text
 914              		.section	.gnu.lto_palSetBusMode.376.a912531,"e",%progbits
 915 0000 789C7551 		.ascii	"x\234uQ\317/\003A\030\375\336~\333m\353\307\311\037"
 915      CF2F0341 
 915      18FDDE7E 
 915      DB6DEBC7 
 915      C91F
 916 0012 40E2200E 		.ascii	"@\342 \016\272Z\011\341\332\203\203\003\377\201T+\321"
 916      BA5A09E1 
 916      DA838303 
 916      FF81542B 
 916      D1
 917 0023 A452B17A 		.ascii	"\244R\261z\356(qp)m\334\220h6\342\346\3447Q\211H\334"
 917      EE287170 
 917      296DDC90 
 917      6836E2E6 
 917      E4375189 
 918 0039 C45D7071 		.ascii	"\304]pq#\"\"\210\244\276Y\245\034L2\263\357\315\274"
 918      23222288 
 918      A4BE59A5 
 918      1C4C32B3 
 918      EFCDBC
 919 004c B7F3DEEE 		.ascii	"\267\363\336\356\031\210\006\211\250C&\231\204\302\342"
 919      19880689 
ARM GAS  C:\Users\ccliu\AppData\Local\Temp\ccdWz86E.s 			page 24


 919      A8432699 
 919      84C2E2
 920 005b BC41954A 		.ascii	"\274A\225J%k\032(\012\306\001<\306\2306=\000\312\032"
 920      256B1A28 
 920      0AC6013C 
 920      C698363D 
 920      00CA1A
 921 006e 8C2C8ADC 		.ascii	"\214,\212\334\256\224z=}\276UCe\270L\264\312\3645\226"
 921      AE947A3D 
 921      7DBE5543 
 921      65B84CB4 
 921      CAF43596 
 922 0082 19057619 		.ascii	"\031\005v\0310\253\310@\213 \356\242\266\262R\027\347"
 922      30ABC840 
 922      8B20EEA2 
 922      B6B25217 
 922      E7
 923 0093 BB4A05C9 		.ascii	"\273J\005\311e\306\016\304\203m`KR\310F\317\222v\360"
 923      65C60EC4 
 923      836D604B 
 923      52C846CF 
 923      9276F0
 924 00a6 C097EEBA 		.ascii	"\300\227\356\272\2523\261\367Wg\366\254\231D\326\367"
 924      AA33B1F7 
 924      5767F6AC 
 924      9944D6F7 
 925 00b6 8DB2870D 		.ascii	"\215\262\207\015\246\315K_Y}T\362J\335\337\341\2415"
 925      A6CD4B5F 
 925      597D54F2 
 925      4ADDDFE1 
 925      A135
 926 00c8 6800BB90 		.ascii	"h\000\273\220\020\373\360\211\307g\311b\371e\361\007"
 926      10FBF089 
 926      C767C962 
 926      F965F107 
 927 00d8 3422CAB3 		.ascii	"4\"\312\263\356\351\215fhj\324(h\201\3717}@\356\360"
 927      EEE98D66 
 927      686AD428 
 927      6881F937 
 927      7D40EEF0 
 928 00ec ED255C62 		.ascii	"\355%\\b_\265\022C\327\\\207|\203\200\313\201\222t<"
 928      5FB51243 
 928      D75C877C 
 928      8380CB81 
 928      92743C
 929 00ff 0475CE7A 		.ascii	"\004u\316z4\210#\254x\331\264/Xb\353\177m\035\216E\213"
 929      348823AC 
 929      78D9B42F 
 929      5862EB7F 
 929      6D1D8E45 
 930 0114 9AD6FFBF 		.ascii	"\232\326\377\277\266\036'\2425<\355\314\373\034JZ`\211"
 930      B61E27A2 
 930      353CEDCC 
 930      FB1C4A5A 
 930      6089
 931 0126 851E31D7 		.ascii	"\205\0361\327B\2630\\nX\325/\223\240\336\241$m\244'"
 931      42B3305C 
ARM GAS  C:\Users\ccliu\AppData\Local\Temp\ccdWz86E.s 			page 25


 931      6E58D52F 
 931      93A0DEA1 
 931      246DA427 
 932 013a E46EAEFA 		.ascii	"\344n\256\372\275_\223g\374.M\324\031\355\263\243c\311"
 932      BD5F9367 
 932      FC2E4DD4 
 932      19EDB3A3 
 932      63C9
 933 014c 91A43395 		.ascii	"\221\2443\225I$\323v\\\343\264\023\011\207\303v\332"
 933      4924D376 
 933      5CE3B413 
 933      0987C376 
 933      DA
 934 015d B1C76229 		.ascii	"\261\307b)\333\231\214\353\347\360D,\025\212\023\217"
 934      DB998CEB 
 934      E7F0442C 
 934      158A138F 
 935 016d 649CA61F 		.ascii	"d\234\246\037\032\352\212\365&\342\261H7\231\343\351"
 935      1AEA8AF5 
 935      26E2B148 
 935      3799E3E9 
 936 017d C4E82789 		.ascii	"\304\350'\211t\264\266"
 936      74B4B6
 937              		.text
 938              		.section	.gnu.lto_.symbol_nodes.a912531,"e",%progbits
 939 0000 789C9BC0 		.ascii	"x\234\233\300\000\004L\337\230\352\031\376C\201<\343"
 939      00044CDF 
 939      98EA19FE 
 939      43813CE3 
 940 0010 84730C0C 		.ascii	"\204s\014\014\365\014\014\373\032\033\031\031\030\031"
 940      F50C0CFB 
 940      1A1B1919 
 940      1819
 941 001e C00ABE33 		.ascii	"\300\012\2763\3253\342U\360\203\251\236\011\237\002"
 941      D533E255 
 941      F083A99E 
 941      099F02
 942 002d C6DF4CF5 		.ascii	"\306\337L\365\314\250\012\030\030\032\032\032@\262\314"
 942      CCA80A18 
 942      181A1A1A 
 942      40B2CC
 943 003c 4C48328B 		.ascii	"LH2\213\031\031\000\2379=b"
 943      1919009F 
 943      393D62
 944              		.text
 945              		.section	.gnu.lto_.refs.a912531,"e",%progbits
 946 0000 789C6364 		.ascii	"x\234cd\000\002\000\000\012\000\002"
 946      00020000 
 946      0A0002
 947              		.text
 948              		.section	.gnu.lto_.decls.a912531,"e",%progbits
 949 0000 789C9D56 		.ascii	"x\234\235V{T\024\327\031\277\337\275\263\017\206\025"
 949      7B5414D7 
 949      19BFDFBD 
 949      B30F8615 
 950 0010 A860D353 		.ascii	"\250`\323S[Csh\344\237\270\262Z\323\366\234\236C#\232"
 950      5B437368 
ARM GAS  C:\Users\ccliu\AppData\Local\Temp\ccdWz86E.s 			page 26


 950      E49FB8B2 
 950      5AD3F69C 
 950      9E43239A 
 951 0024 78D4C059 		.ascii	"x\324\300Y\223\223c\377\331R\006\003'\340\032v\311i"
 951      939363FF 
 951      D9520603 
 951      27E01A76 
 951      C969
 952 0036 FF1B14DF 		.ascii	"\377\033\024\337/\342\243\301G8P\337o\214/$\202+h\\"
 952      2FE2A3C1 
 952      473850DF 
 952      6F8C2F24 
 952      822B685C 
 953 004a 1F444030 		.ascii	"\037D@0\004\014j\320\270\006\242X\215\261&\306~\367"
 953      040C6AD0 
 953      B806A258 
 953      8DB126C6 
 953      7EF7
 954 005c CEECCCC2 		.ascii	"\316\354\314\302bm;g\277\2713w~\367\367\375\276\307"
 954      626D3B67 
 954      BFB93377 
 954      7EF7F7FD 
 954      BEC7
 955 006e DC59298E 		.ascii	"\334Y)\216\220\"JH9\020\362\004\017\211\020\322B\314"
 955      90224A48 
 955      3910F204 
 955      0F8910D2 
 955      42CC
 956 0080 83DF9F46 		.ascii	"\203\337\237F;\217v\021\355\012\211>V\342\332x\034\207"
 956      3B8F7611 
 956      ED0A893E 
 956      56E2DA78 
 956      1C87
 957 0092 A325A19D 		.ascii	"\243%\241\235B\273\203\366K\234\037\215\343L\264\333"
 957      42BB83F6 
 957      4B9C1F8D 
 957      E34CB4DB 
 958 00a2 68A3F0FE 		.ascii	"h\243\360\376y\264_\240\335\303\373d\034\177\205\226"
 958      79B45FA0 
 958      DDC3FB64 
 958      1C7F8596 
 959 00b2 A7FBE945 		.ascii	"\247\373\351E\033\211\367}8~\203\006\272o>:a\240\317"
 959      1B89F77D 
 959      387E8306 
 959      BA6F3E3A 
 959      61A0CF
 960 00c5 7578FF13 		.ascii	"ux\377\023\242\255\015\373\275\243\373~HL\277\\\003"
 960      A2AD0DFB 
 960      BDA3FB7E 
 960      484CBF5C 
 960      03
 961 00d6 F7CDFD70 		.ascii	"\367\315\375p\177\221\032\254\272\016\213\356\257O\327"
 961      7F911AAC 
 961      BA0E8BEE 
 961      AF4FD7
 962 00e5 9088F312 		.ascii	"\220\210\363\022h~\317\353\376\307\017\362\277\015\357"
 962      687ECFEB 
ARM GAS  C:\Users\ccliu\AppData\Local\Temp\ccdWz86E.s 			page 27


 962      FEC70FF2 
 962      BF0DEF
 963 00f4 E386F07F 		.ascii	"\343\206\360\177\341)q\207\375\377\006\255\033\347\230"
 963      E1297187 
 963      FDFF06AD 
 963      1BE798
 964 0103 EE2BEC97 		.ascii	"\356+\354\227F\344\227\273\372\303 \177\033\030\275"
 964      46E497BB 
 964      FAC3207F 
 964      1B18BD
 965 0112 D1D67D5A 		.ascii	"\321\326}Z\276\241\315K\012\000tL\300\223L\376\304H"
 965      BEA1CD4B 
 965      0A00744C 
 965      C0934CFE 
 965      C448
 966 0124 924A556A 		.ascii	"\222JUjU\030\225\231\314\0249\010\243R\357\263t;M\215"
 966      55189599 
 966      CC143908 
 966      A352EFB3 
 966      743B4D8D 
 967 0138 97EDDB1B 		.ascii	"\227\355\333\033!A\266\330)\015\331\0249\365\021\354"
 967      2141B6D8 
 967      290DD914 
 967      39F511EC 
 968 0148 A695D6E4 		.ascii	"\246\225\326\344tUR\226\215\010\331TZ\366z\322\270t"
 968      74555296 
 968      8D08D954 
 968      5AF67AD2 
 968      B874
 969 015a 3C876C41 		.ascii	"<\207lAPpU\226dO\300\253\220M\276\317*\227[\225&\272"
 969      50705596 
 969      644FC0AB 
 969      904DBECF 
 969      2A975B95 
 970 0170 68340441 		.ascii	"h4\004AV\\I\252\252\246\333\355\243\342\033X\003\233"
 970      565C49AA 
 970      AAA6DBED 
 970      A3E21B58 
 970      039B
 971 0182 4C88DD5E 		.ascii	"L\210\335^\275w\204\034\262\305#E\252\222\234\240$\307"
 971      BD77841C 
 971      B2C52345 
 971      AA929CA0 
 971      24C7
 972 0194 07C1A228 		.ascii	"\007\301\242(rR*A\021\212\313\225Ned\226\354Ap1p\270"
 972      72522A41 
 972      118ACB95 
 972      4E656496 
 972      EC417031 
 973 01aa D46BBDCF 		.ascii	"\324k\275\317\311\0269fTr*!\012\231L\221\227=\011\037"
 973      C9163966 
 973      54722A21 
 973      0A994C91 
 973      973D091F 
 974 01be 60439F8A 		.ascii	"`C\237\212y\013\220*S\027eSC6L\017M&D\225\354\016\007"
 974      790B902A 
 974      53176553 
ARM GAS  C:\Users\ccliu\AppData\Local\Temp\ccdWz86E.s 			page 28


 974      43364C0F 
 974      4D264495 
 975 01d5 A838C478 		.ascii	"\2508\304x\246*Y.\231\204l\024\037%I\240R0W\312VL!\325"
 975      A62A592E 
 975      99846C14 
 975      1F2549A0 
 975      523057CA 
 976 01ed F226CA38 		.ascii	"\362&\3128 \227\374\306\304\022\3639\205\360c\0157\250"
 976      2097FCC6 
 976      C412F339 
 976      85F0630D 
 976      37A8
 977 01ff 023A9798 		.ascii	"\002:\227\230\007\203?\274\300\\\026A\016\203\226\003"
 977      07833FBC 
 977      C05C1641 
 977      0E839603 
 978 020f 3FF83972 		.ascii	"?\3709r\201\251\321\360O\015Y`B\006\011\027,\020\026"
 978      81A9D1F0 
 978      4F0D5960 
 978      42060917 
 978      2C1016
 979 0222 147DB070 		.ascii	"\024}\260p\333\234X\335\265\320\362\025\246M-O\202\021"
 979      DB9C58DD 
 979      B5D0F215 
 979      A64D2D4F 
 979      8211
 980 0234 65E904D8 		.ascii	"e\351\004\330H\302^$NU\034\015\357\0208\2421xbW1\030"
 980      48C25E24 
 980      4E551C0D 
 980      EF1038A2 
 980      31786257 
 981 024a 0E129E93 		.ascii	"\016\022\236\223 \031\227v\315\337\277\002\0225\\@\217"
 981      20199776 
 981      CDDFBF02 
 981      12355C40 
 981      8F
 982 025b F363801A 		.ascii	"\363c\200\032~\311|\234\374\372\265'\252C \002:\002"
 982      7EC97C9C 
 982      FCFAB527 
 982      AA432002 
 982      3A02
 983 026d 8E818141 		.ascii	"\216\201\201A\300\305\356\223\035\262#\240\252\375j"
 983      C0C5EE93 
 983      1DB223A0 
 983      AAFD6A
 984 027c 65830475 		.ascii	"e\203\004u\000\265\000G\271\352z\020\200O/wu\305\361"
 984      00B50047 
 984      B9EA7A10 
 984      804F2F77 
 984      75C5F1
 985 028f B71F27C0 		.ascii	"\267\037'\300+\004P! \001\317\243EU\343\305\025a\177"
 985      2B045021 
 985      2001CFA3 
 985      4555E3C5 
 985      15617F
 986 02a2 E3F8E6EE 		.ascii	"\343\370\346\356\252s\361\262 \014\224\306\020\235\016"
 986      AA73F1B2 
ARM GAS  C:\Users\ccliu\AppData\Local\Temp\ccdWz86E.s 			page 29


 986      200C94C6 
 986      109D0E
 987 02b1 4E02426A 		.ascii	"N\002Bj\000\032\001\032\000aW\346\335\352\225\236C]"
 987      001A011A 
 987      006157E6 
 987      DDEA959E 
 987      435D
 988 02c3 7DAA9A04 		.ascii	"}\252\232\004\247\000N\000p\201\360\011\202\217k\256"
 988      A7004E00 
 988      7081F009 
 988      828F6BAE 
 989 02d3 6FD6D5F6 		.ascii	"o\326\325\3669^(/S\037n\\\262\270\321\266Q\015\314\305"
 989      395E282F 
 989      531F6E5C 
 989      B2B8D1B6 
 989      510DCCC5 
 990 02e7 051242E0 		.ascii	"\005\022B\340\260\036\001\301+\002\207\000\016\202\247"
 990      B01E01C1 
 990      2B028700 
 990      0E82A7
 991 02f6 CAC23051 		.ascii	"\312\3020Q\270\356v\317\301\263\262\220\214\274^\234"
 991      B8EE76CF 
 991      C1B3B290 
 991      8CBC5E9C 
 992 0306 A8087CDE 		.ascii	"\250\010|\336\032\033\216\341\014w\177o\177E\220\032"
 992      1A1B8EE1 
 992      0C777F6F 
 992      7F45901A 
 993 0316 EEF30CEF 		.ascii	"\356\363\014\357\347\220\355\254\346}\311\311\303\363"
 993      E790EDAC 
 993      E67DC9C9 
 993      C3F3
 994 0324 EDDC7B7F 		.ascii	"\355\334{\177m\343\273\333\371\273\205O\361\215\010"
 994      6DE3BBDB 
 994      F9BB854F 
 994      F18D08
 995 0333 3B0E1A8E 		.ascii	";\016\032\216[%\326\210\341\267\010\347\217V\037\271"
 995      5B25D688 
 995      E1B708E7 
 995      8F561FB9 
 996 0343 E2888EFF 		.ascii	"\342\210\216\377\323A\361?\250\370\344\222\246\361\202"
 996      D341F13F 
 996      A8F8E492 
 996      A6F182
 997 0352 A671DF97 		.ascii	"\246q\337\227\255\035\216\260\306f\016il\277\331a\031"
 997      AD1D8EB0 
 997      C6660E69 
 997      6CBFD961 
 997      19
 998 0363 42632BD2 		.ascii	"Bc+\322\265h\032\373Z\252\312\255\\c\365\255y\013\325"
 998      B5681AFB 
 998      5AAACAAD 
 998      5C63F5AD 
 998      790BD5
 999 0376 042D3DAD 		.ascii	"\004-=\255\000M\206\312&C\345b\211u\012\205Q\256k.\325"
 999      004D86CA 
 999      2643E562 
ARM GAS  C:\Users\ccliu\AppData\Local\Temp\ccdWz86E.s 			page 30


 999      89750A85 
 999      51AE6B2E 
 1000 038b 374AE17C 		.ascii	"7J\341|\265\303S\032\353\263pc\365\013\226\366\216\340"
 1000      B5C3531A 
 1000      EBB37063 
 1000      F50B96F6 
 1000      8EE0
 1001 039d 8AF80110 		.ascii	"\212\370\001\020\350\000\003\204\200\326\272\212\213"
 1001      E8000384 
 1001      80D6BA8A 
 1001      8B
 1002 03aa 92D9599F 		.ascii	"\222\331Y\237\233\235\2052\010{,Xn=:pw\330\020 \350"
 1002      9B9D8532 
 1002      087B2C58 
 1002      6E3D3A70 
 1002      77D81020 
 1003 03bf 020143C8 		.ascii	"\002\001C\310\206\271\337n\321\344^\006\270\304\325"
 1003      86B9DF6E 
 1003      D1E45E06 
 1003      B8C4D5
 1004 03ce 9DE9AAE8 		.ascii	"\235\351\252\350\225\207HL7\256\373BOL\307\274\237\277"
 1004      9587484C 
 1004      37AEFB42 
 1004      4F4CC7BC 
 1004      9FBF
 1005 03e0 50AEAA0F 		.ascii	"P\256\252\017\253W\365\256\264nT\033(>\2056#-mb\020"
 1005      AB57F5AE 
 1005      B46E541B 
 1005      283E8536 
 1005      232D6D62 
 1006 03f5 DD6C67CD 		.ascii	"\335lg\315\224\260v\252\3359Do_%\354\262\230\230i4\370"
 1006      94B076AA 
 1006      DD39446F 
 1006      5F25ECB2 
 1006      98986934 
 1007 040a 4CAC700F 		.ascii	"L\254p\017\025\257\314\216\343M1\321\025\016\001b\260"
 1007      15AFCC8E 
 1007      E34D31D1 
 1007      150E0162 
 1007      B0
 1008 041b C23701BE 		.ascii	"\3027\001\276B\225\3665W\232WX\022SRRPh)\346H\"p\035"
 1008      4295F635 
 1008      579A5758 
 1008      12535252 
 1008      506829E6 
 1009 0433 A0870BFD 		.ascii	"\240\207\013\375\232\353\200^\200o\000\372\270\022$"
 1009      9AEB805E 
 1009      806F00FA 
 1009      B81224
 1010 0442 7BD8FCC1 		.ascii	"{\330\374\301\367[\342\260\307K\035<\320/\201\243\302"
 1010      F75BE2B0 
 1010      C74B1D3C 
 1010      D02F81A3 
 1010      C2
 1011 0453 1973A2A5 		.ascii	"\031s\242\245qT\365\362\205Xg\204\334\002\2701\000r"
 1011      7154F5F2 
 1011      85586784 
ARM GAS  C:\Users\ccliu\AppData\Local\Temp\ccdWz86E.s 			page 31


 1011      DC02B831 
 1011      0072
 1012 0465 150CCC62 		.ascii	"\025\014\314b\035\203\325\274\026ES+\362\336\261\265"
 1012      1D83D5BC 
 1012      1645532B 
 1012      F2DEB1B5 
 1013 0475 A954E6D5 		.ascii	"\251T\346\325+\015D(\343{C\2246Dw.X\272\014\314*\335"
 1013      2B0D4428 
 1013      E37B4394 
 1013      3644772E 
 1013      58BA0CCC 
 1014 048b 3619EF80 		.ascii	"6\031\357\200\236\305d\266\205\021\266\223q\370\202"
 1014      9EC564B6 
 1014      8511B693 
 1014      71F882
 1015 049a C0CD66BB 		.ascii	"\300\315f\273|up\202\376\031\371\012\210E?c\007p\321"
 1015      7C757082 
 1015      FE19F90A 
 1015      88453F63 
 1015      0770D1
 1016 04ad 51B47AB1 		.ascii	"Q\264z\261\260\357\324\255\363\303\2423;`!\013 \274"
 1016      B0EFD4AD 
 1016      F3C3A233 
 1016      3B60210B 
 1016      20BC
 1017 04bf 8171AF2F 		.ascii	"\201q\257/bq\230\030\011\013\012\202\357\026l\257\210"
 1017      62719818 
 1017      090B0A82 
 1017      EF166CAF 
 1017      88
 1018 04d0 E5047DB8 		.ascii	"\345\004}\270WX\210\336\031\360\030\020\203\004?\000"
 1018      575888DE 
 1018      19F01810 
 1018      83043F00 
 1019 04e0 7C0FAC85 		.ascii	"|\017\254\205C\255m-\353;i\242Q\035J\214\230\360[\205"
 1019      43AD6D2D 
 1019      EB3B69A2 
 1019      511D4A8C 
 1019      98F05B85 
 1020 04f4 D8120A73 		.ascii	"\330\022\012s\251V\232\232\316\212c=Vu{\000\340G\000"
 1020      A9569A9A 
 1020      CE8A633D 
 1020      56757B00 
 1020      E04700
 1021 0507 DCDA1111 		.ascii	"\334\332\021\021\3569\2632u=\013\360\015tp\310\243("
 1021      EE39B332 
 1021      753D0BF0 
 1021      0D7470C8 
 1021      A328
 1022 0519 C8099E75 		.ascii	"\310\011\236u\353\251\312foJ\012\377N\367\327\367X8"
 1022      EBA9CA66 
 1022      6F4A0AFF 
 1022      4EF7D7F7 
 1022      5838
 1023 052b 1FC2FE05 		.ascii	"\037\302\376\0050\237FW\272\277v\323\212\270\262\022"
 1023      309F4657 
 1023      BABF76D3 
ARM GAS  C:\Users\ccliu\AppData\Local\Temp\ccdWz86E.s 			page 32


 1023      8AB8B212 
 1024 053b 060F01BE 		.ascii	"\006\017\001\276\033\002\302I\264\256\012\317\317\027"
 1024      1B02C249 
 1024      B4AE0ACF 
 1024      CF17
 1025 0549 BA4B29CC 		.ascii	"\272K)\314\243Z\331n\3274\256\214K\252|\006PT\"\201"
 1025      A35AD96E 
 1025      D734AE8C 
 1025      4BAA7C06 
 1025      50542281 
 1026 055d 6D9408AB 		.ascii	"m\224\010\253D\333\214\266\023\355#\264\243\222\366"
 1026      44DB8CB6 
 1026      13ED23B4 
 1026      A392F6
 1027 056c 3455BC14 		.ascii	"4U\274\024\001\312\216K\310\373\323;W\336\377,\036\033"
 1027      01CA8E4B 
 1027      C8FBD33B 
 1027      57DEFF2C 
 1027      1E1B
 1028 057e 3B857737 		.ascii	";\205w7\036\3270\3723\363\264\236\273\007p\027`\255"
 1028      1ED730FA 
 1028      33F3B49E 
 1028      BB077017 
 1028      60AD
 1029 0590 A9B65FEB 		.ascii	"\251\266_\353K\216\25111\213h$f!\325\032\263\012\245"
 1029      4B8EA931 
 1029      318B6824 
 1029      6621D51A 
 1029      B30AA5
 1030 05a3 1EDFF46E 		.ascii	"\036\337\364n\020\023\263\200\302\203\001<\367\015\236"
 1030      1013B380 
 1030      C283013C 
 1030      F70D9E
 1031 05b2 FEDD7A66 		.ascii	"\376\335zf\220g\331\000\036\275\277\315\027n%\205\025"
 1031      9067D900 
 1031      1EBDBFCD 
 1031      176E2585 
 1031      15
 1032 05c3 9C7BAD88 		.ascii	"\234{\255\210x\035\2055\024>\240\360w\012\033(\254\242"
 1032      781D8535 
 1032      143EA0F0 
 1032      770A1B28 
 1032      ACA2
 1033 05d5 B09A4239 		.ascii	"\260\232B9\205\367)\254\347\231\340\032\367\232\032"
 1033      85F729AC 
 1033      E799E01A 
 1033      F79A1A
 1034 05e4 970CE016 		.ascii	"\227\014\340\026\357\027\222s\320\036\023\2644\032\244"
 1034      EF179273 
 1034      D01E13B4 
 1034      341AA4
 1035 05f3 051B3431 		.ascii	"\005\03341\337F\007\242\023\3552A\313\243\"\321x\316"
 1035      DF4607A2 
 1035      13ED3241 
 1035      CBA322D1 
 1035      78CE
 1036 0605 9A90321A 		.ascii	"\232\2202\032\225X\235g\237\011Z\034\235\3314\336\014"
ARM GAS  C:\Users\ccliu\AppData\Local\Temp\ccdWz86E.s 			page 33


 1036      95589D67 
 1036      9F095A1C 
 1036      9DD934DE 
 1036      0C
 1037 0616 CBAEEF3D 		.ascii	"\313\256\357=nK\034\234\032\276g\377w\311\341\037\315"
 1037      6E4B1C9C 
 1037      1ABE67FF 
 1037      77C9E11F 
 1037      CD
 1038 0627 755F5745 		.ascii	"u_WE\354\350\033M7\037r\012\0169up}Y\234\200\004\236"
 1038      ECE81B4D 
 1038      371F720A 
 1038      0E397570 
 1038      7D599C80 
 1039 063d 06D9D659 		.ascii	"\006\331\326Ys\337:\004\204o\371\006\250vaw\205U\354"
 1039      73DF3A04 
 1039      846FF906 
 1039      A8766177 
 1039      8555EC
 1040 0650 0481FFB0 		.ascii	"\004\201\377\260\307\322\023j}}\\4l\300\237\015vR\357"
 1040      C7D2136A 
 1040      7D7D5C34 
 1040      6CC09F0D 
 1040      7652EF
 1041 0663 E258D1C5 		.ascii	"\342X\321\305\035\204]\320'dd\250\333z\256l\230\254"
 1041      1D845DD0 
 1041      276464A8 
 1041      DB7AAE6C 
 1041      98AC
 1042 0675 EA5B0E4E 		.ascii	"\352[\016N\206\365n\303\3448a+e\035\274\347\255\217"
 1042      86F56EC3 
 1042      E438612B 
 1042      651DBCE7 
 1042      AD8F
 1043 0687 DBDA9B6D 		.ascii	"\333\332\233m\362H\000\374\241\277\220\332P\302\010"
 1043      F24800FC 
 1043      A1BF90DA 
 1043      50C208
 1044 0696 8C83B104 		.ascii	"\214\203\261\004\266S\330\201\340\235\024vQ~\211_\341"
 1044      B653D881 
 1044      E09D1476 
 1044      517E895F 
 1044      E1
 1045 06a7 1F9EC711 		.ascii	"\037\236\307\021\331K\366\336^K\207kI\3773N\301f\012"
 1045      D94BF6DE 
 1045      5E4B876B 
 1045      49FF334E 
 1045      C1660A
 1046 06ba 9B784976 		.ascii	"\233xIvS\341\201\207Z\371c\363\016\261g\205\002Cs\362"
 1046      53E18187 
 1046      5AF963F3 
 1046      0EB16785 
 1046      024373F2 
 1047 06ce 2F5ED39A 		.ascii	"/^\323\232U1\006\317\236h\236_\257\021\377\222\226\346"
 1047      553106CF 
 1047      9E689E5F 
 1047      AF11FF92 
ARM GAS  C:\Users\ccliu\AppData\Local\Temp\ccdWz86E.s 			page 34


 1047      96E6
 1048 06e0 9454064A 		.ascii	"\224T\006J\222a/\205-\024N\203\201\373\007\205\331\236"
 1048      92612F85 
 1048      2D144E83 
 1048      81FB0785 
 1048      D99E
 1049 06f2 3A0BFB82 		.ascii	":\013\373\202\007C\333\332/^\267\014\025\364~\021\364"
 1049      0743DBDA 
 1049      2F5EB70C 
 1049      15F47E11 
 1049      F4
 1050 0703 26EE72D9 		.ascii	"&\356r\331\322\323\367-\221\322\303\037\257\217\250"
 1050      D2D3F72D 
 1050      91D2C31F 
 1050      AF8FA8
 1051 0712 C089FF3A 		.ascii	"\300\211\377:U\345\207\342\"e\015\306pY\325\3076\251"
 1051      55E587E2 
 1051      22650DC6 
 1051      7059D5C7 
 1051      36A9
 1052 0724 8B1250D4 		.ascii	"\213\022P\324\001!\352<\030\250j.\352\201\304\367\355"
 1052      0121EA3C 
 1052      18A86A2E 
 1052      EA81C4F7 
 1052      ED
 1053 0735 BB873B63 		.ascii	"\273\207;c\315\316\3526?0\207\220\205\205\364\202\305"
 1053      CDCEEA36 
 1053      3F308790 
 1053      8585F482 
 1053      C5
 1054 0746 890AF66B 		.ascii	"\211\012\366k7\303\370\237\220\303%\353b\207\012\244"
 1054      37C3F89F 
 1054      90C325EB 
 1054      62870AA4 
 1055 0756 56047294 		.ascii	"V\004r\224\007\262\263t\337\276\0015\250\241p\204\347"
 1055      07B2B374 
 1055      DFBE0135 
 1055      A8A17084 
 1055      E7
 1056 0767 E4632A70 		.ascii	"\344c*p<\220\243\273\356m\226#\003\031\214\021\201\364"
 1056      3C90A3BB 
 1056      EE6D9623 
 1056      03198C11 
 1056      81F4
 1057 0779 EA811C13 		.ascii	"\352\201\034\023\201\\\004\003u\230\007\262\0077\314"
 1057      815C0403 
 1057      759807B2 
 1057      0737CC
 1058 0788 B4092426 		.ascii	"\264\011$&\273\250\360\275\227s_*$r\216\267\310\237"
 1058      BBA8F0BD 
 1058      97735F2A 
 1058      24728EB7 
 1058      C89F
 1059 079a FBD7970A 		.ascii	"\373\327\227\012\307\023yNv\201;7[y\245\330\347\234"
 1059      C713794E 
 1059      76813B37 
 1059      5B79A5D8 
ARM GAS  C:\Users\ccliu\AppData\Local\Temp\ccdWz86E.s 			page 35


 1059      E79C
 1060 07ac F87BE7C4 		.ascii	"\370{\347\304\274\374\277\344\373\374\305J\276\327\231"
 1060      BCFCBFE4 
 1060      FBFCC54A 
 1060      BED799
 1061 07bb C3AFBD3E 		.ascii	"\303\257\275>WZZ\232\323\353s\346e\0278}E9|\364\340"
 1061      575A5A9A 
 1061      D3EB73E6 
 1061      6517387D 
 1061      45397CF4 
 1062 07d0 A23139F6 		.ascii	"\24219\366W_\1773yb\332\313$\321\230\0323.\373wJN\266"
 1062      575F7F33 
 1062      7962DACB 
 1062      24D1981A 
 1062      332EFB77 
 1063 07e7 6B02B14C 		.ascii	"k\002\261L\311DJG\276w\016\272*\314\366\275\343\361"
 1063      C9444A47 
 1063      BE770EBA 
 1063      2ACCF6BD 
 1063      E3F1
 1064 07f9 8FFD1FF9 		.ascii	"\217\375\037\371I,\016o\025\345\373s\221i\030^\317\310"
 1064      492C0E6F 
 1064      15E5FB73 
 1064      9169185E 
 1064      CFC8
 1065 080b F5E3D574 		.ascii	"\365\343\325t\257\222k\317\367\026\342\340\361\217\340"
 1065      AF926BCF 
 1065      F716E2E0 
 1065      F18FE0
 1066 081a 504F4181 		.ascii	"POA\201\342\361\345\372\337.\362\026\317\341\363\016"
 1066      E2F1E5FA 
 1066      DF2EF216 
 1066      CFE1F30E 
 1067 082a 9FBF709C 		.ascii	"\237\277p\234\313\363\366\234|\257\307/k\032\362\025"
 1067      CBF3F69C 
 1067      7CAFC72F 
 1067      6B1AF215 
 1068 083a 8FFFD567 		.ascii	"\217\377\325g+\340P\237s\306\033\323\307\271\234\323"
 1068      2BE0509F 
 1068      73C61BD3 
 1068      C7B99CD3 
 1069 084a A665385F 		.ascii	"\246e8_\315\232\222\371\236+,\212{\032\223G$\036\220"
 1069      CD9A92F9 
 1069      9E2B2C8A 
 1069      7B1A9347 
 1069      241E90
 1070 085d 5563B57A 		.ascii	"Uc\265zg\315B\337\216\342\374\331~\317\254l\237\377"
 1070      67CD42DF 
 1070      8EE2FCD9 
 1070      7ECFAC6C 
 1070      9FFF
 1071 086f B71EFFF8 		.ascii	"\267\036\377\370g\373\311\237\235SP\254\344\032\321"
 1071      67FBC99F 
 1071      9D5350AC 
 1071      E41AD1
 1072 087e 22E91F27 		.ascii	"\"\351\037'\273\247\3319\015J\367[\246eN\234\352\226"
 1072      BBA7D939 
ARM GAS  C:\Users\ccliu\AppData\Local\Temp\ccdWz86E.s 			page 36


 1072      0D4AF75B 
 1072      A6654E9C 
 1072      EA96
 1073 0890 5E99E176 		.ascii	"^\231\341v\303[\360\232%\247 7\273H<M\233\340\3613\364"
 1073      C35BF09A 
 1073      25A72037 
 1073      BB483C4D 
 1073      9BE0F133 
 1074 08a5 38F9FF0E 		.ascii	"8\371\377\016\306\314\016\272e\231\031n6%\303m\311z"
 1074      C6CC0EBA 
 1074      6599196E 
 1074      3625C36D 
 1074      C97A
 1075 08b7 332BC36D 		.ascii	"3+\303m\313\234\2215iR\206\333\232\371\306\314\254I"
 1075      CB9C9135 
 1075      695286DB 
 1075      9AF9C6CC 
 1075      AC49
 1076 08c9 6ECBF4CC 		.ascii	"n\313\364\314\214In\256\3545\331\343\231U<;\307\343"
 1076      8C496EAE 
 1076      EC35D9E3 
 1076      99553C3B 
 1076      C7E3
 1077 08db 19E3B287 		.ascii	"\031\343\262\207/\245\234\274\354\"\363A\232y9\366\337"
 1077      2FA59CBC 
 1077      EC22F341 
 1077      9A7939F6 
 1077      DF
 1078 08ec E458E8DF 		.ascii	"\344X\350\337"
 1079              		.text
 1080              		.section	.gnu.lto_.symtab.a912531,"e",%progbits
 1081 0000 70616C52 		.ascii	"palReadBus\000"
 1081      65616442 
 1081      757300
 1082 000b 00       		.ascii	"\000"
 1083 000c 00       		.ascii	"\000"
 1084 000d 00       		.ascii	"\000"
 1085 000e 00000000 		.ascii	"\000\000\000\000\000\000\000\000"
 1085      00000000 
 1086 0016 C7000000 		.ascii	"\307\000\000\000"
 1087 001a 70616C57 		.ascii	"palWriteBus\000"
 1087      72697465 
 1087      42757300 
 1088 0026 00       		.ascii	"\000"
 1089 0027 00       		.ascii	"\000"
 1090 0028 00       		.ascii	"\000"
 1091 0029 00000000 		.ascii	"\000\000\000\000\000\000\000\000"
 1091      00000000 
 1092 0031 CC000000 		.ascii	"\314\000\000\000"
 1093 0035 70616C53 		.ascii	"palSetBusMode\000"
 1093      65744275 
 1093      734D6F64 
 1093      6500
 1094 0043 00       		.ascii	"\000"
 1095 0044 00       		.ascii	"\000"
 1096 0045 00       		.ascii	"\000"
 1097 0046 00000000 		.ascii	"\000\000\000\000\000\000\000\000"
ARM GAS  C:\Users\ccliu\AppData\Local\Temp\ccdWz86E.s 			page 37


 1097      00000000 
 1098 004e D3000000 		.ascii	"\323\000\000\000"
 1099 0052 5F70616C 		.ascii	"_pal_lld_setgroupmode\000"
 1099      5F6C6C64 
 1099      5F736574 
 1099      67726F75 
 1099      706D6F64 
 1100 0068 00       		.ascii	"\000"
 1101 0069 02       		.ascii	"\002"
 1102 006a 00       		.ascii	"\000"
 1103 006b 00000000 		.ascii	"\000\000\000\000\000\000\000\000"
 1103      00000000 
 1104 0073 DF000000 		.ascii	"\337\000\000\000"
 1105              		.text
 1106              		.section	.gnu.lto_.ext_symtab.a912531,"e",%progbits
 1107 0000 01       		.ascii	"\001"
 1108 0001 01       		.ascii	"\001"
 1109 0002 00       		.ascii	"\000"
 1110 0003 01       		.ascii	"\001"
 1111 0004 00       		.ascii	"\000"
 1112 0005 01       		.ascii	"\001"
 1113 0006 00       		.ascii	"\000"
 1114 0007 01       		.ascii	"\001"
 1115 0008 00       		.ascii	"\000"
 1116              		.text
 1117              		.section	.gnu.lto_.opts,"e",%progbits
 1118 0000 272D666E 		.ascii	"'-fno-openmp' '-fno-openacc' '-fno-pie' '-fcf-prote"
 1118      6F2D6F70 
 1118      656E6D70 
 1118      2720272D 
 1118      666E6F2D 
 1119 0033 6374696F 		.ascii	"ction=none' '-g' '-mcpu=cortex-m4' '-mthumb' '-mflo"
 1119      6E3D6E6F 
 1119      6E652720 
 1119      272D6727 
 1119      20272D6D 
 1120 0066 61742D61 		.ascii	"at-abi=soft' '-mlibarch=armv7e-m' '-march=armv7e-m'"
 1120      62693D73 
 1120      6F667427 
 1120      20272D6D 
 1120      6C696261 
 1121 0099 20272D4F 		.ascii	" '-O0' '-fomit-frame-pointer' '-falign-functions=16"
 1121      30272027 
 1121      2D666F6D 
 1121      69742D66 
 1121      72616D65 
 1122 00cc 2720272D 		.ascii	"' '-ffunction-sections' '-fdata-sections' '-fno-com"
 1122      6666756E 
 1122      6374696F 
 1122      6E2D7365 
 1122      6374696F 
 1123 00ff 6D6F6E27 		.ascii	"mon' '-flto' '-Xassembler' '-alms=./build/lst/hal_p"
 1123      20272D66 
 1123      6C746F27 
 1123      20272D58 
 1123      61737365 
 1124 0132 616C2E6C 		.ascii	"al.lst'\000"
ARM GAS  C:\Users\ccliu\AppData\Local\Temp\ccdWz86E.s 			page 38


 1124      73742700 
 1125              		.text
 1126              		.comm	__gnu_lto_slim,1,1
 1127              		.ident	"GCC: (GNU Arm Embedded Toolchain 10.3-2021.07) 10.3.1 20210621 (release)"
ARM GAS  C:\Users\ccliu\AppData\Local\Temp\ccdWz86E.s 			page 39


DEFINED SYMBOLS
                            *ABS*:00000000 hal_pal.c
C:\Users\ccliu\AppData\Local\Temp\ccdWz86E.s:23     .gnu.debuglto_.debug_info:00000000 hal_pal.c.3a9dca26
                            *COM*:00000001 __gnu_lto_slim

NO UNDEFINED SYMBOLS
