ARM GAS  C:\Users\ccliu\AppData\Local\Temp\ccHwLWjN.s 			page 1


   1              		.cpu cortex-m4
   2              		.eabi_attribute 20, 1
   3              		.eabi_attribute 21, 1
   4              		.eabi_attribute 23, 3
   5              		.eabi_attribute 24, 1
   6              		.eabi_attribute 25, 1
   7              		.eabi_attribute 26, 1
   8              		.eabi_attribute 30, 6
   9              		.eabi_attribute 34, 1
  10              		.eabi_attribute 18, 4
  11              		.file	"memstreams.c"
  12              		.file 1 "c:\\chibistudio\\tools\\gnu tools arm embedded\\10.3 2021.07\\lib\\gcc\\arm-none-eabi\\10
  13              		.file 2 "c:\\chibistudio\\tools\\gnu tools arm embedded\\10.3 2021.07\\arm-none-eabi\\include\\mac
  14              		.file 3 "c:\\chibistudio\\tools\\gnu tools arm embedded\\10.3 2021.07\\arm-none-eabi\\include\\sys
  15              		.file 4 "../../chibios216/os/rt/include/chearly.h"
  16              		.file 5 "../../chibios216/os/hal/lib/streams/memstreams.h"
  17              		.file 6 "../../chibios216/os/hal/lib/streams/memstreams.c"
  18              		.section	.gnu.debuglto_.debug_info,"e",%progbits
  19              	.Ldebug_info0:
  20              		.hidden	memstreams.c.944f085d
  21              		.weak	memstreams.c.944f085d
  22              	memstreams.c.944f085d:
  23 0000 56030000 		.4byte	0x356
  24 0004 0400     		.2byte	0x4
  25 0006 00000000 		.4byte	.Ldebug_abbrev0
  26 000a 04       		.byte	0x4
  27 000b 01       		.uleb128 0x1
  28 000c 6E000000 		.4byte	.LASF30
  29 0010 0C       		.byte	0xc
  30 0011 11000000 		.4byte	.LASF31
  31 0015 0C020000 		.4byte	.LASF32
  32 0019 00000000 		.4byte	.Ldebug_line0
  33 001d 02       		.uleb128 0x2
  34 001e 04       		.byte	0x4
  35 001f 05       		.byte	0x5
  36 0020 696E7400 		.ascii	"int\000"
  37 0024 03       		.uleb128 0x3
  38 0025 0A000000 		.4byte	.LASF4
  39 0029 01       		.byte	0x1
  40 002a D1       		.byte	0xd1
  41 002b 17       		.byte	0x17
  42 002c 30000000 		.4byte	0x30
  43 0030 04       		.uleb128 0x4
  44 0031 04       		.byte	0x4
  45 0032 07       		.byte	0x7
  46 0033 61000000 		.4byte	.LASF0
  47 0037 04       		.uleb128 0x4
  48 0038 08       		.byte	0x8
  49 0039 05       		.byte	0x5
  50 003a DD010000 		.4byte	.LASF1
  51 003e 04       		.uleb128 0x4
  52 003f 08       		.byte	0x8
  53 0040 04       		.byte	0x4
  54 0041 80010000 		.4byte	.LASF2
  55 0045 04       		.uleb128 0x4
  56 0046 01       		.byte	0x1
  57 0047 06       		.byte	0x6
ARM GAS  C:\Users\ccliu\AppData\Local\Temp\ccHwLWjN.s 			page 2


  58 0048 40010000 		.4byte	.LASF3
  59 004c 03       		.uleb128 0x3
  60 004d 00000000 		.4byte	.LASF5
  61 0051 02       		.byte	0x2
  62 0052 2B       		.byte	0x2b
  63 0053 18       		.byte	0x18
  64 0054 58000000 		.4byte	0x58
  65 0058 04       		.uleb128 0x4
  66 0059 01       		.byte	0x1
  67 005a 08       		.byte	0x8
  68 005b 4C010000 		.4byte	.LASF6
  69 005f 04       		.uleb128 0x4
  70 0060 02       		.byte	0x2
  71 0061 05       		.byte	0x5
  72 0062 F2010000 		.4byte	.LASF7
  73 0066 04       		.uleb128 0x4
  74 0067 02       		.byte	0x2
  75 0068 07       		.byte	0x7
  76 0069 5A010000 		.4byte	.LASF8
  77 006d 03       		.uleb128 0x3
  78 006e 47000000 		.4byte	.LASF9
  79 0072 02       		.byte	0x2
  80 0073 4D       		.byte	0x4d
  81 0074 18       		.byte	0x18
  82 0075 79000000 		.4byte	0x79
  83 0079 04       		.uleb128 0x4
  84 007a 04       		.byte	0x4
  85 007b 05       		.byte	0x5
  86 007c 03020000 		.4byte	.LASF10
  87 0080 04       		.uleb128 0x4
  88 0081 04       		.byte	0x4
  89 0082 07       		.byte	0x7
  90 0083 96010000 		.4byte	.LASF11
  91 0087 04       		.uleb128 0x4
  92 0088 08       		.byte	0x8
  93 0089 07       		.byte	0x7
  94 008a 63020000 		.4byte	.LASF12
  95 008e 05       		.uleb128 0x5
  96 008f 04       		.byte	0x4
  97 0090 04       		.uleb128 0x4
  98 0091 01       		.byte	0x1
  99 0092 08       		.byte	0x8
 100 0093 B3010000 		.4byte	.LASF13
 101 0097 03       		.uleb128 0x3
 102 0098 B8010000 		.4byte	.LASF14
 103 009c 03       		.byte	0x3
 104 009d 18       		.byte	0x18
 105 009e 13       		.byte	0x13
 106 009f 4C000000 		.4byte	0x4c
 107 00a3 06       		.uleb128 0x6
 108 00a4 97000000 		.4byte	0x97
 109 00a8 03       		.uleb128 0x3
 110 00a9 CD010000 		.4byte	.LASF15
 111 00ad 03       		.byte	0x3
 112 00ae 2C       		.byte	0x2c
 113 00af 13       		.byte	0x13
 114 00b0 6D000000 		.4byte	0x6d
ARM GAS  C:\Users\ccliu\AppData\Local\Temp\ccHwLWjN.s 			page 3


 115 00b4 03       		.uleb128 0x3
 116 00b5 C0010000 		.4byte	.LASF16
 117 00b9 04       		.byte	0x4
 118 00ba 58       		.byte	0x58
 119 00bb 19       		.byte	0x19
 120 00bc A8000000 		.4byte	0xa8
 121 00c0 04       		.uleb128 0x4
 122 00c1 01       		.byte	0x1
 123 00c2 02       		.byte	0x2
 124 00c3 5D020000 		.4byte	.LASF17
 125 00c7 07       		.uleb128 0x7
 126 00c8 04       		.byte	0x4
 127 00c9 97000000 		.4byte	0x97
 128 00cd 08       		.uleb128 0x8
 129 00ce 24000000 		.4byte	0x24
 130 00d2 E6000000 		.4byte	0xe6
 131 00d6 09       		.uleb128 0x9
 132 00d7 8E000000 		.4byte	0x8e
 133 00db 09       		.uleb128 0x9
 134 00dc E6000000 		.4byte	0xe6
 135 00e0 09       		.uleb128 0x9
 136 00e1 24000000 		.4byte	0x24
 137 00e5 00       		.byte	0
 138 00e6 07       		.uleb128 0x7
 139 00e7 04       		.byte	0x4
 140 00e8 A3000000 		.4byte	0xa3
 141 00ec 07       		.uleb128 0x7
 142 00ed 04       		.byte	0x4
 143 00ee CD000000 		.4byte	0xcd
 144 00f2 08       		.uleb128 0x8
 145 00f3 24000000 		.4byte	0x24
 146 00f7 0B010000 		.4byte	0x10b
 147 00fb 09       		.uleb128 0x9
 148 00fc 8E000000 		.4byte	0x8e
 149 0100 09       		.uleb128 0x9
 150 0101 C7000000 		.4byte	0xc7
 151 0105 09       		.uleb128 0x9
 152 0106 24000000 		.4byte	0x24
 153 010a 00       		.byte	0
 154 010b 07       		.uleb128 0x7
 155 010c 04       		.byte	0x4
 156 010d F2000000 		.4byte	0xf2
 157 0111 08       		.uleb128 0x8
 158 0112 B4000000 		.4byte	0xb4
 159 0116 25010000 		.4byte	0x125
 160 011a 09       		.uleb128 0x9
 161 011b 8E000000 		.4byte	0x8e
 162 011f 09       		.uleb128 0x9
 163 0120 97000000 		.4byte	0x97
 164 0124 00       		.byte	0
 165 0125 07       		.uleb128 0x7
 166 0126 04       		.byte	0x4
 167 0127 11010000 		.4byte	0x111
 168 012b 08       		.uleb128 0x8
 169 012c B4000000 		.4byte	0xb4
 170 0130 3A010000 		.4byte	0x13a
 171 0134 09       		.uleb128 0x9
ARM GAS  C:\Users\ccliu\AppData\Local\Temp\ccHwLWjN.s 			page 4


 172 0135 8E000000 		.4byte	0x8e
 173 0139 00       		.byte	0
 174 013a 07       		.uleb128 0x7
 175 013b 04       		.byte	0x4
 176 013c 2B010000 		.4byte	0x12b
 177 0140 0A       		.uleb128 0xa
 178 0141 33010000 		.4byte	.LASF33
 179 0145 18       		.byte	0x18
 180 0146 05       		.byte	0x5
 181 0147 3D       		.byte	0x3d
 182 0148 08       		.byte	0x8
 183 0149 9C010000 		.4byte	0x19c
 184 014d 0B       		.uleb128 0xb
 185 014e 51000000 		.4byte	.LASF18
 186 0152 05       		.byte	0x5
 187 0153 3E       		.byte	0x3e
 188 0154 03       		.byte	0x3
 189 0155 24000000 		.4byte	0x24
 190 0159 00       		.byte	0
 191 015a 0B       		.uleb128 0xb
 192 015b 6D010000 		.4byte	.LASF19
 193 015f 05       		.byte	0x5
 194 0160 3E       		.byte	0x3e
 195 0161 03       		.byte	0x3
 196 0162 EC000000 		.4byte	0xec
 197 0166 04       		.byte	0x4
 198 0167 0B       		.uleb128 0xb
 199 0168 8C010000 		.4byte	.LASF20
 200 016c 05       		.byte	0x5
 201 016d 3E       		.byte	0x3e
 202 016e 03       		.byte	0x3
 203 016f 0B010000 		.4byte	0x10b
 204 0173 08       		.byte	0x8
 205 0174 0C       		.uleb128 0xc
 206 0175 70757400 		.ascii	"put\000"
 207 0179 05       		.byte	0x5
 208 017a 3E       		.byte	0x3e
 209 017b 03       		.byte	0x3
 210 017c 25010000 		.4byte	0x125
 211 0180 0C       		.byte	0xc
 212 0181 0C       		.uleb128 0xc
 213 0182 67657400 		.ascii	"get\000"
 214 0186 05       		.byte	0x5
 215 0187 3E       		.byte	0x3e
 216 0188 03       		.byte	0x3
 217 0189 3A010000 		.4byte	0x13a
 218 018d 10       		.byte	0x10
 219 018e 0B       		.uleb128 0xb
 220 018f A8010000 		.4byte	.LASF21
 221 0193 05       		.byte	0x5
 222 0194 3E       		.byte	0x3e
 223 0195 03       		.byte	0x3
 224 0196 25010000 		.4byte	0x125
 225 019a 14       		.byte	0x14
 226 019b 00       		.byte	0
 227 019c 06       		.uleb128 0x6
 228 019d 40010000 		.4byte	0x140
ARM GAS  C:\Users\ccliu\AppData\Local\Temp\ccHwLWjN.s 			page 5


 229 01a1 0D       		.uleb128 0xd
 230 01a2 14       		.byte	0x14
 231 01a3 05       		.byte	0x5
 232 01a4 46       		.byte	0x46
 233 01a5 09       		.byte	0x9
 234 01a6 EC010000 		.4byte	0x1ec
 235 01aa 0C       		.uleb128 0xc
 236 01ab 766D7400 		.ascii	"vmt\000"
 237 01af 05       		.byte	0x5
 238 01b0 48       		.byte	0x48
 239 01b1 1E       		.byte	0x1e
 240 01b2 EC010000 		.4byte	0x1ec
 241 01b6 00       		.byte	0
 242 01b7 0B       		.uleb128 0xb
 243 01b8 FC010000 		.4byte	.LASF22
 244 01bc 05       		.byte	0x5
 245 01bd 49       		.byte	0x49
 246 01be 03       		.byte	0x3
 247 01bf C7000000 		.4byte	0xc7
 248 01c3 04       		.byte	0x4
 249 01c4 0B       		.uleb128 0xb
 250 01c5 AE010000 		.4byte	.LASF23
 251 01c9 05       		.byte	0x5
 252 01ca 49       		.byte	0x49
 253 01cb 03       		.byte	0x3
 254 01cc 24000000 		.4byte	0x24
 255 01d0 08       		.byte	0x8
 256 01d1 0C       		.uleb128 0xc
 257 01d2 656F7300 		.ascii	"eos\000"
 258 01d6 05       		.byte	0x5
 259 01d7 49       		.byte	0x49
 260 01d8 03       		.byte	0x3
 261 01d9 24000000 		.4byte	0x24
 262 01dd 0C       		.byte	0xc
 263 01de 0B       		.uleb128 0xb
 264 01df EB010000 		.4byte	.LASF24
 265 01e3 05       		.byte	0x5
 266 01e4 49       		.byte	0x49
 267 01e5 03       		.byte	0x3
 268 01e6 24000000 		.4byte	0x24
 269 01ea 10       		.byte	0x10
 270 01eb 00       		.byte	0
 271 01ec 07       		.uleb128 0x7
 272 01ed 04       		.byte	0x4
 273 01ee 9C010000 		.4byte	0x19c
 274 01f2 03       		.uleb128 0x3
 275 01f3 49020000 		.4byte	.LASF25
 276 01f7 05       		.byte	0x5
 277 01f8 4A       		.byte	0x4a
 278 01f9 03       		.byte	0x3
 279 01fa A1010000 		.4byte	0x1a1
 280 01fe 0E       		.uleb128 0xe
 281 01ff 766D7400 		.ascii	"vmt\000"
 282 0203 06       		.byte	0x6
 283 0204 64       		.byte	0x64
 284 0205 22       		.byte	0x22
 285 0206 9C010000 		.4byte	0x19c
ARM GAS  C:\Users\ccliu\AppData\Local\Temp\ccHwLWjN.s 			page 6


 286 020a 0F       		.uleb128 0xf
 287 020b 73010000 		.4byte	.LASF34
 288 020f 06       		.byte	0x6
 289 0210 74       		.byte	0x74
 290 0211 06       		.byte	0x6
 291 0212 47020000 		.4byte	0x247
 292 0216 10       		.uleb128 0x10
 293 0217 6D737000 		.ascii	"msp\000"
 294 021b 06       		.byte	0x6
 295 021c 74       		.byte	0x74
 296 021d 21       		.byte	0x21
 297 021e 47020000 		.4byte	0x247
 298 0222 11       		.uleb128 0x11
 299 0223 FC010000 		.4byte	.LASF22
 300 0227 06       		.byte	0x6
 301 0228 74       		.byte	0x74
 302 0229 2F       		.byte	0x2f
 303 022a C7000000 		.4byte	0xc7
 304 022e 11       		.uleb128 0x11
 305 022f AE010000 		.4byte	.LASF23
 306 0233 06       		.byte	0x6
 307 0234 75       		.byte	0x75
 308 0235 1A       		.byte	0x1a
 309 0236 24000000 		.4byte	0x24
 310 023a 10       		.uleb128 0x10
 311 023b 656F7300 		.ascii	"eos\000"
 312 023f 06       		.byte	0x6
 313 0240 75       		.byte	0x75
 314 0241 27       		.byte	0x27
 315 0242 24000000 		.4byte	0x24
 316 0246 00       		.byte	0
 317 0247 07       		.uleb128 0x7
 318 0248 04       		.byte	0x4
 319 0249 F2010000 		.4byte	0x1f2
 320 024d 12       		.uleb128 0x12
 321 024e 56020000 		.4byte	.LASF26
 322 0252 06       		.byte	0x6
 323 0253 58       		.byte	0x58
 324 0254 0E       		.byte	0xe
 325 0255 B4000000 		.4byte	0xb4
 326 0259 7F020000 		.4byte	0x27f
 327 025d 10       		.uleb128 0x10
 328 025e 697000   		.ascii	"ip\000"
 329 0261 06       		.byte	0x6
 330 0262 58       		.byte	0x58
 331 0263 1B       		.byte	0x1b
 332 0264 8E000000 		.4byte	0x8e
 333 0268 10       		.uleb128 0x10
 334 0269 6200     		.ascii	"b\000"
 335 026b 06       		.byte	0x6
 336 026c 58       		.byte	0x58
 337 026d 27       		.byte	0x27
 338 026e 97000000 		.4byte	0x97
 339 0272 0E       		.uleb128 0xe
 340 0273 6D737000 		.ascii	"msp\000"
 341 0277 06       		.byte	0x6
 342 0278 5A       		.byte	0x5a
ARM GAS  C:\Users\ccliu\AppData\Local\Temp\ccHwLWjN.s 			page 7


 343 0279 11       		.byte	0x11
 344 027a 47020000 		.4byte	0x247
 345 027e 00       		.byte	0
 346 027f 12       		.uleb128 0x12
 347 0280 91010000 		.4byte	.LASF27
 348 0284 06       		.byte	0x6
 349 0285 4D       		.byte	0x4d
 350 0286 0E       		.byte	0xe
 351 0287 B4000000 		.4byte	0xb4
 352 028b B1020000 		.4byte	0x2b1
 353 028f 10       		.uleb128 0x10
 354 0290 697000   		.ascii	"ip\000"
 355 0293 06       		.byte	0x6
 356 0294 4D       		.byte	0x4d
 357 0295 19       		.byte	0x19
 358 0296 8E000000 		.4byte	0x8e
 359 029a 0E       		.uleb128 0xe
 360 029b 6200     		.ascii	"b\000"
 361 029d 06       		.byte	0x6
 362 029e 4E       		.byte	0x4e
 363 029f 0B       		.byte	0xb
 364 02a0 97000000 		.4byte	0x97
 365 02a4 0E       		.uleb128 0xe
 366 02a5 6D737000 		.ascii	"msp\000"
 367 02a9 06       		.byte	0x6
 368 02aa 4F       		.byte	0x4f
 369 02ab 11       		.byte	0x11
 370 02ac 47020000 		.4byte	0x247
 371 02b0 00       		.byte	0
 372 02b1 12       		.uleb128 0x12
 373 02b2 42000000 		.4byte	.LASF28
 374 02b6 06       		.byte	0x6
 375 02b7 43       		.byte	0x43
 376 02b8 0E       		.byte	0xe
 377 02b9 B4000000 		.4byte	0xb4
 378 02bd E3020000 		.4byte	0x2e3
 379 02c1 10       		.uleb128 0x10
 380 02c2 697000   		.ascii	"ip\000"
 381 02c5 06       		.byte	0x6
 382 02c6 43       		.byte	0x43
 383 02c7 19       		.byte	0x19
 384 02c8 8E000000 		.4byte	0x8e
 385 02cc 10       		.uleb128 0x10
 386 02cd 6200     		.ascii	"b\000"
 387 02cf 06       		.byte	0x6
 388 02d0 43       		.byte	0x43
 389 02d1 25       		.byte	0x25
 390 02d2 97000000 		.4byte	0x97
 391 02d6 0E       		.uleb128 0xe
 392 02d7 6D737000 		.ascii	"msp\000"
 393 02db 06       		.byte	0x6
 394 02dc 44       		.byte	0x44
 395 02dd 11       		.byte	0x11
 396 02de 47020000 		.4byte	0x247
 397 02e2 00       		.byte	0
 398 02e3 12       		.uleb128 0x12
 399 02e4 C6010000 		.4byte	.LASF29
ARM GAS  C:\Users\ccliu\AppData\Local\Temp\ccHwLWjN.s 			page 8


 400 02e8 06       		.byte	0x6
 401 02e9 39       		.byte	0x39
 402 02ea 0F       		.byte	0xf
 403 02eb 24000000 		.4byte	0x24
 404 02ef 20030000 		.4byte	0x320
 405 02f3 10       		.uleb128 0x10
 406 02f4 697000   		.ascii	"ip\000"
 407 02f7 06       		.byte	0x6
 408 02f8 39       		.byte	0x39
 409 02f9 1C       		.byte	0x1c
 410 02fa 8E000000 		.4byte	0x8e
 411 02fe 10       		.uleb128 0x10
 412 02ff 627000   		.ascii	"bp\000"
 413 0302 06       		.byte	0x6
 414 0303 39       		.byte	0x39
 415 0304 29       		.byte	0x29
 416 0305 C7000000 		.4byte	0xc7
 417 0309 10       		.uleb128 0x10
 418 030a 6E00     		.ascii	"n\000"
 419 030c 06       		.byte	0x6
 420 030d 39       		.byte	0x39
 421 030e 34       		.byte	0x34
 422 030f 24000000 		.4byte	0x24
 423 0313 0E       		.uleb128 0xe
 424 0314 6D737000 		.ascii	"msp\000"
 425 0318 06       		.byte	0x6
 426 0319 3A       		.byte	0x3a
 427 031a 11       		.byte	0x11
 428 031b 47020000 		.4byte	0x247
 429 031f 00       		.byte	0
 430 0320 13       		.uleb128 0x13
 431 0321 D5010000 		.4byte	.LASF35
 432 0325 06       		.byte	0x6
 433 0326 2F       		.byte	0x2f
 434 0327 0F       		.byte	0xf
 435 0328 24000000 		.4byte	0x24
 436 032c 10       		.uleb128 0x10
 437 032d 697000   		.ascii	"ip\000"
 438 0330 06       		.byte	0x6
 439 0331 2F       		.byte	0x2f
 440 0332 1D       		.byte	0x1d
 441 0333 8E000000 		.4byte	0x8e
 442 0337 10       		.uleb128 0x10
 443 0338 627000   		.ascii	"bp\000"
 444 033b 06       		.byte	0x6
 445 033c 2F       		.byte	0x2f
 446 033d 30       		.byte	0x30
 447 033e E6000000 		.4byte	0xe6
 448 0342 10       		.uleb128 0x10
 449 0343 6E00     		.ascii	"n\000"
 450 0345 06       		.byte	0x6
 451 0346 2F       		.byte	0x2f
 452 0347 3B       		.byte	0x3b
 453 0348 24000000 		.4byte	0x24
 454 034c 0E       		.uleb128 0xe
 455 034d 6D737000 		.ascii	"msp\000"
 456 0351 06       		.byte	0x6
ARM GAS  C:\Users\ccliu\AppData\Local\Temp\ccHwLWjN.s 			page 9


 457 0352 30       		.byte	0x30
 458 0353 11       		.byte	0x11
 459 0354 47020000 		.4byte	0x247
 460 0358 00       		.byte	0
 461 0359 00       		.byte	0
 462              		.section	.gnu.debuglto_.debug_abbrev,"e",%progbits
 463              	.Ldebug_abbrev0:
 464 0000 01       		.uleb128 0x1
 465 0001 11       		.uleb128 0x11
 466 0002 01       		.byte	0x1
 467 0003 25       		.uleb128 0x25
 468 0004 0E       		.uleb128 0xe
 469 0005 13       		.uleb128 0x13
 470 0006 0B       		.uleb128 0xb
 471 0007 03       		.uleb128 0x3
 472 0008 0E       		.uleb128 0xe
 473 0009 1B       		.uleb128 0x1b
 474 000a 0E       		.uleb128 0xe
 475 000b 10       		.uleb128 0x10
 476 000c 17       		.uleb128 0x17
 477 000d 00       		.byte	0
 478 000e 00       		.byte	0
 479 000f 02       		.uleb128 0x2
 480 0010 24       		.uleb128 0x24
 481 0011 00       		.byte	0
 482 0012 0B       		.uleb128 0xb
 483 0013 0B       		.uleb128 0xb
 484 0014 3E       		.uleb128 0x3e
 485 0015 0B       		.uleb128 0xb
 486 0016 03       		.uleb128 0x3
 487 0017 08       		.uleb128 0x8
 488 0018 00       		.byte	0
 489 0019 00       		.byte	0
 490 001a 03       		.uleb128 0x3
 491 001b 16       		.uleb128 0x16
 492 001c 00       		.byte	0
 493 001d 03       		.uleb128 0x3
 494 001e 0E       		.uleb128 0xe
 495 001f 3A       		.uleb128 0x3a
 496 0020 0B       		.uleb128 0xb
 497 0021 3B       		.uleb128 0x3b
 498 0022 0B       		.uleb128 0xb
 499 0023 39       		.uleb128 0x39
 500 0024 0B       		.uleb128 0xb
 501 0025 49       		.uleb128 0x49
 502 0026 13       		.uleb128 0x13
 503 0027 00       		.byte	0
 504 0028 00       		.byte	0
 505 0029 04       		.uleb128 0x4
 506 002a 24       		.uleb128 0x24
 507 002b 00       		.byte	0
 508 002c 0B       		.uleb128 0xb
 509 002d 0B       		.uleb128 0xb
 510 002e 3E       		.uleb128 0x3e
 511 002f 0B       		.uleb128 0xb
 512 0030 03       		.uleb128 0x3
 513 0031 0E       		.uleb128 0xe
ARM GAS  C:\Users\ccliu\AppData\Local\Temp\ccHwLWjN.s 			page 10


 514 0032 00       		.byte	0
 515 0033 00       		.byte	0
 516 0034 05       		.uleb128 0x5
 517 0035 0F       		.uleb128 0xf
 518 0036 00       		.byte	0
 519 0037 0B       		.uleb128 0xb
 520 0038 0B       		.uleb128 0xb
 521 0039 00       		.byte	0
 522 003a 00       		.byte	0
 523 003b 06       		.uleb128 0x6
 524 003c 26       		.uleb128 0x26
 525 003d 00       		.byte	0
 526 003e 49       		.uleb128 0x49
 527 003f 13       		.uleb128 0x13
 528 0040 00       		.byte	0
 529 0041 00       		.byte	0
 530 0042 07       		.uleb128 0x7
 531 0043 0F       		.uleb128 0xf
 532 0044 00       		.byte	0
 533 0045 0B       		.uleb128 0xb
 534 0046 0B       		.uleb128 0xb
 535 0047 49       		.uleb128 0x49
 536 0048 13       		.uleb128 0x13
 537 0049 00       		.byte	0
 538 004a 00       		.byte	0
 539 004b 08       		.uleb128 0x8
 540 004c 15       		.uleb128 0x15
 541 004d 01       		.byte	0x1
 542 004e 27       		.uleb128 0x27
 543 004f 19       		.uleb128 0x19
 544 0050 49       		.uleb128 0x49
 545 0051 13       		.uleb128 0x13
 546 0052 01       		.uleb128 0x1
 547 0053 13       		.uleb128 0x13
 548 0054 00       		.byte	0
 549 0055 00       		.byte	0
 550 0056 09       		.uleb128 0x9
 551 0057 05       		.uleb128 0x5
 552 0058 00       		.byte	0
 553 0059 49       		.uleb128 0x49
 554 005a 13       		.uleb128 0x13
 555 005b 00       		.byte	0
 556 005c 00       		.byte	0
 557 005d 0A       		.uleb128 0xa
 558 005e 13       		.uleb128 0x13
 559 005f 01       		.byte	0x1
 560 0060 03       		.uleb128 0x3
 561 0061 0E       		.uleb128 0xe
 562 0062 0B       		.uleb128 0xb
 563 0063 0B       		.uleb128 0xb
 564 0064 3A       		.uleb128 0x3a
 565 0065 0B       		.uleb128 0xb
 566 0066 3B       		.uleb128 0x3b
 567 0067 0B       		.uleb128 0xb
 568 0068 39       		.uleb128 0x39
 569 0069 0B       		.uleb128 0xb
 570 006a 01       		.uleb128 0x1
ARM GAS  C:\Users\ccliu\AppData\Local\Temp\ccHwLWjN.s 			page 11


 571 006b 13       		.uleb128 0x13
 572 006c 00       		.byte	0
 573 006d 00       		.byte	0
 574 006e 0B       		.uleb128 0xb
 575 006f 0D       		.uleb128 0xd
 576 0070 00       		.byte	0
 577 0071 03       		.uleb128 0x3
 578 0072 0E       		.uleb128 0xe
 579 0073 3A       		.uleb128 0x3a
 580 0074 0B       		.uleb128 0xb
 581 0075 3B       		.uleb128 0x3b
 582 0076 0B       		.uleb128 0xb
 583 0077 39       		.uleb128 0x39
 584 0078 0B       		.uleb128 0xb
 585 0079 49       		.uleb128 0x49
 586 007a 13       		.uleb128 0x13
 587 007b 38       		.uleb128 0x38
 588 007c 0B       		.uleb128 0xb
 589 007d 00       		.byte	0
 590 007e 00       		.byte	0
 591 007f 0C       		.uleb128 0xc
 592 0080 0D       		.uleb128 0xd
 593 0081 00       		.byte	0
 594 0082 03       		.uleb128 0x3
 595 0083 08       		.uleb128 0x8
 596 0084 3A       		.uleb128 0x3a
 597 0085 0B       		.uleb128 0xb
 598 0086 3B       		.uleb128 0x3b
 599 0087 0B       		.uleb128 0xb
 600 0088 39       		.uleb128 0x39
 601 0089 0B       		.uleb128 0xb
 602 008a 49       		.uleb128 0x49
 603 008b 13       		.uleb128 0x13
 604 008c 38       		.uleb128 0x38
 605 008d 0B       		.uleb128 0xb
 606 008e 00       		.byte	0
 607 008f 00       		.byte	0
 608 0090 0D       		.uleb128 0xd
 609 0091 13       		.uleb128 0x13
 610 0092 01       		.byte	0x1
 611 0093 0B       		.uleb128 0xb
 612 0094 0B       		.uleb128 0xb
 613 0095 3A       		.uleb128 0x3a
 614 0096 0B       		.uleb128 0xb
 615 0097 3B       		.uleb128 0x3b
 616 0098 0B       		.uleb128 0xb
 617 0099 39       		.uleb128 0x39
 618 009a 0B       		.uleb128 0xb
 619 009b 01       		.uleb128 0x1
 620 009c 13       		.uleb128 0x13
 621 009d 00       		.byte	0
 622 009e 00       		.byte	0
 623 009f 0E       		.uleb128 0xe
 624 00a0 34       		.uleb128 0x34
 625 00a1 00       		.byte	0
 626 00a2 03       		.uleb128 0x3
 627 00a3 08       		.uleb128 0x8
ARM GAS  C:\Users\ccliu\AppData\Local\Temp\ccHwLWjN.s 			page 12


 628 00a4 3A       		.uleb128 0x3a
 629 00a5 0B       		.uleb128 0xb
 630 00a6 3B       		.uleb128 0x3b
 631 00a7 0B       		.uleb128 0xb
 632 00a8 39       		.uleb128 0x39
 633 00a9 0B       		.uleb128 0xb
 634 00aa 49       		.uleb128 0x49
 635 00ab 13       		.uleb128 0x13
 636 00ac 00       		.byte	0
 637 00ad 00       		.byte	0
 638 00ae 0F       		.uleb128 0xf
 639 00af 2E       		.uleb128 0x2e
 640 00b0 01       		.byte	0x1
 641 00b1 3F       		.uleb128 0x3f
 642 00b2 19       		.uleb128 0x19
 643 00b3 03       		.uleb128 0x3
 644 00b4 0E       		.uleb128 0xe
 645 00b5 3A       		.uleb128 0x3a
 646 00b6 0B       		.uleb128 0xb
 647 00b7 3B       		.uleb128 0x3b
 648 00b8 0B       		.uleb128 0xb
 649 00b9 39       		.uleb128 0x39
 650 00ba 0B       		.uleb128 0xb
 651 00bb 27       		.uleb128 0x27
 652 00bc 19       		.uleb128 0x19
 653 00bd 01       		.uleb128 0x1
 654 00be 13       		.uleb128 0x13
 655 00bf 00       		.byte	0
 656 00c0 00       		.byte	0
 657 00c1 10       		.uleb128 0x10
 658 00c2 05       		.uleb128 0x5
 659 00c3 00       		.byte	0
 660 00c4 03       		.uleb128 0x3
 661 00c5 08       		.uleb128 0x8
 662 00c6 3A       		.uleb128 0x3a
 663 00c7 0B       		.uleb128 0xb
 664 00c8 3B       		.uleb128 0x3b
 665 00c9 0B       		.uleb128 0xb
 666 00ca 39       		.uleb128 0x39
 667 00cb 0B       		.uleb128 0xb
 668 00cc 49       		.uleb128 0x49
 669 00cd 13       		.uleb128 0x13
 670 00ce 00       		.byte	0
 671 00cf 00       		.byte	0
 672 00d0 11       		.uleb128 0x11
 673 00d1 05       		.uleb128 0x5
 674 00d2 00       		.byte	0
 675 00d3 03       		.uleb128 0x3
 676 00d4 0E       		.uleb128 0xe
 677 00d5 3A       		.uleb128 0x3a
 678 00d6 0B       		.uleb128 0xb
 679 00d7 3B       		.uleb128 0x3b
 680 00d8 0B       		.uleb128 0xb
 681 00d9 39       		.uleb128 0x39
 682 00da 0B       		.uleb128 0xb
 683 00db 49       		.uleb128 0x49
 684 00dc 13       		.uleb128 0x13
ARM GAS  C:\Users\ccliu\AppData\Local\Temp\ccHwLWjN.s 			page 13


 685 00dd 00       		.byte	0
 686 00de 00       		.byte	0
 687 00df 12       		.uleb128 0x12
 688 00e0 2E       		.uleb128 0x2e
 689 00e1 01       		.byte	0x1
 690 00e2 03       		.uleb128 0x3
 691 00e3 0E       		.uleb128 0xe
 692 00e4 3A       		.uleb128 0x3a
 693 00e5 0B       		.uleb128 0xb
 694 00e6 3B       		.uleb128 0x3b
 695 00e7 0B       		.uleb128 0xb
 696 00e8 39       		.uleb128 0x39
 697 00e9 0B       		.uleb128 0xb
 698 00ea 27       		.uleb128 0x27
 699 00eb 19       		.uleb128 0x19
 700 00ec 49       		.uleb128 0x49
 701 00ed 13       		.uleb128 0x13
 702 00ee 01       		.uleb128 0x1
 703 00ef 13       		.uleb128 0x13
 704 00f0 00       		.byte	0
 705 00f1 00       		.byte	0
 706 00f2 13       		.uleb128 0x13
 707 00f3 2E       		.uleb128 0x2e
 708 00f4 01       		.byte	0x1
 709 00f5 03       		.uleb128 0x3
 710 00f6 0E       		.uleb128 0xe
 711 00f7 3A       		.uleb128 0x3a
 712 00f8 0B       		.uleb128 0xb
 713 00f9 3B       		.uleb128 0x3b
 714 00fa 0B       		.uleb128 0xb
 715 00fb 39       		.uleb128 0x39
 716 00fc 0B       		.uleb128 0xb
 717 00fd 27       		.uleb128 0x27
 718 00fe 19       		.uleb128 0x19
 719 00ff 49       		.uleb128 0x49
 720 0100 13       		.uleb128 0x13
 721 0101 00       		.byte	0
 722 0102 00       		.byte	0
 723 0103 00       		.byte	0
 724              		.section	.gnu.debuglto_.debug_line,"e",%progbits
 725              	.Ldebug_line0:
 726 0000 BF010000 		.4byte	.LELT0-.LSLT0
 727              	.LSLT0:
 728 0004 0400     		.2byte	0x4
 729 0006 B9010000 		.4byte	.LELTP0-.LASLTP0
 730              	.LASLTP0:
 731 000a 01       		.byte	0x1
 732 000b 01       		.byte	0x1
 733 000c 01       		.byte	0x1
 734 000d F6       		.byte	0xf6
 735 000e F2       		.byte	0xf2
 736 000f 0D       		.byte	0xd
 737 0010 00       		.byte	0
 738 0011 01       		.byte	0x1
 739 0012 01       		.byte	0x1
 740 0013 01       		.byte	0x1
 741 0014 01       		.byte	0x1
ARM GAS  C:\Users\ccliu\AppData\Local\Temp\ccHwLWjN.s 			page 14


 742 0015 00       		.byte	0
 743 0016 00       		.byte	0
 744 0017 00       		.byte	0
 745 0018 01       		.byte	0x1
 746 0019 00       		.byte	0
 747 001a 00       		.byte	0
 748 001b 01       		.byte	0x1
 749 001c 2E2E2F2E 		.ascii	"../../chibios216/os/hal/lib/streams"
 749      2E2F6368 
 749      6962696F 
 749      73323136 
 749      2F6F732F 
 750 003f 00       		.byte	0
 751 0040 2E2E2F2E 		.ascii	"../../chibios216/os/rt/include"
 751      2E2F6368 
 751      6962696F 
 751      73323136 
 751      2F6F732F 
 752 005e 00       		.byte	0
 753 005f 633A5C63 		.ascii	"c:\\chibistudio\\tools\\gnu tools arm embedded\\10."
 753      68696269 
 753      73747564 
 753      696F5C74 
 753      6F6F6C73 
 754 008e 33203230 		.ascii	"3 2021.07\\arm-none-eabi\\include\\machine"
 754      32312E30 
 754      375C6172 
 754      6D2D6E6F 
 754      6E652D65 
 755 00b5 00       		.byte	0
 756 00b6 633A5C63 		.ascii	"c:\\chibistudio\\tools\\gnu tools arm embedded\\10."
 756      68696269 
 756      73747564 
 756      696F5C74 
 756      6F6F6C73 
 757 00e5 33203230 		.ascii	"3 2021.07\\arm-none-eabi\\include\\sys"
 757      32312E30 
 757      375C6172 
 757      6D2D6E6F 
 757      6E652D65 
 758 0108 00       		.byte	0
 759 0109 633A5C63 		.ascii	"c:\\chibistudio\\tools\\gnu tools arm embedded\\10."
 759      68696269 
 759      73747564 
 759      696F5C74 
 759      6F6F6C73 
 760 0138 33203230 		.ascii	"3 2021.07\\lib\\gcc\\arm-none-eabi\\10.3.1\\include"
 760      32312E30 
 760      375C6C69 
 760      625C6763 
 760      635C6172 
 761 0166 00       		.byte	0
 762 0167 00       		.byte	0
 763 0168 73746464 		.ascii	"stddef.h\000"
 763      65662E68 
 763      00
 764 0171 05       		.uleb128 0x5
ARM GAS  C:\Users\ccliu\AppData\Local\Temp\ccHwLWjN.s 			page 15


 765 0172 00       		.uleb128 0
 766 0173 00       		.uleb128 0
 767 0174 5F646566 		.ascii	"_default_types.h\000"
 767      61756C74 
 767      5F747970 
 767      65732E68 
 767      00
 768 0185 03       		.uleb128 0x3
 769 0186 00       		.uleb128 0
 770 0187 00       		.uleb128 0
 771 0188 5F737464 		.ascii	"_stdint.h\000"
 771      696E742E 
 771      6800
 772 0192 04       		.uleb128 0x4
 773 0193 00       		.uleb128 0
 774 0194 00       		.uleb128 0
 775 0195 63686561 		.ascii	"chearly.h\000"
 775      726C792E 
 775      6800
 776 019f 02       		.uleb128 0x2
 777 01a0 00       		.uleb128 0
 778 01a1 00       		.uleb128 0
 779 01a2 6D656D73 		.ascii	"memstreams.h\000"
 779      74726561 
 779      6D732E68 
 779      00
 780 01af 01       		.uleb128 0x1
 781 01b0 00       		.uleb128 0
 782 01b1 00       		.uleb128 0
 783 01b2 6D656D73 		.ascii	"memstreams.c\000"
 783      74726561 
 783      6D732E63 
 783      00
 784 01bf 01       		.uleb128 0x1
 785 01c0 00       		.uleb128 0
 786 01c1 00       		.uleb128 0
 787 01c2 00       		.byte	0
 788              	.LELTP0:
 789              	.LELT0:
 790              		.section	.gnu.debuglto_.debug_str,"eMS",%progbits,1
 791              	.LASF5:
 792 0000 5F5F7569 		.ascii	"__uint8_t\000"
 792      6E74385F 
 792      7400
 793              	.LASF4:
 794 000a 73697A65 		.ascii	"size_t\000"
 794      5F7400
 795              	.LASF31:
 796 0011 2E2E2F2E 		.ascii	"../../chibios216/os/hal/lib/streams/memstreams.c\000"
 796      2E2F6368 
 796      6962696F 
 796      73323136 
 796      2F6F732F 
 797              	.LASF28:
 798 0042 5F707574 		.ascii	"_put\000"
 798      00
 799              	.LASF9:
ARM GAS  C:\Users\ccliu\AppData\Local\Temp\ccHwLWjN.s 			page 16


 800 0047 5F5F696E 		.ascii	"__int32_t\000"
 800      7433325F 
 800      7400
 801              	.LASF18:
 802 0051 696E7374 		.ascii	"instance_offset\000"
 802      616E6365 
 802      5F6F6666 
 802      73657400 
 803              	.LASF0:
 804 0061 756E7369 		.ascii	"unsigned int\000"
 804      676E6564 
 804      20696E74 
 804      00
 805              	.LASF30:
 806 006e 474E5520 		.ascii	"GNU C17 10.3.1 20210621 (release) -mcpu=cortex-m4 -"
 806      43313720 
 806      31302E33 
 806      2E312032 
 806      30323130 
 807 00a1 6D746875 		.ascii	"mthumb -mfloat-abi=soft -march=armv7e-m -ggdb -O0 -"
 807      6D62202D 
 807      6D666C6F 
 807      61742D61 
 807      62693D73 
 808 00d4 666F6D69 		.ascii	"fomit-frame-pointer -falign-functions=16 -ffunction"
 808      742D6672 
 808      616D652D 
 808      706F696E 
 808      74657220 
 809 0107 2D736563 		.ascii	"-sections -fdata-sections -fno-common -flto\000"
 809      74696F6E 
 809      73202D66 
 809      64617461 
 809      2D736563 
 810              	.LASF33:
 811 0133 4D656D53 		.ascii	"MemStreamVMT\000"
 811      74726561 
 811      6D564D54 
 811      00
 812              	.LASF3:
 813 0140 7369676E 		.ascii	"signed char\000"
 813      65642063 
 813      68617200 
 814              	.LASF6:
 815 014c 756E7369 		.ascii	"unsigned char\000"
 815      676E6564 
 815      20636861 
 815      7200
 816              	.LASF8:
 817 015a 73686F72 		.ascii	"short unsigned int\000"
 817      7420756E 
 817      7369676E 
 817      65642069 
 817      6E7400
 818              	.LASF19:
 819 016d 77726974 		.ascii	"write\000"
 819      6500
ARM GAS  C:\Users\ccliu\AppData\Local\Temp\ccHwLWjN.s 			page 17


 820              	.LASF34:
 821 0173 6D734F62 		.ascii	"msObjectInit\000"
 821      6A656374 
 821      496E6974 
 821      00
 822              	.LASF2:
 823 0180 6C6F6E67 		.ascii	"long double\000"
 823      20646F75 
 823      626C6500 
 824              	.LASF20:
 825 018c 72656164 		.ascii	"read\000"
 825      00
 826              	.LASF27:
 827 0191 5F676574 		.ascii	"_get\000"
 827      00
 828              	.LASF11:
 829 0196 6C6F6E67 		.ascii	"long unsigned int\000"
 829      20756E73 
 829      69676E65 
 829      6420696E 
 829      7400
 830              	.LASF21:
 831 01a8 756E6765 		.ascii	"unget\000"
 831      7400
 832              	.LASF23:
 833 01ae 73697A65 		.ascii	"size\000"
 833      00
 834              	.LASF13:
 835 01b3 63686172 		.ascii	"char\000"
 835      00
 836              	.LASF14:
 837 01b8 75696E74 		.ascii	"uint8_t\000"
 837      385F7400 
 838              	.LASF16:
 839 01c0 6D73675F 		.ascii	"msg_t\000"
 839      7400
 840              	.LASF29:
 841 01c6 5F726561 		.ascii	"_reads\000"
 841      647300
 842              	.LASF15:
 843 01cd 696E7433 		.ascii	"int32_t\000"
 843      325F7400 
 844              	.LASF35:
 845 01d5 5F777269 		.ascii	"_writes\000"
 845      74657300 
 846              	.LASF1:
 847 01dd 6C6F6E67 		.ascii	"long long int\000"
 847      206C6F6E 
 847      6720696E 
 847      7400
 848              	.LASF24:
 849 01eb 6F666673 		.ascii	"offset\000"
 849      657400
 850              	.LASF7:
 851 01f2 73686F72 		.ascii	"short int\000"
 851      7420696E 
 851      7400
ARM GAS  C:\Users\ccliu\AppData\Local\Temp\ccHwLWjN.s 			page 18


 852              	.LASF22:
 853 01fc 62756666 		.ascii	"buffer\000"
 853      657200
 854              	.LASF10:
 855 0203 6C6F6E67 		.ascii	"long int\000"
 855      20696E74 
 855      00
 856              	.LASF32:
 857 020c 433A5C43 		.ascii	"C:\\ChibiStudio\\workspace_user\\RT-STM32F401RE-NUC"
 857      68696269 
 857      53747564 
 857      696F5C77 
 857      6F726B73 
 858 023c 4C454F36 		.ascii	"LEO64-Shell2\000"
 858      342D5368 
 858      656C6C32 
 858      00
 859              	.LASF25:
 860 0249 4D656D6F 		.ascii	"MemoryStream\000"
 860      72795374 
 860      7265616D 
 860      00
 861              	.LASF26:
 862 0256 5F756E67 		.ascii	"_unget\000"
 862      657400
 863              	.LASF17:
 864 025d 5F426F6F 		.ascii	"_Bool\000"
 864      6C00
 865              	.LASF12:
 866 0263 6C6F6E67 		.ascii	"long long unsigned int\000"
 866      206C6F6E 
 866      6720756E 
 866      7369676E 
 866      65642069 
 867              		.text
 868              		.section	.gnu.lto_.inline.f633155c,"e",%progbits
 869 0000 789C7BC6 		.ascii	"x\234{\306\200\000l\014\014|\015\015\015\013\230\323"
 869      80006C0C 
 869      0C7C0D0D 
 869      0D0B98D3 
 870 0010 18189824 		.ascii	"\030\030\230$`,\026\206F \263\216\211\201\011\250\204"
 870      602C1686 
 870      4620B38E 
 870      898109A8 
 870      84
 871 0021 91A00A26 		.ascii	"\221\240\012&\006^ \247\001\254B\014\306BQ\301\314 "
 871      065E20A7 
 871      01AC420C 
 871      C64251C1 
 871      CC20
 872 0033 0AE45C60 		.ascii	"\012\344\\`N\007\252\220\003\251`JGS\301\302\013R6\301"
 872      4E07AA90 
 872      03A9604A 
 872      4753C1C2 
 872      0B5236C1 
 873 0047 0F045948 		.ascii	"\017\004YHR\315\312\300\001\2248\300\234\012T\315\003"
 873      52CDCAC0 
ARM GAS  C:\Users\ccliu\AppData\Local\Temp\ccHwLWjN.s 			page 19


 873      019438C0 
 873      9C0A54CD 
 873      03
 874 0058 63A1A866 		.ascii	"c\241\250f\000\000\20505\003"
 874      00008530 
 874      3503
 875              		.text
 876              		.section	.gnu.lto_.jmpfuncs.f633155c,"e",%progbits
 877 0000 789C6362 		.ascii	"x\234cb@\006\000\000*\000\003"
 877      40060000 
 877      2A0003
 878              		.text
 879              		.section	.gnu.lto_.lto.f633155c,"e",%progbits
 880 0000 09000400 		.ascii	"\011\000\004\000\001\000\000\000"
 880      01000000 
 881              		.text
 882              		.section	.gnu.lto__writes.375.f633155c,"e",%progbits
 883 0000 789C7D93 		.ascii	"x\234}\223\177HSQ\024\307\357\271\347\275\267\371+\025"
 883      7F485351 
 883      14C7EFB9 
 883      E7BDB7F9 
 883      2B15
 884 0012 AC208A02 		.ascii	"\254 \212\002\221\360\0177\265%\025\010\201\330_\375"
 884      91F00F37 
 884      B5251508 
 884      81D85FFD 
 885 0022 0067FF09 		.ascii	"\000g\377\011\341\217\205\243\255\215=G\177\372\234"
 885      E18F85A3 
 885      AD8D3D47 
 885      7FFA9C
 886 0031 BA3F2C98 		.ascii	"\272?,\2303\373GL\3441\244 \010\302_+\265e\021\022F"
 886      33FB474C 
 886      E431A420 
 886      08C25F2B 
 886      B5651112 
 887 0046 E5FF5204 		.ascii	"\345\377R\004\221R\331#\210~\302:\367\355\225Sr\227"
 887      9152D923 
 887      887EC23A 
 887      F7ED9553 
 887      7297
 888 0058 EDBC7BCF 		.ascii	"\355\274{\317\373|\3179\367\334\373\312$\306\206\031"
 888      FB7CCF39 
 888      F7DCFBCA 
 888      24C68619 
 889 0068 636EFA33 		.ascii	"cn\3723\205\301P|\200\263t:\335-q\336\033\277\312\341"
 889      85C1507C 
 889      80B3743A 
 889      DD2D71DE 
 889      1BBFCAE1 
 890 007c 2198ABBE 		.ascii	"!\230\253\276\370.\363\2110\374\217\220\340F|\340\333"
 890      F82EF389 
 890      30FC8F90 
 890      E0467CE0 
 890      DB
 891 008d 44F95F46 		.ascii	"D\371_F\206\036\311\234\000\353\346H\313n\270\216\243"
 891      861EC99C 
 891      00EBE648 
ARM GAS  C:\Users\ccliu\AppData\Local\Temp\ccHwLWjN.s 			page 20


 891      CB6EB88E 
 891      A3
 892 009e 08439840 		.ascii	"\010C\230@\006\2225\0038T\231\322\264\357\375o\215\017"
 892      06923503 
 892      385499D2 
 892      B4EFFD6F 
 892      8D0F
 893 00b0 B6D15B29 		.ascii	"\266\321[))\201\234\215\0210\0050\011\242\014\0021\304"
 893      29819C8D 
 893      11300530 
 893      09A20C02 
 893      31C4
 894 00c2 0E13F472 		.ascii	"\016\023\364r~V\323\362X\002\021f \213!G\370\216\"\270"
 894      7E56D3F2 
 894      58021166 
 894      208B2147 
 894      F88E22B8 
 895 00d6 6B9001D7 		.ascii	"k\220\001\327,P\202\344VP\012\317\230`\314\002\177Y"
 895      2C5082E4 
 895      56500ACF 
 895      9860CC02 
 895      7F59
 896 00e8 2087075B 		.ascii	" \207\007[A\036^T2\271\343 \036\025D\033k+\301%\215"
 896      411E5E54 
 896      32B9E320 
 896      1E15441B 
 896      6B2BC125 
 897 00fd 2A94611E 		.ascii	"*\224a\036\266\324\030^V\250[\013 *\247A>^\221\352\327"
 897      B6D4185E 
 897      56A85B0B 
 897      202AA741 
 897      3E5E91EA 
 898 0112 8C8D4963 		.ascii	"\214\215Ic\034L\311\266M\011\370\356\212\234\322~\247"
 898      1C4CC9B6 
 898      4D09F8EE 
 898      8A9CD27E 
 898      A7
 899 0123 639A967E 		.ascii	"c\232\226~\007\357_\313\273\201\362*\\\030\024F\022"
 899      07EF5FCB 
 899      BB81F22A 
 899      5C181446 
 899      12
 900 0134 46164621 		.ascii	"F\026F!c\263\211\231]\314D\301J\2760\005\014\346\240"
 900      63B38999 
 900      5DCC44C1 
 900      4ABE3005 
 900      0CE6A0
 901 0147 1060168A 		.ascii	"\020`\026\212D\304b\240e\211\360\225\002\334\2072\261"
 901      44C462A0 
 901      6589F095 
 901      02DC8732 
 901      B1
 902 0158 0FC66228 		.ascii	"\017\306b(\016\310\034\007)\371 \362\315%\260\015\210"
 902      0EC81C07 
 902      29F920F2 
 902      CD25B00D 
 902      88
ARM GAS  C:\Users\ccliu\AppData\Local\Temp\ccHwLWjN.s 			page 21


 903 0169 8C24272B 		.ascii	"\214$'+u,\322\261P\254\346\222S\373t\004\353|ds\367"
 903      752CD2B1 
 903      50ACE692 
 903      53FB7404 
 903      EB7C6473 
 904 017e 13A0699A 		.ascii	"\023\240i\232=\201v\302\340\021\260\352\314\222\303"
 904      3D8176C2 
 904      E011B0EA 
 904      CC92C3
 905 018d 22DC3477 		.ascii	"\"\3344w,t\267\367\352\310s\301O\010\006\023\356\035"
 905      2C74B7F7 
 905      EAC873C1 
 905      4F080613 
 905      EE1D
 906 019f 8B3EE73A 		.ascii	"\213>\347:\"\345!\015[\207\276\325\307\224\264\230\\"
 906      22E5210D 
 906      5B87BED5 
 906      C794B498 
 906      5C
 907 01b0 66770611 		.ascii	"fw\006\021\267\3258\367cj\277\216R\256\360O\263k!X\316"
 907      B7D538F7 
 907      636ABF8E 
 907      52AEF04F 
 907      B36B2158 
 908 01c5 052F65D7 		.ascii	"\005/e\327R\257c\011\005'\211\231[\332\236;9}@Ge\347"
 908      52AF6309 
 908      05278999 
 908      5BDA9E3B 
 908      397D4047 
 909 01db 70367846 		.ascii	"p6xF\341\270\225{\235`[\256\334\313\233\271\357E\277"
 909      E1B8957B 
 909      9D605BAE 
 909      DCCB9BB9 
 909      EF45BF
 910 01ee 521F8850 		.ascii	"R\037\210PH\303\014\210\216\333X\037\360\004\346\215"
 910      48C30C88 
 910      8EDB581F 
 910      F004E68D 
 911 01fe 09C47C55 		.ascii	"\011\304|U\252cA\002\3633]\230\246\215\345\375/\270"
 911      AA634102 
 911      F3335D98 
 911      A68DE5FD 
 911      2FB8
 912 0210 79895F6C 		.ascii	"y\211_lF\036\215Rk\363IJ\274\220\032\003\260\243\354"
 912      461E8D52 
 912      6BF3494A 
 912      BC901A03 
 912      B0A3EC
 913 0223 5546A667 		.ascii	"UF\246g\222\214$g\350,\312H\312\330O }1\227\350]\011"
 913      928C2467 
 913      E82CCA48 
 913      CAD84F20 
 913      7D3197E8 
 914 0239 2E7C92E9 		.ascii	".|\222\351\343\246\006\311Y\015\202\217\320s\222\225"
 914      E3A606C9 
 914      590D828F 
 914      D0739295 
ARM GAS  C:\Users\ccliu\AppData\Local\Temp\ccHwLWjN.s 			page 22


 915 0249 5358E373 		.ascii	"SX\343sD\213\210\353[`}\006b|\201\310\233\325u;\351"
 915      448B88EB 
 915      5B607D06 
 915      627C81C8 
 915      9BD5753B 
 916 025e 28A470C4 		.ascii	"(\244p\304\020\262o#c\365\015'Z\032:\275m^wW\270\303"
 916      10B26F23 
 916      63F50D27 
 916      5A1A3ABD 
 916      6D5E7757 
 917 0274 1B68B912 		.ascii	"\033h\271\022\010]R\203\255\355\236\013a\325\023jij"
 917      085D5283 
 917      ADED9E0B 
 917      61D5136A 
 917      696A
 918 0286 AE72379F 		.ascii	"\256r7\2379R{\312U]\323\324Xu\366|\303\351\306su\256"
 918      39527BCA 
 918      555DD3D4 
 918      5875F67C 
 918      C3E9C673 
 919 029c 2A77A7C7 		.ascii	"*w\247\307\347\253e5\016\207\223~\355\"@@\255\255\251"
 919      E7AB6535 
 919      0E87937E 
 919      ED224040 
 919      ADADA9
 920 02af 73065467 		.ascii	"s\006Tgg\253\317\351\363\2669\325\256\220\247\325\257"
 920      67ABCFE9 
 920      F3B639D5 
 920      AE90A7D5 
 920      AF
 921 02c0 3AFD1EBF 		.ascii	":\375\036\2775u\2643\356\015\356\311v8\216\273\\\027"
 921      3575B433 
 921      EE0DEEC9 
 921      76388EBB 
 921      5C17
 922 02d2 AB8F1DED 		.ascii	"\253\217\035\355`\274-\010\227\321\257\006\377\000F"
 922      60BC2D08 
 922      97D1AF06 
 922      FF0046
 923 02e1 148AEB   		.ascii	"\024\212\353"
 924              		.text
 925              		.section	.gnu.lto__reads.376.f633155c,"e",%progbits
 926 0000 789C7D93 		.ascii	"x\234}\223]H\024Q\024\307\357\271gfv\375J\0055\210@"
 926      5D481451 
 926      14C7EFB9 
 926      676676FD 
 926      4A053588 
 927 0015 21247C70 		.ascii	"!$|pWm\223\012\204@\364\251\017P{\023\302\217\215]\332"
 927      576D930A 
 927      8440F4A9 
 927      0F507B13 
 927      C28F8D5D 
 928 002a 6D975D97 		.ascii	"m\227]\227\036\035\277\226\264\217\335U\203\010\223"
 928      1E1DBF96 
 928      B48FDD55 
 928      830893
 929 0039 9A96E82D 		.ascii	"\232\226\350-\010#\267V\335\322J\"\260\204\036z(\242"
ARM GAS  C:\Users\ccliu\AppData\Local\Temp\ccHwLWjN.s 			page 23


 929      0823B756 
 929      DDD24A22 
 929      B0841E7A 
 929      28A2
 930 004b 8740905C 		.ascii	"\207@\220\\\352\241\222h;wf\315\325r/3w\3569\363;\377"
 930      EAA19268 
 930      3B7766CD 
 930      D5722F33 
 930      77EE39F3 
 931 0061 73EE993B 		.ascii	"s\356\231;\245\022c\343\214\2616\272\231\302`42\302"
 931      A51263E3 
 931      8CB136BA 
 931      99C26034 
 931      32C2
 932 0073 592A95EA 		.ascii	"Y*\225\352\2258\037\210\\\3440\007\2725\030\331\245"
 932      95381F88 
 932      5CE43007 
 932      BA3518D9 
 932      A5
 933 0084 3F11C6FF 		.ascii	"?\021\306\377\022\022\\\215\214\274\2706%m@2\364I\372"
 933      12125C8D 
 933      8CBCB836 
 933      256D4032 
 933      F449FA
 934 0097 02582F47 		.ascii	"\002X/G2{a\014'\020F1\212\014\244\364\012\240\242*\241"
 934      327B610C 
 934      27104631 
 934      8A0CA4F4 
 934      0AA0A22A 
 935 00ac AA3F863E 		.ascii	"\252?\206>\205\327L\023w\023R\0249\233$\340\001\300"
 935      85D74C13 
 935      77135214 
 935      399B24E0 
 935      01C0
 936 00be 14883A08 		.ascii	"\024\210:\010D\037\333O\320\353\370\264\252\346\260"
 936      441FDB4F 
 936      D0EBF8B4 
 936      AAE6B0
 937 00cd 28223C84 		.ascii	"(\"<\204\014\206\034\201o\262\340.\201\001\276K\203"
 937      0C861C81 
 937      6FB2E02E 
 937      8101BE4B 
 937      83
 938 00de 12C4B682 		.ascii	"\022\304\266\202R\340\267\016\206\322\340j\032\344\360"
 938      52E0B70E 
 938      86D2E06A 
 938      1AE4F0
 939 00ed 782BC803 		.ascii	"x+\310\003\303\212\221;\002\342QItr}\331\273\250R\205"
 939      C38A913B 
 939      02E25149 
 939      74727DD9 
 939      BBA85285 
 940 0101 32CCC096 		.ascii	"2\314\300\226\032\003c\012\265k\026D\3454\310\307+\023"
 940      1A03630A 
 940      B56B1644 
 940      E534C8C7 
 940      2B13
ARM GAS  C:\Users\ccliu\AppData\Local\Temp\ccHwLWjN.s 			page 24


 941 0113 436AF2C2 		.ascii	"Cj\362\302|\360JI\270\317\374\317\246\004|oYN\250\277"
 941      7CF04A49 
 941      B8CFFCCF 
 941      A6047C6F 
 941      594EA8BF 
 942 0127 5221555D 		.ascii	"R!U]\372\016\237\307\232K\201\362*\\L(&IL\262\230\024"
 942      FA0E9FC7 
 942      9A4B81F2 
 942      2A5C4C28 
 942      26494CB2 
 943 013d 51B949AC 		.ascii	"Q\271I\254\314b%\012Vr\305\224\307 \016\371\000\323"
 943      CC62250A 
 943      5672C594 
 943      C7200EF9 
 943      00D3
 944 014f 5020140B 		.ascii	"P \024\013\201\314\"\341+\006x\004%b\037\214\205P|!"
 944      81CC22E1 
 944      2B067804 
 944      25621F8C 
 944      85507C21 
 945 0163 7D9453F2 		.ascii	"}\224S\3620\362M\023\330\027\350\277\036\233\251\322"
 945      30F24D13 
 945      D817E8BF 
 945      1E9BA9D2 
 946 0173 B040C37C 		.ascii	"\260@\303|a\305c\263{4\204\364\367\221\365\335\337\001"
 946      61C563B3 
 946      7B3484F4 
 946      F791F5DD 
 946      DF01
 947 0185 55556917 		.ascii	"UUi\027&\302\340\011\260\032\303\344\360\024n\350;\026"
 947      26C2E009 
 947      B01AC3E4 
 947      F0146EE8 
 947      3B16
 948 0197 712B651A 		.ascii	"q+e\032\362l\360\002\301\240\303\003\223\301g\\C\244"
 948      F26CF002 
 948      C1A0C303 
 948      93C1675C 
 948      43A4
 949 01a9 3C14C356 		.ascii	"<\024\303V`\360\375<%-$\227\336\2350\342\266\032\343"
 949      60F0FD3C 
 949      252D2497 
 949      DE9D30E2 
 949      B61AE3
 950 01bc 3F67F76A 		.ascii	"?g\367j(e\223\177\236Y\313n\015\345l\360bf-\015\032"
 950      2865937F 
 950      9E59CB6E 
 950      0DE56CF0 
 950      62662D0D 
 951 01d1 16913885 		.ascii	"\026\2218\205\350\271\245\355\271cs\324\037eg9\011^"
 951      E8B9A5ED 
 951      B96373D4 
 951      1F656739 
 951      095E
 952 01e3 921CDFC8 		.ascii	"\222\034\337\310]\256\241)[\356W\233\271\357\007\337"
 952      5DAEA129 
 952      5BEE579B 
ARM GAS  C:\Users\ccliu\AppData\Local\Temp\ccHwLWjN.s 			page 25


 952      B9EF07DF 
 953 01f3 5213CCA4 		.ascii	"R\023\314\244N1,\011\301\233&6\010<\212\346I\201hX\254"
 953      4E312C09 
 953      C19B2636 
 953      083C8AE6 
 953      49816858 
 954 0208 BFCD8B62 		.ascii	"\277\315\213b\216\321\2059\022\317\371\237\270~\210"
 954      8ED18539 
 954      12CFF99F 
 954      B87E88
 955 0217 97369527 		.ascii	"\2276\225'\202\324\332\\\012\325\214\320\344\010\354"
 955      82D4DA5C 
 955      0AD58CD0 
 955      E408EC
 956 0226 18F6C608 		.ascii	"\030\366\306\010#\3368\016\013\267\250\250\022\212e"
 956      23DE380E 
 956      0BB7A8A8 
 956      128A65
 957 0235 6C1D48A0 		.ascii	"l\035H\240\220K\364\262\010?\254\311\364wS\207\344\214"
 957      904BF4B2 
 957      083FACC9 
 957      F4775387 
 957      E48C
 958 0247 0EC12AF4 		.ascii	"\016\301*\364\035e\373H79|[\255\200(\251\030\277\201"
 958      1D65FB48 
 958      37397C5B 
 958      AD8028A9 
 958      18BF81
 959 025a 185FA1FF 		.ascii	"\030_\241\377c$x\031(\216$\205'\204\220y\034\031kh<"
 959      63247819 
 959      288E2485 
 959      27849079 
 959      1C196B68 
 960 026f D2DEE870 		.ascii	"\322\336\350pv:[{\002\335NO\373y\217\357\254\337\333"
 960      763A5B7B 
 960      02DD4E4F 
 960      FB798FEF 
 960      ACDFDB
 961 0282 D1653F1D 		.ascii	"\321e?\035\360\333}\355-m\325\255m\307\017\3245\333"
 961      F0DB7DED 
 961      2D6DD5AD 
 961      6DC70FD4 
 961      35DB
 962 0294 6A6A5B9A 		.ascii	"jj[\232\252O\234j<\326t\262\336V\335\352\260\273\\u"
 962      AA4F9C6A 
 962      3CD674B2 
 962      DE56DDEA 
 962      B0BB5C75 
 963 02a8 ACD662B1 		.ascii	"\254\326b\261\322\325%\004<\376\272\332z\253\307out"
 963      D2D52504 
 963      3CFEBADA 
 963      7AABC76F 
 963      7574
 964 02ba B8AC2E67 		.ascii	"\270\254.g\247\325\337\343\263w\270\375V\267\335\235"
 964      A7D5DFE3 
 964      B377B8FD 
 964      56B7DD9D 
ARM GAS  C:\Users\ccliu\AppData\Local\Temp\ccHwLWjN.s 			page 26


 965 02ca 5E5ABA18 		.ascii	"^Z\272\030wz\3132\035\226\3036\333\231\232C\007\273"
 965      777ACB32 
 965      1D96C336 
 965      DB999A43 
 965      07BB
 966 02dc 19EFF4C2 		.ascii	"\031\357\364\3029t\373\275\177\000=\234\212="
 966      3974FBBD 
 966      7F003D9C 
 966      8A3D
 967              		.text
 968              		.section	.gnu.lto__put.377.f633155c,"e",%progbits
 969 0000 789C7D52 		.ascii	"x\234}RMHTQ\024\276\347\336\367f\236\212\242\021\025"
 969      4D485451 
 969      14BEE7DE 
 969      F7669E8A 
 969      A21115
 970 0013 2D4A0889 		.ascii	"-J\010\211\026\316\214:\211\005A F\213~@m'\204?\023"
 970      16CE8C3A 
 970      89054120 
 970      468B7E40 
 970      6D27843F 
 971 0028 3334C3C8 		.ascii	"34\303\310<\207vy\247Q\203I\3241\202~,\3509\004m*\313"
 971      3C877679 
 971      A7518349 
 971      D431827E 
 971      2CE83904 
 972 003f C829232D 		.ascii	"\310)#-j\2124\242E\265\013Z\204B\310\340\312B\232\316"
 972      6A8A34A2 
 972      45B50B5A 
 972      8442C8E0 
 972      CA429ACE 
 973 0053 B96FC049 		.ascii	"\271o\300I\322\313{\367\235s\370\316\371\276\373\275"
 973      D2CB7BF7 
 973      9D73F8CE 
 973      F9BEFBBD 
 974 0063 DB27184B 		.ascii	"\333'\030K2\306\232\361e\016\006\243\311\004g\271\\"
 974      32C69AF1 
 974      650E06A3 
 974      C90467B9 
 974      5C
 975 0074 AE57E33C 		.ascii	"\256W\343<\236\274\304\3419\250\254/Y\246\276\002\256"
 975      9EBCC4E1 
 975      39A8AC2F 
 975      59A6BE02 
 975      AE
 976 0085 2413B9AB 		.ascii	"$\023\271\253\015*\321(\371r\315\253\022\035b\206\335"
 976      0D2AD128 
 976      F972CDAB 
 976      121D6286 
 976      DD
 977 0096 09AC970B 		.ascii	"\011\254\227\013\314{\341\262\030\0230*R\202\201\226"
 977      CC7BE1B2 
 977      1813302A 
 977      52828196 
 978 00a6 8F002AF7 		.ascii	"\217\000*\367I)W\372\277?\230h\230\215\367\037M\011"
 978      492957FA 
 978      BF3F9868 
ARM GAS  C:\Users\ccliu\AppData\Local\Temp\ccHwLWjN.s 			page 27


 978      988DF71F 
 978      4D09
 979 00b8 CE6E21E0 		.ascii	"\316n!\3401\300$\220\012\004\212\010\333;#\345\307\364"
 979      31C02490 
 979      0A048A08 
 979      DB3B23E5 
 979      C7F4
 980 00ca 9494452C 		.ascii	"\224\224E,%\004<\201\002\014\026\242\263:\341\006\301"
 980      25043C81 
 980      020C16A2 
 980      B33AE106 
 980      C1
 981 00db 06CE4F4A 		.ascii	"\006\316OJ)\260\256AZ\001\353\300C0-:\247\333\003\207"
 981      29B0AE41 
 981      5A01EBC0 
 981      43302D3A 
 981      A7DB0387 
 982 00ef 803E5588 		.ascii	"\200>U\210\315\016\216'\312FbFJ\350\360\014\376a\216"
 982      CD0E8E27 
 982      CA466246 
 982      4AE8F00C 
 982      FE618E
 983 0102 7ED6D182 		.ascii	"~\326\321\202i =\270\260\306\253d\277\314\016\307/\016"
 983      69203DB8 
 983      B0C6AB64 
 983      BFCC0EC7 
 983      2F0E
 984 0114 6D552DEB 		.ascii	"mU-\353\244\022\370\376'}F\256\346\206\245\374\266\343"
 984      A412F8FE 
 984      277D46AE 
 984      E686A5FC 
 984      B6E3
 985 0126 EBEA0F63 		.ascii	"\353\352\017c\013 \261\203\323F\212\234\032E:E\016\212"
 985      0B20B183 
 985      D3468A9C 
 985      1A453A45 
 985      0E8A
 986 0138 9CB419B8 		.ascii	"\234\264\031\270\361b\200)(\241\021\245\000O\241\234"
 986      F1628029 
 986      28A111A5 
 986      004FA19C 
 987 0148 6A15B431 		.ascii	"j\025\26416,\310I\265v#\321\210\340k)\260%\270p=\375"
 987      362CC849 
 987      B57623D1 
 987      88E06B29 
 987      B025B870 
 988 015e 265985FF 		.ascii	"&Y\205\377\306\022%\226(\246\312t:s[X\002\3626\353\352"
 988      C6122596 
 988      28A6CA74 
 988      3A735B58 
 988      02F236EB 
 989 0173 BC7700AD 		.ascii	"\274w\000\255F\331\006\342\340\0050\217\235\026\301"
 989      46D906E2 
 989      E005308F 
 989      9D16C1
 990 0182 0CDC5447 		.ascii	"\014\334TG\244\306\273\333-\3017\003\277D0\035w\021"
 990      A4C6BBDB 
ARM GAS  C:\Users\ccliu\AppData\Local\Temp\ccHwLWjN.s 			page 28


 990      2DC13703 
 990      BF44301D 
 990      7711
 991 0194 FA165EED 		.ascii	"\372\026^\355D\016\21342\322%\326\351Z^\311\314\242"
 991      440E8B34 
 991      32D225D6 
 991      E95A5EC9 
 991      CCA2
 992 01a6 8A0A92C0 		.ascii	"\212\012\222\300\341<\033\341\362\255\246\220\332:\344"
 992      E13C1BE1 
 992      F2ADA690 
 992      DA3AE4
 993 01b5 747A2E86 		.ascii	"tz.\206H\2611\261\023^#1/P\251m\2462\223W\271\004\361"
 993      48B131B1 
 993      135E2331 
 993      2F50A96D 
 993      A6329357 
 994 01cc 8703F3DC 		.ascii	"\207\003\363\334\022:N\307\036e\327\342\256\274/N`j"
 994      123A4EC7 
 994      1E65D7E2 
 994      AEBC2F4E 
 994      606A
 995 01de C202E0ED 		.ascii	"\302\002\340\355@\014\274\003f\211RE\361k\216\264;\376"
 995      400CBC03 
 995      66895245 
 995      F16B8EB4 
 995      3BFE
 996 01f0 47C288E1 		.ascii	"G\302\210\341\375\032\303\330\000\232\340D0\315,\262"
 996      FD1AC3D8 
 996      009AE044 
 996      30CD2CB2 
 997 0200 4F944DC0 		.ascii	"O\224M\300\206\255\037\354V\354Q.M\315\323\277*\267"
 997      86AD1FEC 
 997      56EC512E 
 997      4DCDD3BF 
 997      2AB7
 998 0212 5DB29DD4 		.ascii	"]\262\235\324\013\375\371\011\261\303l\017\016\312\336"
 998      0BFDF909 
 998      B1C36C0F 
 998      0ECADE
 999 0221 18979528 		.ascii	"\030\227\225(\2658\177%i-\003\036\316\300\3407 I\205"
 999      B5387F25 
 999      692D031E 
 999      CEC0E037 
 999      204985
 1000 0234 F8339135 		.ascii	"\3703\2215\324U(\327\356=\362\343\335\201\302\273\303"
 1000      D45528D7 
 1000      EE3DF2E3 
 1000      DD81C2BB 
 1000      C3
 1001 0245 D8A1C683 		.ascii	"\330\241\306\203m\215\376@G\240\245'\332\025\010\267"
 1001      6D8DFE40 
 1001      47A0A527 
 1001      DA1508B7 
 1002 0255 9D0B47CE 		.ascii	"\235\013G\316\232\335\355\235\276\323Q\323\027ikn\255"
 1002      9ADDED9D 
 1002      BED351D3 
ARM GAS  C:\Users\ccliu\AppData\Local\Temp\ccHwLWjN.s 			page 29


 1002      17696B6E 
 1002      AD
 1003 0266 6E693D5E 		.ascii	"ni=^W{\304\353\251in\252>q\252\361X\323\311zou\213\337"
 1003      577BC4EB 
 1003      A9696EAA 
 1003      3E71AAF1 
 1003      58D3C97A 
 1004 027e 170CD6B2 		.ascii	"\027\014\326\262\032\227\313\215O'\015\010\233\2655"
 1004      1A97CB8D 
 1004      4F270D08 
 1004      9BB535
 1005 028d F5EEB0E9 		.ascii	"\365\356\260\351\366\267\007\335\301@\207\333\354\211"
 1005      F6B707DD 
 1005      C14087DB 
 1005      EC89
 1006 029b F8DA43A6 		.ascii	"\370\332C\246;\344\013\345CW'\343\201\356m\205\005\327"
 1006      3BE40BE5 
 1006      435727E3 
 1006      81EE6D85 
 1006      05D7
 1007 02ad 01AFF78C 		.ascii	"\001\257\367\214\247a\177\027\203\016\0212\273\377\002"
 1007      A7617F17 
 1007      830E1132 
 1007      BBFF02
 1008 02bc 9AA764FE 		.ascii	"\232\247d\376"
 1009              		.text
 1010              		.section	.gnu.lto__get.378.f633155c,"e",%progbits
 1011 0000 789C7D53 		.ascii	"x\234}S]H\024Q\024\276\347\236\231\335Q\361'\010\241"
 1011      5D481451 
 1011      14BEE79E 
 1011      99DD51F1 
 1011      2708A1
 1012 0013 201242A2 		.ascii	" \022B\242\207\375Q7\261 \010\304\350\241\037P{\023"
 1012      87FD5137 
 1012      B12008C4 
 1012      E8A11F50 
 1012      7B13
 1013 0025 C29F8D5D 		.ascii	"\302\237\215]\332ee\327\245\267\274\266\376\304\032"
 1013      DA6565D7 
 1013      A5B7BCB6 
 1013      FEC41A
 1014 0034 B96B04B1 		.ascii	"\271k\004\261\230\321\270\004\365`QIZJ\232DEP\022Y\004"
 1014      98D1B804 
 1014      F5605149 
 1014      5A4A9A44 
 1014      45501259 
 1015 0049 D143BD28 		.ascii	"\321C\275(\225n>e\010\333\2713\003n\222^f\316\234s\371"
 1015      956E3E65 
 1015      08DBB933 
 1015      036E925E 
 1015      66CE9C73 
 1016 005e CE77BE73 		.ascii	"\316w\276s\356\235\213\310X\2221VO/\2631\030L\3069\313"
 1016      EE9D8BC8 
 1016      58923156 
 1016      4F2FB331 
 1016      184CC639 
 1017 0073 66B39D0A 		.ascii	"f\263\235\012\347\261d?\207)0\242\356d\221\361E\270"
ARM GAS  C:\Users\ccliu\AppData\Local\Temp\ccHwLWjN.s 			page 30


 1017      E7B1643F 
 1017      872930A2 
 1017      EE6491F1 
 1017      45B8
 1018 0085 9A8C7F4C 		.ascii	"\232\214\177L\325\030\201\"\203\345\224\307\010T\350"
 1018      D5188122 
 1018      83E594C7 
 1018      0854E8
 1019 0094 D2CC4C60 		.ascii	"\322\314L`\235\034)\356\204+8\2040\210id\240X\036@\331"
 1019      9D1C29EE 
 1019      842B3884 
 1019      30886964 
 1019      A0581E40 
 1020 00a9 3E21C4EF 		.ascii	">!\304\357\236\257s\017jfb=G\323\310\3310\001\306\000"
 1020      9EAF730F 
 1020      6A66623D 
 1020      47D3C8D9 
 1020      3001C600 
 1021 00bd 1E825441 		.ascii	"\036\202TA@\014\263\275\323B\314M\214\013\221\307\322"
 1021      400CB3BD 
 1021      D342CC4D 
 1021      8C0B91C7 
 1021      D2
 1022 00ce 88F00872 		.ascii	"\210\360\010r0\264\021\035PM\344%\220\237rBgn\214\304"
 1022      30B4111D 
 1022      504DE425 
 1022      909F7242 
 1022      676E8CC4 
 1023 00e2 8B125D5A 		.ascii	"\213\022]Z\032\025\230\200\177(\243iUb\023\353\330\341"
 1023      1A159880 
 1023      7F28A369 
 1023      556213EB 
 1023      D8E1
 1024 00f4 6FBD85F7 		.ascii	"o\275\205\367\004aUxb`\253\300m S*Ma\022\3401HU\264"
 1024      04615578 
 1024      6260ABC0 
 1024      6D20532A 
 1024      4D6112E0 
 1025 010c 8800CB45 		.ascii	"\210\000\313E\217\310\334\211\365]\336n\360o\020l\341"
 1025      8FC8DC89 
 1025      F55DDE6E 
 1025      F06F106C 
 1025      E1
 1026 011d EFBE53A7 		.ascii	"\357\276S\247\305Zv@\210\345\035S\237\277k\333\200\204"
 1026      C55A7640 
 1026      88E51D53 
 1026      9FBF6BDB 
 1026      8084
 1027 012f DAB83448 		.ascii	"\332\2704H\306\256HO\225\236Mzvi42<\037`\034\012\030"
 1027      C6AE484F 
 1027      959E4D7A 
 1027      76693432 
 1027      3C1F601C 
 1028 0145 51144AAA 		.ascii	"Q\024J\252b\271W\"\015c\003(Gj\254\335T+\201|=\004\266"
 1028      62B95722 
 1028      0D630328 
 1028      476AACDD 
ARM GAS  C:\Users\ccliu\AppData\Local\Temp\ccHwLWjN.s 			page 31


 1028      542B817C 
 1029 015c 041752AB 		.ascii	"\004\027R\253o\223\345tH:\026\350\230/w&W\337\337D\035"
 1029      6F93E574 
 1029      483A16E8 
 1029      982F7726 
 1029      57DFDF44 
 1030 0171 C19AB762 		.ascii	"\301\232\267b\364|\013h\346\244\\#\034<\005\3466\303"
 1030      F47C0B68 
 1030      E6A45C23 
 1030      1C3C05E6 
 1030      36C3
 1031 0183 3C9886EB 		.ascii	"<\230\206\353F\2272q\261TG\276\025\370\031\201e\307"
 1031      46973271 
 1031      B15447BE 
 1031      15F81981 
 1031      65C7
 1032 0195 8BD0BD30 		.ascii	"\213\320\2750\273\223j\350R#\223\272p\203\256\225\361"
 1032      BB936AE8 
 1032      522393BA 
 1032      7083AE95 
 1032      F1
 1033 01a6 F9195251 		.ascii	"\371\031RQ\"%p8\317\022\\\274T\014\244\262\0019\371"
 1033      22257038 
 1033      CF125CBC 
 1033      540CA4B2 
 1033      0139F9
 1034 01b9 699E7870 		.ascii	"i\236xp\363\272vxNu\271%\362\366.\035\225\255D\276\260"
 1034      F3BA7678 
 1034      4E75B925 
 1034      F2F62E1D 
 1034      95AD44BE 
 1035 01ce 442E41EC 		.ascii	"D.A\354~\357O\256\243J\354\224#\263\257\365;t,\264&"
 1035      7EEF4FAE 
 1035      A34AEC94 
 1035      23B3AFF5 
 1035      3B742CB4 
 1036 01e3 63076690 		.ascii	"c\007f\220,\220O\030\025^\201Yb\342\303/J\260\375\257"
 1036      2C904F18 
 1036      155E8159 
 1036      62E2C32F 
 1036      4AB0FDAF 
 1037 01f7 0893155E 		.ascii	"\010\223\025^\257W\030\352%\355v\002K\302<\263\241L"
 1037      AF5718EA 
 1037      25ED7602 
 1037      4BC23CB3 
 1037      A14C
 1038 0209 1C364D7D 		.ascii	"\0346M}c\246R\216D\256\365\321\317\243c1i2F\243\346"
 1038      63A6528E 
 1038      44AEF5D1 
 1038      CFA36331 
 1038      693246A3 
 1039 021e 8EE60774 		.ascii	"\216\346\007t\035f{\210$3:\"\312 M\247k^H\271V\200\032"
 1039      1D667B88 
 1039      24333A22 
 1039      CA204DA7 
 1039      6B5E48B9 
 1040 0235 D3C8F903 		.ascii	"\323\310\371\003T\240\004G\3072\232q\013\212\225/c>"
ARM GAS  C:\Users\ccliu\AppData\Local\Temp\ccHwLWjN.s 			page 32


 1040      54A00447 
 1040      C7329A71 
 1040      0B8A952F 
 1040      633E
 1041 0247 BA36907B 		.ascii	"\2726\220{m\030;T{\260\251\326\347o\3617tD\333\374\241"
 1041      6D183B54 
 1041      7BB0A9D6 
 1041      E76FF137 
 1041      7444DBFC 
 1042 025c A673A1F0 		.ascii	"\246s\241\360\331H{s\253\367t4\342\0157\3257:\032\032"
 1042      D9487B73 
 1042      ABF77434 
 1042      E20D37D5 
 1042      373A1A1A 
 1043 0270 8F57551E 		.ascii	"\217WU\036\361\270+\352\353\034'N\325\036\253;Y\355"
 1043      F1B82BEA 
 1043      EB1C274E 
 1043      D51EAB3B 
 1043      59ED
 1044 0282 7134F8BC 		.ascii	"q4\370\274\201@%\253p:]\364\264J\202P\244\262\242\332"
 1044      814025AB 
 1044      703A5DF4 
 1044      B44A8250 
 1044      A4B2A2DA 
 1045 0296 158AB87C 		.ascii	"\025\212\270|\315\001W\300\337\342\212t\204\275\315"
 1045      CD0157C0 
 1045      DFE28A74 
 1045      84BDCD
 1046 02a5 C1882BE8 		.ascii	"\301\210+\350\015Z\256\263\225q\177{i\356\206\363\200"
 1046      0D5AAEB3 
 1046      95717F7B 
 1046      69EE86F3 
 1046      80
 1047 02b6 C773C65D 		.ascii	"\307s\306]\263\277\215a0\322\016-\177\001%)f\203"
 1047      B3BF8D61 
 1047      30D20E2D 
 1047      7F012529 
 1047      6683
 1048              		.text
 1049              		.section	.gnu.lto__unget.379.f633155c,"e",%progbits
 1050 0000 789C7D52 		.ascii	"x\234}R_HSQ\030\377\276s\356\335\335\004\235A\024\324"
 1050      5F485351 
 1050      18FFBE73 
 1050      EEDDDD04 
 1050      9D4114D4 
 1051 0014 434249F4 		.ascii	"CBI\364\340\376\350\022\013\202@\214\036\372\003j\017"
 1051      E0FEE812 
 1051      0B82408C 
 1051      1EFA036A 
 1051      0F
 1052 0025 8110FE59 		.ascii	"\201\020\376Yl\2641\331u\364\226gN\015V\250\263z)\023"
 1052      6CB431D9 
 1052      75F49667 
 1052      4E0D56A8 
 1052      B37A2913 
 1053 0039 9A23F029 		.ascii	"\232#\360)\010C\247\223\224\202\312\020\243w\225\242"
 1053      0843A793 
ARM GAS  C:\Users\ccliu\AppData\Local\Temp\ccHwLWjN.s 			page 33


 1053      9482CA10 
 1053      A37795A2 
 1054 0049 0783B0E5 		.ascii	"\007\203\260\345\223E\260\276s\356\300%\331\341\336"
 1054      9345B0BE 
 1054      73EEC025 
 1054      D9E1DE
 1055 0058 73CFF7DD 		.ascii	"s\317\367\335\337\367\373}\347w\316U\016\220\002\200"
 1055      DFF7FB7D 
 1055      E777CE55 
 1055      0E900280 
 1056 0068 667AC106 		.ascii	"fz\301\0068\232J2(\024\012\275\032c\211\324\035\206"
 1056      389A4A32 
 1056      28140ABD 
 1056      1A6389D4 
 1056      1D86
 1057 007a F3A8A2FE 		.ascii	"\363\250\242\376T\205\372r|\220J~\177\324\240\002M\006"
 1057      5485FA72 
 1057      7C904A7E 
 1057      7FD4A002 
 1057      4D06
 1058 008c 2B633E15 		.ascii	"+c>\025\350\030\267[\225\010\275\214S\334\213\367\370"
 1058      E818B75B 
 1058      9508BD8C 
 1058      53DC8BF7 
 1058      F8
 1059 009d 18C7519E 		.ascii	"\030\307Q\236\341\200Zq\205XuB\010\261=\360YL7,&\006"
 1059      E1805A71 
 1059      85587542 
 1059      08B13DF0 
 1059      594C372C 
 1060 00b3 CE673883 		.ascii	"\316g8\203q\002\274@\234B\331\005\001y\024\216/\010"
 1060      7102BC40 
 1060      9C42D905 
 1060      0179148E 
 1060      2F08
 1061 00c5 F1616E46 		.ascii	"\361anF\010\007d8\307i,\301P\"\266*\011\371]\264\200"
 1061      08076438 
 1061      C7692CC1 
 1061      5022B62A 
 1061      09F95DB4 
 1062 00da 2B534270 		.ascii	"+SBp\312k\230U\300:\364H\230\026\333\320,\302!\224\237"
 1062      CA6B9855 
 1062      C03AF448 
 1062      9816DBD0 
 1062      2CC22194 
 1063 00ef 6AC2E667 		.ascii	"j\302\346g'\222\025#q{\206\3538\207\177)\307\2664\262"
 1063      27921523 
 1063      717B86EB 
 1063      38877F29 
 1063      C7B634B2 
 1064 0103 2087B21F 		.ascii	" \207\262\037\032\224c\325b@\344\347\023\267\207\366"
 1064      1A9463D5 
 1064      6240E4E7 
 1064      13B787F6 
 1065 0113 AB925DAD 		.ascii	"\253\222]\255J\360\263\217\372\202\370]\030\026b\345"
 1065      4AF0B38F 
 1065      FA82F85D 
ARM GAS  C:\Users\ccliu\AppData\Local\Temp\ccHwLWjN.s 			page 34


 1065      181662E5 
 1066 0123 F0A7FBC6 		.ascii	"\360\247\373\306>$]\033\223\223l\310\246\321d\350re"
 1066      3E245D1B 
 1066      93936CC8 
 1066      A6D164E8 
 1066      7265
 1067 0135 932B8326 		.ascii	"\223+\203&\346@\234\3012Y\\\2168\213N\231\253\224\023"
 1067      E6409CC1 
 1067      32595C8E 
 1067      388B4E99 
 1067      AB9413
 1068 0148 C030971E 		.ascii	"\3000\227\036\252q\204$F8\333\011\0216\261\357av5UM"
 1068      AA718424 
 1068      4638DB09 
 1068      1136B1EF 
 1068      61763555 
 1069 015d A792E665 		.ascii	"\247\222\346ei\356\220\231\\v\355\011Os,\032\254\253"
 1069      69EE9099 
 1069      5C76ED09 
 1069      4F732C1A 
 1069      ACAB
 1070 016f 9D3E4532 		.ascii	"\235>E2\231\032\266\023\016_\"x\254\320\201\013\370"
 1070      991AB613 
 1070      0E5F2278 
 1070      ACD0810B 
 1070      F8
 1071 0180 586DEE2B 		.ascii	"Xm\356+\366o\274:\224\266j\034\326nH\216\357\222\333"
 1071      F66FBC3A 
 1071      94B66A1C 
 1071      D66E488E 
 1071      EF92DB
 1072 0193 DA5E5B24 		.ascii	"\332^[$\362J\211bx\013F\230x\253)\244\266\013\231\313"
 1072      F24A8962 
 1072      780B4698 
 1072      78AB29A4 
 1072      B60B99CB 
 1073 01a7 AEFF2024 		.ascii	"\256\377 $\373\2278H\211\327E\345ML\214\015R\377\022"
 1073      FB973848 
 1073      89D745E5 
 1073      4D4C8C0D 
 1073      52FF12
 1074 01ba 6C894B16 		.ascii	"l\211K\026\247\344\310'q\317\3627V9\325)\265\237\353"
 1074      A7E4C827 
 1074      71CFF237 
 1074      5639D529 
 1074      B59FEB
 1075 01cd 7122D0F6 		.ascii	"q\"\320\366\336\252\201\357\250\002\225`_n\362`\232"
 1075      DEAA81EF 
 1075      A8029560 
 1075      5F6EF260 
 1075      9A
 1076 01de EBFFF3E5 		.ascii	"\353\377\363\345\375Nw\317\007\227Y\232\333\210\235"
 1076      FD4E77CF 
 1076      0797599A 
 1076      DB889D
 1077 01ed 6A94E793 		.ascii	"j\224\347\223\307\212\346\032\010\212a\0033\362\257"
 1077      C78AE61A 
ARM GAS  C:\Users\ccliu\AppData\Local\Temp\ccHwLWjN.s 			page 35


 1077      088A6103 
 1077      33F2AF
 1078 01fc 0D97913A 		.ascii	"\015\227\221:*\267\234\372\"\217\301i9e\271\251\227"
 1078      2AB79CFA 
 1078      228FC169 
 1078      3965B9A9 
 1078      97
 1079 020d 7AF40DE3 		.ascii	"z\364\015\343g\341(\025\347\227&D\025\021\224\025\357"
 1079      67E12815 
 1079      E7972644 
 1079      15119415 
 1079      EF
 1080 021e 991C5B48 		.ascii	"\231\034[H\222\006-~\241Av\363\265\351\274]\235\262"
 1080      92062D7E 
 1080      A14176F3 
 1080      B5E9BC5D 
 1080      9DB2
 1081 0230 531BCF06 		.ascii	"S\033\317\006\350Z`\351\265\0008\323x\272\2551\020\354"
 1081      E85A60E9 
 1081      B50038D3 
 1081      78BAAD31 
 1081      10EC
 1082 0242 08B6F4C4 		.ascii	"\010\266\364\304\272\202\221\266\233\221\350\015\263"
 1082      BA8291B6 
 1082      9B91E80D 
 1082      B3
 1083 024f BBBDD37F 		.ascii	"\273\275\323\177-f\372\243m\315\2555-\255\027\353j\317"
 1083      2D66FAA3 
 1083      6DCDAD35 
 1083      2DAD17EB 
 1083      6ACF
 1084 0261 F93CDEE6 		.ascii	"\371<\336\346\246\232KW\032/4]\256\367\325\264\004\374"
 1084      A69A4B57 
 1084      1A2F345D 
 1084      AEF7D5B4 
 1084      04FC
 1085 0273 A1502D78 		.ascii	"\241P-x].7=\235\222 b\326z\353\335\021\323\035h\017"
 1085      5D2E373D 
 1085      9D922062 
 1085      D67AEBDD 
 1085      11D31D68 
 1086 0288 B943C10E 		.ascii	"\271C\301\016\267\331\023\365\267\207Mw\330\037..]\235"
 1086      B7D913F5 
 1086      B7874D77 
 1086      D81F2E2E 
 1086      5D9D
 1087 029a C082DD07 		.ascii	"\300\202\335\007J\023\256S>\337uO\303\311.\300\016\036"
 1087      4A13AE53 
 1087      3EDF754F 
 1087      C3C92EC0 
 1087      0E1E
 1088 02ac 36BBFF00 		.ascii	"6\273\377\000+\035\\:"
 1088      2B1D5C3A 
 1089              		.text
 1090              		.section	.gnu.lto_vmt.380.f633155c,"e",%progbits
 1091 0000 789C9BC4 		.ascii	"x\234\233\304\300\300P\310\000\001s\230\031[\030\233"
 1091      C0C050C8 
ARM GAS  C:\Users\ccliu\AppData\Local\Temp\ccHwLWjN.s 			page 36


 1091      00017398 
 1091      195B189B 
 1092 0010 1A1AFE34 		.ascii	"\032\032\3764m|0GHj\0113\303<f\204\350\213\263\214K"
 1092      6D7C3047 
 1092      486A0933 
 1092      C33C6684 
 1092      E88BB38C 
 1093 0025 9819E731 		.ascii	"\230\031\34713\"D\2161\202\3250!D\354\22603\315cf\206"
 1093      3322448E 
 1093      3182D530 
 1093      2144EC96 
 1093      3033CD63 
 1094 003b 0BAC305B 		.ascii	"\013\2540[\302\314<\217\231\005$0\211y\0113\013#\203"
 1094      C2CC3C8F 
 1094      99052430 
 1094      89790933 
 1094      0B2383
 1095 004e 65534783 		.ascii	"eSG\203\304\022f\326\271\314\014\214;\031\347232\356"
 1095      C41266D6 
 1095      B9CC0C8C 
 1095      3B19E732 
 1095      3332EE
 1096 0061 00924C8C 		.ascii	"\000\222L\214\333\201$3\3436 \311\302\270\025H\2622"
 1096      DB812433 
 1096      E33620C9 
 1096      C2B81548 
 1096      B232
 1097 0073 6E6164B0 		.ascii	"nad\260u\266\212q\316\310L\312\014.)M\311\314\217)\317"
 1097      75B68A71 
 1097      CEC84CCA 
 1097      0C2E294D 
 1097      C9CC8F29 
 1098 0088 2FCA2E2E 		.ascii	"/\312..HLN\215/-N-\212\011\012\321\015\016\36156r31"
 1098      484C4E8D 
 1098      2F2D4E2D 
 1098      8A090AD1 
 1098      0D0EF135 
 1099 00a0 300C72D5 		.ascii	"0\014r\325\365\013u\366q\36573\321\015\316H\315\311"
 1099      F50B75F6 
 1099      71F53733 
 1099      D10DCE48 
 1099      CDC9
 1100 00b2 316230D4 		.ascii	"1b0\324\323\323\007\242d\220\001\371\305F\206f\372\371"
 1100      D3D307A2 
 1100      649001F9 
 1100      C5468666 
 1100      FAF9
 1101 00c4 C5FA1989 		.ascii	"\305\372\031\2119\3729\231I\372\305%E\251\211\271\305"
 1101      39FA3999 
 1101      49FAC525 
 1101      45A989B9 
 1101      C5
 1102 00d5 FAB9A9B9 		.ascii	"\372\271\251\271P\246^2\003\000\302\321O\265"
 1102      50A65E32 
 1102      0300C2D1 
 1102      4FB5
 1103              		.text
ARM GAS  C:\Users\ccliu\AppData\Local\Temp\ccHwLWjN.s 			page 37


 1104              		.section	.gnu.lto_msObjectInit.381.f633155c,"e",%progbits
 1105 0000 789C8592 		.ascii	"x\234\205\222\317k\023A\024\307\337w\337\3566\"x\022"
 1105      CF6B1341 
 1105      14C7DF77 
 1105      DFEE3622 
 1105      7812
 1106 0012 F1A6A220 		.ascii	"\361\246\242 \036\222Mb,*\350%T/\376\200\246\336\002"
 1106      1E924D62 
 1106      2C2AE825 
 1106      542FFE80 
 1106      A6DE02
 1107 0025 92A41B12 		.ascii	"\222\244\033\022LH\331m\"x\311X\252\207\202\246\326"
 1107      4C48D96D 
 1107      2278C958 
 1107      AA8782A6 
 1107      D6
 1108 0036 2228B587 		.ascii	"\"(\265\207\020$'=\251m\265\032\251\"ED\361\037P\204"
 1108      1024273D 
 1108      A96DB51A 
 1108      A9224544 
 1108      F11F5084 
 1109 004a 82178BF6 		.ascii	"\202\027\213\366\324Bd\235\375!m=\264\303\014|\337\343"
 1109      D442649D 
 1109      FD216D3D 
 1109      B4C30C7C 
 1109      DFE3
 1110 005c F3DE9BF9 		.ascii	"\363\336\233\3712\226B4ED\007\344!&L\334\031S\310q\234"
 1110      32964234 
 1110      454407E4 
 1110      21264CDC 
 1110      1953C871 
 1111 0071 BAAAE0FA 		.ascii	"\272\252\340\372!\274\206\247Au\005u\334\345#B\210\325"
 1111      21BC86A7 
 1111      41750575 
 1111      DCE52342 
 1111      88D5
 1112 0083 1BDF3BF3 		.ascii	"\033\337;\363{E\273\203\026\023M3\371k\2121\301-\006"
 1112      7B45BB83 
 1112      16134D33 
 1112      F96B8A31 
 1112      C12D06
 1113 0096 D44029D8 		.ascii	"\324@)\330/\025[t\270#\304\347\305\031!vP\213\031\317"
 1113      2F155B74 
 1113      B823C4E7 
 1113      C5192176 
 1113      508B19CF 
 1114 00aa 216BF00C 		.ascii	"!k\360\014x\012r\023\265{n\005\337\202\017~\015@\025"
 1114      780A7213 
 1114      B57B6E05 
 1114      DF820F7E 
 1114      0D4015
 1115 00bd B39B41B5 		.ascii	"\263\233A\265\326\364\300I\037\374\365s\341\366\256"
 1115      D6F4C049 
 1115      1FFCF573 
 1115      E1F6AE
 1116 00cc 7179070D 		.ascii	"qy\007\015/6\203Z\355\261\007\336\017:~\012:j\230\377"
 1116      2F36835A 
ARM GAS  C:\Users\ccliu\AppData\Local\Temp\ccHwLWjN.s 			page 38


 1116      EDB107DE 
 1116      0F3A7E0A 
 1116      3A6A98FF 
 1117 00e0 1F9C5389 		.ascii	"\037\234S\211\364\177\217\2209z\362E\353\210\256\323"
 1117      F47F8F90 
 1117      397AF245 
 1117      EB88AED3 
 1118 00f0 10626909 		.ascii	"\020bi\011\335\203;\025`\006*0\007\035x\211\020\360"
 1118      DD833B15 
 1118      60062A30 
 1118      071D7889 
 1118      10F0
 1119 0102 4A620D76 		.ascii	"Jb\015v=\362\326>\031\216\263\262\036\202\226129\346"
 1119      3DF2D63E 
 1119      198EB3B2 
 1119      1E829631 
 1119      3239E6
 1120 0115 4C9F0E7C 		.ascii	"L\237\016|`\270\336<\202\264\256-C\275)\235\351\200"
 1120      60B8DE3C 
 1120      82B4AE2D 
 1120      43BD299D 
 1120      E980
 1121 0127 A2320EB5 		.ascii	"\2422\016\265\270\007o\360\220\327\375\353\361\350Q"
 1121      B8076FF0 
 1121      90D7FDEB 
 1121      F1E851
 1122 0136 E852B699 		.ascii	"\350R\266\231\374R\265\305!\274\005\026@\243\270)\304"
 1122      FC52B5C5 
 1122      21BC0516 
 1122      40A3B829 
 1122      C4
 1123 0147 8FDD2EF8 		.ascii	"\217\335.\370N\216\226\263\036\314v\177\363\026\023"
 1123      4E8E96B3 
 1123      1ECC767F 
 1123      F31613
 1124 0156 54BC9713 		.ascii	"T\274\227\023$\333d\325\343\327\266\3465,J^qy\335\357"
 1124      24DB64D5 
 1124      E3D7B6E6 
 1124      352C4A5E 
 1124      7179DDEF 
 1125 016a FF671BFE 		.ascii	"\377g\033\376\203\344\331\345C.\277\262\272\035\377"
 1125      83E4D9E5 
 1125      432EBFB2 
 1125      BA1DFF
 1126 0179 51F2D278 		.ascii	"Q\362\322x\367\271\232\274\327\012F\276\255\235\365"
 1126      F7B99ABC 
 1126      D70A46BE 
 1126      AD9DF5
 1127 0188 3E5183B1 		.ascii	">Q\203\261\321X\242S\311\223\351d\241\230-\246\206\253"
 1127      D158A253 
 1127      C993E964 
 1127      A1982DA6 
 1127      86AB
 1128 019a 83C54AFA 		.ascii	"\203\305J\372j\305\272b\017er\346\345\252mZ\351\376"
 1128      6AC5BA62 
 1128      0F6572E6 
 1128      E5AA6D5A 
ARM GAS  C:\Users\ccliu\AppData\Local\Temp\ccHwLWjN.s 			page 39


 1128      E9FE
 1129 01ac 81706AE0 		.ascii	"\201pj\340\374\321\370\231D4\326\337\027\276p)y\256"
 1129      FCD1F899 
 1129      4434D6DF 
 1129      17BE7029 
 1129      79AE
 1130 01be EF626F22 		.ascii	"\357bo\"\234*\230\245R\234b\221\210!w\316mP\261\343"
 1130      9C2A98A5 
 1130      529C6291 
 1130      882177CE 
 1130      6D50B1E3 
 1131 01d2 B15EA362 		.ascii	"\261^\243b\033\205L\311(\025\263\206=l\231\231\262m"
 1131      1B854CC9 
 1131      2815B386 
 1131      3D6C9999 
 1131      B26D
 1132 01e4 94CD7220 		.ascii	"\224\315r #9\342\262=\264gc&r\"\221\310G\217\037\033"
 1132      2339E2B2 
 1132      3DB46763 
 1132      26722291 
 1132      C8478F1F 
 1133 01f9 243D5BCD 		.ascii	"$=[\315\347MK\265\213\327L6+\366_\215\234\377\003"
 1133      E74D4BB5 
 1133      8BD74C36 
 1133      2BF65F8D 
 1133      9CFF03
 1134              		.text
 1135              		.section	.gnu.lto_.symbol_nodes.f633155c,"e",%progbits
 1136 0000 789C7DCA 		.ascii	"x\234}\312\321\011\203@\020\204\341\331Y/\276\332\201"
 1136      D1098340 
 1136      1084E1D9 
 1136      592FBEDA 
 1136      81
 1137 0011 2D58431A 		.ascii	"-XC\032\333\273\027\237\323B\260\015\261\204\264\243"
 1137      DBBB179F 
 1137      D342B00D 
 1137      B184B4A3 
 1138 0021 31D14441 		.ascii	"1\321DA\220C\330y\033\376\257\022\000|\323\360;V\313"
 1138      9043D879 
 1138      1BFEAF12 
 1138      007CD3F0 
 1138      3B56CB
 1139 0034 E30518D0 		.ascii	"\343\005\030\320?Sj\260\367M\3144\361\305\207F_\214"
 1139      3F536AB0 
 1139      F74DCC34 
 1139      F1C58746 
 1139      5F8C
 1140 0046 34F5C544 		.ascii	"4\365\305D+|\261\320\302E\014)\311\001\302\227h\357"
 1140      2B7CB1D0 
 1140      C2450C29 
 1140      C901C297 
 1140      68EF
 1141 0058 80CA4ABB 		.ascii	"\200\312J\273\345\022\2101\356L\265<KWj\221]\374\001"
 1141      E5128831 
 1141      EE4CB53C 
 1141      4B576A91 
 1141      5DFC01
ARM GAS  C:\Users\ccliu\AppData\Local\Temp\ccHwLWjN.s 			page 40


 1142 006b 1A697347 		.ascii	"\032isG"
 1143              		.text
 1144              		.section	.gnu.lto_.refs.f633155c,"e",%progbits
 1145 0000 789C05C1 		.ascii	"x\234\005\301\007\001\000\000\010\303\260\256\034\003"
 1145      07010000 
 1145      08C3B0AE 
 1145      1C03
 1146 000e F8F74A72 		.ascii	"\370\367Jr@\306\015\263\226-Fy\003\337\000B"
 1146      40C60DB3 
 1146      962D4679 
 1146      03DF0042 
 1147              		.text
 1148              		.section	.gnu.lto_.decls.f633155c,"e",%progbits
 1149 0000 789C9D55 		.ascii	"x\234\235Ukl\024\327\025\276\347\336\331\207\207\005"
 1149      6B6C14D7 
 1149      15BEE7DE 
 1149      D9878705 
 1150 0010 BBB03495 		.ascii	"\273\2604\225Z\241\015%\215\245\326\257\205B\032\251"
 1150      5AA10D25 
 1150      8DA5D6AF 
 1150      85421AA9 
 1151 0020 922514AA 		.ascii	"\222%\024\252*\205D\201T\015\262j\331\236\261\275\324"
 1151      2A854481 
 1151      540DB26A 
 1151      D99EB1BD 
 1151      D4
 1152 0031 BBEB78D7 		.ascii	"\273\353x\327!\364\327\000\346\021\236\346\0210\030"
 1152      21F4D700 
 1152      E6119EE6 
 1152      113018
 1153 0040 B0C3BB40 		.ascii	"\260\303\273@\010\341\025RHX\333<\0260\001\0148!`0\270"
 1153      08E11552 
 1153      4858DB3C 
 1153      1630010C 
 1153      38216030 
 1154 0055 80897938 		.ascii	"\200\211y8`\300@bz\356\235\331\235\265\275\226\232^"
 1154      60C04062 
 1154      7AEE9DD9 
 1154      9DB5BD96 
 1154      9A5E
 1155 0067 ED9999BD 		.ascii	"\355\231\231\275\367;\347|\347;w\356\374\335A\310\357"
 1155      F73BE77C 
 1155      E73B77EE 
 1155      FCDD41C8 
 1155      EF
 1156 0078 282197D0 		.ascii	"(!\227\320\236\343\260\023B\316\020s\330\320\302h\365"
 1156      9EE3B013 
 1156      42CE1073 
 1156      D8D0C268 
 1156      F5
 1157 0089 685FA17D 		.ascii	"h_\241}\213v\025\3556\332\017h\2006\030H\267\261\007"
 1157      8B7615ED 
 1157      36DA0F68 
 1157      80361848 
 1157      B7B107
 1158 009c FF635832 		.ascii	"\377cX2\020\315\211v\026\255\000\255\021\3557\270\366"
 1158      10CD8976 
ARM GAS  C:\Users\ccliu\AppData\Local\Temp\ccHwLWjN.s 			page 41


 1158      16AD00AD 
 1158      11ED37B8 
 1158      F6
 1159 00ad 0EDE9BD0 		.ascii	"\016\336\233\320^\302\347\227\321R\320\012\361?C{\021"
 1159      5EC2E797 
 1159      D152D00A 
 1159      F13F437B 
 1159      11
 1160 00be 9F5D68C3 		.ascii	"\237]h\303\320\250\221\357\007\322{\324\341z\27789\232"
 1160      D0A891EF 
 1160      07D27BD4 
 1160      E17ABF38 
 1160      399A
 1161 00d0 6272C48B 		.ascii	"br\304\213\317c\017\215\211\177\265\217\370\213z\304"
 1161      CF630F8D 
 1161      897FB58F 
 1161      F88B7AC4 
 1162 00e0 3F62C43F 		.ascii	"?b\304?\020\247\006\236;\036\1770\264\3539V\364\021"
 1162      10A7069E 
 1162      3B1E7F30 
 1162      B4EB3956 
 1162      F411
 1163 00f2 9BC7E5F1 		.ascii	"\233\307\345\361\373\212\035\313\035\214\236\364\034"
 1163      FB8A1DCB 
 1163      1D8C9EF4 
 1163      1C
 1164 00ff ABFF0FDE 		.ascii	"\253\377\017\336\\\207\330\270_\305\211\373[\004Y\361"
 1164      5C87D8B8 
 1164      5FC589FB 
 1164      5B0459F1 
 1165 010f 6EE1BAA1 		.ascii	"n\341\272\241\331\320\022\214xN\320\327\006\340\375"
 1165      D9D0128C 
 1165      784ED0D7 
 1165      06E0FD
 1166 011e 676803D1 		.ascii	"gh\003\321\222\320\372\243\015B\263\0301\353\015=\270"
 1166      92D0FAA3 
 1166      0D42B318 
 1166      31EB0D3D 
 1166      B8
 1167 012f E6DFC6C9 		.ascii	"\346\337\306\311q\201\30748E\370s\316\234\357Y\203s"
 1167      7181C734 
 1167      3845F873 
 1167      CE9CEF59 
 1167      8373
 1168 0141 2AE8F978 		.ascii	"*\350\371x\314_\033\234#\232\0175\370\363\275\031o_"
 1168      CC5F1B9C 
 1168      239A0F35 
 1168      F8F3BD19 
 1168      6F5F
 1169 0153 56327AFD 		.ascii	"V2z\375\334\345\243\362u}^R\000\340\233\221x\221\311"
 1169      DCE5A3F2 
 1169      757D5E52 
 1169      00E09B91 
 1169      7891C9
 1170 0166 44469C1A 		.ascii	"DF\234\032\325\250UaTf2S\3440\014I\356`\231v\232\234"
 1170      D5A85561 
 1170      54663253 
ARM GAS  C:\Users\ccliu\AppData\Local\Temp\ccHwLWjN.s 			page 42


 1170      E4300C49 
 1170      EE609976 
 1171 017c 28DB37D7 		.ascii	"(\3337\327A\222l\261S\332jS\344\344\247\260\215V[]\231"
 1171      41926CB1 
 1171      53DA6A53 
 1171      E4E4A7B0 
 1171      8D565B5D 
 1172 0191 9AA4CC1B 		.ascii	"\232\244\314\033\334j\323h\3718\347\360L\274\266\332"
 1172      DC6AD368 
 1172      F938E7F0 
 1172      4CBCB6DA 
 1173 01a1 C2A0A0D7 		.ascii	"\302\240\240\327\233\222=\011\237Zmr\007\253\236oUN"
 1173      9B923D09 
 1173      9F5A6D72 
 1173      07AB9E6F 
 1173      554E
 1174 01b3 D2D92F43 		.ascii	"\322\331/C\030d\305\355\3244-\323n\037\222X\313j\331"
 1174      1864C5ED 
 1174      D4342DD3 
 1174      6E1F9258 
 1174      CB6AD9
 1175 01c6 1842ECF6 		.ascii	"\030B\354\366\035\333\007\313\255\266D\014\221\254\270"
 1175      1DDB07CB 
 1175      ADB6440C 
 1175      91ACB8
 1176 01d5 92145762 		.ascii	"\222\024Wb\030,\212\";\223\011\222P\334\356L*cd\311"
 1176      182C8A22 
 1176      3B930992 
 1176      50DCEE4C 
 1176      2A6364C9 
 1177 01e9 1E063703 		.ascii	"\036\0067\003\207[\273\332\366\202l\221\023\206\270"
 1177      875BBBDA 
 1177      F6826C91 
 1177      1386B8
 1178 01f8 920951C8 		.ascii	"\222\011Q\310\030\212q\331\363\310\000\033\346T\314"
 1178      188A71D9 
 1178      F3C8001B 
 1178      E654CC
 1179 0207 BF00C932 		.ascii	"\277\000\3112uS\366z+\276\307\224\272\010\321$\273\303"
 1179      7553F67A 
 1179      2BBEC794 
 1179      BA08D124 
 1179      BBC3
 1180 0219 011ADE12 		.ascii	"\001\032\336\022\262_W\336t\313\244\325Fq\311)\201F"
 1180      B25F57DE 
 1180      74CBA4D5 
 1180      4671C929 
 1180      8146
 1181 022b C1F494AD 		.ascii	"\301\364\224\255(!\325u\023\262v\323\222\3771\261\304"
 1181      2821D575 
 1181      13B276D3 
 1181      92FF31B1 
 1181      C4
 1182 023c 5CA71059 		.ascii	"\\\247\020Y\326q=:`\304\022\363\020\215\037q0\335b\202"
 1182      D6713D3A 
 1182      60C412F3 
 1182      108D1F71 
ARM GAS  C:\Users\ccliu\AppData\Local\Temp\ccHwLWjN.s 			page 43


 1182      30DD6282 
 1183 0250 430F77E0 		.ascii	"C\017w\340\203_c\035L\216\321\3744J\013LH\017\342\""
 1183      835F631D 
 1183      4C8ED1FC 
 1183      344A0B4C 
 1183      480FE222 
 1184 0264 0A4408F5 		.ascii	"\012D\010\365\036,\262mj\226\\\234e\271\201\262i\025"
 1184      1E2CB26D 
 1184      6A965C9C 
 1184      65B981B2 
 1184      6915
 1185 0276 4E185C9E 		.ascii	"N\030\\\236I\200\375\2220\027I\323\304X;\211\300gz\204"
 1185      4980FD92 
 1185      301749D3 
 1185      C4583B89 
 1185      C0677A84 
 1186 028a 89FD1633 		.ascii	"\211\375\0263\370\025<\007q#\354]\356^\177d>v?\244i"
 1186      F8153C07 
 1186      7123EC5D 
 1186      EE5E7F64 
 1186      3E763FA4 
 1187 029f AD5AED54 		.ascii	"\255Z\355TF`8\244\023\330\017\010\330\007\360o\200\317"
 1187      466038A4 
 1187      13D80F08 
 1187      D807F06F 
 1187      80CF
 1188 02b1 014195F7 		.ascii	"\001A\225\367\253v8$\316\361\000\200\037'\026~\270h"
 1188      AB763824 
 1188      CEF10080 
 1188      1F27167E 
 1188      B868
 1189 02c3 B7454C14 		.ascii	"\267EL\024\300\027<\336@\240xuB\022^\255\242W6\361\304"
 1189      C0173CDE 
 1189      40A07875 
 1189      42125EAD 
 1189      A25736F1 
 1190 02d8 29BCCFA6 		.ascii	")\274\317\246\020\001\221\004\304\205\376\367\032\317"
 1190      10019104 
 1190      C485FEF7 
 1190      1ACF
 1191 02e6 D75A655C 		.ascii	"\327Ze\\k\327Be\011\004\016\003\034\302b\353\000]0o"
 1191      6BD74265 
 1191      09040E03 
 1191      1CC262EB 
 1191      005D306F 
 1192 02fa 2D400DCF 		.ascii	"-@\015\317\033>\326p\036^@\330mMs\302\021\200\020\300"
 1192      1B3ED670 
 1192      1E5E40D8 
 1192      6D4D73C2 
 1192      118010C0 
 1193 030e 412EC951 		.ascii	"A.\311Q\004\177\311_\253\362r\255\363\371\321\256kC"
 1193      047FC95F 
 1193      ABF272AD 
 1193      F3F9D1AE 
 1193      6B43
 1194 0320 AF4E9FA5 		.ascii	"\257N\237\245\235\346\331\200\257\302^\3008B\331\275"
 1194      9DE6D980 
ARM GAS  C:\Users\ccliu\AppData\Local\Temp\ccHwLWjN.s 			page 44


 1194      AFC25EC0 
 1194      3842D9BD 
 1195 0330 38B10760 		.ascii	"8\261\007`7L\374\324\302\356\001\257\371VgY[\242\301"
 1195      374CFCD4 
 1195      C2EE01AF 
 1195      F9566759 
 1195      5BA2C1
 1196 0343 9E57B3E7 		.ascii	"\236W\263\347\302\271',^\232\023\350{\334H\263c5fH\232"
 1196      C2B9272C 
 1196      5E9A13E8 
 1196      7BDC48B3 
 1196      63356648 
 1197 0358 862809E7 		.ascii	"\206(\011\347\341X4\301\261h\202\347\022\353\000\035"
 1197      E15834C1 
 1197      B16882E7 
 1197      12EB001D 
 1198 0368 BCCF0423 		.ascii	"\274\317\004#\233\223Q\360\311(\370\244\304\236\001"
 1198      9B9351F0 
 1198      C928F8A4 
 1198      C49E01
 1199 0377 D7E51D21 		.ascii	"\327\345\035!W\242x\"l:\345\014\027?x\034\266\362\256"
 1199      57A27822 
 1199      6C3AE50C 
 1199      173F781C 
 1199      B6F2AE
 1200 038a 74D7A701 		.ascii	"t\327\247\001\020\203\372\234\0018-\372r\360\363M\222"
 1200      1083FA9C 
 1200      01382DFA 
 1200      72F0F34D 
 1200      92
 1201 039b 28E4ACDE 		.ascii	"(\344\254\336\227\226\005\237\264$\212n\206\372\356"
 1201      9796059F 
 1201      B4248A6E 
 1201      86FAEE
 1202 03aa E6950587 		.ascii	"\346\225\005\207\266\310\016\021\274\272V\202\363`\204"
 1202      B6C80E11 
 1202      BCBA5682 
 1202      F36084
 1203 03b9 27D00862 		.ascii	"'\320\010bK][\372\250\306.\3026\002\234\343.\273[\347"
 1203      4B5D5BFA 
 1203      A8C62EC2 
 1203      36029CE3 
 1203      2EBB5BE7 
 1204 03cd EE648662 		.ascii	"\356d\206b_\363\211%W\353NIQ\311\316\232\222\341A\011"
 1204      5FF38925 
 1204      57EB4E49 
 1204      51C9CE9A 
 1204      92E14109 
 1205 03e1 DF1892B5 		.ascii	"\337\030\222\265_\371\262x3?Up\026NE58\025\325\240\332"
 1205      5FF9B278 
 1205      333F5570 
 1205      164E4535 
 1205      3815D5A0 
 1206 03f6 CAE6887A 		.ascii	"\312\346\210z{\025\322qh\375\372~&\307\003&\307&\235"
 1206      7B15D271 
 1206      68FDFA7E 
 1206      26C70326 
ARM GAS  C:\Users\ccliu\AppData\Local\Temp\ccHwLWjN.s 			page 45


 1206      C7269D
 1207 0409 63D3ED5B 		.ascii	"c\323\355[\313\250\360h\002\270\304)\265\267\224\177"
 1207      CBA8F068 
 1207      02B8C429 
 1207      B5B7947F 
 1208 0419 6D35385E 		.ascii	"m58^\346\023\373\317\257k\210\313\261\031\011\\\211"
 1208      E613FBCF 
 1208      AF6B88CB 
 1208      B119095C 
 1208      89
 1209 042a B4F5C93E 		.ascii	"\264\365\311>M\263\210F5\003\\\214\222\274\030%\331"
 1209      4DB38846 
 1209      35035C8C 
 1209      92BC1825 
 1209      D9
 1210 043b 62618BE2 		.ascii	"ba\213\342\223\274s\263\266-!2\321\302S~\262rZ\271-"
 1210      93BC73B3 
 1210      B62D2132 
 1210      D1C2537E 
 1210      B2725AB9 
 1211 0450 C2EA3F7C 		.ascii	"\302\352?|\346\342\214O\027\300 \375]\014\031g\311\015"
 1211      E6E28C4F 
 1211      17C020FD 
 1211      5D0C1967 
 1211      C90D
 1212 0462 230B5B23 		.ascii	"#\013[#\342\316\251\335\272\316\322\015\0027!\012B\300"
 1212      E2CEA9DD 
 1212      BACED20D 
 1212      0237210A 
 1212      42C0
 1213 0474 A5FA9DE7 		.ascii	"\245\372\235\347b\304h5\305\270\245\213\261g\321\222"
 1213      62C46835 
 1213      C5B8A58B 
 1213      B167D192 
 1214 0484 9DBA18B7 		.ascii	"\235\272\030\267\000\256\363\264];\252\232i\264\366"
 1214      00AEF3B4 
 1214      5D3BAA9A 
 1214      69B4F6
 1215 0493 C268E96D 		.ascii	"\302h\351mX\326w\272\323\342\325uayh\005\266\351v\335"
 1215      58D677BA 
 1215      D3E2D575 
 1215      61796805 
 1215      B6E976DD 
 1216 04a7 BB7A9BDA 		.ascii	"\273z\233\332\000\256E\025\270\026U`\216\304\266R\302"
 1216      00AE4515 
 1216      B8165560 
 1216      8EC4B652 
 1216      C2
 1217 04b8 760AB63B 		.ascii	"v\012\266;*o\034\347%\302]\204\261\317\304\334\332\015"
 1217      2A6F1CE7 
 1217      25C25D84 
 1217      B1CFC4DC 
 1217      DA0D
 1218 04ca 6B1AB810 		.ascii	"k\032\270\020\320\216>\367\342\356\314\372\033k\333"
 1218      D08E3EF7 
 1218      E2EECCFA 
 1218      1B6BDB
ARM GAS  C:\Users\ccliu\AppData\Local\Temp\ccHwLWjN.s 			page 46


 1219 04d9 FA89090F 		.ascii	"\372\211\011\017\334\347\210M\217\312.%\030\355z\300"
 1219      DCE7884D 
 1219      8FCA2E25 
 1219      18ED7AC0 
 1220 04e9 271AA7CF 		.ascii	"'\032\247\317{4\340\305\203TD\374b\305\255]\272\377"
 1220      7B34E0C5 
 1220      835444FC 
 1220      62C5AD5D 
 1220      BAFF
 1221 04fb 437C296A 		.ascii	"C|)j\304\334\367U\0176\362\006\303c\200G8{L\314n]\276"
 1221      C4DCF755 
 1221      0F36F206 
 1221      C3638047 
 1221      387B4CCC 
 1222 0512 FEB4E0F3 		.ascii	"\376\264\340\363\004sw\362@\035M?\2366O\215\002\275"
 1222      047377F2 
 1222      401D4D3F 
 1222      9E364F8D 
 1222      02BD
 1223 0524 76788ACB 		.ascii	"vx\212\313\370\302A\207^\375\331=w\217\303\320\212\331"
 1223      F8C24187 
 1223      5EFDD93D 
 1223      778FC3D0 
 1223      8AD9
 1224 0536 5A6743E3 		.ascii	"ZgC\343A\367*\255v\232\346hf\210\200;\272\002\360=\202"
 1224      41F72AAD 
 1224      769AE668 
 1224      6688803B 
 1224      BA02F03D 
 1225 054b EF0829D8 		.ascii	"\357\010)\330\026\246\037`\277\020\007XH?\360\222\330"
 1225      16A61F60 
 1225      BF100758 
 1225      483FF092 
 1225      D8
 1226 055c 76C6236D 		.ascii	"v\306#m\253\334\325@\315\356\2340\2733\015?\"\002jg"
 1226      ABDCD540 
 1226      CDEE9C30 
 1226      BB330D3F 
 1226      22026A67 
 1227 0570 3B0574ED 		.ascii	";\005t\355\251'\313\230\011=jBg \224\355\025\240]\327"
 1227      A927CB98 
 1227      093D6A42 
 1227      672094ED 
 1227      15A05DD7 
 1228 0584 E7ED8EE9 		.ascii	"\347\355\216\351v\263\011\232\305A\373\005\250*\\\263"
 1228      76B3099A 
 1228      C541FB05 
 1228      A82A5CB3 
 1229 0594 608009BA 		.ascii	"`\200\011\272`\202>\340\240\032F\330\031\264\313\034"
 1229      60823EE0 
 1229      A01A46D8 
 1229      19B4CB1C 
 1230 05a4 3CE0A3FB 		.ascii	"<\340\243\373\017\357\332\207\015\0334\014\007\272t"
 1230      0FEFDA87 
 1230      0D1B340C 
 1230      07BA74
 1231 05b3 565475CD 		.ascii	"VTu\315\264ia\324e\032\205\251\024\026\322\250\267\206"
ARM GAS  C:\Users\ccliu\AppData\Local\Temp\ccHwLWjN.s 			page 47


 1231      B46961D4 
 1231      651A85A9 
 1231      1416D2A8 
 1231      B786
 1232 05c5 DE904110 		.ascii	"\336\220A\020U\276J\013IV\336\2769\335\020i\002\200"
 1232      55BE4A0B 
 1232      4956DEBE 
 1232      39DD1069 
 1232      0280
 1233 05d7 EA96E16E 		.ascii	"\352\226\341n\225\010~N\240\013\225\232+@x\312,\240"
 1233      95087E4E 
 1233      A00B959A 
 1233      2B4078CA 
 1233      2CA0
 1234 05e9 B088C262 		.ascii	"\260\210\302b\012\345\024\346SX\302?\244f\270\031\024"
 1234      0AE514E6 
 1234      5358C23F 
 1234      A466B819 
 1234      14
 1235 05fa CABA859B 		.ascii	"\312\272\205\233\316\023\036\206\030\310\007\024f\367"
 1235      CE131E86 
 1235      18C80714 
 1235      66F7
 1236 0608 CAD80D31 		.ascii	"\312\330\0151\213\302\314\336A2\272\247\231\327\273"
 1236      8BC2CCDE 
 1236      4132BAA7 
 1236      99D7BB
 1237 0617 AEC3E2F4 		.ascii	"\256\303\342\364\017\235x\370X\274\221e\241\377\271"
 1237      0F9D78F8 
 1237      58BC9165 
 1237      A1FFB9
 1238 0626 809796E2 		.ascii	"\200\227\226\342w\346\351\334\372\272\201S\321\007\226"
 1238      77E6E9DC 
 1238      FABA8153 
 1238      D10796
 1239 0635 52F891EF 		.ascii	"R\370\221\357\022\303\227\360\177\276\211]\214-\223"
 1239      12C397F0 
 1239      7FBE895D 
 1239      8C2D93
 1240 0644 085B8956 		.ascii	"\010[\211V%\211N.\374\270C\352\376bc\226\0254\372b\327"
 1240      25894E2E 
 1240      FCB843EA 
 1240      FE626396 
 1240      1534FA62 
 1241 0659 DC7F58A3 		.ascii	"\334\177X\243\003B\361\001\033\346,\337\336\337l\363"
 1241      0342F101 
 1241      1BE62CDF 
 1241      DEDF6CF3 
 1242 0669 4AB3A0CA 		.ascii	"J\263\240\312\310\336r\212=Y\015l#\317\351\230\3315"
 1242      C8DE728A 
 1242      3D590D6C 
 1242      23CFE998 
 1242      D935
 1243 067b 8389460F 		.ascii	"\203\211F\0173[\264\232\302*^\177\225\250o\035\205\365"
 1243      335BB49A 
 1243      C22A5E7F 
 1243      95A86F1D 
ARM GAS  C:\Users\ccliu\AppData\Local\Temp\ccHwLWjN.s 			page 48


 1243      85F5
 1244 068d 143EA250 		.ascii	"\024>\242PMa\255\321\035\334\022+\362P\2722\007o\370"
 1244      4D61ADD1 
 1244      1DDC122B 
 1244      F250BA32 
 1244      076FF8
 1245 06a0 32CAA17D 		.ascii	"2\312\241}w\010!\313{Cz\354\2325\335\020\346\276j\257"
 1245      770821CB 
 1245      7B437AEC 
 1245      9A35DD10 
 1245      E6BE6AAF 
 1246 06b4 A85B38A0 		.ascii	"\250[8\240|*\303\012\270lU=w\026\207\254h)\346\273\023"
 1246      7C2AC30A 
 1246      B86C553D 
 1246      771687AC 
 1246      6829E6BB 
 1247 06c9 CFD00ADA 		.ascii	"\317\320\012\332\023\2417\361\334\311g\033\372\017\352"
 1247      13A137F1 
 1247      DCC9671B 
 1247      FA0FEA
 1248 06d8 59223F37 		.ascii	"Y\"?7\373(\222\0370\241\017\267XL17\230q7R\001([\336"
 1248      FB28921F 
 1248      30A10FB7 
 1248      584C3137 
 1248      98713752 
 1249 06f0 7E22D104 		.ascii	"~\"\321\004<3_\252M:\240\327\251\366`ke\227Ux\224s\217"
 1249      3C335FAA 
 1249      4D3AA0D7 
 1249      A9F6606B 
 1249      65975578 
 1250 0707 4951078F 		.ascii	"IQ\007\217\300_>\264\251A\026\370\177Q\330L\371\207"
 1250      C05F3EB4 
 1250      A94116F8 
 1250      7F51D84C 
 1250      F987
 1251 0719 74555973 		.ascii	"tUYs\214Ca\324\241\200\367\034\001\235\355\353\036\352"
 1251      8C4361D4 
 1251      A180F71C 
 1251      019DEDEB 
 1251      1EEA
 1252 072b 2E5B296C 		.ascii	".[)l\341.\2257W\035L\210{\234}\214\025o\323\231\335"
 1252      E12E9537 
 1252      571D4C88 
 1252      7B9C7D8C 
 1252      156FD399 
 1253 0740 FE6ED3D1 		.ascii	"\376n\323\321\230\363`\251Y\333v^=\313\030I\022rJ\274"
 1253      98F360A9 
 1253      59DB765E 
 1253      3DCB1849 
 1253      12724ABC 
 1254 0754 EF8D5253 		.ascii	"\357\215RS\274D\316\363\227\004\325\367S\274#\210\224"
 1254      BC44CEF3 
 1254      9704D5F7 
 1254      53BC2388 
 1254      94
 1255 0765 5D5C1A4C 		.ascii	"]\\\032LOMM\303_^\241'\327\343\017\2703F\246\371\003"
 1255      4F4D4DC3 
ARM GAS  C:\Users\ccliu\AppData\Local\Temp\ccHwLWjN.s 			page 49


 1255      5F5EA127 
 1255      D7E30FB8 
 1255      3346A6F9 
 1256 077a 69853945 		.ascii	"i\2059EiE\236\334\264@\260D\315\361\006\322\274\252"
 1256      69459EDC 
 1256      B440B044 
 1256      CDF106D2 
 1256      BCAA
 1257 078c D7784CCD 		.ascii	"\327xL\315\263\377i\334\333\256\321\031\243\310\317"
 1257      B3FF69DC 
 1257      DBAED119 
 1257      A3C8CF
 1258 079b 636753FF 		.ascii	"cgS\3770bD~\372+\277W\210\255\324\343\013\276\222\035"
 1258      3062447E 
 1258      FA2BBF57 
 1258      88ADD4E3 
 1258      0BBE921D 
 1259 07af B4780305 		.ascii	"\264x\003\005\331\301?\216~5k4\217=>X\252x\374Y\223"
 1259      D9C13F8E 
 1259      7E356B34 
 1259      8F3D3E58 
 1259      AA78FC59 
 1260 07c4 FD25FF08 		.ascii	"\375%\377\010\024\347\344\251\331\245\001\265"
 1260      14E7E4A9 
 1260      D9A501B5 
 1261 07d0 24EBAD09 		.ascii	"$\353\255\011)\343'\214\035\356\0363\"=\343\255\327"
 1261      29E3278C 
 1261      1DEE1E33 
 1261      223DE3AD 
 1261      D7
 1262 07e1 52C6BD3D 		.ascii	"R\306\275=\372/\257\2751rD\312\370B\265\250\310M2~*"
 1262      FA2FAFBD 
 1262      317244CA 
 1262      F842B5A8 
 1262      C84D327E 
 1263 07f6 39ACA940 		.ascii	"9\254\251@\015Z\263K}x\263eO.\361\004\325\2005\340\371"
 1263      0D5AB34B 
 1263      7D78B365 
 1263      4F2EF104 
 1263      D58035E0 
 1264 080b A79A8DB3 		.ascii	"\247\232\215\263\010R\002\016o\340\215\334Ij^\360\317"
 1264      0852020E 
 1264      6FE08DDC 
 1264      496A5EF0 
 1264      CF
 1265 081c 3E4FD031 		.ascii	">O\3201V\365\372K\246\214\027\376V\214\224W<E*Rs\362"
 1265      56F5FA4B 
 1265      A68C17FE 
 1265      568C9457 
 1265      3C452A52 
 1266 0832 6D3E7FB0 		.ascii	"m>\177\260\260\304?\0312l\371>W\240X\315\303\031\237"
 1266      B0C43F19 
 1266      326CF93E 
 1266      57A058CD 
 1266      C3199F
 1267 0845 AFB4A8E8 		.ascii	"\257\264\250\350oy\257f\011B\001\275\242\240\337_\024"
 1267      6F79AF66 
ARM GAS  C:\Users\ccliu\AppData\Local\Temp\ccHwLWjN.s 			page 50


 1267      094201BD 
 1267      A2A0DF5F 
 1267      14
 1268 0856 C82AF095 		.ascii	"\310*\360\225\272\304\223\013\225v\251\336\\UQT%+#="
 1268      BAC4930B 
 1268      9576A9DE 
 1268      5C555154 
 1268      252B233D 
 1269 086a 75B8CB9D 		.ascii	"u\270\313\235\356\316HM\037\225\205+)\030DMQsr=Y\036"
 1269      EECE484D 
 1269      1F95852B 
 1269      2918444D 
 1269      5173723D 
 1270 0880 5F5E51A9 		.ascii	"_^Q\251\242f!w\217\257 \265\220\260\367\274A\206\264"
 1270      A2662177 
 1270      8FAF20B5 
 1270      90B0F7BC 
 1270      4186B4
 1271 0893 197645E2 		.ascii	"\031vE\342T-\202~\242\307\027\010\346\370P1\177~~@\025"
 1271      542D827E 
 1271      A2C71708 
 1271      E6F85031 
 1271      7F7E7E40 
 1272 08a8 9475BE7F 		.ascii	"\224u\276\177\035;\301\"\012\375\2512a.\325\037\220"
 1272      1D3BC122 
 1272      0AFDA932 
 1272      612ED51F 
 1272      90
 1273 08b9 B82CD6DC 		.ascii	"\270,\326\334\322\374|\265\304\252\307\376/\007?n\011"
 1273      D2FC7CB5 
 1273      C4AAC7FE 
 1273      2F073F6E 
 1273      09
 1274              		.text
 1275              		.section	.gnu.lto_.symtab.f633155c,"e",%progbits
 1276 0000 6D734F62 		.ascii	"msObjectInit\000"
 1276      6A656374 
 1276      496E6974 
 1276      00
 1277 000d 00       		.ascii	"\000"
 1278 000e 00       		.ascii	"\000"
 1279 000f 00       		.ascii	"\000"
 1280 0010 00000000 		.ascii	"\000\000\000\000\000\000\000\000"
 1280      00000000 
 1281 0018 EC000000 		.ascii	"\354\000\000\000"
 1282              		.text
 1283              		.section	.gnu.lto_.ext_symtab.f633155c,"e",%progbits
 1284 0000 01       		.ascii	"\001"
 1285 0001 01       		.ascii	"\001"
 1286 0002 00       		.ascii	"\000"
 1287              		.text
 1288              		.section	.gnu.lto_.opts,"e",%progbits
 1289 0000 272D666E 		.ascii	"'-fno-openmp' '-fno-openacc' '-fno-pie' '-fcf-prote"
 1289      6F2D6F70 
 1289      656E6D70 
 1289      2720272D 
 1289      666E6F2D 
ARM GAS  C:\Users\ccliu\AppData\Local\Temp\ccHwLWjN.s 			page 51


 1290 0033 6374696F 		.ascii	"ction=none' '-g' '-mcpu=cortex-m4' '-mthumb' '-mflo"
 1290      6E3D6E6F 
 1290      6E652720 
 1290      272D6727 
 1290      20272D6D 
 1291 0066 61742D61 		.ascii	"at-abi=soft' '-mlibarch=armv7e-m' '-march=armv7e-m'"
 1291      62693D73 
 1291      6F667427 
 1291      20272D6D 
 1291      6C696261 
 1292 0099 20272D4F 		.ascii	" '-O0' '-fomit-frame-pointer' '-falign-functions=16"
 1292      30272027 
 1292      2D666F6D 
 1292      69742D66 
 1292      72616D65 
 1293 00cc 2720272D 		.ascii	"' '-ffunction-sections' '-fdata-sections' '-fno-com"
 1293      6666756E 
 1293      6374696F 
 1293      6E2D7365 
 1293      6374696F 
 1294 00ff 6D6F6E27 		.ascii	"mon' '-flto' '-Xassembler' '-alms=./build/lst/memst"
 1294      20272D66 
 1294      6C746F27 
 1294      20272D58 
 1294      61737365 
 1295 0132 7265616D 		.ascii	"reams.lst'\000"
 1295      732E6C73 
 1295      742700
 1296              		.text
 1297              		.comm	__gnu_lto_slim,1,1
 1298              		.ident	"GCC: (GNU Arm Embedded Toolchain 10.3-2021.07) 10.3.1 20210621 (release)"
ARM GAS  C:\Users\ccliu\AppData\Local\Temp\ccHwLWjN.s 			page 52


DEFINED SYMBOLS
                            *ABS*:00000000 memstreams.c
C:\Users\ccliu\AppData\Local\Temp\ccHwLWjN.s:22     .gnu.debuglto_.debug_info:00000000 memstreams.c.944f085d
                            *COM*:00000001 __gnu_lto_slim

NO UNDEFINED SYMBOLS
