ARM GAS  C:\Users\ccliu\AppData\Local\Temp\ccV9j1tU.s 			page 1


   1              		.cpu cortex-m4
   2              		.eabi_attribute 20, 1
   3              		.eabi_attribute 21, 1
   4              		.eabi_attribute 23, 3
   5              		.eabi_attribute 24, 1
   6              		.eabi_attribute 25, 1
   7              		.eabi_attribute 26, 1
   8              		.eabi_attribute 30, 6
   9              		.eabi_attribute 34, 1
  10              		.eabi_attribute 18, 4
  11              		.file	"nullstreams.c"
  12              		.file 1 "c:\\chibistudio\\tools\\gnu tools arm embedded\\10.3 2021.07\\lib\\gcc\\arm-none-eabi\\10
  13              		.file 2 "c:\\chibistudio\\tools\\gnu tools arm embedded\\10.3 2021.07\\arm-none-eabi\\include\\mac
  14              		.file 3 "c:\\chibistudio\\tools\\gnu tools arm embedded\\10.3 2021.07\\arm-none-eabi\\include\\sys
  15              		.file 4 "../../chibios216/os/rt/include/chearly.h"
  16              		.file 5 "../../chibios216/os/hal/lib/streams/nullstreams.h"
  17              		.file 6 "../../chibios216/os/hal/lib/streams/nullstreams.c"
  18              		.section	.gnu.debuglto_.debug_info,"e",%progbits
  19              	.Ldebug_info0:
  20              		.hidden	nullstreams.c.8af72a75
  21              		.weak	nullstreams.c.8af72a75
  22              	nullstreams.c.8af72a75:
  23 0000 B8020000 		.4byte	0x2b8
  24 0004 0400     		.2byte	0x4
  25 0006 00000000 		.4byte	.Ldebug_abbrev0
  26 000a 04       		.byte	0x4
  27 000b 01       		.uleb128 0x1
  28 000c 46000000 		.4byte	.LASF24
  29 0010 0C       		.byte	0xc
  30 0011 A1010000 		.4byte	.LASF25
  31 0015 07020000 		.4byte	.LASF26
  32 0019 00000000 		.4byte	.Ldebug_line0
  33 001d 02       		.uleb128 0x2
  34 001e 04       		.byte	0x4
  35 001f 05       		.byte	0x5
  36 0020 696E7400 		.ascii	"int\000"
  37 0024 03       		.uleb128 0x3
  38 0025 0A000000 		.4byte	.LASF4
  39 0029 01       		.byte	0x1
  40 002a D1       		.byte	0xd1
  41 002b 17       		.byte	0x17
  42 002c 30000000 		.4byte	0x30
  43 0030 04       		.uleb128 0x4
  44 0031 04       		.byte	0x4
  45 0032 07       		.byte	0x7
  46 0033 39000000 		.4byte	.LASF0
  47 0037 04       		.uleb128 0x4
  48 0038 08       		.byte	0x8
  49 0039 05       		.byte	0x5
  50 003a DB010000 		.4byte	.LASF1
  51 003e 04       		.uleb128 0x4
  52 003f 08       		.byte	0x8
  53 0040 04       		.byte	0x4
  54 0041 77010000 		.4byte	.LASF2
  55 0045 04       		.uleb128 0x4
  56 0046 01       		.byte	0x1
  57 0047 06       		.byte	0x6
ARM GAS  C:\Users\ccliu\AppData\Local\Temp\ccV9j1tU.s 			page 2


  58 0048 44020000 		.4byte	.LASF3
  59 004c 03       		.uleb128 0x3
  60 004d 00000000 		.4byte	.LASF5
  61 0051 02       		.byte	0x2
  62 0052 2B       		.byte	0x2b
  63 0053 18       		.byte	0x18
  64 0054 58000000 		.4byte	0x58
  65 0058 04       		.uleb128 0x4
  66 0059 01       		.byte	0x1
  67 005a 08       		.byte	0x8
  68 005b 57010000 		.4byte	.LASF6
  69 005f 04       		.uleb128 0x4
  70 0060 02       		.byte	0x2
  71 0061 05       		.byte	0x5
  72 0062 E9010000 		.4byte	.LASF7
  73 0066 04       		.uleb128 0x4
  74 0067 02       		.byte	0x2
  75 0068 07       		.byte	0x7
  76 0069 3E010000 		.4byte	.LASF8
  77 006d 03       		.uleb128 0x3
  78 006e 1F000000 		.4byte	.LASF9
  79 0072 02       		.byte	0x2
  80 0073 4D       		.byte	0x4d
  81 0074 18       		.byte	0x18
  82 0075 79000000 		.4byte	0x79
  83 0079 04       		.uleb128 0x4
  84 007a 04       		.byte	0x4
  85 007b 05       		.byte	0x5
  86 007c FE010000 		.4byte	.LASF10
  87 0080 04       		.uleb128 0x4
  88 0081 04       		.byte	0x4
  89 0082 07       		.byte	0x7
  90 0083 65010000 		.4byte	.LASF11
  91 0087 04       		.uleb128 0x4
  92 0088 08       		.byte	0x8
  93 0089 07       		.byte	0x7
  94 008a 21010000 		.4byte	.LASF12
  95 008e 03       		.uleb128 0x3
  96 008f 93010000 		.4byte	.LASF13
  97 0093 03       		.byte	0x3
  98 0094 18       		.byte	0x18
  99 0095 13       		.byte	0x13
 100 0096 4C000000 		.4byte	0x4c
 101 009a 05       		.uleb128 0x5
 102 009b 8E000000 		.4byte	0x8e
 103 009f 03       		.uleb128 0x3
 104 00a0 D3010000 		.4byte	.LASF14
 105 00a4 03       		.byte	0x3
 106 00a5 2C       		.byte	0x2c
 107 00a6 13       		.byte	0x13
 108 00a7 6D000000 		.4byte	0x6d
 109 00ab 03       		.uleb128 0x3
 110 00ac 9B010000 		.4byte	.LASF15
 111 00b0 04       		.byte	0x4
 112 00b1 58       		.byte	0x58
 113 00b2 19       		.byte	0x19
 114 00b3 9F000000 		.4byte	0x9f
ARM GAS  C:\Users\ccliu\AppData\Local\Temp\ccV9j1tU.s 			page 3


 115 00b7 04       		.uleb128 0x4
 116 00b8 01       		.byte	0x1
 117 00b9 08       		.byte	0x8
 118 00ba 8E010000 		.4byte	.LASF16
 119 00be 06       		.uleb128 0x6
 120 00bf 04       		.byte	0x4
 121 00c0 04       		.uleb128 0x4
 122 00c1 01       		.byte	0x1
 123 00c2 02       		.byte	0x2
 124 00c3 50020000 		.4byte	.LASF17
 125 00c7 07       		.uleb128 0x7
 126 00c8 04       		.byte	0x4
 127 00c9 8E000000 		.4byte	0x8e
 128 00cd 08       		.uleb128 0x8
 129 00ce 24000000 		.4byte	0x24
 130 00d2 E6000000 		.4byte	0xe6
 131 00d6 09       		.uleb128 0x9
 132 00d7 BE000000 		.4byte	0xbe
 133 00db 09       		.uleb128 0x9
 134 00dc E6000000 		.4byte	0xe6
 135 00e0 09       		.uleb128 0x9
 136 00e1 24000000 		.4byte	0x24
 137 00e5 00       		.byte	0
 138 00e6 07       		.uleb128 0x7
 139 00e7 04       		.byte	0x4
 140 00e8 9A000000 		.4byte	0x9a
 141 00ec 07       		.uleb128 0x7
 142 00ed 04       		.byte	0x4
 143 00ee CD000000 		.4byte	0xcd
 144 00f2 08       		.uleb128 0x8
 145 00f3 24000000 		.4byte	0x24
 146 00f7 0B010000 		.4byte	0x10b
 147 00fb 09       		.uleb128 0x9
 148 00fc BE000000 		.4byte	0xbe
 149 0100 09       		.uleb128 0x9
 150 0101 C7000000 		.4byte	0xc7
 151 0105 09       		.uleb128 0x9
 152 0106 24000000 		.4byte	0x24
 153 010a 00       		.byte	0
 154 010b 07       		.uleb128 0x7
 155 010c 04       		.byte	0x4
 156 010d F2000000 		.4byte	0xf2
 157 0111 08       		.uleb128 0x8
 158 0112 AB000000 		.4byte	0xab
 159 0116 25010000 		.4byte	0x125
 160 011a 09       		.uleb128 0x9
 161 011b BE000000 		.4byte	0xbe
 162 011f 09       		.uleb128 0x9
 163 0120 8E000000 		.4byte	0x8e
 164 0124 00       		.byte	0
 165 0125 07       		.uleb128 0x7
 166 0126 04       		.byte	0x4
 167 0127 11010000 		.4byte	0x111
 168 012b 08       		.uleb128 0x8
 169 012c AB000000 		.4byte	0xab
 170 0130 3A010000 		.4byte	0x13a
 171 0134 09       		.uleb128 0x9
ARM GAS  C:\Users\ccliu\AppData\Local\Temp\ccV9j1tU.s 			page 4


 172 0135 BE000000 		.4byte	0xbe
 173 0139 00       		.byte	0
 174 013a 07       		.uleb128 0x7
 175 013b 04       		.byte	0x4
 176 013c 2B010000 		.4byte	0x12b
 177 0140 0A       		.uleb128 0xa
 178 0141 11000000 		.4byte	.LASF27
 179 0145 18       		.byte	0x18
 180 0146 05       		.byte	0x5
 181 0147 35       		.byte	0x35
 182 0148 08       		.byte	0x8
 183 0149 9C010000 		.4byte	0x19c
 184 014d 0B       		.uleb128 0xb
 185 014e 29000000 		.4byte	.LASF18
 186 0152 05       		.byte	0x5
 187 0153 36       		.byte	0x36
 188 0154 03       		.byte	0x3
 189 0155 24000000 		.4byte	0x24
 190 0159 00       		.byte	0
 191 015a 0B       		.uleb128 0xb
 192 015b 51010000 		.4byte	.LASF19
 193 015f 05       		.byte	0x5
 194 0160 36       		.byte	0x36
 195 0161 03       		.byte	0x3
 196 0162 EC000000 		.4byte	0xec
 197 0166 04       		.byte	0x4
 198 0167 0B       		.uleb128 0xb
 199 0168 83010000 		.4byte	.LASF20
 200 016c 05       		.byte	0x5
 201 016d 36       		.byte	0x36
 202 016e 03       		.byte	0x3
 203 016f 0B010000 		.4byte	0x10b
 204 0173 08       		.byte	0x8
 205 0174 0C       		.uleb128 0xc
 206 0175 70757400 		.ascii	"put\000"
 207 0179 05       		.byte	0x5
 208 017a 36       		.byte	0x36
 209 017b 03       		.byte	0x3
 210 017c 25010000 		.4byte	0x125
 211 0180 0C       		.byte	0xc
 212 0181 0C       		.uleb128 0xc
 213 0182 67657400 		.ascii	"get\000"
 214 0186 05       		.byte	0x5
 215 0187 36       		.byte	0x36
 216 0188 03       		.byte	0x3
 217 0189 3A010000 		.4byte	0x13a
 218 018d 10       		.byte	0x10
 219 018e 0B       		.uleb128 0xb
 220 018f 88010000 		.4byte	.LASF21
 221 0193 05       		.byte	0x5
 222 0194 36       		.byte	0x36
 223 0195 03       		.byte	0x3
 224 0196 25010000 		.4byte	0x125
 225 019a 14       		.byte	0x14
 226 019b 00       		.byte	0
 227 019c 05       		.uleb128 0x5
 228 019d 40010000 		.4byte	0x140
ARM GAS  C:\Users\ccliu\AppData\Local\Temp\ccV9j1tU.s 			page 5


 229 01a1 0D       		.uleb128 0xd
 230 01a2 04       		.byte	0x4
 231 01a3 05       		.byte	0x5
 232 01a4 3E       		.byte	0x3e
 233 01a5 09       		.byte	0x9
 234 01a6 B8010000 		.4byte	0x1b8
 235 01aa 0C       		.uleb128 0xc
 236 01ab 766D7400 		.ascii	"vmt\000"
 237 01af 05       		.byte	0x5
 238 01b0 40       		.byte	0x40
 239 01b1 1F       		.byte	0x1f
 240 01b2 B8010000 		.4byte	0x1b8
 241 01b6 00       		.byte	0
 242 01b7 00       		.byte	0
 243 01b8 07       		.uleb128 0x7
 244 01b9 04       		.byte	0x4
 245 01ba 9C010000 		.4byte	0x19c
 246 01be 03       		.uleb128 0x3
 247 01bf F3010000 		.4byte	.LASF22
 248 01c3 05       		.byte	0x5
 249 01c4 42       		.byte	0x42
 250 01c5 03       		.byte	0x3
 251 01c6 A1010000 		.4byte	0x1a1
 252 01ca 0E       		.uleb128 0xe
 253 01cb 766D7400 		.ascii	"vmt\000"
 254 01cf 06       		.byte	0x6
 255 01d0 56       		.byte	0x56
 256 01d1 23       		.byte	0x23
 257 01d2 9C010000 		.4byte	0x19c
 258 01d6 0F       		.uleb128 0xf
 259 01d7 12010000 		.4byte	.LASF28
 260 01db 06       		.byte	0x6
 261 01dc 61       		.byte	0x61
 262 01dd 06       		.byte	0x6
 263 01de EF010000 		.4byte	0x1ef
 264 01e2 10       		.uleb128 0x10
 265 01e3 6E737000 		.ascii	"nsp\000"
 266 01e7 06       		.byte	0x6
 267 01e8 61       		.byte	0x61
 268 01e9 21       		.byte	0x21
 269 01ea EF010000 		.4byte	0x1ef
 270 01ee 00       		.byte	0
 271 01ef 07       		.uleb128 0x7
 272 01f0 04       		.byte	0x4
 273 01f1 BE010000 		.4byte	0x1be
 274 01f5 11       		.uleb128 0x11
 275 01f6 88010000 		.4byte	.LASF21
 276 01fa 06       		.byte	0x6
 277 01fb 4D       		.byte	0x4d
 278 01fc 0E       		.byte	0xe
 279 01fd AB000000 		.4byte	0xab
 280 0201 1B020000 		.4byte	0x21b
 281 0205 10       		.uleb128 0x10
 282 0206 697000   		.ascii	"ip\000"
 283 0209 06       		.byte	0x6
 284 020a 4D       		.byte	0x4d
 285 020b 1A       		.byte	0x1a
ARM GAS  C:\Users\ccliu\AppData\Local\Temp\ccV9j1tU.s 			page 6


 286 020c BE000000 		.4byte	0xbe
 287 0210 10       		.uleb128 0x10
 288 0211 6200     		.ascii	"b\000"
 289 0213 06       		.byte	0x6
 290 0214 4D       		.byte	0x4d
 291 0215 26       		.byte	0x26
 292 0216 8E000000 		.4byte	0x8e
 293 021a 00       		.byte	0
 294 021b 12       		.uleb128 0x12
 295 021c 67657400 		.ascii	"get\000"
 296 0220 06       		.byte	0x6
 297 0221 46       		.byte	0x46
 298 0222 0E       		.byte	0xe
 299 0223 AB000000 		.4byte	0xab
 300 0227 37020000 		.4byte	0x237
 301 022b 10       		.uleb128 0x10
 302 022c 697000   		.ascii	"ip\000"
 303 022f 06       		.byte	0x6
 304 0230 46       		.byte	0x46
 305 0231 18       		.byte	0x18
 306 0232 BE000000 		.4byte	0xbe
 307 0236 00       		.byte	0
 308 0237 12       		.uleb128 0x12
 309 0238 70757400 		.ascii	"put\000"
 310 023c 06       		.byte	0x6
 311 023d 3E       		.byte	0x3e
 312 023e 0E       		.byte	0xe
 313 023f AB000000 		.4byte	0xab
 314 0243 5D020000 		.4byte	0x25d
 315 0247 10       		.uleb128 0x10
 316 0248 697000   		.ascii	"ip\000"
 317 024b 06       		.byte	0x6
 318 024c 3E       		.byte	0x3e
 319 024d 18       		.byte	0x18
 320 024e BE000000 		.4byte	0xbe
 321 0252 10       		.uleb128 0x10
 322 0253 6200     		.ascii	"b\000"
 323 0255 06       		.byte	0x6
 324 0256 3E       		.byte	0x3e
 325 0257 24       		.byte	0x24
 326 0258 8E000000 		.4byte	0x8e
 327 025c 00       		.byte	0
 328 025d 11       		.uleb128 0x11
 329 025e 38010000 		.4byte	.LASF23
 330 0262 06       		.byte	0x6
 331 0263 35       		.byte	0x35
 332 0264 0F       		.byte	0xf
 333 0265 24000000 		.4byte	0x24
 334 0269 8E020000 		.4byte	0x28e
 335 026d 10       		.uleb128 0x10
 336 026e 697000   		.ascii	"ip\000"
 337 0271 06       		.byte	0x6
 338 0272 35       		.byte	0x35
 339 0273 1B       		.byte	0x1b
 340 0274 BE000000 		.4byte	0xbe
 341 0278 10       		.uleb128 0x10
 342 0279 627000   		.ascii	"bp\000"
ARM GAS  C:\Users\ccliu\AppData\Local\Temp\ccV9j1tU.s 			page 7


 343 027c 06       		.byte	0x6
 344 027d 35       		.byte	0x35
 345 027e 28       		.byte	0x28
 346 027f C7000000 		.4byte	0xc7
 347 0283 10       		.uleb128 0x10
 348 0284 6E00     		.ascii	"n\000"
 349 0286 06       		.byte	0x6
 350 0287 35       		.byte	0x35
 351 0288 33       		.byte	0x33
 352 0289 24000000 		.4byte	0x24
 353 028d 00       		.byte	0
 354 028e 13       		.uleb128 0x13
 355 028f 0B010000 		.4byte	.LASF29
 356 0293 06       		.byte	0x6
 357 0294 2D       		.byte	0x2d
 358 0295 0F       		.byte	0xf
 359 0296 24000000 		.4byte	0x24
 360 029a 10       		.uleb128 0x10
 361 029b 697000   		.ascii	"ip\000"
 362 029e 06       		.byte	0x6
 363 029f 2D       		.byte	0x2d
 364 02a0 1C       		.byte	0x1c
 365 02a1 BE000000 		.4byte	0xbe
 366 02a5 10       		.uleb128 0x10
 367 02a6 627000   		.ascii	"bp\000"
 368 02a9 06       		.byte	0x6
 369 02aa 2D       		.byte	0x2d
 370 02ab 2F       		.byte	0x2f
 371 02ac E6000000 		.4byte	0xe6
 372 02b0 10       		.uleb128 0x10
 373 02b1 6E00     		.ascii	"n\000"
 374 02b3 06       		.byte	0x6
 375 02b4 2D       		.byte	0x2d
 376 02b5 3A       		.byte	0x3a
 377 02b6 24000000 		.4byte	0x24
 378 02ba 00       		.byte	0
 379 02bb 00       		.byte	0
 380              		.section	.gnu.debuglto_.debug_abbrev,"e",%progbits
 381              	.Ldebug_abbrev0:
 382 0000 01       		.uleb128 0x1
 383 0001 11       		.uleb128 0x11
 384 0002 01       		.byte	0x1
 385 0003 25       		.uleb128 0x25
 386 0004 0E       		.uleb128 0xe
 387 0005 13       		.uleb128 0x13
 388 0006 0B       		.uleb128 0xb
 389 0007 03       		.uleb128 0x3
 390 0008 0E       		.uleb128 0xe
 391 0009 1B       		.uleb128 0x1b
 392 000a 0E       		.uleb128 0xe
 393 000b 10       		.uleb128 0x10
 394 000c 17       		.uleb128 0x17
 395 000d 00       		.byte	0
 396 000e 00       		.byte	0
 397 000f 02       		.uleb128 0x2
 398 0010 24       		.uleb128 0x24
 399 0011 00       		.byte	0
ARM GAS  C:\Users\ccliu\AppData\Local\Temp\ccV9j1tU.s 			page 8


 400 0012 0B       		.uleb128 0xb
 401 0013 0B       		.uleb128 0xb
 402 0014 3E       		.uleb128 0x3e
 403 0015 0B       		.uleb128 0xb
 404 0016 03       		.uleb128 0x3
 405 0017 08       		.uleb128 0x8
 406 0018 00       		.byte	0
 407 0019 00       		.byte	0
 408 001a 03       		.uleb128 0x3
 409 001b 16       		.uleb128 0x16
 410 001c 00       		.byte	0
 411 001d 03       		.uleb128 0x3
 412 001e 0E       		.uleb128 0xe
 413 001f 3A       		.uleb128 0x3a
 414 0020 0B       		.uleb128 0xb
 415 0021 3B       		.uleb128 0x3b
 416 0022 0B       		.uleb128 0xb
 417 0023 39       		.uleb128 0x39
 418 0024 0B       		.uleb128 0xb
 419 0025 49       		.uleb128 0x49
 420 0026 13       		.uleb128 0x13
 421 0027 00       		.byte	0
 422 0028 00       		.byte	0
 423 0029 04       		.uleb128 0x4
 424 002a 24       		.uleb128 0x24
 425 002b 00       		.byte	0
 426 002c 0B       		.uleb128 0xb
 427 002d 0B       		.uleb128 0xb
 428 002e 3E       		.uleb128 0x3e
 429 002f 0B       		.uleb128 0xb
 430 0030 03       		.uleb128 0x3
 431 0031 0E       		.uleb128 0xe
 432 0032 00       		.byte	0
 433 0033 00       		.byte	0
 434 0034 05       		.uleb128 0x5
 435 0035 26       		.uleb128 0x26
 436 0036 00       		.byte	0
 437 0037 49       		.uleb128 0x49
 438 0038 13       		.uleb128 0x13
 439 0039 00       		.byte	0
 440 003a 00       		.byte	0
 441 003b 06       		.uleb128 0x6
 442 003c 0F       		.uleb128 0xf
 443 003d 00       		.byte	0
 444 003e 0B       		.uleb128 0xb
 445 003f 0B       		.uleb128 0xb
 446 0040 00       		.byte	0
 447 0041 00       		.byte	0
 448 0042 07       		.uleb128 0x7
 449 0043 0F       		.uleb128 0xf
 450 0044 00       		.byte	0
 451 0045 0B       		.uleb128 0xb
 452 0046 0B       		.uleb128 0xb
 453 0047 49       		.uleb128 0x49
 454 0048 13       		.uleb128 0x13
 455 0049 00       		.byte	0
 456 004a 00       		.byte	0
ARM GAS  C:\Users\ccliu\AppData\Local\Temp\ccV9j1tU.s 			page 9


 457 004b 08       		.uleb128 0x8
 458 004c 15       		.uleb128 0x15
 459 004d 01       		.byte	0x1
 460 004e 27       		.uleb128 0x27
 461 004f 19       		.uleb128 0x19
 462 0050 49       		.uleb128 0x49
 463 0051 13       		.uleb128 0x13
 464 0052 01       		.uleb128 0x1
 465 0053 13       		.uleb128 0x13
 466 0054 00       		.byte	0
 467 0055 00       		.byte	0
 468 0056 09       		.uleb128 0x9
 469 0057 05       		.uleb128 0x5
 470 0058 00       		.byte	0
 471 0059 49       		.uleb128 0x49
 472 005a 13       		.uleb128 0x13
 473 005b 00       		.byte	0
 474 005c 00       		.byte	0
 475 005d 0A       		.uleb128 0xa
 476 005e 13       		.uleb128 0x13
 477 005f 01       		.byte	0x1
 478 0060 03       		.uleb128 0x3
 479 0061 0E       		.uleb128 0xe
 480 0062 0B       		.uleb128 0xb
 481 0063 0B       		.uleb128 0xb
 482 0064 3A       		.uleb128 0x3a
 483 0065 0B       		.uleb128 0xb
 484 0066 3B       		.uleb128 0x3b
 485 0067 0B       		.uleb128 0xb
 486 0068 39       		.uleb128 0x39
 487 0069 0B       		.uleb128 0xb
 488 006a 01       		.uleb128 0x1
 489 006b 13       		.uleb128 0x13
 490 006c 00       		.byte	0
 491 006d 00       		.byte	0
 492 006e 0B       		.uleb128 0xb
 493 006f 0D       		.uleb128 0xd
 494 0070 00       		.byte	0
 495 0071 03       		.uleb128 0x3
 496 0072 0E       		.uleb128 0xe
 497 0073 3A       		.uleb128 0x3a
 498 0074 0B       		.uleb128 0xb
 499 0075 3B       		.uleb128 0x3b
 500 0076 0B       		.uleb128 0xb
 501 0077 39       		.uleb128 0x39
 502 0078 0B       		.uleb128 0xb
 503 0079 49       		.uleb128 0x49
 504 007a 13       		.uleb128 0x13
 505 007b 38       		.uleb128 0x38
 506 007c 0B       		.uleb128 0xb
 507 007d 00       		.byte	0
 508 007e 00       		.byte	0
 509 007f 0C       		.uleb128 0xc
 510 0080 0D       		.uleb128 0xd
 511 0081 00       		.byte	0
 512 0082 03       		.uleb128 0x3
 513 0083 08       		.uleb128 0x8
ARM GAS  C:\Users\ccliu\AppData\Local\Temp\ccV9j1tU.s 			page 10


 514 0084 3A       		.uleb128 0x3a
 515 0085 0B       		.uleb128 0xb
 516 0086 3B       		.uleb128 0x3b
 517 0087 0B       		.uleb128 0xb
 518 0088 39       		.uleb128 0x39
 519 0089 0B       		.uleb128 0xb
 520 008a 49       		.uleb128 0x49
 521 008b 13       		.uleb128 0x13
 522 008c 38       		.uleb128 0x38
 523 008d 0B       		.uleb128 0xb
 524 008e 00       		.byte	0
 525 008f 00       		.byte	0
 526 0090 0D       		.uleb128 0xd
 527 0091 13       		.uleb128 0x13
 528 0092 01       		.byte	0x1
 529 0093 0B       		.uleb128 0xb
 530 0094 0B       		.uleb128 0xb
 531 0095 3A       		.uleb128 0x3a
 532 0096 0B       		.uleb128 0xb
 533 0097 3B       		.uleb128 0x3b
 534 0098 0B       		.uleb128 0xb
 535 0099 39       		.uleb128 0x39
 536 009a 0B       		.uleb128 0xb
 537 009b 01       		.uleb128 0x1
 538 009c 13       		.uleb128 0x13
 539 009d 00       		.byte	0
 540 009e 00       		.byte	0
 541 009f 0E       		.uleb128 0xe
 542 00a0 34       		.uleb128 0x34
 543 00a1 00       		.byte	0
 544 00a2 03       		.uleb128 0x3
 545 00a3 08       		.uleb128 0x8
 546 00a4 3A       		.uleb128 0x3a
 547 00a5 0B       		.uleb128 0xb
 548 00a6 3B       		.uleb128 0x3b
 549 00a7 0B       		.uleb128 0xb
 550 00a8 39       		.uleb128 0x39
 551 00a9 0B       		.uleb128 0xb
 552 00aa 49       		.uleb128 0x49
 553 00ab 13       		.uleb128 0x13
 554 00ac 00       		.byte	0
 555 00ad 00       		.byte	0
 556 00ae 0F       		.uleb128 0xf
 557 00af 2E       		.uleb128 0x2e
 558 00b0 01       		.byte	0x1
 559 00b1 3F       		.uleb128 0x3f
 560 00b2 19       		.uleb128 0x19
 561 00b3 03       		.uleb128 0x3
 562 00b4 0E       		.uleb128 0xe
 563 00b5 3A       		.uleb128 0x3a
 564 00b6 0B       		.uleb128 0xb
 565 00b7 3B       		.uleb128 0x3b
 566 00b8 0B       		.uleb128 0xb
 567 00b9 39       		.uleb128 0x39
 568 00ba 0B       		.uleb128 0xb
 569 00bb 27       		.uleb128 0x27
 570 00bc 19       		.uleb128 0x19
ARM GAS  C:\Users\ccliu\AppData\Local\Temp\ccV9j1tU.s 			page 11


 571 00bd 01       		.uleb128 0x1
 572 00be 13       		.uleb128 0x13
 573 00bf 00       		.byte	0
 574 00c0 00       		.byte	0
 575 00c1 10       		.uleb128 0x10
 576 00c2 05       		.uleb128 0x5
 577 00c3 00       		.byte	0
 578 00c4 03       		.uleb128 0x3
 579 00c5 08       		.uleb128 0x8
 580 00c6 3A       		.uleb128 0x3a
 581 00c7 0B       		.uleb128 0xb
 582 00c8 3B       		.uleb128 0x3b
 583 00c9 0B       		.uleb128 0xb
 584 00ca 39       		.uleb128 0x39
 585 00cb 0B       		.uleb128 0xb
 586 00cc 49       		.uleb128 0x49
 587 00cd 13       		.uleb128 0x13
 588 00ce 00       		.byte	0
 589 00cf 00       		.byte	0
 590 00d0 11       		.uleb128 0x11
 591 00d1 2E       		.uleb128 0x2e
 592 00d2 01       		.byte	0x1
 593 00d3 03       		.uleb128 0x3
 594 00d4 0E       		.uleb128 0xe
 595 00d5 3A       		.uleb128 0x3a
 596 00d6 0B       		.uleb128 0xb
 597 00d7 3B       		.uleb128 0x3b
 598 00d8 0B       		.uleb128 0xb
 599 00d9 39       		.uleb128 0x39
 600 00da 0B       		.uleb128 0xb
 601 00db 27       		.uleb128 0x27
 602 00dc 19       		.uleb128 0x19
 603 00dd 49       		.uleb128 0x49
 604 00de 13       		.uleb128 0x13
 605 00df 01       		.uleb128 0x1
 606 00e0 13       		.uleb128 0x13
 607 00e1 00       		.byte	0
 608 00e2 00       		.byte	0
 609 00e3 12       		.uleb128 0x12
 610 00e4 2E       		.uleb128 0x2e
 611 00e5 01       		.byte	0x1
 612 00e6 03       		.uleb128 0x3
 613 00e7 08       		.uleb128 0x8
 614 00e8 3A       		.uleb128 0x3a
 615 00e9 0B       		.uleb128 0xb
 616 00ea 3B       		.uleb128 0x3b
 617 00eb 0B       		.uleb128 0xb
 618 00ec 39       		.uleb128 0x39
 619 00ed 0B       		.uleb128 0xb
 620 00ee 27       		.uleb128 0x27
 621 00ef 19       		.uleb128 0x19
 622 00f0 49       		.uleb128 0x49
 623 00f1 13       		.uleb128 0x13
 624 00f2 01       		.uleb128 0x1
 625 00f3 13       		.uleb128 0x13
 626 00f4 00       		.byte	0
 627 00f5 00       		.byte	0
ARM GAS  C:\Users\ccliu\AppData\Local\Temp\ccV9j1tU.s 			page 12


 628 00f6 13       		.uleb128 0x13
 629 00f7 2E       		.uleb128 0x2e
 630 00f8 01       		.byte	0x1
 631 00f9 03       		.uleb128 0x3
 632 00fa 0E       		.uleb128 0xe
 633 00fb 3A       		.uleb128 0x3a
 634 00fc 0B       		.uleb128 0xb
 635 00fd 3B       		.uleb128 0x3b
 636 00fe 0B       		.uleb128 0xb
 637 00ff 39       		.uleb128 0x39
 638 0100 0B       		.uleb128 0xb
 639 0101 27       		.uleb128 0x27
 640 0102 19       		.uleb128 0x19
 641 0103 49       		.uleb128 0x49
 642 0104 13       		.uleb128 0x13
 643 0105 00       		.byte	0
 644 0106 00       		.byte	0
 645 0107 00       		.byte	0
 646              		.section	.gnu.debuglto_.debug_line,"e",%progbits
 647              	.Ldebug_line0:
 648 0000 C1010000 		.4byte	.LELT0-.LSLT0
 649              	.LSLT0:
 650 0004 0400     		.2byte	0x4
 651 0006 BB010000 		.4byte	.LELTP0-.LASLTP0
 652              	.LASLTP0:
 653 000a 01       		.byte	0x1
 654 000b 01       		.byte	0x1
 655 000c 01       		.byte	0x1
 656 000d F6       		.byte	0xf6
 657 000e F2       		.byte	0xf2
 658 000f 0D       		.byte	0xd
 659 0010 00       		.byte	0
 660 0011 01       		.byte	0x1
 661 0012 01       		.byte	0x1
 662 0013 01       		.byte	0x1
 663 0014 01       		.byte	0x1
 664 0015 00       		.byte	0
 665 0016 00       		.byte	0
 666 0017 00       		.byte	0
 667 0018 01       		.byte	0x1
 668 0019 00       		.byte	0
 669 001a 00       		.byte	0
 670 001b 01       		.byte	0x1
 671 001c 2E2E2F2E 		.ascii	"../../chibios216/os/hal/lib/streams"
 671      2E2F6368 
 671      6962696F 
 671      73323136 
 671      2F6F732F 
 672 003f 00       		.byte	0
 673 0040 2E2E2F2E 		.ascii	"../../chibios216/os/rt/include"
 673      2E2F6368 
 673      6962696F 
 673      73323136 
 673      2F6F732F 
 674 005e 00       		.byte	0
 675 005f 633A5C63 		.ascii	"c:\\chibistudio\\tools\\gnu tools arm embedded\\10."
 675      68696269 
ARM GAS  C:\Users\ccliu\AppData\Local\Temp\ccV9j1tU.s 			page 13


 675      73747564 
 675      696F5C74 
 675      6F6F6C73 
 676 008e 33203230 		.ascii	"3 2021.07\\arm-none-eabi\\include\\machine"
 676      32312E30 
 676      375C6172 
 676      6D2D6E6F 
 676      6E652D65 
 677 00b5 00       		.byte	0
 678 00b6 633A5C63 		.ascii	"c:\\chibistudio\\tools\\gnu tools arm embedded\\10."
 678      68696269 
 678      73747564 
 678      696F5C74 
 678      6F6F6C73 
 679 00e5 33203230 		.ascii	"3 2021.07\\arm-none-eabi\\include\\sys"
 679      32312E30 
 679      375C6172 
 679      6D2D6E6F 
 679      6E652D65 
 680 0108 00       		.byte	0
 681 0109 633A5C63 		.ascii	"c:\\chibistudio\\tools\\gnu tools arm embedded\\10."
 681      68696269 
 681      73747564 
 681      696F5C74 
 681      6F6F6C73 
 682 0138 33203230 		.ascii	"3 2021.07\\lib\\gcc\\arm-none-eabi\\10.3.1\\include"
 682      32312E30 
 682      375C6C69 
 682      625C6763 
 682      635C6172 
 683 0166 00       		.byte	0
 684 0167 00       		.byte	0
 685 0168 73746464 		.ascii	"stddef.h\000"
 685      65662E68 
 685      00
 686 0171 05       		.uleb128 0x5
 687 0172 00       		.uleb128 0
 688 0173 00       		.uleb128 0
 689 0174 5F646566 		.ascii	"_default_types.h\000"
 689      61756C74 
 689      5F747970 
 689      65732E68 
 689      00
 690 0185 03       		.uleb128 0x3
 691 0186 00       		.uleb128 0
 692 0187 00       		.uleb128 0
 693 0188 5F737464 		.ascii	"_stdint.h\000"
 693      696E742E 
 693      6800
 694 0192 04       		.uleb128 0x4
 695 0193 00       		.uleb128 0
 696 0194 00       		.uleb128 0
 697 0195 63686561 		.ascii	"chearly.h\000"
 697      726C792E 
 697      6800
 698 019f 02       		.uleb128 0x2
 699 01a0 00       		.uleb128 0
ARM GAS  C:\Users\ccliu\AppData\Local\Temp\ccV9j1tU.s 			page 14


 700 01a1 00       		.uleb128 0
 701 01a2 6E756C6C 		.ascii	"nullstreams.h\000"
 701      73747265 
 701      616D732E 
 701      6800
 702 01b0 01       		.uleb128 0x1
 703 01b1 00       		.uleb128 0
 704 01b2 00       		.uleb128 0
 705 01b3 6E756C6C 		.ascii	"nullstreams.c\000"
 705      73747265 
 705      616D732E 
 705      6300
 706 01c1 01       		.uleb128 0x1
 707 01c2 00       		.uleb128 0
 708 01c3 00       		.uleb128 0
 709 01c4 00       		.byte	0
 710              	.LELTP0:
 711              	.LELT0:
 712              		.section	.gnu.debuglto_.debug_str,"eMS",%progbits,1
 713              	.LASF5:
 714 0000 5F5F7569 		.ascii	"__uint8_t\000"
 714      6E74385F 
 714      7400
 715              	.LASF4:
 716 000a 73697A65 		.ascii	"size_t\000"
 716      5F7400
 717              	.LASF27:
 718 0011 4E756C6C 		.ascii	"NullStreamVMT\000"
 718      53747265 
 718      616D564D 
 718      5400
 719              	.LASF9:
 720 001f 5F5F696E 		.ascii	"__int32_t\000"
 720      7433325F 
 720      7400
 721              	.LASF18:
 722 0029 696E7374 		.ascii	"instance_offset\000"
 722      616E6365 
 722      5F6F6666 
 722      73657400 
 723              	.LASF0:
 724 0039 756E7369 		.ascii	"unsigned int\000"
 724      676E6564 
 724      20696E74 
 724      00
 725              	.LASF24:
 726 0046 474E5520 		.ascii	"GNU C17 10.3.1 20210621 (release) -mcpu=cortex-m4 -"
 726      43313720 
 726      31302E33 
 726      2E312032 
 726      30323130 
 727 0079 6D746875 		.ascii	"mthumb -mfloat-abi=soft -march=armv7e-m -ggdb -O0 -"
 727      6D62202D 
 727      6D666C6F 
 727      61742D61 
 727      62693D73 
 728 00ac 666F6D69 		.ascii	"fomit-frame-pointer -falign-functions=16 -ffunction"
ARM GAS  C:\Users\ccliu\AppData\Local\Temp\ccV9j1tU.s 			page 15


 728      742D6672 
 728      616D652D 
 728      706F696E 
 728      74657220 
 729 00df 2D736563 		.ascii	"-sections -fdata-sections -fno-common -flto\000"
 729      74696F6E 
 729      73202D66 
 729      64617461 
 729      2D736563 
 730              	.LASF29:
 731 010b 77726974 		.ascii	"writes\000"
 731      657300
 732              	.LASF28:
 733 0112 6E756C6C 		.ascii	"nullObjectInit\000"
 733      4F626A65 
 733      6374496E 
 733      697400
 734              	.LASF12:
 735 0121 6C6F6E67 		.ascii	"long long unsigned int\000"
 735      206C6F6E 
 735      6720756E 
 735      7369676E 
 735      65642069 
 736              	.LASF23:
 737 0138 72656164 		.ascii	"reads\000"
 737      7300
 738              	.LASF8:
 739 013e 73686F72 		.ascii	"short unsigned int\000"
 739      7420756E 
 739      7369676E 
 739      65642069 
 739      6E7400
 740              	.LASF19:
 741 0151 77726974 		.ascii	"write\000"
 741      6500
 742              	.LASF6:
 743 0157 756E7369 		.ascii	"unsigned char\000"
 743      676E6564 
 743      20636861 
 743      7200
 744              	.LASF11:
 745 0165 6C6F6E67 		.ascii	"long unsigned int\000"
 745      20756E73 
 745      69676E65 
 745      6420696E 
 745      7400
 746              	.LASF2:
 747 0177 6C6F6E67 		.ascii	"long double\000"
 747      20646F75 
 747      626C6500 
 748              	.LASF20:
 749 0183 72656164 		.ascii	"read\000"
 749      00
 750              	.LASF21:
 751 0188 756E6765 		.ascii	"unget\000"
 751      7400
 752              	.LASF16:
ARM GAS  C:\Users\ccliu\AppData\Local\Temp\ccV9j1tU.s 			page 16


 753 018e 63686172 		.ascii	"char\000"
 753      00
 754              	.LASF13:
 755 0193 75696E74 		.ascii	"uint8_t\000"
 755      385F7400 
 756              	.LASF15:
 757 019b 6D73675F 		.ascii	"msg_t\000"
 757      7400
 758              	.LASF25:
 759 01a1 2E2E2F2E 		.ascii	"../../chibios216/os/hal/lib/streams/nullstreams.c\000"
 759      2E2F6368 
 759      6962696F 
 759      73323136 
 759      2F6F732F 
 760              	.LASF14:
 761 01d3 696E7433 		.ascii	"int32_t\000"
 761      325F7400 
 762              	.LASF1:
 763 01db 6C6F6E67 		.ascii	"long long int\000"
 763      206C6F6E 
 763      6720696E 
 763      7400
 764              	.LASF7:
 765 01e9 73686F72 		.ascii	"short int\000"
 765      7420696E 
 765      7400
 766              	.LASF22:
 767 01f3 4E756C6C 		.ascii	"NullStream\000"
 767      53747265 
 767      616D00
 768              	.LASF10:
 769 01fe 6C6F6E67 		.ascii	"long int\000"
 769      20696E74 
 769      00
 770              	.LASF26:
 771 0207 433A5C43 		.ascii	"C:\\ChibiStudio\\workspace_user\\RT-STM32F401RE-NUC"
 771      68696269 
 771      53747564 
 771      696F5C77 
 771      6F726B73 
 772 0237 4C454F36 		.ascii	"LEO64-Shell2\000"
 772      342D5368 
 772      656C6C32 
 772      00
 773              	.LASF3:
 774 0244 7369676E 		.ascii	"signed char\000"
 774      65642063 
 774      68617200 
 775              	.LASF17:
 776 0250 5F426F6F 		.ascii	"_Bool\000"
 776      6C00
 777              		.text
 778              		.section	.gnu.lto_.inline.f6336cf8,"e",%progbits
 779 0000 789C3BC7 		.ascii	"x\234;\307\200\000l\014\014\314\015@\300\224\302\300"
 779      80006C0C 
 779      0CCC0D40 
 779      C094C2C0 
ARM GAS  C:\Users\ccliu\AppData\Local\Temp\ccV9j1tU.s 			page 17


 780 0010 C0C40463 		.ascii	"\300\304\004c\26104\002YuL\014L@%\214\004U0\021T\301"
 780      B1303402 
 780      59754C0C 
 780      4C40258C 
 780      04553011 
 781 0026 4C50050B 		.ascii	"LP\005\013A\025\254\014, qf\220\0128\013E\005\003\000"
 781      4115AC0C 
 781      2C207166 
 781      900A380B 
 781      45050300 
 782 003a CA3C2D05 		.ascii	"\312<-\005"
 783              		.text
 784              		.section	.gnu.lto_.jmpfuncs.f6336cf8,"e",%progbits
 785 0000 789C6362 		.ascii	"x\234cb@\006\000\000*\000\003"
 785      40060000 
 785      2A0003
 786              		.text
 787              		.section	.gnu.lto_.lto.f6336cf8,"e",%progbits
 788 0000 09000400 		.ascii	"\011\000\004\000\001\000\000\000"
 788      01000000 
 789              		.text
 790              		.section	.gnu.lto_writes.375.f6336cf8,"e",%progbits
 791 0000 789C6590 		.ascii	"x\234e\220\317K\033Q\020\307\347\373\336n\325\277\240"
 791      CF4B1B51 
 791      10C7E7FB 
 791      DE6ED5BF 
 791      A0
 792 0011 C70A528A 		.ascii	"\307\012R\212\207d\3536\376\240P\020Bz\262\025\214\275"
 792      8764EB36 
 792      FEA05010 
 792      427AB215 
 792      8CBD
 793 0023 05CA26DD 		.ascii	"\005\312&\335\222\305\255\011\331$\036\363\014\344\342"
 793      92C5AD09 
 793      D9241EF3 
 793      0CE4E2
 794 0032 414DBC89 		.ascii	"AM\274\211\210\204\264x\323\203R\245\026r\3541\024B"
 794      8884B478 
 794      D38352A5 
 794      1672EC31 
 794      1442
 795 0044 8E152FA5 		.ascii	"\216\025/\245*6x\022\021\342{\351B\023\034\346\301\314"
 795      2A367812 
 795      11E27BE9 
 795      42131CE6 
 795      C1CC
 796 0056 BC0FDFEF 		.ascii	"\274\017\337\3570Y\020U\210\310\220\2174B\245\274\302"
 796      30591055 
 796      88C8908F 
 796      3442A5BC 
 796      C2
 797 0067 A8D3E914 		.ascii	"\250\323\351\0244\206\215\362J\353\313\010\276\243\333"
 797      34868DF2 
 797      4AEBCB08 
 797      BEA3DB
 798 0076 732C6BDD 		.ascii	"s,k\335\002T`\034\005l\360-\216\012\257q\202\346W\300"
 798      0254601C 
ARM GAS  C:\Users\ccliu\AppData\Local\Temp\ccV9j1tU.s 			page 18


 798      056CF02D 
 798      8E0AAF71 
 798      82E657C0 
 799 008a F0685D88 		.ascii	"\360h]\210\233\322Y\343b`k\267\256\3258\243m\011\034"
 799      9BD259E3 
 799      62606BB7 
 799      AED538A3 
 799      6D091C
 800 009d 02075016 		.ascii	"\002\007P\026\022\344\036=\223P\343\344H\210!\252q\216"
 800      12E41E3D 
 800      9350E3E4 
 800      488821AA 
 800      718E
 801 00af AFE861E4 		.ascii	"\257\350a\344 \277\251+n\025\377\300_>\250\341\270\037"
 801      20BFA92B 
 801      6E15FFC0 
 801      5F3EA8E1 
 801      B81F
 802 00c1 D4F29FBB 		.ascii	"\324\362\237\273`\331\007o}\220\341[?\310\362\373:\321"
 802      60D9076F 
 802      7D90E15B 
 802      3FC8F2FB 
 802      3AD1
 803 00d3 2352BBC8 		.ascii	"#R\273\310\2203<\255\227D\373\374\240\275\203\037\342"
 803      90333CAD 
 803      9744FBFC 
 803      A0BD831F 
 803      E2
 804 00e4 E19AB4F7 		.ascii	"\341\232\264\367S\257\213\273\316\232\020\177\233\370"
 804      53AF8BBB 
 804      CE9A107F 
 804      9BF8
 805 00f2 DDD23500 		.ascii	"\335\3225\000'`J\213h\215\253\023u\343\211\304\3279"
 805      27604A8B 
 805      688DAB13 
 805      75E389C4 
 805      D739
 806 0104 FBDF82AE 		.ascii	"\373\337\202\256P\334\034\252rV\345Jj\235\363\236O\\"
 806      50DC1CAA 
 806      7256E54A 
 806      6A9DF39E 
 806      4F5C
 807 0116 62799A46 		.ascii	"by\232F\204\020\355\213\242(*=\335_J\3055\212\247\315"
 807      8410ED8B 
 807      A2282A3D 
 807      DD5F4AC5 
 807      358AA7CD 
 808 012a 3F83F2E4 		.ascii	"?\203\362\344U\345\243\234\320\353D\364*\3742\026N:"
 808      55E5A39C 
 808      D0EB44F4 
 808      2AFC3216 
 808      4E3A
 809 013c 71279ACD 		.ascii	"q'\232\315}pR\261\245Tf\301K[\011\373}\316\2633\261"
 809      7D7052B1 
 809      A55466C1 
 809      4B5B09FB 
 809      7DCEB333 
ARM GAS  C:\Users\ccliu\AppData\Local\Temp\ccV9j1tU.s 			page 19


 810 0151 B9F94074 		.ascii	"\271\371@t\376\315\013\363u\350\371\330\\$\360\366]"
 810      FECD0BF3 
 810      75E8F9D8 
 810      5C24F0F6 
 810      5D
 811 0162 7826323B 		.ascii	"x&2;\021\012D\223\266\353\232d\006\203\206\314\204\022"
 811      110A4493 
 811      B6EB9A64 
 811      068386CC 
 811      8412
 812 0174 4879E6D8 		.ascii	"Hy\346\330\204\221\362\214\244\345\032\256\0237\274"
 812      8491F28C 
 812      A4E51AAE 
 812      1337BC
 813 0183 6CC6B63E 		.ascii	"l\306\266>y\306b\316u\375:\230 \346\244\037\367M\202"
 813      79C662CE 
 813      75FD3A98 
 813      20E6A41F 
 813      F74D82
 814 0196 53D6C749 		.ascii	"S\326\307I\323\232\034'\026Oc\361\036\231[\276\225"
 814      D39A1C27 
 814      164F63F1 
 814      1E995BBE 
 814      95
 815              		.text
 816              		.section	.gnu.lto_reads.376.f6336cf8,"e",%progbits
 817 0000 789C6590 		.ascii	"x\234e\220\313K\002Q\024\306\317\271g\354\361\027\264"
 817      CB4B0251 
 817      14C6CFB9 
 817      67ECF117 
 817      B4
 818 0011 2C888816 		.ascii	",\210\210\026:9=\011\202@j\325\003\262vB\214f84\245"
 818      3A393D09 
 818      82406AD5 
 818      03B27642 
 818      8C663834 
 819 0026 386A4B6F 		.ascii	"8jKoF\233\026\231\272\225\210\020j\327\306\250\210\300"
 819      469B1699 
 819      BA958810 
 819      6AD7C6A8 
 819      88C0
 820 0038 65CB68D5 		.ascii	"e\313h\325\256h\021D/i\223\221`w\306\201\224\016\367"
 820      AE681144 
 820      2F699391 
 820      6077C681 
 820      940EF7
 821 004b C2391F3F 		.ascii	"\3029\037?\276\363q\014\004\310\002\200,>H\200\331\314"
 821      BEF3710C 
 821      04C80280 
 821      2C3E4880 
 821      D9CC
 822 005d 0E835AAD 		.ascii	"\016\203Z\255\226\224\030\3462;\367G\335x\205\326L\270"
 822      969418E6 
 822      323BF747 
 822      DD7885D6 
 822      4CB8
 823 006f 29590D42 		.ascii	")Y\015B\222\021&1Gy\302,\025\010P\262;\304\256\276\022"
ARM GAS  C:\Users\ccliu\AppData\Local\Temp\ccV9j1tU.s 			page 20


 823      92112631 
 823      4779C22C 
 823      150850B2 
 823      3BC4AEBE 
 824 0084 E795EDC7 		.ascii	"\347\225\355\307\233\267\326\374qI*\020\203}\001\234"
 824      9BB7D6FC 
 824      71492A10 
 824      837D019C 
 825 0094 2216D15C 		.ascii	"\"\026\321\\!@2\240W@7\227\347\234\267C\201\010\317"
 825      214032A0 
 825      57403797 
 825      E79CB743 
 825      8108CF
 826 00a7 B0811142 		.ascii	"\260\201\021B\342\3154\244]\254\203w6(\341E3(%*\026"
 826      E2CD34A4 
 826      5DAC8377 
 826      3628E145 
 826      3328252A 
 827 00bc 98B1C117 		.ascii	"\230\261\301\027\033dx\331\014\262\304\226\003\240\005"
 827      1B6478D9 
 827      0CB2C496 
 827      03A005
 828 00cb CC2CA284 		.ascii	"\314,\242\204\206=\245m^\376)\226\017\360\232\377\217"
 828      863DA56D 
 828      5EFE2996 
 828      0FF09AFF 
 828      8F
 829 00dc 0927B78E 		.ascii	"\011'\267\216\022\257\326\322\234\177<\341\323\267\203"
 829      12AFD6D2 
 829      9C7F3CE1 
 829      D3B783
 830 00eb D0B40148 		.ascii	"\320\264\001H\223y\035\253:\005\271G\354oDx\307\324"
 830      93791DAB 
 830      3A05B947 
 830      EC6F4478 
 830      C7D4
 831 00fd 67DB61FD 		.ascii	"g\333a\375\026\3142\332#j\000\360\0257'\240\233s^\256"
 831      16CC32DA 
 831      236A00F0 
 831      153727A0 
 831      9B735EAE 
 832 0111 A6788A09 		.ascii	"\246x\212\011O\207\235\311\254OL=|=\267\211\213\013"
 832      4F879DC9 
 832      AC4F4C3D 
 832      7C3DB789 
 832      8B0B
 833 0123 0F534813 		.ascii	"\017SH\0236n\003\030\367\214\371<!\315\257yc\361e-\354"
 833      366E0318 
 833      F78CF93C 
 833      21CDAF79 
 833      63F1652D 
 834 0138 DB084757 		.ascii	"\333\010GW\215\210\032\010.\305\215`\3247\277\340\364"
 834      8D881A08 
 834      2EC58D60 
 834      D437BFE0 
 834      F4
 835 0149 2ECC0C28 		.ascii	".\314\014(S\203\375\356\371I\347\354\242gzrnx\320\351"
ARM GAS  C:\Users\ccliu\AppData\Local\Temp\ccV9j1tU.s 			page 21


 835      5383FDEE 
 835      F949E7EC 
 835      A2677A72 
 835      6E78D0E9 
 836 015d 0D05755D 		.ascii	"\015\005u]\001\305\345\222\305\013\230\006aCq\017\313"
 836      01C5E592 
 836      C50B9806 
 836      6143710F 
 836      CB
 837 016e 61430EA9 		.ascii	"aC\016\251\272\254k~\331\210E\203\352\232!\257\307u"
 837      BAAC6B7E 
 837      D9884583 
 837      EA9A21AF 
 837      C775
 838 0180 DDEE5D01 		.ascii	"\335\356]\001`Z\244\243Iq\215\252+#\212:2\004\314\037"
 838      605AA4A3 
 838      49718DAA 
 838      2B238A3A 
 838      3204CC1F 
 839 0194 C1F55FC7 		.ascii	"\301\365_\307\177\277\241"
 839      7FBFA1
 840              		.text
 841              		.section	.gnu.lto_put.377.f6336cf8,"e",%progbits
 842 0000 789C6590 		.ascii	"x\234e\220\275KcA\024\305\357yw\374\352\205-\025d\221"
 842      BD4B6341 
 842      14C5EF79 
 842      77FCEA85 
 842      2D156491 
 843 0014 2D92179F 		.ascii	"-\222\027\237\237\010\302BP\266\330\0170\332\005\344"
 843      9F08C242 
 843      50B6D80F 
 843      30DA05E4 
 844 0024 251BC9C3 		.ascii	"%\033\311\303\247\221<\243e&\202\026\356\256\211Z\254"
 844      A7913CA3 
 844      65268216 
 844      EEAE895A 
 844      AC
 845 0035 8258680A 		.ascii	"\202Xh\012;\233\210\212M\300\302F\330\305\177@\021K"
 845      3B9B888A 
 845      4DC0C246 
 845      D8C57F40 
 845      114B
 846 0047 11B1D142 		.ascii	"\021\261\321B\2103\317\200\021/3p\347\360\233s\346\316"
 846      8833CF80 
 846      112F3370 
 846      E7F09B73 
 846      E6CE
 847 0059 1710E589 		.ascii	"\027\020\345\211(\2446\011\302\352\312\222A\225J%+\014"
 847      28A43609 
 847      C2EACA92 
 847      41954A25 
 847      2B0C
 848 006b ACAD2C5D 		.ascii	"\254\255,]\254\227\004\216\341\013\214\234\360\033P"
 848      AC97048E 
 848      E10B8C9C 
 848      F01B50
 849 007a D66064B1 		.ascii	"\326`d\261\306\233\214U.2AT;\240\365\223\224\362q\341"
ARM GAS  C:\Users\ccliu\AppData\Local\Temp\ccV9j1tU.s 			page 22


 849      C69B8C55 
 849      2E324154 
 849      3BA0F593 
 849      94F271E1 
 850 008e EAF25FC3 		.ascii	"\352\362_\303\346nY\024\331\240-\005\354\003%\350\014"
 850      E66E5914 
 850      D9A02D05 
 850      EC0325E8 
 850      0C
 851 009f 05B247ED 		.ascii	"\005\262G\355e)\377\037\036J\331DEf\034\240\206Q\302"
 851      6529FF1F 
 851      1E4AD944 
 851      45661CA0 
 851      8651C2
 852 00b2 ECA936E4 		.ascii	"\354\2516\344e\274\200g%)Y\351\002G>\330\211\220\306"
 852      65BC8067 
 852      252959E9 
 852      02473ED8 
 852      8990C6
 853 00c5 C4ECB920 		.ascii	"\304\354\271 \252'\035\240J]\305G\271 \357~\235,.7\027"
 853      AA271DA0 
 853      4A5DC547 
 853      B920EF7E 
 853      9D2C2E37 
 854 00da 728DEFB2 		.ascii	"r\215\357\262i\357\274\256,\237*y)\037\036p\2751\304"
 854      69EFBCAE 
 854      2C9F2A79 
 854      291F1E70 
 854      BD31C4
 855 00ed 200D519E 		.ascii	" \015Q\236\365\314~\265(\262\300\306\353\021t\213\371"
 855      F5CC7EB5 
 855      28B2C0C6 
 855      EB11748B 
 855      F9
 856 00fe FBC6ED97 		.ascii	"\373\306\355\227\001\015\337\250\300\\\003\340\006\271"
 856      010DDFA8 
 856      C05C03E0 
 856      06B9
 857 010c CFD4A6E6 		.ascii	"\317\324\246\346\276\373\275#[Q\344\272\352\223t\335"
 857      BEFBBD23 
 857      5B51E4BA 
 857      EA9374DD 
 858 011c 63FEF2EF 		.ascii	"c\376\362\357\342\037\250oT\036Z\3113j\323\210\006\302"
 858      E21FA86F 
 858      541E5AC9 
 858      336AD388 
 858      06C2
 859 012e FDD170D2 		.ascii	"\375\321p\322\2119\221\231\314O'\025\235K\245'\274i"
 859      89399199 
 859      CC4F2715 
 859      9D4BA527 
 859      BC69
 860 0140 3B9E18CB 		.ascii	";\236\030\313x\211ttx$\020\031\371\326i\015u\205:\206"
 860      78897474 
 860      78241019 
 860      F9D6690D 
 860      75853A86 
ARM GAS  C:\Users\ccliu\AppData\Local\Temp\ccV9j1tU.s 			page 23


 861 0154 0703DF47 		.ascii	"\007\003\337G\303_\007\177\364t\005\"\311\204\353Zd"
 861      C35F077F 
 861      F4740522 
 861      C984EB5A 
 861      64
 862 0165 0583A65A 		.ascii	"\005\203\246Zqm\220\362\254\216\0363\345\231I\3335]"
 862      716D90F2 
 862      AC8E1E33 
 862      E59949DB 
 862      355D
 863 0177 27667A33 		.ascii	"'fz3\351\204=\351\231S\031\327\255\366\3018\031\316"
 863      E9843DE9 
 863      995319D7 
 863      ADF6C138 
 863      19CE
 864 0189 F487374A 		.ascii	"\364\2077J\260\317\036\357\265\354\336nB\354\031(\343"
 864      B0CF1EEF 
 864      B5ECDE6E 
 864      42EC1928 
 864      E3
 865 019a AF74     		.ascii	"\257t"
 866              		.text
 867              		.section	.gnu.lto_get.378.f6336cf8,"e",%progbits
 868 0000 789C6590 		.ascii	"x\234e\220\313K\002Q\024\306\317\231;\205\355\203\332"
 868      CB4B0251 
 868      14C6CF99 
 868      3B85ED83 
 868      DA
 869 0011 6544440B 		.ascii	"eDD\013gt2\215 \010\304h\321\003\324vB\214f84\2458Z"
 869      6774328D 
 869      2008C468 
 869      D103D476 
 869      428C6638 
 870 0029 4BAF862E 		.ascii	"K\257\206.\004\363\265\352A\213r\327\"\002%\203\026"
 870      04F3B5EA 
 870      418B72D7 
 870      22022583 
 870      16
 871 003a 46FF40B4 		.ascii	"F\377@\264i+-ZE\210\233Z\010v\307\204\214\016\367\302"
 871      692B2D5A 
 871      45889B5A 
 871      0876C784 
 871      8C0EF7C2 
 872 004e 773F7EE7 		.ascii	"w?~\347u\307\021 \013\000fv\201\007,\0262\034t:\235"
 872      75C71120 
 872      0B006676 
 872      81072C16 
 872      321C743A 
 873 0063 38CF61A9 		.ascii	"8\317a\251\220y9\256\360x\207]\203`\202\357\012\204"
 873      907939AE 
 873      F078875D 
 873      836082EF 
 873      0A84
 874 0075 3847308E 		.ascii	"8G0\216%rF\260H\312\004\220\357)D\3434\245\364+\365"
 874      257246B0 
 874      48CA0490 
 874      EF2944E3 
ARM GAS  C:\Users\ccliu\AppData\Local\Temp\ccV9j1tU.s 			page 24


 874      34A5F42B 
 875 008a DAB8997B 		.ascii	"\332\270\231{8L-\227\011\007\347\014\250\"VP\357\301"
 875      384C2D97 
 875      0907E70C 
 875      A8225650 
 875      EFC1
 876 009c 40A2C154 		.ascii	"@\242\301T\235\322\247Z\215\322!(\023\202\267\330\307"
 876      9DD2A75A 
 876      8DD22128 
 876      1382B7D8 
 876      C7
 877 00ad 3063FF8A 		.ascii	"0c\377\212\007\030\004=\223\005\363p\222\246h\363\344"
 877      0718043D 
 877      9305F370 
 877      92A668F3 
 877      E4
 878 00be 317D349C 		.ascii	"1}4\234O\030\376\025\205\353\347\201:mwr\224~\216\336"
 878      4F18FE15 
 878      85EBE781 
 878      3A6D7772 
 878      947E8EDE 
 879 00d2 B7DF0C04 		.ascii	"\267\337\014\004A\207 G\364e\2721\306\310<\341~\237"
 879      41872047 
 879      F465BA31 
 879      C6C83CE1 
 879      7E9F
 880 00e4 081F986C 		.ascii	"\010\037\230l\031.~&\347\220\265d\000\351\003\360\035"
 880      192E7E26 
 880      E790B564 
 880      00E903F0 
 880      1D
 881 00f5 138B30C1 		.ascii	"\023\2130\301\026j\236^R#\226\011\337\033I\217\026&"
 881      166A9E5E 
 881      52239609 
 881      DF1B498F 
 881      1626
 882 0107 1BD57416 		.ascii	"\033\325t\026\331\377\260\032\272\223#\330\337\015`"
 882      D9FFB01A 
 882      BA9323D8 
 882      DF0D60
 883 0116 C131EF75 		.ascii	"\3011\357u\004\025\237\342\216\306\266\224\220\367 "
 883      04159FE2 
 883      8EC6B694 
 883      90F720
 884 0125 14D9D1C2 		.ascii	"\024\331\321\302\262?\260\031\323\002\021\257\313cr"
 884      B23FB019 
 884      D30211AF 
 884      CB6372
 885 0134 7B5667A4 		.ascii	"{Vg\244%\253\331\342r\232\3266\034+\316u\233\325\344"
 885      25ABD9E2 
 885      729AD636 
 885      1C2BCE75 
 885      9BD5E4
 886 0147 0E065455 		.ascii	"\016\006TU\002I\020Dv\374z\201\220&YlbH\023\203\262"
 886      02491044 
 886      76FC7A81 
 886      9026596C 
ARM GAS  C:\Users\ccliu\AppData\Local\Temp\ccV9j1tU.s 			page 25


 886      62481383 
 887 015c 2AAA8A4F 		.ascii	"*\252\212O\324\242\221\200\274\253\211{1U\355i\301\017"
 887      D4A29180 
 887      BCAB897B 
 887      3155ED69 
 887      C10F
 888 016e 9C121EF9 		.ascii	"\234\022\036\371\343\010s\362\266]\222\355\263\360\015"
 888      E30873F2 
 888      B65D92ED 
 888      B3F00D
 889 017d 7E66A450 		.ascii	"~f\244P"
 890              		.text
 891              		.section	.gnu.lto_unget.379.f6336cf8,"e",%progbits
 892 0000 789C6590 		.ascii	"x\234e\220MH\002A\024\307\337\333\267E\335\203\350T"
 892      4D480241 
 892      14C7DFDB 
 892      B745DD83 
 892      E854
 893 0012 10111D74 		.ascii	"\020\021\035tm\373P\202 \020\253C\037\220u\023b5\303"
 893      6DFB5082 
 893      2010AB43 
 893      1F907513 
 893      6235C3
 894 0025 A52DC3D5 		.ascii	"\245-\303\325::\032z\020J\323[D\207\362V\320!\243\257"
 894      3A3A1A7A 
 894      104AD35B 
 894      4487F256 
 894      D021A3AF 
 895 0039 4BD13DA2 		.ascii	"K\321=\242K\335\3728GD\227:\0046\263\012\031=f\340\315"
 895      4BDDFA38 
 895      4744973A 
 895      0436B30A 
 895      193D66E0 
 896 004e 9FDFFCFF 		.ascii	"\237\337\374\377\363f\004\001\262\000\340\340\033d\300"
 896      F3660401 
 896      B200E0E0 
 896      1B64C0
 897 005d FC664682 		.ascii	"\374fF\202r\271\034\227%,lf\036\267J2^\240%\020&d\253"
 897      72B91C97 
 897      252C6C66 
 897      1EB74A32 
 897      5EA02510 
 898 0074 41884B84 		.ascii	"A\210K\204q,\3206a\236\212\004(W;\304\266.\306\330W"
 898      712CD036 
 898      619E8A04 
 898      28573BC4 
 898      B62EC6D8 
 899 0089 EAE5F6C8 		.ascii	"\352\345\366\310u\265\226\032-\222\004;\0348F,\241\310"
 899      75B5961A 
 899      2D92043B 
 899      1C38462C 
 899      A1C8
 900 009b E02099D0 		.ascii	"\340 \231\320y\311\330\355\371)c\215P$\302\023\254a"
 900      79C9D8ED 
 900      F929638D 
 900      5024C213 
 900      AC61
ARM GAS  C:\Users\ccliu\AppData\Local\Temp\ccV9j1tU.s 			page 26


 901 00ad B8B09212 		.ascii	"\270\260\222\022\206\264\201\025\360\246\304\030q]\306"
 901      86B48115 
 901      F0A6C418 
 901      715DC6
 902 00bc 330BEC41 		.ascii	"3\013\354A\207\300\344\225\234\014P\017\"\200\027\277"
 902      87C0E495 
 902      9C0C500F 
 902      228017BF 
 903 00cc 8A1D2CC5 		.ascii	"\212\035,\305\336\367\257\323\033M\271D\303\277l8\274"
 903      DEF7AFD3 
 903      1B4DB944 
 903      C3BF6C38 
 903      BC
 904 00dd ABBB64DF 		.ascii	"\253\273d\337\345,c\237-\317\017\365\204 \030\310\222"
 904      E52C639F 
 904      2DCF0FF5 
 904      842018C8 
 904      92
 905 00ee 18D9AA56 		.ascii	"\030\331\252V\016\346H\372=\"\274a\362\243a\2672\237"
 905      0EE648FA 
 905      3D22BC61 
 905      F2A361B7 
 905      329F
 906 0100 64F9E488 		.ascii	"d\371\344\210j\000|\305\304\020\264\363\261\337\017"
 906      6A007CC5 
 906      C410B4F3 
 906      B1DF0F
 907 010f F6581B16 		.ascii	"\366X\033\026\251\256\372\"Q\037\230|\272O\257#\377"
 907      A9AEFA22 
 907      511F987C 
 907      BA4FAF23 
 907      FF
 908 0120 45EE2194 		.ascii	"E\356!\224,am\032\300\240{\300\347\016\351~\335\033"
 908      2C616D1A 
 908      C0A07BC0 
 908      E70EE97E 
 908      DD1B
 909 0132 8DCDE961 		.ascii	"\215\315\351a\337j8\262`.k\201\340l\314\014F|S\3236"
 909      DF6A38B2 
 909      602E6B81 
 909      E06CCC0C 
 909      467C53D3 
 910 0147 EFF4788F 		.ascii	"\357\364x\217:\334\353\350\236\362\330&f\334c\236\311"
 910      3ADCEBE8 
 910      9EF2D826 
 910      66DC639E 
 910      C9
 911 0158 FE5E9B37 		.ascii	"\376^\2337\0244\014\025T\273]\341+ \014\302\246\332"
 911      14340C15 
 911      54BB5DE1 
 911      2B200CC2 
 911      A6DA
 912 016a DDAF844D 		.ascii	"\335\257\204M%\244\031\212\241\373\0253\032\011j\213"
 912      25A4198A 
 912      A1FB1533 
 912      1A096A8B 
 913 017a A6B21433 		.ascii	"\246\262\0243\214jo\017\200\244/7\377Q\354.m\336\251"
ARM GAS  C:\Users\ccliu\AppData\Local\Temp\ccV9j1tU.s 			page 27


 913      8C6A6F0F 
 913      80A42F37 
 913      FF51EC2E 
 913      6DDEA9
 914 018d 6ACE3E40 		.ascii	"j\316>@\377\017\266\322\256\240"
 914      FF0FB6D2 
 914      AEA0
 915              		.text
 916              		.section	.gnu.lto_vmt.380.f6336cf8,"e",%progbits
 917 0000 789C9BC4 		.ascii	"x\234\233\304\300\300P\304\000\001s\230\031[\030\233"
 917      C0C050C4 
 917      00017398 
 917      195B189B 
 918 0010 1A1AFE34 		.ascii	"\032\032\3764m\3740KFr\0113\303<f\204\350\2133\214K"
 918      6DFC304B 
 918      46720933 
 918      C33C6684 
 918      E88B338C 
 919 0025 9819E731 		.ascii	"\230\031\34713\302EV\034c\004\253aB\250\261[\302\314"
 919      33C24556 
 919      1C6304AB 
 919      6142A8B1 
 919      5BC2CC
 920 0038 348F9919 		.ascii	"4\217\231\031!`\266\204\231y\0363\013H`\022\363\022"
 920      2160B684 
 920      99791E33 
 920      0B486012 
 920      F312
 921 004a 66164606 		.ascii	"f\026F\006\313\246\216\006\211%\314\254s\231\031\030"
 921      CBA68E06 
 921      8925CCAC 
 921      73991918 
 922 005a 7732CE65 		.ascii	"w2\316efd\334\001$\231\030\267\003If\306m@\222\205q"
 922      6664DC01 
 922      249918B7 
 922      034966C6 
 922      6D409285 
 923 006f 2B906465 		.ascii	"+\220de\334\302\310`\353l\025\343\234\221\231\224\031"
 923      DCC2C860 
 923      EB6C15E3 
 923      9C919994 
 923      19
 924 0080 5C529A92 		.ascii	"\\R\232\222\231\037S\236_\224]\\\220\230\234\032_Z\234"
 924      991F539E 
 924      5F945D5C 
 924      90989C1A 
 924      5F5A9C
 925 0093 5A141314 		.ascii	"Z\024\023\024\242\033\034\342kl\344fb`\030\344\252\353"
 925      A21B1CE2 
 925      6B6CE466 
 925      626018E4 
 925      AAEB
 926 00a5 17EAECE3 		.ascii	"\027\352\354\343\352of\242\033\234\221\232\223c\304"
 926      EA6F66A2 
 926      1B9C919A 
 926      9363C4
 927 00b4 60A4A7A7 		.ascii	"`\244\247\247\017D\311 \003\362\213\215\014\315\364"
ARM GAS  C:\Users\ccliu\AppData\Local\Temp\ccV9j1tU.s 			page 28


 927      0F44C920 
 927      03F28B8D 
 927      0CCDF4
 928 00c3 F38BF533 		.ascii	"\363\213\3653\022s\364s2\223\364\213K\212R\023s\213"
 928      1273F473 
 928      3293F48B 
 928      4B8A5213 
 928      738B
 929 00d5 F5F34A73 		.ascii	"\365\363Jsr\240l\275d\006\000\"ePI"
 929      72A06CBD 
 929      64060022 
 929      655049
 930              		.text
 931              		.section	.gnu.lto_nullObjectInit.381.f6336cf8,"e",%progbits
 932 0000 789C554F 		.ascii	"x\234UO\277/Ca\024\275\347\335\266a2\262!$bh\037\317"
 932      BF2F4361 
 932      14BDE7DD 
 932      B66132B2 
 932      21246268 
 933 0016 CF484C0D 		.ascii	"\317HL\015\026?\022ek\"OU\332xT\3724\306~\004\203A)"
 933      163F1265 
 933      6B224F55 
 933      DA7854FA 
 933      34C67E04 
 934 002d 8BA40CF2 		.ascii	"\213\244\014\362\"\335Lh\011\272J\014\342\037 b6H$\006"
 934      22DD4C68 
 934      09BA4A0C 
 934      E21F2062 
 934      36482406 
 935 0041 49DD5605 		.ascii	"I\335V\0057\367K\3169\271\367\334\3635\203h\213\210"
 935      37F74BCE 
 935      39B9F7DC 
 935      F3358368 
 935      8B88
 936 0053 1AE51113 		.ascii	"\032\345\021\023\322;\233\032\025\213\305\244K\303J"
 936      D23B9B1A 
 936      158BC5A4 
 936      4BC34A
 937 0062 33F22863 		.ascii	"3\362(cPRC\022\273\334\252\224\372X\177\336\316\327"
 937      50524312 
 937      BBDCAA94 
 937      FA587FDE 
 937      CED7
 938 0074 A96C010E 		.ascii	"\251l\001\016\023\0352}W\206\221f\207\001W\005ih\020"
 938      131D327D 
 938      57869166 
 938      87015705 
 938      696810
 939 0087 C436B514 		.ascii	"\3046\265\024\224\272\277\315)UM\0163\316!;8\003N\345"
 939      94BABFCD 
 939      29554D0E 
 939      33CE213B 
 939      38034EE5 
 940 009b B608CBCF 		.ascii	"\266\010\313\317b\341\371q\022\215N\036\334\005\365"
 940      62E1F971 
 940      128D4E1E 
 940      DC05F5
ARM GAS  C:\Users\ccliu\AppData\Local\Temp\ccV9j1tU.s 			page 29


 941 00aa 594C29F5 		.ascii	"YL)\365\376\202\273&\211\202\234\350).%+W\275\320m\326"
 941      FE82BB26 
 941      89829CE8 
 941      292E252B 
 941      57BDD06D 
 942 00bf 7E29E815 		.ascii	"~)\350\025\253{\233\217\231\336\312uF)\3211$pV\250\353"
 942      AB7B9B8F 
 942      99DECA75 
 942      4629D131 
 942      247056A8 
 943 00d4 48F25C80 		.ascii	"H\362\\\200\332\204W9\354\306%\016\3707\265\273<\275"
 943      DA845739 
 943      ECC6250E 
 943      F837B5BB 
 943      3CBD
 944 00e6 068FC02C 		.ascii	"\006\217\300,\323\367\252\313a\017\256\201+\320\032"
 944      D3F7AACB 
 944      610FAE81 
 944      2BD01A
 945 00f5 36C4A7A6 		.ascii	"6\304\247\2464x#\247\337\260\372\264?T\376v\212\361"
 945      347823A7 
 945      DFB0FAB4 
 945      3F54FE76 
 945      8AF1
 946 0107 371451BF 		.ascii	"7\024Q\277\277/\350\217D\247\243\201\245\304L4\026\\"
 946      BF2FE88F 
 946      44A7A381 
 946      A5C44C34 
 946      165C
 947 0119 8EC5E7EC 		.ascii	"\216\305\347\354E3\024\236J\330\341xp|\302\033\230\030"
 947      4533149E 
 947      4AD8E178 
 947      707CC21B 
 947      9818
 948 012b E930063B 		.ascii	"\3510\006;\333\332\307\007\274\243\223\376\341\201\261"
 948      DBDAC707 
 948      BCA393FE 
 948      E181B1
 949 013a EE4E6F20 		.ascii	"\356No \022\266,\203\014\237O\227\016\225\014b\266\321"
 949      12B62C83 
 949      0C9F4F97 
 949      0E950C62 
 949      B6D1
 950 014c DEADC76C 		.ascii	"\336\255\307l=bZ\272\025\235\326\355\245x\330\234\267"
 950      3D625ABA 
 950      159DD6ED 
 950      A578D89C 
 950      B7
 951 015d F5858465 		.ascii	"\365\205\204eU\260/D\274`/\326\376\223|\275\346l\217"
 951      55B02F44 
 951      BC602FD6 
 951      FE937CBD 
 951      E66C8F
 952 0170 61F674D1 		.ascii	"a\366t\321\027N\035\226\270"
 952      174E1D96 
 952      B8
 953              		.text
ARM GAS  C:\Users\ccliu\AppData\Local\Temp\ccV9j1tU.s 			page 30


 954              		.section	.gnu.lto_.symbol_nodes.f6336cf8,"e",%progbits
 955 0000 789C7DCA 		.ascii	"x\234}\312;\015\200@\020\004\320\3319N\007\026\320\200"
 955      3B0D8040 
 955      1004D0D9 
 955      394E0716 
 955      D080
 956 0012 B1C936D4 		.ascii	"\261\3116\324X\300\007A\002%V\370\007\010\241#\331W"
 956      58C00741 
 956      022556F8 
 956      0708A123 
 956      D957
 957 0024 BF090FCE 		.ascii	"\277\011\017\316\024\256Oi\355\010\010\350;\367\012"
 957      14AE4F69 
 957      ED0808E8 
 957      3BF70A
 958 0033 86772C94 		.ascii	"\206w,\224\305c\245\030\217\215J\361\330\251\"\036'"
 958      C563A518 
 958      8F8D4AF1 
 958      D8A9221E 
 958      27
 959 0044 957F6370 		.ascii	"\225\177cp\267/\344\203hj \341\006\356bU\360"
 959      B72FE483 
 959      686A20E1 
 959      06EE6255 
 959      F0
 960              		.text
 961              		.section	.gnu.lto_.refs.f6336cf8,"e",%progbits
 962 0000 789C05C1 		.ascii	"x\234\005\301\007\001\000\000\010\303\260\256\034\003"
 962      07010000 
 962      08C3B0AE 
 962      1C03
 963 000e F8F74A72 		.ascii	"\370\367Jr@\306\015\263b\324\262y\003\301\000B"
 963      40C60DB3 
 963      62D4B279 
 963      03C10042 
 964              		.text
 965              		.section	.gnu.lto_.decls.f6336cf8,"e",%progbits
 966 0000 789C9555 		.ascii	"x\234\225UiLTW\024\276\347\3367\013O\352\020\035C\223"
 966      694C5457 
 966      14BEE7DE 
 966      370B4FEA 
 966      101D4393 
 967 0014 3686189B 		.ascii	"6\206\030\233\362\007\221\321\202i\322\204\304h\323"
 967      F20791D1 
 967      8269D284 
 967      C468D3
 968 0023 5897B834 		.ascii	"X\227\2704\261\321\020\344\2150\225\3052\203\232\246"
 968      B1D110E4 
 968      8D3095C5 
 968      32839AA6 
 969 0033 3F9E824B 		.ascii	"?\236\202K\253\"u\213-\266\230j\343\022\265Vq\303m\004"
 969      AB22758B 
 969      2DB6986A 
 969      E312B556 
 969      71C36D04 
 970 0047 D471412B 		.ascii	"\324qA+\012.\340\202\024;\212\013UT\334\240\347\336"
 970      0A2EE082 
ARM GAS  C:\Users\ccliu\AppData\Local\Temp\ccV9j1tU.s 			page 31


 970      143B8A0B 
 970      5554DCA0 
 970      E7DE
 971 0059 37F3DE0C 		.ascii	"7\363\336\014\214\211\336p\356\274w\357\367\235\363"
 971      8C89DE70 
 971      EEBC77EF 
 971      F79DF3
 972 0068 9D73CF7D 		.ascii	"\235s\317}\224E\021\262\010\010\261SB\272pX\011!\347"
 972      944511B2 
 972      0808B153 
 972      42BA7058 
 972      0921E7
 973 007b 8931CC68 		.ascii	"\2111\314h\247\320j\321\032\320n\2405\241\335AC\032"
 973      A7D06AD1 
 973      1AD06EA0 
 973      35A1DD41 
 973      431A
 974 008d E922E163 		.ascii	"\351\"\341c\025h\234>hv\264\303h\231h\325hY\001\014"
 974      15689C3E 
 974      6876B4C3 
 974      689968D5 
 974      6859010C 
 975 00a1 047C761F 		.ascii	"\004|v\037\177\274\201{\266\033\2676\002wo7\356\225"
 975      7FBC817B 
 975      B61BB736 
 975      02776F37 
 975      EE95
 976 00b3 00B7A61B 		.ascii	"\000\267\246\033\267!\002\367\010n\230\"pCy7\"\360\252"
 976      B72102F7 
 976      086E9822 
 976      70437937 
 976      22F0AA
 977 00c6 DE326653 		.ascii	"\3362fS\004nW\200\333\206\366\000\355\021Z;\332d\264"
 977      046E5780 
 977      DB86F600 
 977      ED115A3B 
 977      DA64B4
 978 00d9 4EA2ED75 		.ascii	"N\242\355u\240\275D{\205\366\002\355\031\332k\242im"
 978      A0BD447B 
 978      85F602ED 
 978      19DA6BA2 
 978      696D
 979 00eb 0A686A08 		.ascii	"\012hj\010\324#R=/`\014K@KP\243\231\347\312\327A\213"
 979      D423523D 
 979      2F600C4B 
 979      404B50A3 
 979      99E7CAD7 
 980 0101 C3F549A0 		.ascii	"\303\365I\240\375\276\351LK\031m\271x\375\204\334\002"
 980      FDBEE94C 
 980      4B196DB9 
 980      78FD84DC 
 980      02
 981 0112 E2555200 		.ascii	"\342UR\000\340r2N2\371\232\021\273JUjV\030\225\231\314"
 981      E072324E 
 981      32F99A11 
 981      BB4A556A 
 981      56189599 
ARM GAS  C:\Users\ccliu\AppData\Local\Temp\ccV9j1tU.s 			page 32


 982 0127 14D907FD 		.ascii	"\024\331\007\375\343\333Y\252\225\306\333d\353\246*"
 982      E3DB59AA 
 982      95C6DB64 
 982      EBA62A
 983 0136 88914D56 		.ascii	"\210\221MVJ\375\026E\216\177\001[\351:s\\\252*)K\372"
 983      4AFD1645 
 983      8E7F015B 
 983      E93A735C 
 983      AA2A294B 
 984 014b F92D2A2D 		.ascii	"\371-*-\031c\037\222\212\263\337\342\003\005Y\343$k"
 984      19631F92 
 984      8AB3DFE2 
 984      030559E3 
 984      246B
 985 015d 0C3EF92D 		.ascii	"\014>\371-r;[\267\324\254\324\320E\037\203\017d\305"
 985      723B5BB7 
 985      D4ACD4D0 
 985      451F830F 
 985      64C5
 986 016f 61575535 		.ascii	"aWU5\325j\355o\253d\225l$!V\353\216\355\375d\277\305"
 986      D56AED6F 
 986      AB64956C 
 986      242156EB 
 986      8EEDFD64 
 987 0185 862EE295 		.ascii	"\206.\342\225\270\030%\316\346\003\223\242\310\366x"
 987      B81825CE 
 987      E60393A2 
 987      C8F678
 988 0194 82221487 		.ascii	"\202\"\024\207#\225\312\350Y\262\372\300\301 \332\241"
 988      2395CAE8 
 988      59B2FAC0 
 988      C120DAA1 
 989 01a4 36B5C6CA 		.ascii	"6\265\306\312&9\252\177\\<!\012\031I\321/\353\012\016"
 989      2639AA7F 
 989      5C3C210A 
 989      1949D12F 
 989      EB0A0E
 990 01b7 B0604CC5 		.ascii	"\260`L\305x\005\210\227\251\203\262Q~\254\037\245q\204"
 990      78058897 
 990      A983B251 
 990      7EAC1FA5 
 990      7184
 991 01c9 A892353A 		.ascii	"\250\2225:\032T\374\211J\033\245\214s\310\304o\241\270"
 991      1A54FC89 
 991      4A1BA58C 
 991      73C8C46F 
 991      A1B8
 992 01db 659740A5 		.ascii	"e\227@\245`0e3\226\220\352g\017\004B+)\252\253c\211"
 992      60306533 
 992      9690EA67 
 992      0F04422B 
 992      29AAAB63 
 993 01f0 B14F21B8 		.ascii	"\261O!\270\255\341\302X\272/\261\016\272\377 \301\240"
 993      ADE1C258 
 993      BA2FB10E 
 993      BAFF20C1 
 993      A0
ARM GAS  C:\Users\ccliu\AppData\Local\Temp\ccV9j1tU.s 			page 33


 994 0201 8538876E 		.ascii	"\2058\207nt\340\203\317\241\004C\243\036\237\352\262"
 994      74E083CF 
 994      A10443A3 
 994      1E9FEAB2 
 995 0211 C0807413 		.ascii	"\300\200t\023.\274@PP\317\301\202mstE\303B\323m,\233"
 995      2EBC4050 
 995      50CFC182 
 995      6D737445 
 995      C342D36D 
 996 0227 BAC60EFD 		.ascii	"\272\306\016\375JR\011\260\017\010\033@\022U1\346\315"
 996      4A5209B0 
 996      0F081B40 
 996      125531E6 
 996      CD
 997 0238 20B057F3 		.ascii	" \260W\3630\265\327r\006\223E!m\342\211\260\002\202"
 997      30B5D772 
 997      06934521 
 997      6DE289B0 
 997      0282
 998 024a 0F7D40C2 		.ascii	"\017}@\302\331\016q\350m\371\343g>\263\354U\3256\325"
 998      D90E71E8 
 998      6DF9E367 
 998      3EB3EC55 
 998      D536D5
 999 025d 5B1445E0 		.ascii	"[\024E\340\020\300ATq\000\020\276\017\240\002`? \254"
 999      10C04154 
 999      710010BE 
 999      0FA00260 
 999      3F20AC
 1000 0270 F4C8FE8D 		.ascii	"\364\310\376\215\222\304E\037\006\310C\366\207\320\005"
 1000      92C4451F 
 1000      06C843F6 
 1000      87D005
 1001 027f E287B0EF 		.ascii	"\342\207\260\357\271\252\346\342?\233m\334\217\337["
 1001      B9AAE6E2 
 1001      3F9B6DDC 
 1001      8FDF5B
 1002 028e 39971118 		.ascii	"9\227\021\030\002\203\011T\002\002\320\313Q\000/\367"
 1002      02830954 
 1002      0202D0CB 
 1002      51002FF7 
 1003 029e 72A3B87A 		.ascii	"r\243\270z\213\034-\202\255\253\224\240\012\002\341"
 1003      8B1C2D82 
 1003      ADAB94A0 
 1003      0A02E1
 1004 02ad 085483C8 		.ascii	"\010T\203\310\355\326\312\247G\255\"L5\300\021N)\367"
 1004      EDD6CAA7 
 1004      47AD224C 
 1004      35C0114E 
 1004      29F7
 1005 02bf 2FDEC9C4 		.ascii	"/\336\311\304J&\034\003!\236\012\3611\270\271\242\251"
 1005      4A261C03 
 1005      219E0AF1 
 1005      31B8B9A2 
 1005      A9
 1006 02d0 EA9C148B 		.ascii	"\352\234\024\213I\337SU;W\346\0038\301\335\235\304\024"
 1006      49DF5355 
ARM GAS  C:\Users\ccliu\AppData\Local\Temp\ccV9j1tU.s 			page 34


 1006      3B57E603 
 1006      38C1DD9D 
 1006      C414
 1007 02e2 8EE3C380 		.ascii	"\216\343\303\200\222\022\265\343\347\037\217\255\217"
 1007      9212B5E3 
 1007      E71F8FAD 
 1007      8F
 1008 02ef 2DDBA7AA 		.ascii	"-\333\247\252\363\021i\345\233\260\007P\2268\207=\210"
 1008      F31169E5 
 1008      9BB00750 
 1008      9638873D 
 1008      88
 1009 0300 DC0D500E 		.ascii	"\334\015P\016S\213M\354\011\220\036\271\342\302\231"
 1009      538B4DEC 
 1009      09901EB9 
 1009      E2C299
 1010 030f E34BF1C2 		.ascii	"\343K\361\302\360\334\3247\347\326^\275aC/#\267\032"
 1010      F0DCD437 
 1010      E7D65EBD 
 1010      61432F23 
 1010      B71A
 1011 0321 23B7B35A 		.ascii	"#\267\263Zn\327\356\335YM\205\333\263\000g8\245\255"
 1011      6ED7EEDD 
 1011      594D85DB 
 1011      B3006738 
 1011      A5AD
 1012 0333 B9E49239 		.ascii	"\271\344\2229\220\3339\276p\240n}m\304|\316\243\312"
 1012      90DB39BE 
 1012      70A06E7D 
 1012      6DC47CCE 
 1012      A3CA
 1013 0345 BF03F9EC 		.ascii	"\277\003\371\354\270\217\251\230\020$\3412\234\3263"
 1013      B88FA998 
 1013      1024E132 
 1013      9CD633
 1014 0354 39AD6772 		.ascii	"9\255grMb/\265L\036\225\355\210\026\001j\264L\226\255"
 1014      4D622FB5 
 1014      4C1E95ED 
 1014      8816016A 
 1014      B44C96AD 
 1015 0368 FAA9DC14 		.ascii	"\372\251\334\024\210x\221W\323,\272\303\"\236x\367\314"
 1015      88789157 
 1015      D32CBAC3 
 1015      229E78F7 
 1015      CC
 1016 0379 615D82F9 		.ascii	"a]\202\371\260\276\256\322,\253\335\333\3422 \016\223"
 1016      B0BEAED2 
 1016      2CABDDDB 
 1016      E232200E 
 1016      93
 1017 038a BE0450CF 		.ascii	"\276\004P\317\005\373N\326\326\201.\370\212!\370*\202"
 1017      05FB4ED6 
 1017      D6812EF8 
 1017      8A21F82A 
 1017      82
 1018 039b EB0282DB 		.ascii	"\353\002\202\333:\017\316\334\304\2775\270\012\027t"
 1018      3A0FCEDC 
ARM GAS  C:\Users\ccliu\AppData\Local\Temp\ccV9j1tU.s 			page 35


 1018      C4BF35B8 
 1018      0A1774
 1019 03aa BD1774BD 		.ascii	"\275\027t\275{%6\237\362\250w:\212Zm\001y\\\356\356"
 1019      7B25369F 
 1019      F2A8773A 
 1019      8A5A6D01 
 1019      795CEEEE 
 1020 03be 2B179FB3 		.ascii	"+\027\237\263H\356\257#\367Z\260\036\305\205\013\325"
 1020      48EEAF23 
 1020      F75AB01E 
 1020      C5850BD5 
 1021 03ce 9879A220 		.ascii	"\230y\242 \327\001\032\365\000\215z\200R\211\375@5\360"
 1021      D7011AF5 
 1021      008D7A80 
 1021      5289FD40 
 1021      35F0
 1022 03e0 AF0618D5 		.ascii	"\257\006\030\325\334\324\3017u\360\023\306\226\0115"
 1022      DCD4C137 
 1022      75F013C6 
 1022      960935
 1023 03ef 0DF3FF2A 		.ascii	"\015\363\377*\206\276\332\255\362\006\276\012\315\001"
 1023      86BEDAAD 
 1023      F206BE0A 
 1023      CD01
 1024 03fd 02FB4D40 		.ascii	"\002\373M@~\271tb\2759\014\002\377\200\016B\300\203"
 1024      7EB97462 
 1024      BD390C02 
 1024      FF800E42 
 1024      C083
 1025 040f 2515F556 		.ascii	"%\025\365V\243+Z\214\256\270\255u\305\332\232g\253\264"
 1025      A32B5A8C 
 1025      AEB8AD75 
 1025      C5DA9A67 
 1025      ABB4
 1026 0421 946F6B47 		.ascii	"\224okG\264\275bK\223I\3179KO\331\217\002\377\3258\345"
 1026      B4BD624B 
 1026      9349CF39 
 1026      4B4FD98F 
 1026      02FFD538 
 1027 0436 457B5BA3 		.ascii	"E{[\243\006\254\301\312\236\254\372V\253\254\037\340"
 1027      06ACC1CA 
 1027      9EACFA56 
 1027      ABAC1FE0 
 1028 0446 969ECB2D 		.ascii	"\226\236\313-=\227z\3066S\355\312\277/n\215W\273B\374"
 1028      3D977AC6 
 1028      3653EDCA 
 1028      BF2F6E8D 
 1028      57BB42FC 
 1029 045a F26C2DDD 		.ascii	"\362l-\335UK\015i\327\015i\017p\0220+\302~?\367|53`"
 1029      554B0D69 
 1029      D70D690F 
 1029      7012302B 
 1029      C27E3FF7 
 1030 0472 570D581B 		.ascii	"W\015X\033Nl\233\250\303\256\226%\345!\315\177\336\000"
 1030      4E6C9BA8 
 1030      C3AE9625 
 1030      E521CD7F 
ARM GAS  C:\Users\ccliu\AppData\Local\Temp\ccV9j1tU.s 			page 36


 1030      DE00
 1031 0484 3DE2A09D 		.ascii	"=\342\240\235\002T\346;Z\334\333\000\2354@\355\034\264"
 1031      0254E63B 
 1031      5ADCDB00 
 1031      9D3440ED 
 1031      1CB4
 1032 0496 8F12E6E3 		.ascii	"\217\022\346\343\300\336\205\253\3677Y\006\016\354;"
 1032      C0DE85AB 
 1032      F7375906 
 1032      0EEC3B
 1033 04a5 1007C23B 		.ascii	"\020\007\302;\032W?X`Q}^@e\374|\237\033\314\373|J\""
 1033      1A573F58 
 1033      60517D5E 
 1033      4065FC7C 
 1033      9F1BCCFB 
 1034 04bc 882A59AB 		.ascii	"\210*Y\253z%3\2774O\302\020\211\002\200E*\302#\222\010"
 1034      7A2533BF 
 1034      344FC210 
 1034      89028045 
 1034      2AC22392 
 1035 04d1 DC0368C5 		.ascii	"\334\003h\305\372<\025 l\345\016\200\227\000\257\000"
 1035      FA3C1520 
 1035      6CE50E80 
 1035      9700AF00 
 1036 04e1 5E003C03 		.ascii	"^\000<\003x\315Kh\270k\023\035\033\342\356!\237\016"
 1036      78CD4B68 
 1036      B86B131D 
 1036      1BE2EE21 
 1036      9F0E
 1037 04f3 4108A41D 		.ascii	"A\010\244\035\340q\217\210a\210G\000\377\365t\222\024"
 1037      E0718F88 
 1037      61884700 
 1037      FFF57492 
 1037      14
 1038 0504 1EE666CF 		.ascii	"\036\346f\317\274\016\211\253\330YZ~Y\264a\221\367\255"
 1038      BC0E89AB 
 1038      D8595A7E 
 1038      59B46191 
 1038      F7AD
 1039 0516 13F86825 		.ascii	"\023\370h%~\367V\026oo\3563\0279\320\011pW`5.\341o\271"
 1039      7EF75616 
 1039      6F6FEE33 
 1039      1739D009 
 1039      70576035 
 1040 052e 534F317E 		.ascii	"SO1~\203\227\315k\015or\356\031\377\375\006;xc\313\351"
 1040      8397CD6B 
 1040      0D6F72EE 
 1040      19FFFD06 
 1040      3B7863CB 
 1041 0543 3DD102E0 		.ascii	"=\321\002\340\215\0148]\266\365\260\3158\326\271TOb"
 1041      8D0C385D 
 1041      B6F5B0CD 
 1041      38D6B954 
 1041      4F62
 1042 0555 1EE500E9 		.ascii	"\036\345\000\351iauET\337\201\342c\"2\010\356\027r'"
 1042      69617545 
 1042      54DF81E2 
ARM GAS  C:\Users\ccliu\AppData\Local\Temp\ccV9j1tU.s 			page 37


 1042      63223208 
 1042      EE177227 
 1043 0569 5044B58A 		.ascii	"PD\265\212\3431/j\266a=\212\242\221\311%\026\322n\247"
 1043      E3312F6A 
 1043      B6613D8A 
 1043      A291C925 
 1043      16D26EA7 
 1044 057d 88D14AD6 		.ascii	"\210\321J\326\257\331,\364\206\371\342\267.\304\033"
 1044      AFD92CF4 
 1044      86F9E2B7 
 1044      2EC41B
 1045 058c FF74342C 		.ascii	"\377t4,n\2142T\3157\\-\020\252\350\335m\013\017\205"
 1045      6E8C3254 
 1045      CD375C2D 
 1045      10AAE8DD 
 1045      6D0B0F85 
 1046 05a0 C8EE346A 		.ascii	"\310\3564j\277\220\273`I\311$*=?gV\2123!\207\310\031"
 1046      BF90BB60 
 1046      49C9242A 
 1046      3D3F6756 
 1046      8A332187 
 1047 05b6 79F91EE7 		.ascii	"y\371\036\347\234\204\234\241\304<;\337\345q\272\223"
 1047      9C849CA1 
 1047      C43C3BDF 
 1047      E571BA93 
 1048 05c6 060D4AC4 		.ascii	"\006\015J\304\277\214,\3274W\236\333\221\224\234\230"
 1048      BF8C2CD7 
 1048      34579EDB 
 1048      91949C98 
 1049 05d6 E74ECC4A 		.ascii	"\347N\314J\317N\314vMKt{\362\235\3519\356\304\334\202"
 1049      CF4ECC76 
 1049      4D4B747B 
 1049      F29DE939 
 1049      EEC4DC82 
 1050 05ea ECECC0F3 		.ascii	"\354\354\300\363\240\014\353\347c&\305\015OJ!\261a\313"
 1050      A00CEBE7 
 1050      6326C50D 
 1050      4F4A21B1 
 1050      61CB
 1051 05fc 8386A54F 		.ascii	"\203\206\245OOq\244\247|B\314n\327w\3164\217\245\300"
 1051      4F71A4A7 
 1051      7C42CC6E 
 1051      D777CE34 
 1051      8FA5C0
 1052 060f 95EB1996 		.ascii	"\225\353\031\226\346\371l\370\247S\206s\367\023<\005"
 1052      E6F96CF8 
 1052      A7538673 
 1052      F7133C05 
 1053 061f 8A2B6FCA 		.ascii	"\212+o\312\354\274\374\031\356\231\351\031\316\264\002"
 1053      ECBCFC19 
 1053      EE99E919 
 1053      CEB402
 1054 062e B7337FCA 		.ascii	"\2673\177\312\370\211\011\023&\216\036\342\0309tp\322"
 1054      F8890913 
 1054      268E1EE2 
 1054      18397470 
 1054      D2
ARM GAS  C:\Users\ccliu\AppData\Local\Temp\ccV9j1tU.s 			page 38


 1055 063f F8110963 		.ascii	"\370\021\011c&\015\377r\304\330\344\241\011\023\262"
 1055      260DFF72 
 1055      C4D8E4A1 
 1055      0913B2
 1056 064e 9CD9D90E 		.ascii	"\234\331\331\016\342xg}\304\204\017\212\233\315,\360"
 1056      E278677D 
 1056      C4840F8A 
 1056      9BCD2CF0 
 1057 065e 9872DC99 		.ascii	"\230r\334\231i\036\226\351\364\230\012rq\356\315\201"
 1057      691E96E9 
 1057      F4980A72 
 1057      71EECD81 
 1058 066e 63A77DE3 		.ascii	"c\247}\343\314\360|\221\353\362\310c\360u\202\340\261"
 1058      CCF07C91 
 1058      EBF2C863 
 1058      F07582E0 
 1058      B1
 1059 067f 59391E89 		.ascii	"Y9\036\211\363L\242,6W\256\333\223\236\213\032\363\246"
 1059      F34CA22C 
 1059      3657AEDB 
 1059      939E8B1A 
 1059      F3A6
 1060 0691 4F773B3D 		.ascii	"Ow;=\357\031\310\257FO|gMY\344\177\235Do\367"
 1060      EF19C8AF 
 1060      464F7C67 
 1060      4D59E47F 
 1060      9D446FF7 
 1061              		.text
 1062              		.section	.gnu.lto_.symtab.f6336cf8,"e",%progbits
 1063 0000 6E756C6C 		.ascii	"nullObjectInit\000"
 1063      4F626A65 
 1063      6374496E 
 1063      697400
 1064 000f 00       		.ascii	"\000"
 1065 0010 00       		.ascii	"\000"
 1066 0011 00       		.ascii	"\000"
 1067 0012 00000000 		.ascii	"\000\000\000\000\000\000\000\000"
 1067      00000000 
 1068 001a E9000000 		.ascii	"\351\000\000\000"
 1069              		.text
 1070              		.section	.gnu.lto_.ext_symtab.f6336cf8,"e",%progbits
 1071 0000 01       		.ascii	"\001"
 1072 0001 01       		.ascii	"\001"
 1073 0002 00       		.ascii	"\000"
 1074              		.text
 1075              		.section	.gnu.lto_.opts,"e",%progbits
 1076 0000 272D666E 		.ascii	"'-fno-openmp' '-fno-openacc' '-fno-pie' '-fcf-prote"
 1076      6F2D6F70 
 1076      656E6D70 
 1076      2720272D 
 1076      666E6F2D 
 1077 0033 6374696F 		.ascii	"ction=none' '-g' '-mcpu=cortex-m4' '-mthumb' '-mflo"
 1077      6E3D6E6F 
 1077      6E652720 
 1077      272D6727 
 1077      20272D6D 
 1078 0066 61742D61 		.ascii	"at-abi=soft' '-mlibarch=armv7e-m' '-march=armv7e-m'"
ARM GAS  C:\Users\ccliu\AppData\Local\Temp\ccV9j1tU.s 			page 39


 1078      62693D73 
 1078      6F667427 
 1078      20272D6D 
 1078      6C696261 
 1079 0099 20272D4F 		.ascii	" '-O0' '-fomit-frame-pointer' '-falign-functions=16"
 1079      30272027 
 1079      2D666F6D 
 1079      69742D66 
 1079      72616D65 
 1080 00cc 2720272D 		.ascii	"' '-ffunction-sections' '-fdata-sections' '-fno-com"
 1080      6666756E 
 1080      6374696F 
 1080      6E2D7365 
 1080      6374696F 
 1081 00ff 6D6F6E27 		.ascii	"mon' '-flto' '-Xassembler' '-alms=./build/lst/nulls"
 1081      20272D66 
 1081      6C746F27 
 1081      20272D58 
 1081      61737365 
 1082 0132 74726561 		.ascii	"treams.lst'\000"
 1082      6D732E6C 
 1082      73742700 
 1083              		.text
 1084              		.comm	__gnu_lto_slim,1,1
 1085              		.ident	"GCC: (GNU Arm Embedded Toolchain 10.3-2021.07) 10.3.1 20210621 (release)"
ARM GAS  C:\Users\ccliu\AppData\Local\Temp\ccV9j1tU.s 			page 40


DEFINED SYMBOLS
                            *ABS*:00000000 nullstreams.c
C:\Users\ccliu\AppData\Local\Temp\ccV9j1tU.s:22     .gnu.debuglto_.debug_info:00000000 nullstreams.c.8af72a75
                            *COM*:00000001 __gnu_lto_slim

NO UNDEFINED SYMBOLS
