ARM GAS  C:\Users\ccliu\AppData\Local\Temp\ccWmTGBg.s 			page 1


   1              		.cpu cortex-m4
   2              		.eabi_attribute 20, 1
   3              		.eabi_attribute 21, 1
   4              		.eabi_attribute 23, 3
   5              		.eabi_attribute 24, 1
   6              		.eabi_attribute 25, 1
   7              		.eabi_attribute 26, 1
   8              		.eabi_attribute 30, 6
   9              		.eabi_attribute 34, 1
  10              		.eabi_attribute 18, 4
  11              		.file	"stm32_exti.c"
  12              		.section	.gnu.debuglto_.debug_info,"e",%progbits
  13              	.Ldebug_info0:
  14              		.hidden	stm32_exti.c.55c226d1
  15              		.weak	stm32_exti.c.55c226d1
  16              	stm32_exti.c.55c226d1:
  17 0000 75000000 		.4byte	0x75
  18 0004 0400     		.2byte	0x4
  19 0006 00000000 		.4byte	.Ldebug_abbrev0
  20 000a 04       		.byte	0x4
  21 000b 01       		.uleb128 0x1
  22 000c 9C000000 		.4byte	.LASF12
  23 0010 0C       		.byte	0xc
  24 0011 1B000000 		.4byte	.LASF13
  25 0015 86010000 		.4byte	.LASF14
  26 0019 00000000 		.4byte	.Ldebug_line0
  27 001d 02       		.uleb128 0x2
  28 001e 04       		.byte	0x4
  29 001f 05       		.byte	0x5
  30 0020 696E7400 		.ascii	"int\000"
  31 0024 03       		.uleb128 0x3
  32 0025 04       		.byte	0x4
  33 0026 07       		.byte	0x7
  34 0027 0E000000 		.4byte	.LASF0
  35 002b 03       		.uleb128 0x3
  36 002c 08       		.byte	0x8
  37 002d 05       		.byte	0x5
  38 002e 00000000 		.4byte	.LASF1
  39 0032 03       		.uleb128 0x3
  40 0033 08       		.byte	0x8
  41 0034 04       		.byte	0x4
  42 0035 C3010000 		.4byte	.LASF2
  43 0039 03       		.uleb128 0x3
  44 003a 01       		.byte	0x1
  45 003b 06       		.byte	0x6
  46 003c 7A010000 		.4byte	.LASF3
  47 0040 03       		.uleb128 0x3
  48 0041 01       		.byte	0x1
  49 0042 08       		.byte	0x8
  50 0043 80000000 		.4byte	.LASF4
  51 0047 03       		.uleb128 0x3
  52 0048 02       		.byte	0x2
  53 0049 05       		.byte	0x5
  54 004a CF010000 		.4byte	.LASF5
  55 004e 03       		.uleb128 0x3
  56 004f 02       		.byte	0x2
  57 0050 07       		.byte	0x7
ARM GAS  C:\Users\ccliu\AppData\Local\Temp\ccWmTGBg.s 			page 2


  58 0051 67010000 		.4byte	.LASF6
  59 0055 03       		.uleb128 0x3
  60 0056 04       		.byte	0x4
  61 0057 05       		.byte	0x5
  62 0058 93000000 		.4byte	.LASF7
  63 005c 03       		.uleb128 0x3
  64 005d 04       		.byte	0x4
  65 005e 07       		.byte	0x7
  66 005f 57000000 		.4byte	.LASF8
  67 0063 03       		.uleb128 0x3
  68 0064 08       		.byte	0x8
  69 0065 07       		.byte	0x7
  70 0066 69000000 		.4byte	.LASF9
  71 006a 03       		.uleb128 0x3
  72 006b 01       		.byte	0x1
  73 006c 08       		.byte	0x8
  74 006d 8E000000 		.4byte	.LASF10
  75 0071 03       		.uleb128 0x3
  76 0072 01       		.byte	0x1
  77 0073 02       		.byte	0x2
  78 0074 61010000 		.4byte	.LASF11
  79 0078 00       		.byte	0
  80              		.section	.gnu.debuglto_.debug_abbrev,"e",%progbits
  81              	.Ldebug_abbrev0:
  82 0000 01       		.uleb128 0x1
  83 0001 11       		.uleb128 0x11
  84 0002 01       		.byte	0x1
  85 0003 25       		.uleb128 0x25
  86 0004 0E       		.uleb128 0xe
  87 0005 13       		.uleb128 0x13
  88 0006 0B       		.uleb128 0xb
  89 0007 03       		.uleb128 0x3
  90 0008 0E       		.uleb128 0xe
  91 0009 1B       		.uleb128 0x1b
  92 000a 0E       		.uleb128 0xe
  93 000b 10       		.uleb128 0x10
  94 000c 17       		.uleb128 0x17
  95 000d 00       		.byte	0
  96 000e 00       		.byte	0
  97 000f 02       		.uleb128 0x2
  98 0010 24       		.uleb128 0x24
  99 0011 00       		.byte	0
 100 0012 0B       		.uleb128 0xb
 101 0013 0B       		.uleb128 0xb
 102 0014 3E       		.uleb128 0x3e
 103 0015 0B       		.uleb128 0xb
 104 0016 03       		.uleb128 0x3
 105 0017 08       		.uleb128 0x8
 106 0018 00       		.byte	0
 107 0019 00       		.byte	0
 108 001a 03       		.uleb128 0x3
 109 001b 24       		.uleb128 0x24
 110 001c 00       		.byte	0
 111 001d 0B       		.uleb128 0xb
 112 001e 0B       		.uleb128 0xb
 113 001f 3E       		.uleb128 0x3e
 114 0020 0B       		.uleb128 0xb
ARM GAS  C:\Users\ccliu\AppData\Local\Temp\ccWmTGBg.s 			page 3


 115 0021 03       		.uleb128 0x3
 116 0022 0E       		.uleb128 0xe
 117 0023 00       		.byte	0
 118 0024 00       		.byte	0
 119 0025 00       		.byte	0
 120              		.section	.gnu.debuglto_.debug_line,"e",%progbits
 121              	.Ldebug_line0:
 122 0000 1A000000 		.4byte	.LELT0-.LSLT0
 123              	.LSLT0:
 124 0004 0400     		.2byte	0x4
 125 0006 14000000 		.4byte	.LELTP0-.LASLTP0
 126              	.LASLTP0:
 127 000a 01       		.byte	0x1
 128 000b 01       		.byte	0x1
 129 000c 01       		.byte	0x1
 130 000d F6       		.byte	0xf6
 131 000e F2       		.byte	0xf2
 132 000f 0D       		.byte	0xd
 133 0010 00       		.byte	0
 134 0011 01       		.byte	0x1
 135 0012 01       		.byte	0x1
 136 0013 01       		.byte	0x1
 137 0014 01       		.byte	0x1
 138 0015 00       		.byte	0
 139 0016 00       		.byte	0
 140 0017 00       		.byte	0
 141 0018 01       		.byte	0x1
 142 0019 00       		.byte	0
 143 001a 00       		.byte	0
 144 001b 01       		.byte	0x1
 145 001c 00       		.byte	0
 146 001d 00       		.byte	0
 147              	.LELTP0:
 148              	.LELT0:
 149              		.section	.gnu.debuglto_.debug_str,"eMS",%progbits,1
 150              	.LASF1:
 151 0000 6C6F6E67 		.ascii	"long long int\000"
 151      206C6F6E 
 151      6720696E 
 151      7400
 152              	.LASF0:
 153 000e 756E7369 		.ascii	"unsigned int\000"
 153      676E6564 
 153      20696E74 
 153      00
 154              	.LASF13:
 155 001b 2E2E2F2E 		.ascii	"../../chibios216/os/hal/ports/STM32/LLD/EXTIv1/stm3"
 155      2E2F6368 
 155      6962696F 
 155      73323136 
 155      2F6F732F 
 156 004e 325F6578 		.ascii	"2_exti.c\000"
 156      74692E63 
 156      00
 157              	.LASF8:
 158 0057 6C6F6E67 		.ascii	"long unsigned int\000"
 158      20756E73 
ARM GAS  C:\Users\ccliu\AppData\Local\Temp\ccWmTGBg.s 			page 4


 158      69676E65 
 158      6420696E 
 158      7400
 159              	.LASF9:
 160 0069 6C6F6E67 		.ascii	"long long unsigned int\000"
 160      206C6F6E 
 160      6720756E 
 160      7369676E 
 160      65642069 
 161              	.LASF4:
 162 0080 756E7369 		.ascii	"unsigned char\000"
 162      676E6564 
 162      20636861 
 162      7200
 163              	.LASF10:
 164 008e 63686172 		.ascii	"char\000"
 164      00
 165              	.LASF7:
 166 0093 6C6F6E67 		.ascii	"long int\000"
 166      20696E74 
 166      00
 167              	.LASF12:
 168 009c 474E5520 		.ascii	"GNU C17 10.3.1 20210621 (release) -mcpu=cortex-m4 -"
 168      43313720 
 168      31302E33 
 168      2E312032 
 168      30323130 
 169 00cf 6D746875 		.ascii	"mthumb -mfloat-abi=soft -march=armv7e-m -ggdb -O0 -"
 169      6D62202D 
 169      6D666C6F 
 169      61742D61 
 169      62693D73 
 170 0102 666F6D69 		.ascii	"fomit-frame-pointer -falign-functions=16 -ffunction"
 170      742D6672 
 170      616D652D 
 170      706F696E 
 170      74657220 
 171 0135 2D736563 		.ascii	"-sections -fdata-sections -fno-common -flto\000"
 171      74696F6E 
 171      73202D66 
 171      64617461 
 171      2D736563 
 172              	.LASF11:
 173 0161 5F426F6F 		.ascii	"_Bool\000"
 173      6C00
 174              	.LASF6:
 175 0167 73686F72 		.ascii	"short unsigned int\000"
 175      7420756E 
 175      7369676E 
 175      65642069 
 175      6E7400
 176              	.LASF3:
 177 017a 7369676E 		.ascii	"signed char\000"
 177      65642063 
 177      68617200 
 178              	.LASF14:
 179 0186 433A5C43 		.ascii	"C:\\ChibiStudio\\workspace_user\\RT-STM32F401RE-NUC"
ARM GAS  C:\Users\ccliu\AppData\Local\Temp\ccWmTGBg.s 			page 5


 179      68696269 
 179      53747564 
 179      696F5C77 
 179      6F726B73 
 180 01b6 4C454F36 		.ascii	"LEO64-Shell2\000"
 180      342D5368 
 180      656C6C32 
 180      00
 181              	.LASF2:
 182 01c3 6C6F6E67 		.ascii	"long double\000"
 182      20646F75 
 182      626C6500 
 183              	.LASF5:
 184 01cf 73686F72 		.ascii	"short int\000"
 184      7420696E 
 184      7400
 185              		.text
 186              		.section	.gnu.lto_.inline.f633080a,"e",%progbits
 187 0000 789C6362 		.ascii	"x\234cb@\006\000\000*\000\003"
 187      40060000 
 187      2A0003
 188              		.text
 189              		.section	.gnu.lto_.jmpfuncs.f633080a,"e",%progbits
 190 0000 789C6362 		.ascii	"x\234cb@\006\000\000*\000\003"
 190      40060000 
 190      2A0003
 191              		.text
 192              		.section	.gnu.lto_.lto.f633080a,"e",%progbits
 193 0000 09000400 		.ascii	"\011\000\004\000\001\000\000\000"
 193      01000000 
 194              		.text
 195              		.section	.gnu.lto_.symbol_nodes.f633080a,"e",%progbits
 196 0000 789C6362 		.ascii	"x\234cb\000\001\000\000\022\000\003"
 196      00010000 
 196      120003
 197              		.text
 198              		.section	.gnu.lto_.refs.f633080a,"e",%progbits
 199 0000 789C6364 		.ascii	"x\234cd\000\002\000\000\012\000\002"
 199      00020000 
 199      0A0002
 200              		.text
 201              		.section	.gnu.lto_.decls.f633080a,"e",%progbits
 202 0000 789C6360 		.ascii	"x\234c````\004b\025 \376\017\004 \366E\006\002\000\000"
 202      60606004 
 202      621520FE 
 202      0F0420F6 
 202      45060200 
 203 0015 BF3204F4 		.ascii	"\2772\004\364"
 204              		.text
 205              		.section	.gnu.lto_.symtab.f633080a,"e",%progbits
 206              		.text
 207              		.section	.gnu.lto_.ext_symtab.f633080a,"e",%progbits
 208 0000 01       		.ascii	"\001"
 209              		.text
 210              		.section	.gnu.lto_.opts,"e",%progbits
 211 0000 272D666E 		.ascii	"'-fno-openmp' '-fno-openacc' '-fno-pie' '-fcf-prote"
 211      6F2D6F70 
ARM GAS  C:\Users\ccliu\AppData\Local\Temp\ccWmTGBg.s 			page 6


 211      656E6D70 
 211      2720272D 
 211      666E6F2D 
 212 0033 6374696F 		.ascii	"ction=none' '-g' '-mcpu=cortex-m4' '-mthumb' '-mflo"
 212      6E3D6E6F 
 212      6E652720 
 212      272D6727 
 212      20272D6D 
 213 0066 61742D61 		.ascii	"at-abi=soft' '-mlibarch=armv7e-m' '-march=armv7e-m'"
 213      62693D73 
 213      6F667427 
 213      20272D6D 
 213      6C696261 
 214 0099 20272D4F 		.ascii	" '-O0' '-fomit-frame-pointer' '-falign-functions=16"
 214      30272027 
 214      2D666F6D 
 214      69742D66 
 214      72616D65 
 215 00cc 2720272D 		.ascii	"' '-ffunction-sections' '-fdata-sections' '-fno-com"
 215      6666756E 
 215      6374696F 
 215      6E2D7365 
 215      6374696F 
 216 00ff 6D6F6E27 		.ascii	"mon' '-flto' '-Xassembler' '-alms=./build/lst/stm32"
 216      20272D66 
 216      6C746F27 
 216      20272D58 
 216      61737365 
 217 0132 5F657874 		.ascii	"_exti.lst'\000"
 217      692E6C73 
 217      742700
 218              		.text
 219              		.comm	__gnu_lto_slim,1,1
 220              		.ident	"GCC: (GNU Arm Embedded Toolchain 10.3-2021.07) 10.3.1 20210621 (release)"
ARM GAS  C:\Users\ccliu\AppData\Local\Temp\ccWmTGBg.s 			page 7


DEFINED SYMBOLS
                            *ABS*:00000000 stm32_exti.c
C:\Users\ccliu\AppData\Local\Temp\ccWmTGBg.s:16     .gnu.debuglto_.debug_info:00000000 stm32_exti.c.55c226d1
                            *COM*:00000001 __gnu_lto_slim

NO UNDEFINED SYMBOLS
